[2024-09-30T00:04:58.129-0500] {processor.py:186} INFO - Started process (PID=3003) to work on /home/joan/Desktop/Proyect-ETL/criminal_minds/criminal_env/lib/python3.12/site-packages/airflow/example_dags/example_latest_only_with_trigger.py
[2024-09-30T00:04:58.130-0500] {processor.py:914} INFO - Processing file /home/joan/Desktop/Proyect-ETL/criminal_minds/criminal_env/lib/python3.12/site-packages/airflow/example_dags/example_latest_only_with_trigger.py for tasks to queue
[2024-09-30T00:04:58.132-0500] {logging_mixin.py:190} INFO - [2024-09-30T00:04:58.131-0500] {dagbag.py:588} INFO - Filling up the DagBag from /home/joan/Desktop/Proyect-ETL/criminal_minds/criminal_env/lib/python3.12/site-packages/airflow/example_dags/example_latest_only_with_trigger.py
[2024-09-30T00:04:58.138-0500] {processor.py:925} INFO - DAG(s) 'latest_only_with_trigger' retrieved from /home/joan/Desktop/Proyect-ETL/criminal_minds/criminal_env/lib/python3.12/site-packages/airflow/example_dags/example_latest_only_with_trigger.py
[2024-09-30T00:04:58.238-0500] {logging_mixin.py:190} INFO - [2024-09-30T00:04:58.237-0500] {override.py:1901} INFO - Created Permission View: can read on DAG:latest_only_with_trigger
[2024-09-30T00:04:58.250-0500] {logging_mixin.py:190} INFO - [2024-09-30T00:04:58.250-0500] {override.py:1901} INFO - Created Permission View: can delete on DAG:latest_only_with_trigger
[2024-09-30T00:04:58.259-0500] {logging_mixin.py:190} INFO - [2024-09-30T00:04:58.259-0500] {override.py:1901} INFO - Created Permission View: can edit on DAG:latest_only_with_trigger
[2024-09-30T00:04:58.274-0500] {logging_mixin.py:190} INFO - [2024-09-30T00:04:58.274-0500] {override.py:1901} INFO - Created Permission View: can read on DAG Run:latest_only_with_trigger
[2024-09-30T00:04:58.283-0500] {logging_mixin.py:190} INFO - [2024-09-30T00:04:58.283-0500] {override.py:1901} INFO - Created Permission View: menu access on DAG Run:latest_only_with_trigger
[2024-09-30T00:04:58.293-0500] {logging_mixin.py:190} INFO - [2024-09-30T00:04:58.293-0500] {override.py:1901} INFO - Created Permission View: can delete on DAG Run:latest_only_with_trigger
[2024-09-30T00:04:58.303-0500] {logging_mixin.py:190} INFO - [2024-09-30T00:04:58.302-0500] {override.py:1901} INFO - Created Permission View: can create on DAG Run:latest_only_with_trigger
[2024-09-30T00:04:58.303-0500] {logging_mixin.py:190} INFO - [2024-09-30T00:04:58.303-0500] {dag.py:3239} INFO - Sync 1 DAGs
[2024-09-30T00:04:58.315-0500] {logging_mixin.py:190} INFO - [2024-09-30T00:04:58.315-0500] {dag.py:3262} INFO - Creating ORM DAG for latest_only_with_trigger
[2024-09-30T00:04:58.322-0500] {logging_mixin.py:190} INFO - [2024-09-30T00:04:58.322-0500] {dag.py:4180} INFO - Setting next_dagrun for latest_only_with_trigger to 2024-09-30 00:00:00+00:00, run_after=2024-09-30 04:00:00+00:00
[2024-09-30T00:04:58.341-0500] {processor.py:208} INFO - Processing /home/joan/Desktop/Proyect-ETL/criminal_minds/criminal_env/lib/python3.12/site-packages/airflow/example_dags/example_latest_only_with_trigger.py took 0.216 seconds
[2024-09-30T00:05:54.537-0500] {processor.py:186} INFO - Started process (PID=3325) to work on /home/joan/Desktop/Proyect-ETL/criminal_minds/criminal_env/lib/python3.12/site-packages/airflow/example_dags/example_latest_only_with_trigger.py
[2024-09-30T00:05:54.548-0500] {processor.py:914} INFO - Processing file /home/joan/Desktop/Proyect-ETL/criminal_minds/criminal_env/lib/python3.12/site-packages/airflow/example_dags/example_latest_only_with_trigger.py for tasks to queue
[2024-09-30T00:05:54.551-0500] {logging_mixin.py:190} INFO - [2024-09-30T00:05:54.550-0500] {dagbag.py:588} INFO - Filling up the DagBag from /home/joan/Desktop/Proyect-ETL/criminal_minds/criminal_env/lib/python3.12/site-packages/airflow/example_dags/example_latest_only_with_trigger.py
[2024-09-30T00:05:54.557-0500] {processor.py:925} INFO - DAG(s) 'latest_only_with_trigger' retrieved from /home/joan/Desktop/Proyect-ETL/criminal_minds/criminal_env/lib/python3.12/site-packages/airflow/example_dags/example_latest_only_with_trigger.py
[2024-09-30T00:05:54.572-0500] {logging_mixin.py:190} INFO - [2024-09-30T00:05:54.572-0500] {dag.py:3239} INFO - Sync 1 DAGs
[2024-09-30T00:05:54.590-0500] {logging_mixin.py:190} INFO - [2024-09-30T00:05:54.589-0500] {dag.py:4180} INFO - Setting next_dagrun for latest_only_with_trigger to 2024-09-30 00:00:00+00:00, run_after=2024-09-30 04:00:00+00:00
[2024-09-30T00:05:54.612-0500] {processor.py:208} INFO - Processing /home/joan/Desktop/Proyect-ETL/criminal_minds/criminal_env/lib/python3.12/site-packages/airflow/example_dags/example_latest_only_with_trigger.py took 0.080 seconds
[2024-09-30T00:07:02.088-0500] {processor.py:186} INFO - Started process (PID=3401) to work on /home/joan/Desktop/Proyect-ETL/criminal_minds/criminal_env/lib/python3.12/site-packages/airflow/example_dags/example_latest_only_with_trigger.py
[2024-09-30T00:07:02.090-0500] {processor.py:914} INFO - Processing file /home/joan/Desktop/Proyect-ETL/criminal_minds/criminal_env/lib/python3.12/site-packages/airflow/example_dags/example_latest_only_with_trigger.py for tasks to queue
[2024-09-30T00:07:02.092-0500] {logging_mixin.py:190} INFO - [2024-09-30T00:07:02.091-0500] {dagbag.py:588} INFO - Filling up the DagBag from /home/joan/Desktop/Proyect-ETL/criminal_minds/criminal_env/lib/python3.12/site-packages/airflow/example_dags/example_latest_only_with_trigger.py
[2024-09-30T00:07:02.099-0500] {processor.py:925} INFO - DAG(s) 'latest_only_with_trigger' retrieved from /home/joan/Desktop/Proyect-ETL/criminal_minds/criminal_env/lib/python3.12/site-packages/airflow/example_dags/example_latest_only_with_trigger.py
[2024-09-30T00:07:02.114-0500] {logging_mixin.py:190} INFO - [2024-09-30T00:07:02.113-0500] {dag.py:3239} INFO - Sync 1 DAGs
[2024-09-30T00:07:02.134-0500] {logging_mixin.py:190} INFO - [2024-09-30T00:07:02.134-0500] {dag.py:4180} INFO - Setting next_dagrun for latest_only_with_trigger to 2024-09-30 00:00:00+00:00, run_after=2024-09-30 04:00:00+00:00
[2024-09-30T00:07:02.156-0500] {processor.py:208} INFO - Processing /home/joan/Desktop/Proyect-ETL/criminal_minds/criminal_env/lib/python3.12/site-packages/airflow/example_dags/example_latest_only_with_trigger.py took 0.073 seconds
[2024-09-30T00:08:13.051-0500] {processor.py:186} INFO - Started process (PID=3475) to work on /home/joan/Desktop/Proyect-ETL/criminal_minds/criminal_env/lib/python3.12/site-packages/airflow/example_dags/example_latest_only_with_trigger.py
[2024-09-30T00:08:13.063-0500] {processor.py:914} INFO - Processing file /home/joan/Desktop/Proyect-ETL/criminal_minds/criminal_env/lib/python3.12/site-packages/airflow/example_dags/example_latest_only_with_trigger.py for tasks to queue
[2024-09-30T00:08:13.065-0500] {logging_mixin.py:190} INFO - [2024-09-30T00:08:13.065-0500] {dagbag.py:588} INFO - Filling up the DagBag from /home/joan/Desktop/Proyect-ETL/criminal_minds/criminal_env/lib/python3.12/site-packages/airflow/example_dags/example_latest_only_with_trigger.py
[2024-09-30T00:08:13.072-0500] {processor.py:925} INFO - DAG(s) 'latest_only_with_trigger' retrieved from /home/joan/Desktop/Proyect-ETL/criminal_minds/criminal_env/lib/python3.12/site-packages/airflow/example_dags/example_latest_only_with_trigger.py
[2024-09-30T00:08:13.087-0500] {logging_mixin.py:190} INFO - [2024-09-30T00:08:13.087-0500] {dag.py:3239} INFO - Sync 1 DAGs
[2024-09-30T00:08:13.106-0500] {logging_mixin.py:190} INFO - [2024-09-30T00:08:13.105-0500] {dag.py:4180} INFO - Setting next_dagrun for latest_only_with_trigger to 2024-09-30 00:00:00+00:00, run_after=2024-09-30 04:00:00+00:00
[2024-09-30T00:08:13.149-0500] {processor.py:208} INFO - Processing /home/joan/Desktop/Proyect-ETL/criminal_minds/criminal_env/lib/python3.12/site-packages/airflow/example_dags/example_latest_only_with_trigger.py took 0.103 seconds
