[2024-09-30T00:04:52.388-0500] {processor.py:186} INFO - Started process (PID=2998) to work on /home/joan/Desktop/Proyect-ETL/criminal_minds/criminal_env/lib/python3.12/site-packages/airflow/example_dags/example_task_group_decorator.py
[2024-09-30T00:04:52.389-0500] {processor.py:914} INFO - Processing file /home/joan/Desktop/Proyect-ETL/criminal_minds/criminal_env/lib/python3.12/site-packages/airflow/example_dags/example_task_group_decorator.py for tasks to queue
[2024-09-30T00:04:52.391-0500] {logging_mixin.py:190} INFO - [2024-09-30T00:04:52.390-0500] {dagbag.py:588} INFO - Filling up the DagBag from /home/joan/Desktop/Proyect-ETL/criminal_minds/criminal_env/lib/python3.12/site-packages/airflow/example_dags/example_task_group_decorator.py
[2024-09-30T00:04:52.405-0500] {processor.py:925} INFO - DAG(s) 'example_task_group_decorator' retrieved from /home/joan/Desktop/Proyect-ETL/criminal_minds/criminal_env/lib/python3.12/site-packages/airflow/example_dags/example_task_group_decorator.py
[2024-09-30T00:04:52.513-0500] {logging_mixin.py:190} INFO - [2024-09-30T00:04:52.512-0500] {override.py:1901} INFO - Created Permission View: can read on DAG:example_task_group_decorator
[2024-09-30T00:04:52.525-0500] {logging_mixin.py:190} INFO - [2024-09-30T00:04:52.525-0500] {override.py:1901} INFO - Created Permission View: can delete on DAG:example_task_group_decorator
[2024-09-30T00:04:52.534-0500] {logging_mixin.py:190} INFO - [2024-09-30T00:04:52.533-0500] {override.py:1901} INFO - Created Permission View: can edit on DAG:example_task_group_decorator
[2024-09-30T00:04:52.549-0500] {logging_mixin.py:190} INFO - [2024-09-30T00:04:52.549-0500] {override.py:1901} INFO - Created Permission View: can read on DAG Run:example_task_group_decorator
[2024-09-30T00:04:52.559-0500] {logging_mixin.py:190} INFO - [2024-09-30T00:04:52.558-0500] {override.py:1901} INFO - Created Permission View: menu access on DAG Run:example_task_group_decorator
[2024-09-30T00:04:52.568-0500] {logging_mixin.py:190} INFO - [2024-09-30T00:04:52.567-0500] {override.py:1901} INFO - Created Permission View: can delete on DAG Run:example_task_group_decorator
[2024-09-30T00:04:52.576-0500] {logging_mixin.py:190} INFO - [2024-09-30T00:04:52.576-0500] {override.py:1901} INFO - Created Permission View: can create on DAG Run:example_task_group_decorator
[2024-09-30T00:04:52.577-0500] {logging_mixin.py:190} INFO - [2024-09-30T00:04:52.577-0500] {dag.py:3239} INFO - Sync 1 DAGs
[2024-09-30T00:04:52.589-0500] {logging_mixin.py:190} INFO - [2024-09-30T00:04:52.588-0500] {dag.py:3262} INFO - Creating ORM DAG for example_task_group_decorator
[2024-09-30T00:04:52.589-0500] {logging_mixin.py:190} INFO - [2024-09-30T00:04:52.589-0500] {dag.py:4180} INFO - Setting next_dagrun for example_task_group_decorator to None, run_after=None
[2024-09-30T00:04:52.608-0500] {processor.py:208} INFO - Processing /home/joan/Desktop/Proyect-ETL/criminal_minds/criminal_env/lib/python3.12/site-packages/airflow/example_dags/example_task_group_decorator.py took 0.225 seconds
[2024-09-30T00:05:48.809-0500] {processor.py:186} INFO - Started process (PID=3055) to work on /home/joan/Desktop/Proyect-ETL/criminal_minds/criminal_env/lib/python3.12/site-packages/airflow/example_dags/example_task_group_decorator.py
[2024-09-30T00:05:48.821-0500] {processor.py:914} INFO - Processing file /home/joan/Desktop/Proyect-ETL/criminal_minds/criminal_env/lib/python3.12/site-packages/airflow/example_dags/example_task_group_decorator.py for tasks to queue
[2024-09-30T00:05:48.823-0500] {logging_mixin.py:190} INFO - [2024-09-30T00:05:48.823-0500] {dagbag.py:588} INFO - Filling up the DagBag from /home/joan/Desktop/Proyect-ETL/criminal_minds/criminal_env/lib/python3.12/site-packages/airflow/example_dags/example_task_group_decorator.py
[2024-09-30T00:05:48.837-0500] {processor.py:925} INFO - DAG(s) 'example_task_group_decorator' retrieved from /home/joan/Desktop/Proyect-ETL/criminal_minds/criminal_env/lib/python3.12/site-packages/airflow/example_dags/example_task_group_decorator.py
[2024-09-30T00:05:48.855-0500] {logging_mixin.py:190} INFO - [2024-09-30T00:05:48.855-0500] {dag.py:3239} INFO - Sync 1 DAGs
[2024-09-30T00:05:48.866-0500] {logging_mixin.py:190} INFO - [2024-09-30T00:05:48.866-0500] {dag.py:4180} INFO - Setting next_dagrun for example_task_group_decorator to None, run_after=None
[2024-09-30T00:05:48.887-0500] {processor.py:208} INFO - Processing /home/joan/Desktop/Proyect-ETL/criminal_minds/criminal_env/lib/python3.12/site-packages/airflow/example_dags/example_task_group_decorator.py took 0.083 seconds
[2024-09-30T00:06:57.140-0500] {processor.py:186} INFO - Started process (PID=3396) to work on /home/joan/Desktop/Proyect-ETL/criminal_minds/criminal_env/lib/python3.12/site-packages/airflow/example_dags/example_task_group_decorator.py
[2024-09-30T00:06:57.152-0500] {processor.py:914} INFO - Processing file /home/joan/Desktop/Proyect-ETL/criminal_minds/criminal_env/lib/python3.12/site-packages/airflow/example_dags/example_task_group_decorator.py for tasks to queue
[2024-09-30T00:06:57.154-0500] {logging_mixin.py:190} INFO - [2024-09-30T00:06:57.153-0500] {dagbag.py:588} INFO - Filling up the DagBag from /home/joan/Desktop/Proyect-ETL/criminal_minds/criminal_env/lib/python3.12/site-packages/airflow/example_dags/example_task_group_decorator.py
[2024-09-30T00:06:57.168-0500] {processor.py:925} INFO - DAG(s) 'example_task_group_decorator' retrieved from /home/joan/Desktop/Proyect-ETL/criminal_minds/criminal_env/lib/python3.12/site-packages/airflow/example_dags/example_task_group_decorator.py
[2024-09-30T00:06:57.186-0500] {logging_mixin.py:190} INFO - [2024-09-30T00:06:57.186-0500] {dag.py:3239} INFO - Sync 1 DAGs
[2024-09-30T00:06:57.197-0500] {logging_mixin.py:190} INFO - [2024-09-30T00:06:57.196-0500] {dag.py:4180} INFO - Setting next_dagrun for example_task_group_decorator to None, run_after=None
[2024-09-30T00:06:57.218-0500] {processor.py:208} INFO - Processing /home/joan/Desktop/Proyect-ETL/criminal_minds/criminal_env/lib/python3.12/site-packages/airflow/example_dags/example_task_group_decorator.py took 0.083 seconds
[2024-09-30T00:07:51.946-0500] {processor.py:186} INFO - Started process (PID=3453) to work on /home/joan/Desktop/Proyect-ETL/criminal_minds/criminal_env/lib/python3.12/site-packages/airflow/example_dags/example_task_group_decorator.py
[2024-09-30T00:07:51.947-0500] {processor.py:914} INFO - Processing file /home/joan/Desktop/Proyect-ETL/criminal_minds/criminal_env/lib/python3.12/site-packages/airflow/example_dags/example_task_group_decorator.py for tasks to queue
[2024-09-30T00:07:51.950-0500] {logging_mixin.py:190} INFO - [2024-09-30T00:07:51.950-0500] {dagbag.py:588} INFO - Filling up the DagBag from /home/joan/Desktop/Proyect-ETL/criminal_minds/criminal_env/lib/python3.12/site-packages/airflow/example_dags/example_task_group_decorator.py
[2024-09-30T00:07:51.967-0500] {processor.py:925} INFO - DAG(s) 'example_task_group_decorator' retrieved from /home/joan/Desktop/Proyect-ETL/criminal_minds/criminal_env/lib/python3.12/site-packages/airflow/example_dags/example_task_group_decorator.py
[2024-09-30T00:07:51.990-0500] {logging_mixin.py:190} INFO - [2024-09-30T00:07:51.990-0500] {dag.py:3239} INFO - Sync 1 DAGs
[2024-09-30T00:07:52.003-0500] {logging_mixin.py:190} INFO - [2024-09-30T00:07:52.003-0500] {dag.py:4180} INFO - Setting next_dagrun for example_task_group_decorator to None, run_after=None
[2024-09-30T00:07:52.026-0500] {processor.py:208} INFO - Processing /home/joan/Desktop/Proyect-ETL/criminal_minds/criminal_env/lib/python3.12/site-packages/airflow/example_dags/example_task_group_decorator.py took 0.087 seconds
[2024-09-30T00:09:01.371-0500] {processor.py:186} INFO - Started process (PID=3527) to work on /home/joan/Desktop/Proyect-ETL/criminal_minds/criminal_env/lib/python3.12/site-packages/airflow/example_dags/example_task_group_decorator.py
[2024-09-30T00:09:01.383-0500] {processor.py:914} INFO - Processing file /home/joan/Desktop/Proyect-ETL/criminal_minds/criminal_env/lib/python3.12/site-packages/airflow/example_dags/example_task_group_decorator.py for tasks to queue
[2024-09-30T00:09:01.385-0500] {logging_mixin.py:190} INFO - [2024-09-30T00:09:01.384-0500] {dagbag.py:588} INFO - Filling up the DagBag from /home/joan/Desktop/Proyect-ETL/criminal_minds/criminal_env/lib/python3.12/site-packages/airflow/example_dags/example_task_group_decorator.py
[2024-09-30T00:09:01.399-0500] {processor.py:925} INFO - DAG(s) 'example_task_group_decorator' retrieved from /home/joan/Desktop/Proyect-ETL/criminal_minds/criminal_env/lib/python3.12/site-packages/airflow/example_dags/example_task_group_decorator.py
[2024-09-30T00:09:01.417-0500] {logging_mixin.py:190} INFO - [2024-09-30T00:09:01.417-0500] {dag.py:3239} INFO - Sync 1 DAGs
[2024-09-30T00:09:01.428-0500] {logging_mixin.py:190} INFO - [2024-09-30T00:09:01.428-0500] {dag.py:4180} INFO - Setting next_dagrun for example_task_group_decorator to None, run_after=None
[2024-09-30T00:09:01.449-0500] {processor.py:208} INFO - Processing /home/joan/Desktop/Proyect-ETL/criminal_minds/criminal_env/lib/python3.12/site-packages/airflow/example_dags/example_task_group_decorator.py took 0.083 seconds
