[2024-09-30T00:02:40.057-0500] {processor.py:186} INFO - Started process (PID=2778) to work on /home/joan/Desktop/Proyect-ETL/criminal_minds/criminal_env/lib/python3.12/site-packages/airflow/example_dags/example_workday_timetable.py
[2024-09-30T00:02:40.058-0500] {processor.py:914} INFO - Processing file /home/joan/Desktop/Proyect-ETL/criminal_minds/criminal_env/lib/python3.12/site-packages/airflow/example_dags/example_workday_timetable.py for tasks to queue
[2024-09-30T00:02:40.060-0500] {logging_mixin.py:190} INFO - [2024-09-30T00:02:40.060-0500] {dagbag.py:588} INFO - Filling up the DagBag from /home/joan/Desktop/Proyect-ETL/criminal_minds/criminal_env/lib/python3.12/site-packages/airflow/example_dags/example_workday_timetable.py
[2024-09-30T00:02:40.069-0500] {processor.py:925} INFO - DAG(s) 'example_workday_timetable' retrieved from /home/joan/Desktop/Proyect-ETL/criminal_minds/criminal_env/lib/python3.12/site-packages/airflow/example_dags/example_workday_timetable.py
[2024-09-30T00:02:40.182-0500] {logging_mixin.py:190} INFO - [2024-09-30T00:02:40.181-0500] {override.py:1901} INFO - Created Permission View: can read on DAG:example_workday_timetable
[2024-09-30T00:02:40.194-0500] {logging_mixin.py:190} INFO - [2024-09-30T00:02:40.194-0500] {override.py:1901} INFO - Created Permission View: can edit on DAG:example_workday_timetable
[2024-09-30T00:02:40.204-0500] {logging_mixin.py:190} INFO - [2024-09-30T00:02:40.204-0500] {override.py:1901} INFO - Created Permission View: can delete on DAG:example_workday_timetable
[2024-09-30T00:02:40.222-0500] {logging_mixin.py:190} INFO - [2024-09-30T00:02:40.221-0500] {override.py:1901} INFO - Created Permission View: can read on DAG Run:example_workday_timetable
[2024-09-30T00:02:40.231-0500] {logging_mixin.py:190} INFO - [2024-09-30T00:02:40.230-0500] {override.py:1901} INFO - Created Permission View: menu access on DAG Run:example_workday_timetable
[2024-09-30T00:02:40.243-0500] {logging_mixin.py:190} INFO - [2024-09-30T00:02:40.243-0500] {override.py:1901} INFO - Created Permission View: can delete on DAG Run:example_workday_timetable
[2024-09-30T00:02:40.252-0500] {logging_mixin.py:190} INFO - [2024-09-30T00:02:40.252-0500] {override.py:1901} INFO - Created Permission View: can create on DAG Run:example_workday_timetable
[2024-09-30T00:02:40.253-0500] {logging_mixin.py:190} INFO - [2024-09-30T00:02:40.252-0500] {dag.py:3239} INFO - Sync 1 DAGs
[2024-09-30T00:02:40.263-0500] {logging_mixin.py:190} INFO - [2024-09-30T00:02:40.263-0500] {dag.py:3262} INFO - Creating ORM DAG for example_workday_timetable
[2024-09-30T00:02:40.313-0500] {logging_mixin.py:190} INFO - [2024-09-30T00:02:40.313-0500] {dag.py:4180} INFO - Setting next_dagrun for example_workday_timetable to 2021-01-04 00:00:00+00:00, run_after=2021-01-05 00:00:00+00:00
[2024-09-30T00:02:40.333-0500] {processor.py:208} INFO - Processing /home/joan/Desktop/Proyect-ETL/criminal_minds/criminal_env/lib/python3.12/site-packages/airflow/example_dags/example_workday_timetable.py took 0.280 seconds
[2024-09-30T00:03:58.802-0500] {processor.py:186} INFO - Started process (PID=2946) to work on /home/joan/Desktop/Proyect-ETL/criminal_minds/criminal_env/lib/python3.12/site-packages/airflow/example_dags/example_workday_timetable.py
[2024-09-30T00:03:58.803-0500] {processor.py:914} INFO - Processing file /home/joan/Desktop/Proyect-ETL/criminal_minds/criminal_env/lib/python3.12/site-packages/airflow/example_dags/example_workday_timetable.py for tasks to queue
[2024-09-30T00:03:58.806-0500] {logging_mixin.py:190} INFO - [2024-09-30T00:03:58.806-0500] {dagbag.py:588} INFO - Filling up the DagBag from /home/joan/Desktop/Proyect-ETL/criminal_minds/criminal_env/lib/python3.12/site-packages/airflow/example_dags/example_workday_timetable.py
[2024-09-30T00:03:58.816-0500] {processor.py:925} INFO - DAG(s) 'example_workday_timetable' retrieved from /home/joan/Desktop/Proyect-ETL/criminal_minds/criminal_env/lib/python3.12/site-packages/airflow/example_dags/example_workday_timetable.py
[2024-09-30T00:03:58.848-0500] {logging_mixin.py:190} INFO - [2024-09-30T00:03:58.847-0500] {dag.py:3239} INFO - Sync 1 DAGs
[2024-09-30T00:03:58.928-0500] {logging_mixin.py:190} INFO - [2024-09-30T00:03:58.927-0500] {dag.py:4180} INFO - Setting next_dagrun for example_workday_timetable to 2021-01-04 00:00:00+00:00, run_after=2021-01-05 00:00:00+00:00
[2024-09-30T00:03:58.958-0500] {processor.py:208} INFO - Processing /home/joan/Desktop/Proyect-ETL/criminal_minds/criminal_env/lib/python3.12/site-packages/airflow/example_dags/example_workday_timetable.py took 0.162 seconds
[2024-09-30T00:05:02.792-0500] {processor.py:186} INFO - Started process (PID=3007) to work on /home/joan/Desktop/Proyect-ETL/criminal_minds/criminal_env/lib/python3.12/site-packages/airflow/example_dags/example_workday_timetable.py
[2024-09-30T00:05:02.793-0500] {processor.py:914} INFO - Processing file /home/joan/Desktop/Proyect-ETL/criminal_minds/criminal_env/lib/python3.12/site-packages/airflow/example_dags/example_workday_timetable.py for tasks to queue
[2024-09-30T00:05:02.795-0500] {logging_mixin.py:190} INFO - [2024-09-30T00:05:02.795-0500] {dagbag.py:588} INFO - Filling up the DagBag from /home/joan/Desktop/Proyect-ETL/criminal_minds/criminal_env/lib/python3.12/site-packages/airflow/example_dags/example_workday_timetable.py
[2024-09-30T00:05:02.800-0500] {processor.py:925} INFO - DAG(s) 'example_workday_timetable' retrieved from /home/joan/Desktop/Proyect-ETL/criminal_minds/criminal_env/lib/python3.12/site-packages/airflow/example_dags/example_workday_timetable.py
[2024-09-30T00:05:02.813-0500] {logging_mixin.py:190} INFO - [2024-09-30T00:05:02.813-0500] {dag.py:3239} INFO - Sync 1 DAGs
[2024-09-30T00:05:02.863-0500] {logging_mixin.py:190} INFO - [2024-09-30T00:05:02.863-0500] {dag.py:4180} INFO - Setting next_dagrun for example_workday_timetable to 2021-01-04 00:00:00+00:00, run_after=2021-01-05 00:00:00+00:00
[2024-09-30T00:05:02.886-0500] {processor.py:208} INFO - Processing /home/joan/Desktop/Proyect-ETL/criminal_minds/criminal_env/lib/python3.12/site-packages/airflow/example_dags/example_workday_timetable.py took 0.099 seconds
[2024-09-30T00:05:33.722-0500] {processor.py:186} INFO - Started process (PID=3038) to work on /home/joan/Desktop/Proyect-ETL/criminal_minds/criminal_env/lib/python3.12/site-packages/airflow/example_dags/example_workday_timetable.py
[2024-09-30T00:05:33.723-0500] {processor.py:914} INFO - Processing file /home/joan/Desktop/Proyect-ETL/criminal_minds/criminal_env/lib/python3.12/site-packages/airflow/example_dags/example_workday_timetable.py for tasks to queue
[2024-09-30T00:05:33.725-0500] {logging_mixin.py:190} INFO - [2024-09-30T00:05:33.725-0500] {dagbag.py:588} INFO - Filling up the DagBag from /home/joan/Desktop/Proyect-ETL/criminal_minds/criminal_env/lib/python3.12/site-packages/airflow/example_dags/example_workday_timetable.py
[2024-09-30T00:05:33.730-0500] {processor.py:925} INFO - DAG(s) 'example_workday_timetable' retrieved from /home/joan/Desktop/Proyect-ETL/criminal_minds/criminal_env/lib/python3.12/site-packages/airflow/example_dags/example_workday_timetable.py
[2024-09-30T00:05:33.744-0500] {logging_mixin.py:190} INFO - [2024-09-30T00:05:33.744-0500] {dag.py:3239} INFO - Sync 1 DAGs
[2024-09-30T00:05:33.794-0500] {logging_mixin.py:190} INFO - [2024-09-30T00:05:33.794-0500] {dag.py:4180} INFO - Setting next_dagrun for example_workday_timetable to 2021-01-04 00:00:00+00:00, run_after=2021-01-05 00:00:00+00:00
[2024-09-30T00:05:33.816-0500] {processor.py:208} INFO - Processing /home/joan/Desktop/Proyect-ETL/criminal_minds/criminal_env/lib/python3.12/site-packages/airflow/example_dags/example_workday_timetable.py took 0.099 seconds
[2024-09-30T00:06:18.454-0500] {processor.py:186} INFO - Started process (PID=3355) to work on /home/joan/Desktop/Proyect-ETL/criminal_minds/criminal_env/lib/python3.12/site-packages/airflow/example_dags/example_workday_timetable.py
[2024-09-30T00:06:18.462-0500] {processor.py:914} INFO - Processing file /home/joan/Desktop/Proyect-ETL/criminal_minds/criminal_env/lib/python3.12/site-packages/airflow/example_dags/example_workday_timetable.py for tasks to queue
[2024-09-30T00:06:18.464-0500] {logging_mixin.py:190} INFO - [2024-09-30T00:06:18.464-0500] {dagbag.py:588} INFO - Filling up the DagBag from /home/joan/Desktop/Proyect-ETL/criminal_minds/criminal_env/lib/python3.12/site-packages/airflow/example_dags/example_workday_timetable.py
[2024-09-30T00:06:18.470-0500] {processor.py:925} INFO - DAG(s) 'example_workday_timetable' retrieved from /home/joan/Desktop/Proyect-ETL/criminal_minds/criminal_env/lib/python3.12/site-packages/airflow/example_dags/example_workday_timetable.py
[2024-09-30T00:06:18.485-0500] {logging_mixin.py:190} INFO - [2024-09-30T00:06:18.484-0500] {dag.py:3239} INFO - Sync 1 DAGs
[2024-09-30T00:06:18.536-0500] {logging_mixin.py:190} INFO - [2024-09-30T00:06:18.536-0500] {dag.py:4180} INFO - Setting next_dagrun for example_workday_timetable to 2021-01-04 00:00:00+00:00, run_after=2021-01-05 00:00:00+00:00
[2024-09-30T00:06:18.559-0500] {processor.py:208} INFO - Processing /home/joan/Desktop/Proyect-ETL/criminal_minds/criminal_env/lib/python3.12/site-packages/airflow/example_dags/example_workday_timetable.py took 0.109 seconds
[2024-09-30T00:07:06.083-0500] {processor.py:186} INFO - Started process (PID=3405) to work on /home/joan/Desktop/Proyect-ETL/criminal_minds/criminal_env/lib/python3.12/site-packages/airflow/example_dags/example_workday_timetable.py
[2024-09-30T00:07:06.094-0500] {processor.py:914} INFO - Processing file /home/joan/Desktop/Proyect-ETL/criminal_minds/criminal_env/lib/python3.12/site-packages/airflow/example_dags/example_workday_timetable.py for tasks to queue
[2024-09-30T00:07:06.096-0500] {logging_mixin.py:190} INFO - [2024-09-30T00:07:06.096-0500] {dagbag.py:588} INFO - Filling up the DagBag from /home/joan/Desktop/Proyect-ETL/criminal_minds/criminal_env/lib/python3.12/site-packages/airflow/example_dags/example_workday_timetable.py
[2024-09-30T00:07:06.101-0500] {processor.py:925} INFO - DAG(s) 'example_workday_timetable' retrieved from /home/joan/Desktop/Proyect-ETL/criminal_minds/criminal_env/lib/python3.12/site-packages/airflow/example_dags/example_workday_timetable.py
[2024-09-30T00:07:06.115-0500] {logging_mixin.py:190} INFO - [2024-09-30T00:07:06.115-0500] {dag.py:3239} INFO - Sync 1 DAGs
[2024-09-30T00:07:06.164-0500] {logging_mixin.py:190} INFO - [2024-09-30T00:07:06.163-0500] {dag.py:4180} INFO - Setting next_dagrun for example_workday_timetable to 2021-01-04 00:00:00+00:00, run_after=2021-01-05 00:00:00+00:00
[2024-09-30T00:07:06.187-0500] {processor.py:208} INFO - Processing /home/joan/Desktop/Proyect-ETL/criminal_minds/criminal_env/lib/python3.12/site-packages/airflow/example_dags/example_workday_timetable.py took 0.109 seconds
[2024-09-30T00:07:53.356-0500] {processor.py:186} INFO - Started process (PID=3456) to work on /home/joan/Desktop/Proyect-ETL/criminal_minds/criminal_env/lib/python3.12/site-packages/airflow/example_dags/example_workday_timetable.py
[2024-09-30T00:07:53.367-0500] {processor.py:914} INFO - Processing file /home/joan/Desktop/Proyect-ETL/criminal_minds/criminal_env/lib/python3.12/site-packages/airflow/example_dags/example_workday_timetable.py for tasks to queue
[2024-09-30T00:07:53.369-0500] {logging_mixin.py:190} INFO - [2024-09-30T00:07:53.369-0500] {dagbag.py:588} INFO - Filling up the DagBag from /home/joan/Desktop/Proyect-ETL/criminal_minds/criminal_env/lib/python3.12/site-packages/airflow/example_dags/example_workday_timetable.py
[2024-09-30T00:07:53.375-0500] {processor.py:925} INFO - DAG(s) 'example_workday_timetable' retrieved from /home/joan/Desktop/Proyect-ETL/criminal_minds/criminal_env/lib/python3.12/site-packages/airflow/example_dags/example_workday_timetable.py
[2024-09-30T00:07:53.389-0500] {logging_mixin.py:190} INFO - [2024-09-30T00:07:53.389-0500] {dag.py:3239} INFO - Sync 1 DAGs
[2024-09-30T00:07:53.437-0500] {logging_mixin.py:190} INFO - [2024-09-30T00:07:53.437-0500] {dag.py:4180} INFO - Setting next_dagrun for example_workday_timetable to 2021-01-04 00:00:00+00:00, run_after=2021-01-05 00:00:00+00:00
[2024-09-30T00:07:53.466-0500] {processor.py:208} INFO - Processing /home/joan/Desktop/Proyect-ETL/criminal_minds/criminal_env/lib/python3.12/site-packages/airflow/example_dags/example_workday_timetable.py took 0.115 seconds
[2024-09-30T00:08:40.409-0500] {processor.py:186} INFO - Started process (PID=3505) to work on /home/joan/Desktop/Proyect-ETL/criminal_minds/criminal_env/lib/python3.12/site-packages/airflow/example_dags/example_workday_timetable.py
[2024-09-30T00:08:40.410-0500] {processor.py:914} INFO - Processing file /home/joan/Desktop/Proyect-ETL/criminal_minds/criminal_env/lib/python3.12/site-packages/airflow/example_dags/example_workday_timetable.py for tasks to queue
[2024-09-30T00:08:40.412-0500] {logging_mixin.py:190} INFO - [2024-09-30T00:08:40.412-0500] {dagbag.py:588} INFO - Filling up the DagBag from /home/joan/Desktop/Proyect-ETL/criminal_minds/criminal_env/lib/python3.12/site-packages/airflow/example_dags/example_workday_timetable.py
[2024-09-30T00:08:40.417-0500] {processor.py:925} INFO - DAG(s) 'example_workday_timetable' retrieved from /home/joan/Desktop/Proyect-ETL/criminal_minds/criminal_env/lib/python3.12/site-packages/airflow/example_dags/example_workday_timetable.py
[2024-09-30T00:08:40.432-0500] {logging_mixin.py:190} INFO - [2024-09-30T00:08:40.431-0500] {dag.py:3239} INFO - Sync 1 DAGs
[2024-09-30T00:08:40.481-0500] {logging_mixin.py:190} INFO - [2024-09-30T00:08:40.481-0500] {dag.py:4180} INFO - Setting next_dagrun for example_workday_timetable to 2021-01-04 00:00:00+00:00, run_after=2021-01-05 00:00:00+00:00
[2024-09-30T00:08:40.511-0500] {processor.py:208} INFO - Processing /home/joan/Desktop/Proyect-ETL/criminal_minds/criminal_env/lib/python3.12/site-packages/airflow/example_dags/example_workday_timetable.py took 0.107 seconds
