[2024-09-30T00:04:59.502-0500] {processor.py:186} INFO - Started process (PID=3004) to work on /home/joan/Desktop/Proyect-ETL/criminal_minds/criminal_env/lib/python3.12/site-packages/airflow/example_dags/example_python_decorator.py
[2024-09-30T00:04:59.503-0500] {processor.py:914} INFO - Processing file /home/joan/Desktop/Proyect-ETL/criminal_minds/criminal_env/lib/python3.12/site-packages/airflow/example_dags/example_python_decorator.py for tasks to queue
[2024-09-30T00:04:59.505-0500] {logging_mixin.py:190} INFO - [2024-09-30T00:04:59.504-0500] {dagbag.py:588} INFO - Filling up the DagBag from /home/joan/Desktop/Proyect-ETL/criminal_minds/criminal_env/lib/python3.12/site-packages/airflow/example_dags/example_python_decorator.py
[2024-09-30T00:04:59.582-0500] {logging_mixin.py:190} INFO - [2024-09-30T00:04:59.582-0500] {example_python_decorator.py:80} WARNING - The virtalenv_python example task requires virtualenv, please install it.
[2024-09-30T00:04:59.585-0500] {processor.py:925} INFO - DAG(s) 'example_python_decorator' retrieved from /home/joan/Desktop/Proyect-ETL/criminal_minds/criminal_env/lib/python3.12/site-packages/airflow/example_dags/example_python_decorator.py
[2024-09-30T00:04:59.697-0500] {logging_mixin.py:190} INFO - [2024-09-30T00:04:59.696-0500] {override.py:1901} INFO - Created Permission View: can read on DAG:example_python_decorator
[2024-09-30T00:04:59.709-0500] {logging_mixin.py:190} INFO - [2024-09-30T00:04:59.708-0500] {override.py:1901} INFO - Created Permission View: can delete on DAG:example_python_decorator
[2024-09-30T00:04:59.718-0500] {logging_mixin.py:190} INFO - [2024-09-30T00:04:59.718-0500] {override.py:1901} INFO - Created Permission View: can edit on DAG:example_python_decorator
[2024-09-30T00:04:59.734-0500] {logging_mixin.py:190} INFO - [2024-09-30T00:04:59.733-0500] {override.py:1901} INFO - Created Permission View: can read on DAG Run:example_python_decorator
[2024-09-30T00:04:59.742-0500] {logging_mixin.py:190} INFO - [2024-09-30T00:04:59.742-0500] {override.py:1901} INFO - Created Permission View: menu access on DAG Run:example_python_decorator
[2024-09-30T00:04:59.752-0500] {logging_mixin.py:190} INFO - [2024-09-30T00:04:59.751-0500] {override.py:1901} INFO - Created Permission View: can delete on DAG Run:example_python_decorator
[2024-09-30T00:04:59.760-0500] {logging_mixin.py:190} INFO - [2024-09-30T00:04:59.760-0500] {override.py:1901} INFO - Created Permission View: can create on DAG Run:example_python_decorator
[2024-09-30T00:04:59.761-0500] {logging_mixin.py:190} INFO - [2024-09-30T00:04:59.761-0500] {dag.py:3239} INFO - Sync 1 DAGs
[2024-09-30T00:04:59.774-0500] {logging_mixin.py:190} INFO - [2024-09-30T00:04:59.773-0500] {dag.py:3262} INFO - Creating ORM DAG for example_python_decorator
[2024-09-30T00:04:59.774-0500] {logging_mixin.py:190} INFO - [2024-09-30T00:04:59.774-0500] {dag.py:4180} INFO - Setting next_dagrun for example_python_decorator to None, run_after=None
[2024-09-30T00:04:59.803-0500] {processor.py:208} INFO - Processing /home/joan/Desktop/Proyect-ETL/criminal_minds/criminal_env/lib/python3.12/site-packages/airflow/example_dags/example_python_decorator.py took 0.305 seconds
[2024-09-30T00:05:55.094-0500] {processor.py:186} INFO - Started process (PID=3326) to work on /home/joan/Desktop/Proyect-ETL/criminal_minds/criminal_env/lib/python3.12/site-packages/airflow/example_dags/example_python_decorator.py
[2024-09-30T00:05:55.096-0500] {processor.py:914} INFO - Processing file /home/joan/Desktop/Proyect-ETL/criminal_minds/criminal_env/lib/python3.12/site-packages/airflow/example_dags/example_python_decorator.py for tasks to queue
[2024-09-30T00:05:55.098-0500] {logging_mixin.py:190} INFO - [2024-09-30T00:05:55.098-0500] {dagbag.py:588} INFO - Filling up the DagBag from /home/joan/Desktop/Proyect-ETL/criminal_minds/criminal_env/lib/python3.12/site-packages/airflow/example_dags/example_python_decorator.py
[2024-09-30T00:05:55.181-0500] {logging_mixin.py:190} INFO - [2024-09-30T00:05:55.181-0500] {example_python_decorator.py:80} WARNING - The virtalenv_python example task requires virtualenv, please install it.
[2024-09-30T00:05:55.183-0500] {processor.py:925} INFO - DAG(s) 'example_python_decorator' retrieved from /home/joan/Desktop/Proyect-ETL/criminal_minds/criminal_env/lib/python3.12/site-packages/airflow/example_dags/example_python_decorator.py
[2024-09-30T00:05:55.199-0500] {logging_mixin.py:190} INFO - [2024-09-30T00:05:55.198-0500] {dag.py:3239} INFO - Sync 1 DAGs
[2024-09-30T00:05:55.210-0500] {logging_mixin.py:190} INFO - [2024-09-30T00:05:55.210-0500] {dag.py:4180} INFO - Setting next_dagrun for example_python_decorator to None, run_after=None
[2024-09-30T00:05:55.231-0500] {processor.py:208} INFO - Processing /home/joan/Desktop/Proyect-ETL/criminal_minds/criminal_env/lib/python3.12/site-packages/airflow/example_dags/example_python_decorator.py took 0.142 seconds
[2024-09-30T00:07:03.240-0500] {processor.py:186} INFO - Started process (PID=3402) to work on /home/joan/Desktop/Proyect-ETL/criminal_minds/criminal_env/lib/python3.12/site-packages/airflow/example_dags/example_python_decorator.py
[2024-09-30T00:07:03.252-0500] {processor.py:914} INFO - Processing file /home/joan/Desktop/Proyect-ETL/criminal_minds/criminal_env/lib/python3.12/site-packages/airflow/example_dags/example_python_decorator.py for tasks to queue
[2024-09-30T00:07:03.254-0500] {logging_mixin.py:190} INFO - [2024-09-30T00:07:03.254-0500] {dagbag.py:588} INFO - Filling up the DagBag from /home/joan/Desktop/Proyect-ETL/criminal_minds/criminal_env/lib/python3.12/site-packages/airflow/example_dags/example_python_decorator.py
[2024-09-30T00:07:03.340-0500] {logging_mixin.py:190} INFO - [2024-09-30T00:07:03.340-0500] {example_python_decorator.py:80} WARNING - The virtalenv_python example task requires virtualenv, please install it.
[2024-09-30T00:07:03.342-0500] {processor.py:925} INFO - DAG(s) 'example_python_decorator' retrieved from /home/joan/Desktop/Proyect-ETL/criminal_minds/criminal_env/lib/python3.12/site-packages/airflow/example_dags/example_python_decorator.py
[2024-09-30T00:07:03.358-0500] {logging_mixin.py:190} INFO - [2024-09-30T00:07:03.358-0500] {dag.py:3239} INFO - Sync 1 DAGs
[2024-09-30T00:07:03.370-0500] {logging_mixin.py:190} INFO - [2024-09-30T00:07:03.370-0500] {dag.py:4180} INFO - Setting next_dagrun for example_python_decorator to None, run_after=None
[2024-09-30T00:07:03.392-0500] {processor.py:208} INFO - Processing /home/joan/Desktop/Proyect-ETL/criminal_minds/criminal_env/lib/python3.12/site-packages/airflow/example_dags/example_python_decorator.py took 0.156 seconds
[2024-09-30T00:08:14.296-0500] {processor.py:186} INFO - Started process (PID=3477) to work on /home/joan/Desktop/Proyect-ETL/criminal_minds/criminal_env/lib/python3.12/site-packages/airflow/example_dags/example_python_decorator.py
[2024-09-30T00:08:14.298-0500] {processor.py:914} INFO - Processing file /home/joan/Desktop/Proyect-ETL/criminal_minds/criminal_env/lib/python3.12/site-packages/airflow/example_dags/example_python_decorator.py for tasks to queue
[2024-09-30T00:08:14.300-0500] {logging_mixin.py:190} INFO - [2024-09-30T00:08:14.299-0500] {dagbag.py:588} INFO - Filling up the DagBag from /home/joan/Desktop/Proyect-ETL/criminal_minds/criminal_env/lib/python3.12/site-packages/airflow/example_dags/example_python_decorator.py
[2024-09-30T00:08:14.392-0500] {logging_mixin.py:190} INFO - [2024-09-30T00:08:14.391-0500] {example_python_decorator.py:80} WARNING - The virtalenv_python example task requires virtualenv, please install it.
[2024-09-30T00:08:14.394-0500] {processor.py:925} INFO - DAG(s) 'example_python_decorator' retrieved from /home/joan/Desktop/Proyect-ETL/criminal_minds/criminal_env/lib/python3.12/site-packages/airflow/example_dags/example_python_decorator.py
[2024-09-30T00:08:14.410-0500] {logging_mixin.py:190} INFO - [2024-09-30T00:08:14.409-0500] {dag.py:3239} INFO - Sync 1 DAGs
[2024-09-30T00:08:14.422-0500] {logging_mixin.py:190} INFO - [2024-09-30T00:08:14.421-0500] {dag.py:4180} INFO - Setting next_dagrun for example_python_decorator to None, run_after=None
[2024-09-30T00:08:14.446-0500] {processor.py:208} INFO - Processing /home/joan/Desktop/Proyect-ETL/criminal_minds/criminal_env/lib/python3.12/site-packages/airflow/example_dags/example_python_decorator.py took 0.154 seconds
