[2024-09-30T00:04:20.545-0500] {processor.py:186} INFO - Started process (PID=2973) to work on /home/joan/Desktop/Proyect-ETL/criminal_minds/criminal_env/lib/python3.12/site-packages/airflow/example_dags/example_dynamic_task_mapping_with_no_taskflow_operators.py
[2024-09-30T00:04:20.546-0500] {processor.py:914} INFO - Processing file /home/joan/Desktop/Proyect-ETL/criminal_minds/criminal_env/lib/python3.12/site-packages/airflow/example_dags/example_dynamic_task_mapping_with_no_taskflow_operators.py for tasks to queue
[2024-09-30T00:04:20.547-0500] {logging_mixin.py:190} INFO - [2024-09-30T00:04:20.547-0500] {dagbag.py:588} INFO - Filling up the DagBag from /home/joan/Desktop/Proyect-ETL/criminal_minds/criminal_env/lib/python3.12/site-packages/airflow/example_dags/example_dynamic_task_mapping_with_no_taskflow_operators.py
[2024-09-30T00:04:20.555-0500] {processor.py:925} INFO - DAG(s) 'example_dynamic_task_mapping_with_no_taskflow_operators' retrieved from /home/joan/Desktop/Proyect-ETL/criminal_minds/criminal_env/lib/python3.12/site-packages/airflow/example_dags/example_dynamic_task_mapping_with_no_taskflow_operators.py
[2024-09-30T00:04:20.672-0500] {logging_mixin.py:190} INFO - [2024-09-30T00:04:20.671-0500] {override.py:1901} INFO - Created Permission View: can read on DAG:example_dynamic_task_mapping_with_no_taskflow_operators
[2024-09-30T00:04:20.686-0500] {logging_mixin.py:190} INFO - [2024-09-30T00:04:20.686-0500] {override.py:1901} INFO - Created Permission View: can delete on DAG:example_dynamic_task_mapping_with_no_taskflow_operators
[2024-09-30T00:04:20.695-0500] {logging_mixin.py:190} INFO - [2024-09-30T00:04:20.695-0500] {override.py:1901} INFO - Created Permission View: can edit on DAG:example_dynamic_task_mapping_with_no_taskflow_operators
[2024-09-30T00:04:20.710-0500] {logging_mixin.py:190} INFO - [2024-09-30T00:04:20.710-0500] {override.py:1901} INFO - Created Permission View: can read on DAG Run:example_dynamic_task_mapping_with_no_taskflow_operators
[2024-09-30T00:04:20.719-0500] {logging_mixin.py:190} INFO - [2024-09-30T00:04:20.718-0500] {override.py:1901} INFO - Created Permission View: menu access on DAG Run:example_dynamic_task_mapping_with_no_taskflow_operators
[2024-09-30T00:04:20.728-0500] {logging_mixin.py:190} INFO - [2024-09-30T00:04:20.727-0500] {override.py:1901} INFO - Created Permission View: can delete on DAG Run:example_dynamic_task_mapping_with_no_taskflow_operators
[2024-09-30T00:04:20.737-0500] {logging_mixin.py:190} INFO - [2024-09-30T00:04:20.737-0500] {override.py:1901} INFO - Created Permission View: can create on DAG Run:example_dynamic_task_mapping_with_no_taskflow_operators
[2024-09-30T00:04:20.737-0500] {logging_mixin.py:190} INFO - [2024-09-30T00:04:20.737-0500] {dag.py:3239} INFO - Sync 1 DAGs
[2024-09-30T00:04:20.748-0500] {logging_mixin.py:190} INFO - [2024-09-30T00:04:20.748-0500] {dag.py:3262} INFO - Creating ORM DAG for example_dynamic_task_mapping_with_no_taskflow_operators
[2024-09-30T00:04:20.749-0500] {logging_mixin.py:190} INFO - [2024-09-30T00:04:20.748-0500] {dag.py:4180} INFO - Setting next_dagrun for example_dynamic_task_mapping_with_no_taskflow_operators to None, run_after=None
[2024-09-30T00:04:20.767-0500] {processor.py:208} INFO - Processing /home/joan/Desktop/Proyect-ETL/criminal_minds/criminal_env/lib/python3.12/site-packages/airflow/example_dags/example_dynamic_task_mapping_with_no_taskflow_operators.py took 0.227 seconds
[2024-09-30T00:05:25.131-0500] {processor.py:186} INFO - Started process (PID=3029) to work on /home/joan/Desktop/Proyect-ETL/criminal_minds/criminal_env/lib/python3.12/site-packages/airflow/example_dags/example_dynamic_task_mapping_with_no_taskflow_operators.py
[2024-09-30T00:05:25.132-0500] {processor.py:914} INFO - Processing file /home/joan/Desktop/Proyect-ETL/criminal_minds/criminal_env/lib/python3.12/site-packages/airflow/example_dags/example_dynamic_task_mapping_with_no_taskflow_operators.py for tasks to queue
[2024-09-30T00:05:25.134-0500] {logging_mixin.py:190} INFO - [2024-09-30T00:05:25.133-0500] {dagbag.py:588} INFO - Filling up the DagBag from /home/joan/Desktop/Proyect-ETL/criminal_minds/criminal_env/lib/python3.12/site-packages/airflow/example_dags/example_dynamic_task_mapping_with_no_taskflow_operators.py
[2024-09-30T00:05:25.141-0500] {processor.py:925} INFO - DAG(s) 'example_dynamic_task_mapping_with_no_taskflow_operators' retrieved from /home/joan/Desktop/Proyect-ETL/criminal_minds/criminal_env/lib/python3.12/site-packages/airflow/example_dags/example_dynamic_task_mapping_with_no_taskflow_operators.py
[2024-09-30T00:05:25.155-0500] {logging_mixin.py:190} INFO - [2024-09-30T00:05:25.155-0500] {dag.py:3239} INFO - Sync 1 DAGs
[2024-09-30T00:05:25.166-0500] {logging_mixin.py:190} INFO - [2024-09-30T00:05:25.166-0500] {dag.py:4180} INFO - Setting next_dagrun for example_dynamic_task_mapping_with_no_taskflow_operators to None, run_after=None
[2024-09-30T00:05:25.187-0500] {processor.py:208} INFO - Processing /home/joan/Desktop/Proyect-ETL/criminal_minds/criminal_env/lib/python3.12/site-packages/airflow/example_dags/example_dynamic_task_mapping_with_no_taskflow_operators.py took 0.061 seconds
[2024-09-30T00:06:17.042-0500] {processor.py:186} INFO - Started process (PID=3353) to work on /home/joan/Desktop/Proyect-ETL/criminal_minds/criminal_env/lib/python3.12/site-packages/airflow/example_dags/example_dynamic_task_mapping_with_no_taskflow_operators.py
[2024-09-30T00:06:17.043-0500] {processor.py:914} INFO - Processing file /home/joan/Desktop/Proyect-ETL/criminal_minds/criminal_env/lib/python3.12/site-packages/airflow/example_dags/example_dynamic_task_mapping_with_no_taskflow_operators.py for tasks to queue
[2024-09-30T00:06:17.045-0500] {logging_mixin.py:190} INFO - [2024-09-30T00:06:17.045-0500] {dagbag.py:588} INFO - Filling up the DagBag from /home/joan/Desktop/Proyect-ETL/criminal_minds/criminal_env/lib/python3.12/site-packages/airflow/example_dags/example_dynamic_task_mapping_with_no_taskflow_operators.py
[2024-09-30T00:06:17.052-0500] {processor.py:925} INFO - DAG(s) 'example_dynamic_task_mapping_with_no_taskflow_operators' retrieved from /home/joan/Desktop/Proyect-ETL/criminal_minds/criminal_env/lib/python3.12/site-packages/airflow/example_dags/example_dynamic_task_mapping_with_no_taskflow_operators.py
[2024-09-30T00:06:17.091-0500] {logging_mixin.py:190} INFO - [2024-09-30T00:06:17.090-0500] {dag.py:3239} INFO - Sync 1 DAGs
[2024-09-30T00:06:17.106-0500] {logging_mixin.py:190} INFO - [2024-09-30T00:06:17.106-0500] {dag.py:4180} INFO - Setting next_dagrun for example_dynamic_task_mapping_with_no_taskflow_operators to None, run_after=None
[2024-09-30T00:06:17.131-0500] {processor.py:208} INFO - Processing /home/joan/Desktop/Proyect-ETL/criminal_minds/criminal_env/lib/python3.12/site-packages/airflow/example_dags/example_dynamic_task_mapping_with_no_taskflow_operators.py took 0.095 seconds
[2024-09-30T00:07:11.326-0500] {processor.py:186} INFO - Started process (PID=3410) to work on /home/joan/Desktop/Proyect-ETL/criminal_minds/criminal_env/lib/python3.12/site-packages/airflow/example_dags/example_dynamic_task_mapping_with_no_taskflow_operators.py
[2024-09-30T00:07:11.337-0500] {processor.py:914} INFO - Processing file /home/joan/Desktop/Proyect-ETL/criminal_minds/criminal_env/lib/python3.12/site-packages/airflow/example_dags/example_dynamic_task_mapping_with_no_taskflow_operators.py for tasks to queue
[2024-09-30T00:07:11.339-0500] {logging_mixin.py:190} INFO - [2024-09-30T00:07:11.338-0500] {dagbag.py:588} INFO - Filling up the DagBag from /home/joan/Desktop/Proyect-ETL/criminal_minds/criminal_env/lib/python3.12/site-packages/airflow/example_dags/example_dynamic_task_mapping_with_no_taskflow_operators.py
[2024-09-30T00:07:11.346-0500] {processor.py:925} INFO - DAG(s) 'example_dynamic_task_mapping_with_no_taskflow_operators' retrieved from /home/joan/Desktop/Proyect-ETL/criminal_minds/criminal_env/lib/python3.12/site-packages/airflow/example_dags/example_dynamic_task_mapping_with_no_taskflow_operators.py
[2024-09-30T00:07:11.360-0500] {logging_mixin.py:190} INFO - [2024-09-30T00:07:11.360-0500] {dag.py:3239} INFO - Sync 1 DAGs
[2024-09-30T00:07:11.372-0500] {logging_mixin.py:190} INFO - [2024-09-30T00:07:11.372-0500] {dag.py:4180} INFO - Setting next_dagrun for example_dynamic_task_mapping_with_no_taskflow_operators to None, run_after=None
[2024-09-30T00:07:11.395-0500] {processor.py:208} INFO - Processing /home/joan/Desktop/Proyect-ETL/criminal_minds/criminal_env/lib/python3.12/site-packages/airflow/example_dags/example_dynamic_task_mapping_with_no_taskflow_operators.py took 0.074 seconds
[2024-09-30T00:07:57.864-0500] {processor.py:186} INFO - Started process (PID=3461) to work on /home/joan/Desktop/Proyect-ETL/criminal_minds/criminal_env/lib/python3.12/site-packages/airflow/example_dags/example_dynamic_task_mapping_with_no_taskflow_operators.py
[2024-09-30T00:07:57.875-0500] {processor.py:914} INFO - Processing file /home/joan/Desktop/Proyect-ETL/criminal_minds/criminal_env/lib/python3.12/site-packages/airflow/example_dags/example_dynamic_task_mapping_with_no_taskflow_operators.py for tasks to queue
[2024-09-30T00:07:57.879-0500] {logging_mixin.py:190} INFO - [2024-09-30T00:07:57.878-0500] {dagbag.py:588} INFO - Filling up the DagBag from /home/joan/Desktop/Proyect-ETL/criminal_minds/criminal_env/lib/python3.12/site-packages/airflow/example_dags/example_dynamic_task_mapping_with_no_taskflow_operators.py
[2024-09-30T00:07:57.895-0500] {processor.py:925} INFO - DAG(s) 'example_dynamic_task_mapping_with_no_taskflow_operators' retrieved from /home/joan/Desktop/Proyect-ETL/criminal_minds/criminal_env/lib/python3.12/site-packages/airflow/example_dags/example_dynamic_task_mapping_with_no_taskflow_operators.py
[2024-09-30T00:07:57.913-0500] {logging_mixin.py:190} INFO - [2024-09-30T00:07:57.913-0500] {dag.py:3239} INFO - Sync 1 DAGs
[2024-09-30T00:07:57.931-0500] {logging_mixin.py:190} INFO - [2024-09-30T00:07:57.930-0500] {dag.py:4180} INFO - Setting next_dagrun for example_dynamic_task_mapping_with_no_taskflow_operators to None, run_after=None
[2024-09-30T00:07:57.958-0500] {processor.py:208} INFO - Processing /home/joan/Desktop/Proyect-ETL/criminal_minds/criminal_env/lib/python3.12/site-packages/airflow/example_dags/example_dynamic_task_mapping_with_no_taskflow_operators.py took 0.099 seconds
[2024-09-30T00:08:45.460-0500] {processor.py:186} INFO - Started process (PID=3510) to work on /home/joan/Desktop/Proyect-ETL/criminal_minds/criminal_env/lib/python3.12/site-packages/airflow/example_dags/example_dynamic_task_mapping_with_no_taskflow_operators.py
[2024-09-30T00:08:45.472-0500] {processor.py:914} INFO - Processing file /home/joan/Desktop/Proyect-ETL/criminal_minds/criminal_env/lib/python3.12/site-packages/airflow/example_dags/example_dynamic_task_mapping_with_no_taskflow_operators.py for tasks to queue
[2024-09-30T00:08:45.474-0500] {logging_mixin.py:190} INFO - [2024-09-30T00:08:45.474-0500] {dagbag.py:588} INFO - Filling up the DagBag from /home/joan/Desktop/Proyect-ETL/criminal_minds/criminal_env/lib/python3.12/site-packages/airflow/example_dags/example_dynamic_task_mapping_with_no_taskflow_operators.py
[2024-09-30T00:08:45.482-0500] {processor.py:925} INFO - DAG(s) 'example_dynamic_task_mapping_with_no_taskflow_operators' retrieved from /home/joan/Desktop/Proyect-ETL/criminal_minds/criminal_env/lib/python3.12/site-packages/airflow/example_dags/example_dynamic_task_mapping_with_no_taskflow_operators.py
[2024-09-30T00:08:45.495-0500] {logging_mixin.py:190} INFO - [2024-09-30T00:08:45.495-0500] {dag.py:3239} INFO - Sync 1 DAGs
[2024-09-30T00:08:45.506-0500] {logging_mixin.py:190} INFO - [2024-09-30T00:08:45.506-0500] {dag.py:4180} INFO - Setting next_dagrun for example_dynamic_task_mapping_with_no_taskflow_operators to None, run_after=None
[2024-09-30T00:08:45.528-0500] {processor.py:208} INFO - Processing /home/joan/Desktop/Proyect-ETL/criminal_minds/criminal_env/lib/python3.12/site-packages/airflow/example_dags/example_dynamic_task_mapping_with_no_taskflow_operators.py took 0.072 seconds
