[2024-09-30T00:05:00.071-0500] {processor.py:186} INFO - Started process (PID=3005) to work on /home/joan/Desktop/Proyect-ETL/criminal_minds/criminal_env/lib/python3.12/site-packages/airflow/example_dags/example_subdag_operator.py
[2024-09-30T00:05:00.072-0500] {processor.py:914} INFO - Processing file /home/joan/Desktop/Proyect-ETL/criminal_minds/criminal_env/lib/python3.12/site-packages/airflow/example_dags/example_subdag_operator.py for tasks to queue
[2024-09-30T00:05:00.073-0500] {logging_mixin.py:190} INFO - [2024-09-30T00:05:00.073-0500] {dagbag.py:588} INFO - Filling up the DagBag from /home/joan/Desktop/Proyect-ETL/criminal_minds/criminal_env/lib/python3.12/site-packages/airflow/example_dags/example_subdag_operator.py
[2024-09-30T00:05:00.094-0500] {processor.py:925} INFO - DAG(s) 'example_subdag_operator.section-1', 'example_subdag_operator.section-2', 'example_subdag_operator' retrieved from /home/joan/Desktop/Proyect-ETL/criminal_minds/criminal_env/lib/python3.12/site-packages/airflow/example_dags/example_subdag_operator.py
[2024-09-30T00:05:00.208-0500] {logging_mixin.py:190} INFO - [2024-09-30T00:05:00.208-0500] {override.py:1901} INFO - Created Permission View: can read on DAG:example_subdag_operator
[2024-09-30T00:05:00.220-0500] {logging_mixin.py:190} INFO - [2024-09-30T00:05:00.220-0500] {override.py:1901} INFO - Created Permission View: can delete on DAG:example_subdag_operator
[2024-09-30T00:05:00.229-0500] {logging_mixin.py:190} INFO - [2024-09-30T00:05:00.229-0500] {override.py:1901} INFO - Created Permission View: can edit on DAG:example_subdag_operator
[2024-09-30T00:05:00.245-0500] {logging_mixin.py:190} INFO - [2024-09-30T00:05:00.244-0500] {override.py:1901} INFO - Created Permission View: can read on DAG Run:example_subdag_operator
[2024-09-30T00:05:00.254-0500] {logging_mixin.py:190} INFO - [2024-09-30T00:05:00.253-0500] {override.py:1901} INFO - Created Permission View: menu access on DAG Run:example_subdag_operator
[2024-09-30T00:05:00.263-0500] {logging_mixin.py:190} INFO - [2024-09-30T00:05:00.263-0500] {override.py:1901} INFO - Created Permission View: can delete on DAG Run:example_subdag_operator
[2024-09-30T00:05:00.272-0500] {logging_mixin.py:190} INFO - [2024-09-30T00:05:00.272-0500] {override.py:1901} INFO - Created Permission View: can create on DAG Run:example_subdag_operator
[2024-09-30T00:05:00.272-0500] {logging_mixin.py:190} INFO - [2024-09-30T00:05:00.272-0500] {dag.py:3239} INFO - Sync 3 DAGs
[2024-09-30T00:05:00.285-0500] {logging_mixin.py:190} INFO - [2024-09-30T00:05:00.284-0500] {dag.py:3262} INFO - Creating ORM DAG for example_subdag_operator.section-2
[2024-09-30T00:05:00.285-0500] {logging_mixin.py:190} INFO - [2024-09-30T00:05:00.285-0500] {dag.py:3262} INFO - Creating ORM DAG for example_subdag_operator.section-1
[2024-09-30T00:05:00.286-0500] {logging_mixin.py:190} INFO - [2024-09-30T00:05:00.286-0500] {dag.py:3262} INFO - Creating ORM DAG for example_subdag_operator
[2024-09-30T00:05:00.293-0500] {logging_mixin.py:190} INFO - [2024-09-30T00:05:00.293-0500] {dag.py:4180} INFO - Setting next_dagrun for example_subdag_operator to 2022-01-01 00:00:00+00:00, run_after=2022-01-01 00:00:00+00:00
[2024-09-30T00:05:00.294-0500] {logging_mixin.py:190} INFO - [2024-09-30T00:05:00.293-0500] {dag.py:4180} INFO - Setting next_dagrun for example_subdag_operator.section-1 to None, run_after=None
[2024-09-30T00:05:00.294-0500] {logging_mixin.py:190} INFO - [2024-09-30T00:05:00.294-0500] {dag.py:4180} INFO - Setting next_dagrun for example_subdag_operator.section-2 to None, run_after=None
[2024-09-30T00:05:00.299-0500] {logging_mixin.py:190} INFO - [2024-09-30T00:05:00.299-0500] {dag.py:3239} INFO - Sync 2 DAGs
[2024-09-30T00:05:00.303-0500] {logging_mixin.py:190} INFO - [2024-09-30T00:05:00.303-0500] {dag.py:4180} INFO - Setting next_dagrun for example_subdag_operator.section-1 to None, run_after=None
[2024-09-30T00:05:00.305-0500] {logging_mixin.py:190} INFO - [2024-09-30T00:05:00.305-0500] {dag.py:4180} INFO - Setting next_dagrun for example_subdag_operator.section-2 to None, run_after=None
[2024-09-30T00:05:00.321-0500] {processor.py:208} INFO - Processing /home/joan/Desktop/Proyect-ETL/criminal_minds/criminal_env/lib/python3.12/site-packages/airflow/example_dags/example_subdag_operator.py took 0.255 seconds
[2024-09-30T00:05:55.642-0500] {processor.py:186} INFO - Started process (PID=3327) to work on /home/joan/Desktop/Proyect-ETL/criminal_minds/criminal_env/lib/python3.12/site-packages/airflow/example_dags/example_subdag_operator.py
[2024-09-30T00:05:55.648-0500] {processor.py:914} INFO - Processing file /home/joan/Desktop/Proyect-ETL/criminal_minds/criminal_env/lib/python3.12/site-packages/airflow/example_dags/example_subdag_operator.py for tasks to queue
[2024-09-30T00:05:55.650-0500] {logging_mixin.py:190} INFO - [2024-09-30T00:05:55.649-0500] {dagbag.py:588} INFO - Filling up the DagBag from /home/joan/Desktop/Proyect-ETL/criminal_minds/criminal_env/lib/python3.12/site-packages/airflow/example_dags/example_subdag_operator.py
[2024-09-30T00:05:55.670-0500] {processor.py:925} INFO - DAG(s) 'example_subdag_operator.section-1', 'example_subdag_operator.section-2', 'example_subdag_operator' retrieved from /home/joan/Desktop/Proyect-ETL/criminal_minds/criminal_env/lib/python3.12/site-packages/airflow/example_dags/example_subdag_operator.py
[2024-09-30T00:05:55.684-0500] {logging_mixin.py:190} INFO - [2024-09-30T00:05:55.683-0500] {dag.py:3239} INFO - Sync 3 DAGs
[2024-09-30T00:05:55.701-0500] {logging_mixin.py:190} INFO - [2024-09-30T00:05:55.701-0500] {dag.py:4180} INFO - Setting next_dagrun for example_subdag_operator to 2022-01-01 00:00:00+00:00, run_after=2022-01-01 00:00:00+00:00
[2024-09-30T00:05:55.705-0500] {logging_mixin.py:190} INFO - [2024-09-30T00:05:55.704-0500] {dag.py:4180} INFO - Setting next_dagrun for example_subdag_operator.section-1 to None, run_after=None
[2024-09-30T00:05:55.705-0500] {logging_mixin.py:190} INFO - [2024-09-30T00:05:55.705-0500] {dag.py:4180} INFO - Setting next_dagrun for example_subdag_operator.section-2 to None, run_after=None
[2024-09-30T00:05:55.710-0500] {logging_mixin.py:190} INFO - [2024-09-30T00:05:55.710-0500] {dag.py:3239} INFO - Sync 2 DAGs
[2024-09-30T00:05:55.714-0500] {logging_mixin.py:190} INFO - [2024-09-30T00:05:55.714-0500] {dag.py:4180} INFO - Setting next_dagrun for example_subdag_operator.section-1 to None, run_after=None
[2024-09-30T00:05:55.714-0500] {logging_mixin.py:190} INFO - [2024-09-30T00:05:55.714-0500] {dag.py:4180} INFO - Setting next_dagrun for example_subdag_operator.section-2 to None, run_after=None
[2024-09-30T00:05:55.729-0500] {processor.py:208} INFO - Processing /home/joan/Desktop/Proyect-ETL/criminal_minds/criminal_env/lib/python3.12/site-packages/airflow/example_dags/example_subdag_operator.py took 0.092 seconds
[2024-09-30T00:07:04.502-0500] {processor.py:186} INFO - Started process (PID=3403) to work on /home/joan/Desktop/Proyect-ETL/criminal_minds/criminal_env/lib/python3.12/site-packages/airflow/example_dags/example_subdag_operator.py
[2024-09-30T00:07:04.514-0500] {processor.py:914} INFO - Processing file /home/joan/Desktop/Proyect-ETL/criminal_minds/criminal_env/lib/python3.12/site-packages/airflow/example_dags/example_subdag_operator.py for tasks to queue
[2024-09-30T00:07:04.516-0500] {logging_mixin.py:190} INFO - [2024-09-30T00:07:04.516-0500] {dagbag.py:588} INFO - Filling up the DagBag from /home/joan/Desktop/Proyect-ETL/criminal_minds/criminal_env/lib/python3.12/site-packages/airflow/example_dags/example_subdag_operator.py
[2024-09-30T00:07:04.537-0500] {processor.py:925} INFO - DAG(s) 'example_subdag_operator.section-1', 'example_subdag_operator.section-2', 'example_subdag_operator' retrieved from /home/joan/Desktop/Proyect-ETL/criminal_minds/criminal_env/lib/python3.12/site-packages/airflow/example_dags/example_subdag_operator.py
[2024-09-30T00:07:04.550-0500] {logging_mixin.py:190} INFO - [2024-09-30T00:07:04.550-0500] {dag.py:3239} INFO - Sync 3 DAGs
[2024-09-30T00:07:04.568-0500] {logging_mixin.py:190} INFO - [2024-09-30T00:07:04.567-0500] {dag.py:4180} INFO - Setting next_dagrun for example_subdag_operator to 2022-01-01 00:00:00+00:00, run_after=2022-01-01 00:00:00+00:00
[2024-09-30T00:07:04.570-0500] {logging_mixin.py:190} INFO - [2024-09-30T00:07:04.570-0500] {dag.py:4180} INFO - Setting next_dagrun for example_subdag_operator.section-1 to None, run_after=None
[2024-09-30T00:07:04.571-0500] {logging_mixin.py:190} INFO - [2024-09-30T00:07:04.571-0500] {dag.py:4180} INFO - Setting next_dagrun for example_subdag_operator.section-2 to None, run_after=None
[2024-09-30T00:07:04.576-0500] {logging_mixin.py:190} INFO - [2024-09-30T00:07:04.576-0500] {dag.py:3239} INFO - Sync 2 DAGs
[2024-09-30T00:07:04.581-0500] {logging_mixin.py:190} INFO - [2024-09-30T00:07:04.581-0500] {dag.py:4180} INFO - Setting next_dagrun for example_subdag_operator.section-1 to None, run_after=None
[2024-09-30T00:07:04.581-0500] {logging_mixin.py:190} INFO - [2024-09-30T00:07:04.581-0500] {dag.py:4180} INFO - Setting next_dagrun for example_subdag_operator.section-2 to None, run_after=None
[2024-09-30T00:07:04.598-0500] {processor.py:208} INFO - Processing /home/joan/Desktop/Proyect-ETL/criminal_minds/criminal_env/lib/python3.12/site-packages/airflow/example_dags/example_subdag_operator.py took 0.100 seconds
[2024-09-30T00:08:15.555-0500] {processor.py:186} INFO - Started process (PID=3478) to work on /home/joan/Desktop/Proyect-ETL/criminal_minds/criminal_env/lib/python3.12/site-packages/airflow/example_dags/example_subdag_operator.py
[2024-09-30T00:08:15.556-0500] {processor.py:914} INFO - Processing file /home/joan/Desktop/Proyect-ETL/criminal_minds/criminal_env/lib/python3.12/site-packages/airflow/example_dags/example_subdag_operator.py for tasks to queue
[2024-09-30T00:08:15.558-0500] {logging_mixin.py:190} INFO - [2024-09-30T00:08:15.558-0500] {dagbag.py:588} INFO - Filling up the DagBag from /home/joan/Desktop/Proyect-ETL/criminal_minds/criminal_env/lib/python3.12/site-packages/airflow/example_dags/example_subdag_operator.py
[2024-09-30T00:08:15.579-0500] {processor.py:925} INFO - DAG(s) 'example_subdag_operator.section-1', 'example_subdag_operator.section-2', 'example_subdag_operator' retrieved from /home/joan/Desktop/Proyect-ETL/criminal_minds/criminal_env/lib/python3.12/site-packages/airflow/example_dags/example_subdag_operator.py
[2024-09-30T00:08:15.592-0500] {logging_mixin.py:190} INFO - [2024-09-30T00:08:15.592-0500] {dag.py:3239} INFO - Sync 3 DAGs
[2024-09-30T00:08:15.610-0500] {logging_mixin.py:190} INFO - [2024-09-30T00:08:15.610-0500] {dag.py:4180} INFO - Setting next_dagrun for example_subdag_operator to 2022-01-01 00:00:00+00:00, run_after=2022-01-01 00:00:00+00:00
[2024-09-30T00:08:15.613-0500] {logging_mixin.py:190} INFO - [2024-09-30T00:08:15.613-0500] {dag.py:4180} INFO - Setting next_dagrun for example_subdag_operator.section-1 to None, run_after=None
[2024-09-30T00:08:15.614-0500] {logging_mixin.py:190} INFO - [2024-09-30T00:08:15.614-0500] {dag.py:4180} INFO - Setting next_dagrun for example_subdag_operator.section-2 to None, run_after=None
[2024-09-30T00:08:15.619-0500] {logging_mixin.py:190} INFO - [2024-09-30T00:08:15.619-0500] {dag.py:3239} INFO - Sync 2 DAGs
[2024-09-30T00:08:15.624-0500] {logging_mixin.py:190} INFO - [2024-09-30T00:08:15.622-0500] {dag.py:4180} INFO - Setting next_dagrun for example_subdag_operator.section-1 to None, run_after=None
[2024-09-30T00:08:15.628-0500] {logging_mixin.py:190} INFO - [2024-09-30T00:08:15.627-0500] {dag.py:4180} INFO - Setting next_dagrun for example_subdag_operator.section-2 to None, run_after=None
[2024-09-30T00:08:15.644-0500] {processor.py:208} INFO - Processing /home/joan/Desktop/Proyect-ETL/criminal_minds/criminal_env/lib/python3.12/site-packages/airflow/example_dags/example_subdag_operator.py took 0.094 seconds
