[2024-09-30T00:04:17.395-0500] {processor.py:186} INFO - Started process (PID=2970) to work on /home/joan/Desktop/Proyect-ETL/criminal_minds/criminal_env/lib/python3.12/site-packages/airflow/example_dags/example_kubernetes_executor.py
[2024-09-30T00:04:17.396-0500] {processor.py:914} INFO - Processing file /home/joan/Desktop/Proyect-ETL/criminal_minds/criminal_env/lib/python3.12/site-packages/airflow/example_dags/example_kubernetes_executor.py for tasks to queue
[2024-09-30T00:04:17.398-0500] {logging_mixin.py:190} INFO - [2024-09-30T00:04:17.397-0500] {dagbag.py:588} INFO - Filling up the DagBag from /home/joan/Desktop/Proyect-ETL/criminal_minds/criminal_env/lib/python3.12/site-packages/airflow/example_dags/example_kubernetes_executor.py
[2024-09-30T00:04:17.400-0500] {logging_mixin.py:190} INFO - [2024-09-30T00:04:17.400-0500] {example_kubernetes_executor.py:39} WARNING - The example_kubernetes_executor example DAG requires the kubernetes provider. Please install it with: pip install apache-airflow[cncf.kubernetes]
[2024-09-30T00:04:17.400-0500] {processor.py:927} WARNING - No viable dags retrieved from /home/joan/Desktop/Proyect-ETL/criminal_minds/criminal_env/lib/python3.12/site-packages/airflow/example_dags/example_kubernetes_executor.py
[2024-09-30T00:04:17.409-0500] {processor.py:208} INFO - Processing /home/joan/Desktop/Proyect-ETL/criminal_minds/criminal_env/lib/python3.12/site-packages/airflow/example_dags/example_kubernetes_executor.py took 0.018 seconds
[2024-09-30T00:05:22.281-0500] {processor.py:186} INFO - Started process (PID=3026) to work on /home/joan/Desktop/Proyect-ETL/criminal_minds/criminal_env/lib/python3.12/site-packages/airflow/example_dags/example_kubernetes_executor.py
[2024-09-30T00:05:22.282-0500] {processor.py:914} INFO - Processing file /home/joan/Desktop/Proyect-ETL/criminal_minds/criminal_env/lib/python3.12/site-packages/airflow/example_dags/example_kubernetes_executor.py for tasks to queue
[2024-09-30T00:05:22.284-0500] {logging_mixin.py:190} INFO - [2024-09-30T00:05:22.284-0500] {dagbag.py:588} INFO - Filling up the DagBag from /home/joan/Desktop/Proyect-ETL/criminal_minds/criminal_env/lib/python3.12/site-packages/airflow/example_dags/example_kubernetes_executor.py
[2024-09-30T00:05:22.286-0500] {logging_mixin.py:190} INFO - [2024-09-30T00:05:22.286-0500] {example_kubernetes_executor.py:39} WARNING - The example_kubernetes_executor example DAG requires the kubernetes provider. Please install it with: pip install apache-airflow[cncf.kubernetes]
[2024-09-30T00:05:22.286-0500] {processor.py:927} WARNING - No viable dags retrieved from /home/joan/Desktop/Proyect-ETL/criminal_minds/criminal_env/lib/python3.12/site-packages/airflow/example_dags/example_kubernetes_executor.py
[2024-09-30T00:05:22.297-0500] {processor.py:208} INFO - Processing /home/joan/Desktop/Proyect-ETL/criminal_minds/criminal_env/lib/python3.12/site-packages/airflow/example_dags/example_kubernetes_executor.py took 0.021 seconds
[2024-09-30T00:06:13.930-0500] {processor.py:186} INFO - Started process (PID=3350) to work on /home/joan/Desktop/Proyect-ETL/criminal_minds/criminal_env/lib/python3.12/site-packages/airflow/example_dags/example_kubernetes_executor.py
[2024-09-30T00:06:13.941-0500] {processor.py:914} INFO - Processing file /home/joan/Desktop/Proyect-ETL/criminal_minds/criminal_env/lib/python3.12/site-packages/airflow/example_dags/example_kubernetes_executor.py for tasks to queue
[2024-09-30T00:06:13.943-0500] {logging_mixin.py:190} INFO - [2024-09-30T00:06:13.943-0500] {dagbag.py:588} INFO - Filling up the DagBag from /home/joan/Desktop/Proyect-ETL/criminal_minds/criminal_env/lib/python3.12/site-packages/airflow/example_dags/example_kubernetes_executor.py
[2024-09-30T00:06:13.946-0500] {logging_mixin.py:190} INFO - [2024-09-30T00:06:13.946-0500] {example_kubernetes_executor.py:39} WARNING - The example_kubernetes_executor example DAG requires the kubernetes provider. Please install it with: pip install apache-airflow[cncf.kubernetes]
[2024-09-30T00:06:13.946-0500] {processor.py:927} WARNING - No viable dags retrieved from /home/joan/Desktop/Proyect-ETL/criminal_minds/criminal_env/lib/python3.12/site-packages/airflow/example_dags/example_kubernetes_executor.py
[2024-09-30T00:06:13.956-0500] {processor.py:208} INFO - Processing /home/joan/Desktop/Proyect-ETL/criminal_minds/criminal_env/lib/python3.12/site-packages/airflow/example_dags/example_kubernetes_executor.py took 0.032 seconds
[2024-09-30T00:07:08.447-0500] {processor.py:186} INFO - Started process (PID=3407) to work on /home/joan/Desktop/Proyect-ETL/criminal_minds/criminal_env/lib/python3.12/site-packages/airflow/example_dags/example_kubernetes_executor.py
[2024-09-30T00:07:08.458-0500] {processor.py:914} INFO - Processing file /home/joan/Desktop/Proyect-ETL/criminal_minds/criminal_env/lib/python3.12/site-packages/airflow/example_dags/example_kubernetes_executor.py for tasks to queue
[2024-09-30T00:07:08.460-0500] {logging_mixin.py:190} INFO - [2024-09-30T00:07:08.459-0500] {dagbag.py:588} INFO - Filling up the DagBag from /home/joan/Desktop/Proyect-ETL/criminal_minds/criminal_env/lib/python3.12/site-packages/airflow/example_dags/example_kubernetes_executor.py
[2024-09-30T00:07:08.462-0500] {logging_mixin.py:190} INFO - [2024-09-30T00:07:08.462-0500] {example_kubernetes_executor.py:39} WARNING - The example_kubernetes_executor example DAG requires the kubernetes provider. Please install it with: pip install apache-airflow[cncf.kubernetes]
[2024-09-30T00:07:08.462-0500] {processor.py:927} WARNING - No viable dags retrieved from /home/joan/Desktop/Proyect-ETL/criminal_minds/criminal_env/lib/python3.12/site-packages/airflow/example_dags/example_kubernetes_executor.py
[2024-09-30T00:07:08.472-0500] {processor.py:208} INFO - Processing /home/joan/Desktop/Proyect-ETL/criminal_minds/criminal_env/lib/python3.12/site-packages/airflow/example_dags/example_kubernetes_executor.py took 0.030 seconds
[2024-09-30T00:07:55.814-0500] {processor.py:186} INFO - Started process (PID=3458) to work on /home/joan/Desktop/Proyect-ETL/criminal_minds/criminal_env/lib/python3.12/site-packages/airflow/example_dags/example_kubernetes_executor.py
[2024-09-30T00:07:55.815-0500] {processor.py:914} INFO - Processing file /home/joan/Desktop/Proyect-ETL/criminal_minds/criminal_env/lib/python3.12/site-packages/airflow/example_dags/example_kubernetes_executor.py for tasks to queue
[2024-09-30T00:07:55.817-0500] {logging_mixin.py:190} INFO - [2024-09-30T00:07:55.817-0500] {dagbag.py:588} INFO - Filling up the DagBag from /home/joan/Desktop/Proyect-ETL/criminal_minds/criminal_env/lib/python3.12/site-packages/airflow/example_dags/example_kubernetes_executor.py
[2024-09-30T00:07:55.820-0500] {logging_mixin.py:190} INFO - [2024-09-30T00:07:55.820-0500] {example_kubernetes_executor.py:39} WARNING - The example_kubernetes_executor example DAG requires the kubernetes provider. Please install it with: pip install apache-airflow[cncf.kubernetes]
[2024-09-30T00:07:55.820-0500] {processor.py:927} WARNING - No viable dags retrieved from /home/joan/Desktop/Proyect-ETL/criminal_minds/criminal_env/lib/python3.12/site-packages/airflow/example_dags/example_kubernetes_executor.py
[2024-09-30T00:07:55.832-0500] {processor.py:208} INFO - Processing /home/joan/Desktop/Proyect-ETL/criminal_minds/criminal_env/lib/python3.12/site-packages/airflow/example_dags/example_kubernetes_executor.py took 0.024 seconds
[2024-09-30T00:08:42.002-0500] {processor.py:186} INFO - Started process (PID=3507) to work on /home/joan/Desktop/Proyect-ETL/criminal_minds/criminal_env/lib/python3.12/site-packages/airflow/example_dags/example_kubernetes_executor.py
[2024-09-30T00:08:42.013-0500] {processor.py:914} INFO - Processing file /home/joan/Desktop/Proyect-ETL/criminal_minds/criminal_env/lib/python3.12/site-packages/airflow/example_dags/example_kubernetes_executor.py for tasks to queue
[2024-09-30T00:08:42.015-0500] {logging_mixin.py:190} INFO - [2024-09-30T00:08:42.015-0500] {dagbag.py:588} INFO - Filling up the DagBag from /home/joan/Desktop/Proyect-ETL/criminal_minds/criminal_env/lib/python3.12/site-packages/airflow/example_dags/example_kubernetes_executor.py
[2024-09-30T00:08:42.018-0500] {logging_mixin.py:190} INFO - [2024-09-30T00:08:42.018-0500] {example_kubernetes_executor.py:39} WARNING - The example_kubernetes_executor example DAG requires the kubernetes provider. Please install it with: pip install apache-airflow[cncf.kubernetes]
[2024-09-30T00:08:42.018-0500] {processor.py:927} WARNING - No viable dags retrieved from /home/joan/Desktop/Proyect-ETL/criminal_minds/criminal_env/lib/python3.12/site-packages/airflow/example_dags/example_kubernetes_executor.py
[2024-09-30T00:08:42.028-0500] {processor.py:208} INFO - Processing /home/joan/Desktop/Proyect-ETL/criminal_minds/criminal_env/lib/python3.12/site-packages/airflow/example_dags/example_kubernetes_executor.py took 0.030 seconds
