[2024-09-30T00:04:19.397-0500] {processor.py:186} INFO - Started process (PID=2972) to work on /home/joan/Desktop/Proyect-ETL/criminal_minds/criminal_env/lib/python3.12/site-packages/airflow/example_dags/example_branch_operator_decorator.py
[2024-09-30T00:04:19.397-0500] {processor.py:914} INFO - Processing file /home/joan/Desktop/Proyect-ETL/criminal_minds/criminal_env/lib/python3.12/site-packages/airflow/example_dags/example_branch_operator_decorator.py for tasks to queue
[2024-09-30T00:04:19.399-0500] {logging_mixin.py:190} INFO - [2024-09-30T00:04:19.399-0500] {dagbag.py:588} INFO - Filling up the DagBag from /home/joan/Desktop/Proyect-ETL/criminal_minds/criminal_env/lib/python3.12/site-packages/airflow/example_dags/example_branch_operator_decorator.py
[2024-09-30T00:04:19.478-0500] {processor.py:927} WARNING - No viable dags retrieved from /home/joan/Desktop/Proyect-ETL/criminal_minds/criminal_env/lib/python3.12/site-packages/airflow/example_dags/example_branch_operator_decorator.py
[2024-09-30T00:04:19.487-0500] {processor.py:208} INFO - Processing /home/joan/Desktop/Proyect-ETL/criminal_minds/criminal_env/lib/python3.12/site-packages/airflow/example_dags/example_branch_operator_decorator.py took 0.095 seconds
[2024-09-30T00:05:24.584-0500] {processor.py:186} INFO - Started process (PID=3028) to work on /home/joan/Desktop/Proyect-ETL/criminal_minds/criminal_env/lib/python3.12/site-packages/airflow/example_dags/example_branch_operator_decorator.py
[2024-09-30T00:05:24.596-0500] {processor.py:914} INFO - Processing file /home/joan/Desktop/Proyect-ETL/criminal_minds/criminal_env/lib/python3.12/site-packages/airflow/example_dags/example_branch_operator_decorator.py for tasks to queue
[2024-09-30T00:05:24.598-0500] {logging_mixin.py:190} INFO - [2024-09-30T00:05:24.597-0500] {dagbag.py:588} INFO - Filling up the DagBag from /home/joan/Desktop/Proyect-ETL/criminal_minds/criminal_env/lib/python3.12/site-packages/airflow/example_dags/example_branch_operator_decorator.py
[2024-09-30T00:05:24.673-0500] {processor.py:927} WARNING - No viable dags retrieved from /home/joan/Desktop/Proyect-ETL/criminal_minds/criminal_env/lib/python3.12/site-packages/airflow/example_dags/example_branch_operator_decorator.py
[2024-09-30T00:05:24.683-0500] {processor.py:208} INFO - Processing /home/joan/Desktop/Proyect-ETL/criminal_minds/criminal_env/lib/python3.12/site-packages/airflow/example_dags/example_branch_operator_decorator.py took 0.107 seconds
[2024-09-30T00:06:15.786-0500] {processor.py:186} INFO - Started process (PID=3352) to work on /home/joan/Desktop/Proyect-ETL/criminal_minds/criminal_env/lib/python3.12/site-packages/airflow/example_dags/example_branch_operator_decorator.py
[2024-09-30T00:06:15.797-0500] {processor.py:914} INFO - Processing file /home/joan/Desktop/Proyect-ETL/criminal_minds/criminal_env/lib/python3.12/site-packages/airflow/example_dags/example_branch_operator_decorator.py for tasks to queue
[2024-09-30T00:06:15.799-0500] {logging_mixin.py:190} INFO - [2024-09-30T00:06:15.799-0500] {dagbag.py:588} INFO - Filling up the DagBag from /home/joan/Desktop/Proyect-ETL/criminal_minds/criminal_env/lib/python3.12/site-packages/airflow/example_dags/example_branch_operator_decorator.py
[2024-09-30T00:06:15.881-0500] {processor.py:927} WARNING - No viable dags retrieved from /home/joan/Desktop/Proyect-ETL/criminal_minds/criminal_env/lib/python3.12/site-packages/airflow/example_dags/example_branch_operator_decorator.py
[2024-09-30T00:06:15.890-0500] {processor.py:208} INFO - Processing /home/joan/Desktop/Proyect-ETL/criminal_minds/criminal_env/lib/python3.12/site-packages/airflow/example_dags/example_branch_operator_decorator.py took 0.110 seconds
[2024-09-30T00:07:10.768-0500] {processor.py:186} INFO - Started process (PID=3409) to work on /home/joan/Desktop/Proyect-ETL/criminal_minds/criminal_env/lib/python3.12/site-packages/airflow/example_dags/example_branch_operator_decorator.py
[2024-09-30T00:07:10.779-0500] {processor.py:914} INFO - Processing file /home/joan/Desktop/Proyect-ETL/criminal_minds/criminal_env/lib/python3.12/site-packages/airflow/example_dags/example_branch_operator_decorator.py for tasks to queue
[2024-09-30T00:07:10.781-0500] {logging_mixin.py:190} INFO - [2024-09-30T00:07:10.780-0500] {dagbag.py:588} INFO - Filling up the DagBag from /home/joan/Desktop/Proyect-ETL/criminal_minds/criminal_env/lib/python3.12/site-packages/airflow/example_dags/example_branch_operator_decorator.py
[2024-09-30T00:07:10.866-0500] {processor.py:927} WARNING - No viable dags retrieved from /home/joan/Desktop/Proyect-ETL/criminal_minds/criminal_env/lib/python3.12/site-packages/airflow/example_dags/example_branch_operator_decorator.py
[2024-09-30T00:07:10.876-0500] {processor.py:208} INFO - Processing /home/joan/Desktop/Proyect-ETL/criminal_minds/criminal_env/lib/python3.12/site-packages/airflow/example_dags/example_branch_operator_decorator.py took 0.113 seconds
[2024-09-30T00:07:56.610-0500] {processor.py:186} INFO - Started process (PID=3460) to work on /home/joan/Desktop/Proyect-ETL/criminal_minds/criminal_env/lib/python3.12/site-packages/airflow/example_dags/example_branch_operator_decorator.py
[2024-09-30T00:07:56.625-0500] {processor.py:914} INFO - Processing file /home/joan/Desktop/Proyect-ETL/criminal_minds/criminal_env/lib/python3.12/site-packages/airflow/example_dags/example_branch_operator_decorator.py for tasks to queue
[2024-09-30T00:07:56.627-0500] {logging_mixin.py:190} INFO - [2024-09-30T00:07:56.627-0500] {dagbag.py:588} INFO - Filling up the DagBag from /home/joan/Desktop/Proyect-ETL/criminal_minds/criminal_env/lib/python3.12/site-packages/airflow/example_dags/example_branch_operator_decorator.py
[2024-09-30T00:07:56.715-0500] {processor.py:927} WARNING - No viable dags retrieved from /home/joan/Desktop/Proyect-ETL/criminal_minds/criminal_env/lib/python3.12/site-packages/airflow/example_dags/example_branch_operator_decorator.py
[2024-09-30T00:07:56.724-0500] {processor.py:208} INFO - Processing /home/joan/Desktop/Proyect-ETL/criminal_minds/criminal_env/lib/python3.12/site-packages/airflow/example_dags/example_branch_operator_decorator.py took 0.120 seconds
[2024-09-30T00:08:44.316-0500] {processor.py:186} INFO - Started process (PID=3509) to work on /home/joan/Desktop/Proyect-ETL/criminal_minds/criminal_env/lib/python3.12/site-packages/airflow/example_dags/example_branch_operator_decorator.py
[2024-09-30T00:08:44.317-0500] {processor.py:914} INFO - Processing file /home/joan/Desktop/Proyect-ETL/criminal_minds/criminal_env/lib/python3.12/site-packages/airflow/example_dags/example_branch_operator_decorator.py for tasks to queue
[2024-09-30T00:08:44.319-0500] {logging_mixin.py:190} INFO - [2024-09-30T00:08:44.319-0500] {dagbag.py:588} INFO - Filling up the DagBag from /home/joan/Desktop/Proyect-ETL/criminal_minds/criminal_env/lib/python3.12/site-packages/airflow/example_dags/example_branch_operator_decorator.py
[2024-09-30T00:08:44.397-0500] {processor.py:927} WARNING - No viable dags retrieved from /home/joan/Desktop/Proyect-ETL/criminal_minds/criminal_env/lib/python3.12/site-packages/airflow/example_dags/example_branch_operator_decorator.py
[2024-09-30T00:08:44.407-0500] {processor.py:208} INFO - Processing /home/joan/Desktop/Proyect-ETL/criminal_minds/criminal_env/lib/python3.12/site-packages/airflow/example_dags/example_branch_operator_decorator.py took 0.096 seconds
