[2024-09-30T00:04:31.519-0500] {processor.py:186} INFO - Started process (PID=2981) to work on /home/joan/Desktop/Proyect-ETL/criminal_minds/criminal_env/lib/python3.12/site-packages/airflow/example_dags/example_dataset_alias.py
[2024-09-30T00:04:31.519-0500] {processor.py:914} INFO - Processing file /home/joan/Desktop/Proyect-ETL/criminal_minds/criminal_env/lib/python3.12/site-packages/airflow/example_dags/example_dataset_alias.py for tasks to queue
[2024-09-30T00:04:31.521-0500] {logging_mixin.py:190} INFO - [2024-09-30T00:04:31.521-0500] {dagbag.py:588} INFO - Filling up the DagBag from /home/joan/Desktop/Proyect-ETL/criminal_minds/criminal_env/lib/python3.12/site-packages/airflow/example_dags/example_dataset_alias.py
[2024-09-30T00:04:31.538-0500] {processor.py:925} INFO - DAG(s) 'dataset_s3_bucket_producer', 'dataset_s3_bucket_consumer', 'dataset_alias_example_alias_consumer', 'dataset_alias_example_alias_producer' retrieved from /home/joan/Desktop/Proyect-ETL/criminal_minds/criminal_env/lib/python3.12/site-packages/airflow/example_dags/example_dataset_alias.py
[2024-09-30T00:04:31.648-0500] {logging_mixin.py:190} INFO - [2024-09-30T00:04:31.647-0500] {override.py:1901} INFO - Created Permission View: can read on DAG:dataset_s3_bucket_producer
[2024-09-30T00:04:31.660-0500] {logging_mixin.py:190} INFO - [2024-09-30T00:04:31.660-0500] {override.py:1901} INFO - Created Permission View: can delete on DAG:dataset_s3_bucket_producer
[2024-09-30T00:04:31.670-0500] {logging_mixin.py:190} INFO - [2024-09-30T00:04:31.670-0500] {override.py:1901} INFO - Created Permission View: can edit on DAG:dataset_s3_bucket_producer
[2024-09-30T00:04:31.685-0500] {logging_mixin.py:190} INFO - [2024-09-30T00:04:31.685-0500] {override.py:1901} INFO - Created Permission View: can read on DAG Run:dataset_s3_bucket_producer
[2024-09-30T00:04:31.695-0500] {logging_mixin.py:190} INFO - [2024-09-30T00:04:31.695-0500] {override.py:1901} INFO - Created Permission View: menu access on DAG Run:dataset_s3_bucket_producer
[2024-09-30T00:04:31.705-0500] {logging_mixin.py:190} INFO - [2024-09-30T00:04:31.705-0500] {override.py:1901} INFO - Created Permission View: can delete on DAG Run:dataset_s3_bucket_producer
[2024-09-30T00:04:31.714-0500] {logging_mixin.py:190} INFO - [2024-09-30T00:04:31.714-0500] {override.py:1901} INFO - Created Permission View: can create on DAG Run:dataset_s3_bucket_producer
[2024-09-30T00:04:31.734-0500] {logging_mixin.py:190} INFO - [2024-09-30T00:04:31.733-0500] {override.py:1901} INFO - Created Permission View: can read on DAG:dataset_s3_bucket_consumer
[2024-09-30T00:04:31.742-0500] {logging_mixin.py:190} INFO - [2024-09-30T00:04:31.742-0500] {override.py:1901} INFO - Created Permission View: can delete on DAG:dataset_s3_bucket_consumer
[2024-09-30T00:04:31.751-0500] {logging_mixin.py:190} INFO - [2024-09-30T00:04:31.751-0500] {override.py:1901} INFO - Created Permission View: can edit on DAG:dataset_s3_bucket_consumer
[2024-09-30T00:04:31.765-0500] {logging_mixin.py:190} INFO - [2024-09-30T00:04:31.765-0500] {override.py:1901} INFO - Created Permission View: can read on DAG Run:dataset_s3_bucket_consumer
[2024-09-30T00:04:31.774-0500] {logging_mixin.py:190} INFO - [2024-09-30T00:04:31.773-0500] {override.py:1901} INFO - Created Permission View: menu access on DAG Run:dataset_s3_bucket_consumer
[2024-09-30T00:04:31.783-0500] {logging_mixin.py:190} INFO - [2024-09-30T00:04:31.783-0500] {override.py:1901} INFO - Created Permission View: can delete on DAG Run:dataset_s3_bucket_consumer
[2024-09-30T00:04:31.792-0500] {logging_mixin.py:190} INFO - [2024-09-30T00:04:31.792-0500] {override.py:1901} INFO - Created Permission View: can create on DAG Run:dataset_s3_bucket_consumer
[2024-09-30T00:04:31.812-0500] {logging_mixin.py:190} INFO - [2024-09-30T00:04:31.812-0500] {override.py:1901} INFO - Created Permission View: can read on DAG:dataset_alias_example_alias_consumer
[2024-09-30T00:04:31.821-0500] {logging_mixin.py:190} INFO - [2024-09-30T00:04:31.820-0500] {override.py:1901} INFO - Created Permission View: can delete on DAG:dataset_alias_example_alias_consumer
[2024-09-30T00:04:31.829-0500] {logging_mixin.py:190} INFO - [2024-09-30T00:04:31.829-0500] {override.py:1901} INFO - Created Permission View: can edit on DAG:dataset_alias_example_alias_consumer
[2024-09-30T00:04:31.843-0500] {logging_mixin.py:190} INFO - [2024-09-30T00:04:31.843-0500] {override.py:1901} INFO - Created Permission View: can read on DAG Run:dataset_alias_example_alias_consumer
[2024-09-30T00:04:31.852-0500] {logging_mixin.py:190} INFO - [2024-09-30T00:04:31.852-0500] {override.py:1901} INFO - Created Permission View: menu access on DAG Run:dataset_alias_example_alias_consumer
[2024-09-30T00:04:31.861-0500] {logging_mixin.py:190} INFO - [2024-09-30T00:04:31.860-0500] {override.py:1901} INFO - Created Permission View: can delete on DAG Run:dataset_alias_example_alias_consumer
[2024-09-30T00:04:31.869-0500] {logging_mixin.py:190} INFO - [2024-09-30T00:04:31.869-0500] {override.py:1901} INFO - Created Permission View: can create on DAG Run:dataset_alias_example_alias_consumer
[2024-09-30T00:04:31.891-0500] {logging_mixin.py:190} INFO - [2024-09-30T00:04:31.891-0500] {override.py:1901} INFO - Created Permission View: can read on DAG:dataset_alias_example_alias_producer
[2024-09-30T00:04:31.900-0500] {logging_mixin.py:190} INFO - [2024-09-30T00:04:31.900-0500] {override.py:1901} INFO - Created Permission View: can delete on DAG:dataset_alias_example_alias_producer
[2024-09-30T00:04:31.909-0500] {logging_mixin.py:190} INFO - [2024-09-30T00:04:31.909-0500] {override.py:1901} INFO - Created Permission View: can edit on DAG:dataset_alias_example_alias_producer
[2024-09-30T00:04:31.923-0500] {logging_mixin.py:190} INFO - [2024-09-30T00:04:31.923-0500] {override.py:1901} INFO - Created Permission View: can read on DAG Run:dataset_alias_example_alias_producer
[2024-09-30T00:04:31.932-0500] {logging_mixin.py:190} INFO - [2024-09-30T00:04:31.932-0500] {override.py:1901} INFO - Created Permission View: menu access on DAG Run:dataset_alias_example_alias_producer
[2024-09-30T00:04:31.941-0500] {logging_mixin.py:190} INFO - [2024-09-30T00:04:31.941-0500] {override.py:1901} INFO - Created Permission View: can delete on DAG Run:dataset_alias_example_alias_producer
[2024-09-30T00:04:31.953-0500] {logging_mixin.py:190} INFO - [2024-09-30T00:04:31.953-0500] {override.py:1901} INFO - Created Permission View: can create on DAG Run:dataset_alias_example_alias_producer
[2024-09-30T00:04:31.953-0500] {logging_mixin.py:190} INFO - [2024-09-30T00:04:31.953-0500] {dag.py:3239} INFO - Sync 4 DAGs
[2024-09-30T00:04:31.964-0500] {logging_mixin.py:190} INFO - [2024-09-30T00:04:31.963-0500] {dag.py:3262} INFO - Creating ORM DAG for dataset_s3_bucket_consumer
[2024-09-30T00:04:31.964-0500] {logging_mixin.py:190} INFO - [2024-09-30T00:04:31.964-0500] {dag.py:3262} INFO - Creating ORM DAG for dataset_s3_bucket_producer
[2024-09-30T00:04:31.964-0500] {logging_mixin.py:190} INFO - [2024-09-30T00:04:31.964-0500] {dag.py:3262} INFO - Creating ORM DAG for dataset_alias_example_alias_producer
[2024-09-30T00:04:31.965-0500] {logging_mixin.py:190} INFO - [2024-09-30T00:04:31.965-0500] {dag.py:3262} INFO - Creating ORM DAG for dataset_alias_example_alias_consumer
[2024-09-30T00:04:31.975-0500] {logging_mixin.py:190} INFO - [2024-09-30T00:04:31.974-0500] {dag.py:4180} INFO - Setting next_dagrun for dataset_alias_example_alias_consumer to None, run_after=None
[2024-09-30T00:04:31.975-0500] {logging_mixin.py:190} INFO - [2024-09-30T00:04:31.975-0500] {dag.py:4180} INFO - Setting next_dagrun for dataset_alias_example_alias_producer to None, run_after=None
[2024-09-30T00:04:31.976-0500] {logging_mixin.py:190} INFO - [2024-09-30T00:04:31.976-0500] {dag.py:4180} INFO - Setting next_dagrun for dataset_s3_bucket_consumer to None, run_after=None
[2024-09-30T00:04:31.976-0500] {logging_mixin.py:190} INFO - [2024-09-30T00:04:31.976-0500] {dag.py:4180} INFO - Setting next_dagrun for dataset_s3_bucket_producer to None, run_after=None
[2024-09-30T00:04:32.007-0500] {processor.py:208} INFO - Processing /home/joan/Desktop/Proyect-ETL/criminal_minds/criminal_env/lib/python3.12/site-packages/airflow/example_dags/example_dataset_alias.py took 0.492 seconds
[2024-09-30T00:05:32.580-0500] {processor.py:186} INFO - Started process (PID=3037) to work on /home/joan/Desktop/Proyect-ETL/criminal_minds/criminal_env/lib/python3.12/site-packages/airflow/example_dags/example_dataset_alias.py
[2024-09-30T00:05:32.581-0500] {processor.py:914} INFO - Processing file /home/joan/Desktop/Proyect-ETL/criminal_minds/criminal_env/lib/python3.12/site-packages/airflow/example_dags/example_dataset_alias.py for tasks to queue
[2024-09-30T00:05:32.583-0500] {logging_mixin.py:190} INFO - [2024-09-30T00:05:32.583-0500] {dagbag.py:588} INFO - Filling up the DagBag from /home/joan/Desktop/Proyect-ETL/criminal_minds/criminal_env/lib/python3.12/site-packages/airflow/example_dags/example_dataset_alias.py
[2024-09-30T00:05:32.604-0500] {processor.py:925} INFO - DAG(s) 'dataset_alias_example_alias_producer', 'dataset_s3_bucket_producer', 'dataset_alias_example_alias_consumer', 'dataset_s3_bucket_consumer' retrieved from /home/joan/Desktop/Proyect-ETL/criminal_minds/criminal_env/lib/python3.12/site-packages/airflow/example_dags/example_dataset_alias.py
[2024-09-30T00:05:32.621-0500] {logging_mixin.py:190} INFO - [2024-09-30T00:05:32.621-0500] {dag.py:3239} INFO - Sync 4 DAGs
[2024-09-30T00:05:32.639-0500] {logging_mixin.py:190} INFO - [2024-09-30T00:05:32.639-0500] {dag.py:4180} INFO - Setting next_dagrun for dataset_alias_example_alias_consumer to None, run_after=None
[2024-09-30T00:05:32.641-0500] {logging_mixin.py:190} INFO - [2024-09-30T00:05:32.641-0500] {dag.py:4180} INFO - Setting next_dagrun for dataset_alias_example_alias_producer to None, run_after=None
[2024-09-30T00:05:32.642-0500] {logging_mixin.py:190} INFO - [2024-09-30T00:05:32.641-0500] {dag.py:4180} INFO - Setting next_dagrun for dataset_s3_bucket_consumer to None, run_after=None
[2024-09-30T00:05:32.642-0500] {logging_mixin.py:190} INFO - [2024-09-30T00:05:32.642-0500] {dag.py:4180} INFO - Setting next_dagrun for dataset_s3_bucket_producer to None, run_after=None
[2024-09-30T00:05:32.666-0500] {processor.py:208} INFO - Processing /home/joan/Desktop/Proyect-ETL/criminal_minds/criminal_env/lib/python3.12/site-packages/airflow/example_dags/example_dataset_alias.py took 0.091 seconds
[2024-09-30T00:06:25.423-0500] {processor.py:186} INFO - Started process (PID=3362) to work on /home/joan/Desktop/Proyect-ETL/criminal_minds/criminal_env/lib/python3.12/site-packages/airflow/example_dags/example_dataset_alias.py
[2024-09-30T00:06:25.429-0500] {processor.py:914} INFO - Processing file /home/joan/Desktop/Proyect-ETL/criminal_minds/criminal_env/lib/python3.12/site-packages/airflow/example_dags/example_dataset_alias.py for tasks to queue
[2024-09-30T00:06:25.431-0500] {logging_mixin.py:190} INFO - [2024-09-30T00:06:25.431-0500] {dagbag.py:588} INFO - Filling up the DagBag from /home/joan/Desktop/Proyect-ETL/criminal_minds/criminal_env/lib/python3.12/site-packages/airflow/example_dags/example_dataset_alias.py
[2024-09-30T00:06:25.454-0500] {processor.py:925} INFO - DAG(s) 'dataset_alias_example_alias_consumer', 'dataset_s3_bucket_producer', 'dataset_alias_example_alias_producer', 'dataset_s3_bucket_consumer' retrieved from /home/joan/Desktop/Proyect-ETL/criminal_minds/criminal_env/lib/python3.12/site-packages/airflow/example_dags/example_dataset_alias.py
[2024-09-30T00:06:25.472-0500] {logging_mixin.py:190} INFO - [2024-09-30T00:06:25.472-0500] {dag.py:3239} INFO - Sync 4 DAGs
[2024-09-30T00:06:25.490-0500] {logging_mixin.py:190} INFO - [2024-09-30T00:06:25.489-0500] {dag.py:4180} INFO - Setting next_dagrun for dataset_alias_example_alias_consumer to None, run_after=None
[2024-09-30T00:06:25.492-0500] {logging_mixin.py:190} INFO - [2024-09-30T00:06:25.491-0500] {dag.py:4180} INFO - Setting next_dagrun for dataset_alias_example_alias_producer to None, run_after=None
[2024-09-30T00:06:25.492-0500] {logging_mixin.py:190} INFO - [2024-09-30T00:06:25.492-0500] {dag.py:4180} INFO - Setting next_dagrun for dataset_s3_bucket_consumer to None, run_after=None
[2024-09-30T00:06:25.493-0500] {logging_mixin.py:190} INFO - [2024-09-30T00:06:25.493-0500] {dag.py:4180} INFO - Setting next_dagrun for dataset_s3_bucket_producer to None, run_after=None
[2024-09-30T00:06:25.517-0500] {processor.py:208} INFO - Processing /home/joan/Desktop/Proyect-ETL/criminal_minds/criminal_env/lib/python3.12/site-packages/airflow/example_dags/example_dataset_alias.py took 0.098 seconds
[2024-09-30T00:07:19.838-0500] {processor.py:186} INFO - Started process (PID=3419) to work on /home/joan/Desktop/Proyect-ETL/criminal_minds/criminal_env/lib/python3.12/site-packages/airflow/example_dags/example_dataset_alias.py
[2024-09-30T00:07:19.850-0500] {processor.py:914} INFO - Processing file /home/joan/Desktop/Proyect-ETL/criminal_minds/criminal_env/lib/python3.12/site-packages/airflow/example_dags/example_dataset_alias.py for tasks to queue
[2024-09-30T00:07:19.852-0500] {logging_mixin.py:190} INFO - [2024-09-30T00:07:19.852-0500] {dagbag.py:588} INFO - Filling up the DagBag from /home/joan/Desktop/Proyect-ETL/criminal_minds/criminal_env/lib/python3.12/site-packages/airflow/example_dags/example_dataset_alias.py
[2024-09-30T00:07:19.911-0500] {processor.py:925} INFO - DAG(s) 'dataset_s3_bucket_consumer', 'dataset_alias_example_alias_producer', 'dataset_alias_example_alias_consumer', 'dataset_s3_bucket_producer' retrieved from /home/joan/Desktop/Proyect-ETL/criminal_minds/criminal_env/lib/python3.12/site-packages/airflow/example_dags/example_dataset_alias.py
[2024-09-30T00:07:19.949-0500] {logging_mixin.py:190} INFO - [2024-09-30T00:07:19.948-0500] {dag.py:3239} INFO - Sync 4 DAGs
[2024-09-30T00:07:19.980-0500] {logging_mixin.py:190} INFO - [2024-09-30T00:07:19.979-0500] {dag.py:4180} INFO - Setting next_dagrun for dataset_alias_example_alias_consumer to None, run_after=None
[2024-09-30T00:07:19.983-0500] {logging_mixin.py:190} INFO - [2024-09-30T00:07:19.982-0500] {dag.py:4180} INFO - Setting next_dagrun for dataset_alias_example_alias_producer to None, run_after=None
[2024-09-30T00:07:19.984-0500] {logging_mixin.py:190} INFO - [2024-09-30T00:07:19.983-0500] {dag.py:4180} INFO - Setting next_dagrun for dataset_s3_bucket_consumer to None, run_after=None
[2024-09-30T00:07:19.985-0500] {logging_mixin.py:190} INFO - [2024-09-30T00:07:19.985-0500] {dag.py:4180} INFO - Setting next_dagrun for dataset_s3_bucket_producer to None, run_after=None
[2024-09-30T00:07:20.024-0500] {processor.py:208} INFO - Processing /home/joan/Desktop/Proyect-ETL/criminal_minds/criminal_env/lib/python3.12/site-packages/airflow/example_dags/example_dataset_alias.py took 0.193 seconds
[2024-09-30T00:08:06.639-0500] {processor.py:186} INFO - Started process (PID=3469) to work on /home/joan/Desktop/Proyect-ETL/criminal_minds/criminal_env/lib/python3.12/site-packages/airflow/example_dags/example_dataset_alias.py
[2024-09-30T00:08:06.650-0500] {processor.py:914} INFO - Processing file /home/joan/Desktop/Proyect-ETL/criminal_minds/criminal_env/lib/python3.12/site-packages/airflow/example_dags/example_dataset_alias.py for tasks to queue
[2024-09-30T00:08:06.652-0500] {logging_mixin.py:190} INFO - [2024-09-30T00:08:06.652-0500] {dagbag.py:588} INFO - Filling up the DagBag from /home/joan/Desktop/Proyect-ETL/criminal_minds/criminal_env/lib/python3.12/site-packages/airflow/example_dags/example_dataset_alias.py
[2024-09-30T00:08:06.679-0500] {processor.py:925} INFO - DAG(s) 'dataset_s3_bucket_producer', 'dataset_alias_example_alias_producer', 'dataset_s3_bucket_consumer', 'dataset_alias_example_alias_consumer' retrieved from /home/joan/Desktop/Proyect-ETL/criminal_minds/criminal_env/lib/python3.12/site-packages/airflow/example_dags/example_dataset_alias.py
[2024-09-30T00:08:06.707-0500] {logging_mixin.py:190} INFO - [2024-09-30T00:08:06.706-0500] {dag.py:3239} INFO - Sync 4 DAGs
[2024-09-30T00:08:06.731-0500] {logging_mixin.py:190} INFO - [2024-09-30T00:08:06.731-0500] {dag.py:4180} INFO - Setting next_dagrun for dataset_alias_example_alias_consumer to None, run_after=None
[2024-09-30T00:08:06.734-0500] {logging_mixin.py:190} INFO - [2024-09-30T00:08:06.733-0500] {dag.py:4180} INFO - Setting next_dagrun for dataset_alias_example_alias_producer to None, run_after=None
[2024-09-30T00:08:06.735-0500] {logging_mixin.py:190} INFO - [2024-09-30T00:08:06.735-0500] {dag.py:4180} INFO - Setting next_dagrun for dataset_s3_bucket_consumer to None, run_after=None
[2024-09-30T00:08:06.736-0500] {logging_mixin.py:190} INFO - [2024-09-30T00:08:06.736-0500] {dag.py:4180} INFO - Setting next_dagrun for dataset_s3_bucket_producer to None, run_after=None
[2024-09-30T00:08:06.781-0500] {processor.py:208} INFO - Processing /home/joan/Desktop/Proyect-ETL/criminal_minds/criminal_env/lib/python3.12/site-packages/airflow/example_dags/example_dataset_alias.py took 0.148 seconds
[2024-09-30T00:08:52.801-0500] {processor.py:186} INFO - Started process (PID=3518) to work on /home/joan/Desktop/Proyect-ETL/criminal_minds/criminal_env/lib/python3.12/site-packages/airflow/example_dags/example_dataset_alias.py
[2024-09-30T00:08:52.802-0500] {processor.py:914} INFO - Processing file /home/joan/Desktop/Proyect-ETL/criminal_minds/criminal_env/lib/python3.12/site-packages/airflow/example_dags/example_dataset_alias.py for tasks to queue
[2024-09-30T00:08:52.804-0500] {logging_mixin.py:190} INFO - [2024-09-30T00:08:52.804-0500] {dagbag.py:588} INFO - Filling up the DagBag from /home/joan/Desktop/Proyect-ETL/criminal_minds/criminal_env/lib/python3.12/site-packages/airflow/example_dags/example_dataset_alias.py
[2024-09-30T00:08:52.824-0500] {processor.py:925} INFO - DAG(s) 'dataset_s3_bucket_consumer', 'dataset_alias_example_alias_consumer', 'dataset_alias_example_alias_producer', 'dataset_s3_bucket_producer' retrieved from /home/joan/Desktop/Proyect-ETL/criminal_minds/criminal_env/lib/python3.12/site-packages/airflow/example_dags/example_dataset_alias.py
[2024-09-30T00:08:52.842-0500] {logging_mixin.py:190} INFO - [2024-09-30T00:08:52.841-0500] {dag.py:3239} INFO - Sync 4 DAGs
[2024-09-30T00:08:52.858-0500] {logging_mixin.py:190} INFO - [2024-09-30T00:08:52.858-0500] {dag.py:4180} INFO - Setting next_dagrun for dataset_alias_example_alias_consumer to None, run_after=None
[2024-09-30T00:08:52.860-0500] {logging_mixin.py:190} INFO - [2024-09-30T00:08:52.860-0500] {dag.py:4180} INFO - Setting next_dagrun for dataset_alias_example_alias_producer to None, run_after=None
[2024-09-30T00:08:52.861-0500] {logging_mixin.py:190} INFO - [2024-09-30T00:08:52.861-0500] {dag.py:4180} INFO - Setting next_dagrun for dataset_s3_bucket_consumer to None, run_after=None
[2024-09-30T00:08:52.862-0500] {logging_mixin.py:190} INFO - [2024-09-30T00:08:52.861-0500] {dag.py:4180} INFO - Setting next_dagrun for dataset_s3_bucket_producer to None, run_after=None
[2024-09-30T00:08:52.885-0500] {processor.py:208} INFO - Processing /home/joan/Desktop/Proyect-ETL/criminal_minds/criminal_env/lib/python3.12/site-packages/airflow/example_dags/example_dataset_alias.py took 0.089 seconds
