[2024-09-30T00:04:28.606-0500] {processor.py:186} INFO - Started process (PID=2979) to work on /home/joan/Desktop/Proyect-ETL/criminal_minds/criminal_env/lib/python3.12/site-packages/airflow/example_dags/example_dataset_alias_with_no_taskflow.py
[2024-09-30T00:04:28.606-0500] {processor.py:914} INFO - Processing file /home/joan/Desktop/Proyect-ETL/criminal_minds/criminal_env/lib/python3.12/site-packages/airflow/example_dags/example_dataset_alias_with_no_taskflow.py for tasks to queue
[2024-09-30T00:04:28.608-0500] {logging_mixin.py:190} INFO - [2024-09-30T00:04:28.608-0500] {dagbag.py:588} INFO - Filling up the DagBag from /home/joan/Desktop/Proyect-ETL/criminal_minds/criminal_env/lib/python3.12/site-packages/airflow/example_dags/example_dataset_alias_with_no_taskflow.py
[2024-09-30T00:04:28.624-0500] {processor.py:925} INFO - DAG(s) 'dataset_alias_example_alias_consumer_with_no_taskflow', 'dataset_alias_example_alias_producer_with_no_taskflow', 'dataset_s3_bucket_consumer_with_no_taskflow', 'dataset_s3_bucket_producer_with_no_taskflow' retrieved from /home/joan/Desktop/Proyect-ETL/criminal_minds/criminal_env/lib/python3.12/site-packages/airflow/example_dags/example_dataset_alias_with_no_taskflow.py
[2024-09-30T00:04:28.733-0500] {logging_mixin.py:190} INFO - [2024-09-30T00:04:28.732-0500] {override.py:1901} INFO - Created Permission View: can read on DAG:dataset_alias_example_alias_consumer_with_no_taskflow
[2024-09-30T00:04:28.744-0500] {logging_mixin.py:190} INFO - [2024-09-30T00:04:28.744-0500] {override.py:1901} INFO - Created Permission View: can delete on DAG:dataset_alias_example_alias_consumer_with_no_taskflow
[2024-09-30T00:04:28.754-0500] {logging_mixin.py:190} INFO - [2024-09-30T00:04:28.753-0500] {override.py:1901} INFO - Created Permission View: can edit on DAG:dataset_alias_example_alias_consumer_with_no_taskflow
[2024-09-30T00:04:28.768-0500] {logging_mixin.py:190} INFO - [2024-09-30T00:04:28.768-0500] {override.py:1901} INFO - Created Permission View: can read on DAG Run:dataset_alias_example_alias_consumer_with_no_taskflow
[2024-09-30T00:04:28.779-0500] {logging_mixin.py:190} INFO - [2024-09-30T00:04:28.779-0500] {override.py:1901} INFO - Created Permission View: menu access on DAG Run:dataset_alias_example_alias_consumer_with_no_taskflow
[2024-09-30T00:04:28.788-0500] {logging_mixin.py:190} INFO - [2024-09-30T00:04:28.787-0500] {override.py:1901} INFO - Created Permission View: can delete on DAG Run:dataset_alias_example_alias_consumer_with_no_taskflow
[2024-09-30T00:04:28.798-0500] {logging_mixin.py:190} INFO - [2024-09-30T00:04:28.798-0500] {override.py:1901} INFO - Created Permission View: can create on DAG Run:dataset_alias_example_alias_consumer_with_no_taskflow
[2024-09-30T00:04:28.829-0500] {logging_mixin.py:190} INFO - [2024-09-30T00:04:28.828-0500] {override.py:1901} INFO - Created Permission View: can read on DAG:dataset_alias_example_alias_producer_with_no_taskflow
[2024-09-30T00:04:28.839-0500] {logging_mixin.py:190} INFO - [2024-09-30T00:04:28.838-0500] {override.py:1901} INFO - Created Permission View: can delete on DAG:dataset_alias_example_alias_producer_with_no_taskflow
[2024-09-30T00:04:28.848-0500] {logging_mixin.py:190} INFO - [2024-09-30T00:04:28.848-0500] {override.py:1901} INFO - Created Permission View: can edit on DAG:dataset_alias_example_alias_producer_with_no_taskflow
[2024-09-30T00:04:28.863-0500] {logging_mixin.py:190} INFO - [2024-09-30T00:04:28.863-0500] {override.py:1901} INFO - Created Permission View: can read on DAG Run:dataset_alias_example_alias_producer_with_no_taskflow
[2024-09-30T00:04:28.872-0500] {logging_mixin.py:190} INFO - [2024-09-30T00:04:28.871-0500] {override.py:1901} INFO - Created Permission View: menu access on DAG Run:dataset_alias_example_alias_producer_with_no_taskflow
[2024-09-30T00:04:28.890-0500] {logging_mixin.py:190} INFO - [2024-09-30T00:04:28.890-0500] {override.py:1901} INFO - Created Permission View: can delete on DAG Run:dataset_alias_example_alias_producer_with_no_taskflow
[2024-09-30T00:04:28.899-0500] {logging_mixin.py:190} INFO - [2024-09-30T00:04:28.899-0500] {override.py:1901} INFO - Created Permission View: can create on DAG Run:dataset_alias_example_alias_producer_with_no_taskflow
[2024-09-30T00:04:28.918-0500] {logging_mixin.py:190} INFO - [2024-09-30T00:04:28.918-0500] {override.py:1901} INFO - Created Permission View: can read on DAG:dataset_s3_bucket_consumer_with_no_taskflow
[2024-09-30T00:04:28.927-0500] {logging_mixin.py:190} INFO - [2024-09-30T00:04:28.927-0500] {override.py:1901} INFO - Created Permission View: can delete on DAG:dataset_s3_bucket_consumer_with_no_taskflow
[2024-09-30T00:04:28.936-0500] {logging_mixin.py:190} INFO - [2024-09-30T00:04:28.935-0500] {override.py:1901} INFO - Created Permission View: can edit on DAG:dataset_s3_bucket_consumer_with_no_taskflow
[2024-09-30T00:04:28.950-0500] {logging_mixin.py:190} INFO - [2024-09-30T00:04:28.949-0500] {override.py:1901} INFO - Created Permission View: can read on DAG Run:dataset_s3_bucket_consumer_with_no_taskflow
[2024-09-30T00:04:28.958-0500] {logging_mixin.py:190} INFO - [2024-09-30T00:04:28.958-0500] {override.py:1901} INFO - Created Permission View: menu access on DAG Run:dataset_s3_bucket_consumer_with_no_taskflow
[2024-09-30T00:04:28.967-0500] {logging_mixin.py:190} INFO - [2024-09-30T00:04:28.967-0500] {override.py:1901} INFO - Created Permission View: can delete on DAG Run:dataset_s3_bucket_consumer_with_no_taskflow
[2024-09-30T00:04:28.976-0500] {logging_mixin.py:190} INFO - [2024-09-30T00:04:28.975-0500] {override.py:1901} INFO - Created Permission View: can create on DAG Run:dataset_s3_bucket_consumer_with_no_taskflow
[2024-09-30T00:04:28.995-0500] {logging_mixin.py:190} INFO - [2024-09-30T00:04:28.995-0500] {override.py:1901} INFO - Created Permission View: can read on DAG:dataset_s3_bucket_producer_with_no_taskflow
[2024-09-30T00:04:29.004-0500] {logging_mixin.py:190} INFO - [2024-09-30T00:04:29.004-0500] {override.py:1901} INFO - Created Permission View: can delete on DAG:dataset_s3_bucket_producer_with_no_taskflow
[2024-09-30T00:04:29.012-0500] {logging_mixin.py:190} INFO - [2024-09-30T00:04:29.012-0500] {override.py:1901} INFO - Created Permission View: can edit on DAG:dataset_s3_bucket_producer_with_no_taskflow
[2024-09-30T00:04:29.027-0500] {logging_mixin.py:190} INFO - [2024-09-30T00:04:29.027-0500] {override.py:1901} INFO - Created Permission View: can read on DAG Run:dataset_s3_bucket_producer_with_no_taskflow
[2024-09-30T00:04:29.036-0500] {logging_mixin.py:190} INFO - [2024-09-30T00:04:29.036-0500] {override.py:1901} INFO - Created Permission View: menu access on DAG Run:dataset_s3_bucket_producer_with_no_taskflow
[2024-09-30T00:04:29.045-0500] {logging_mixin.py:190} INFO - [2024-09-30T00:04:29.045-0500] {override.py:1901} INFO - Created Permission View: can delete on DAG Run:dataset_s3_bucket_producer_with_no_taskflow
[2024-09-30T00:04:29.054-0500] {logging_mixin.py:190} INFO - [2024-09-30T00:04:29.054-0500] {override.py:1901} INFO - Created Permission View: can create on DAG Run:dataset_s3_bucket_producer_with_no_taskflow
[2024-09-30T00:04:29.054-0500] {logging_mixin.py:190} INFO - [2024-09-30T00:04:29.054-0500] {dag.py:3239} INFO - Sync 4 DAGs
[2024-09-30T00:04:29.064-0500] {logging_mixin.py:190} INFO - [2024-09-30T00:04:29.064-0500] {dag.py:3262} INFO - Creating ORM DAG for dataset_alias_example_alias_producer_with_no_taskflow
[2024-09-30T00:04:29.065-0500] {logging_mixin.py:190} INFO - [2024-09-30T00:04:29.064-0500] {dag.py:3262} INFO - Creating ORM DAG for dataset_alias_example_alias_consumer_with_no_taskflow
[2024-09-30T00:04:29.065-0500] {logging_mixin.py:190} INFO - [2024-09-30T00:04:29.065-0500] {dag.py:3262} INFO - Creating ORM DAG for dataset_s3_bucket_consumer_with_no_taskflow
[2024-09-30T00:04:29.066-0500] {logging_mixin.py:190} INFO - [2024-09-30T00:04:29.066-0500] {dag.py:3262} INFO - Creating ORM DAG for dataset_s3_bucket_producer_with_no_taskflow
[2024-09-30T00:04:29.074-0500] {logging_mixin.py:190} INFO - [2024-09-30T00:04:29.074-0500] {dag.py:4180} INFO - Setting next_dagrun for dataset_alias_example_alias_consumer_with_no_taskflow to None, run_after=None
[2024-09-30T00:04:29.074-0500] {logging_mixin.py:190} INFO - [2024-09-30T00:04:29.074-0500] {dag.py:4180} INFO - Setting next_dagrun for dataset_alias_example_alias_producer_with_no_taskflow to None, run_after=None
[2024-09-30T00:04:29.075-0500] {logging_mixin.py:190} INFO - [2024-09-30T00:04:29.075-0500] {dag.py:4180} INFO - Setting next_dagrun for dataset_s3_bucket_consumer_with_no_taskflow to None, run_after=None
[2024-09-30T00:04:29.075-0500] {logging_mixin.py:190} INFO - [2024-09-30T00:04:29.075-0500] {dag.py:4180} INFO - Setting next_dagrun for dataset_s3_bucket_producer_with_no_taskflow to None, run_after=None
[2024-09-30T00:04:29.101-0500] {processor.py:208} INFO - Processing /home/joan/Desktop/Proyect-ETL/criminal_minds/criminal_env/lib/python3.12/site-packages/airflow/example_dags/example_dataset_alias_with_no_taskflow.py took 0.499 seconds
[2024-09-30T00:05:30.277-0500] {processor.py:186} INFO - Started process (PID=3035) to work on /home/joan/Desktop/Proyect-ETL/criminal_minds/criminal_env/lib/python3.12/site-packages/airflow/example_dags/example_dataset_alias_with_no_taskflow.py
[2024-09-30T00:05:30.278-0500] {processor.py:914} INFO - Processing file /home/joan/Desktop/Proyect-ETL/criminal_minds/criminal_env/lib/python3.12/site-packages/airflow/example_dags/example_dataset_alias_with_no_taskflow.py for tasks to queue
[2024-09-30T00:05:30.280-0500] {logging_mixin.py:190} INFO - [2024-09-30T00:05:30.280-0500] {dagbag.py:588} INFO - Filling up the DagBag from /home/joan/Desktop/Proyect-ETL/criminal_minds/criminal_env/lib/python3.12/site-packages/airflow/example_dags/example_dataset_alias_with_no_taskflow.py
[2024-09-30T00:05:30.301-0500] {processor.py:925} INFO - DAG(s) 'dataset_s3_bucket_producer_with_no_taskflow', 'dataset_alias_example_alias_producer_with_no_taskflow', 'dataset_s3_bucket_consumer_with_no_taskflow', 'dataset_alias_example_alias_consumer_with_no_taskflow' retrieved from /home/joan/Desktop/Proyect-ETL/criminal_minds/criminal_env/lib/python3.12/site-packages/airflow/example_dags/example_dataset_alias_with_no_taskflow.py
[2024-09-30T00:05:30.318-0500] {logging_mixin.py:190} INFO - [2024-09-30T00:05:30.318-0500] {dag.py:3239} INFO - Sync 4 DAGs
[2024-09-30T00:05:30.335-0500] {logging_mixin.py:190} INFO - [2024-09-30T00:05:30.335-0500] {dag.py:4180} INFO - Setting next_dagrun for dataset_alias_example_alias_consumer_with_no_taskflow to None, run_after=None
[2024-09-30T00:05:30.337-0500] {logging_mixin.py:190} INFO - [2024-09-30T00:05:30.336-0500] {dag.py:4180} INFO - Setting next_dagrun for dataset_alias_example_alias_producer_with_no_taskflow to None, run_after=None
[2024-09-30T00:05:30.338-0500] {logging_mixin.py:190} INFO - [2024-09-30T00:05:30.337-0500] {dag.py:4180} INFO - Setting next_dagrun for dataset_s3_bucket_consumer_with_no_taskflow to None, run_after=None
[2024-09-30T00:05:30.338-0500] {logging_mixin.py:190} INFO - [2024-09-30T00:05:30.338-0500] {dag.py:4180} INFO - Setting next_dagrun for dataset_s3_bucket_producer_with_no_taskflow to None, run_after=None
[2024-09-30T00:05:30.364-0500] {processor.py:208} INFO - Processing /home/joan/Desktop/Proyect-ETL/criminal_minds/criminal_env/lib/python3.12/site-packages/airflow/example_dags/example_dataset_alias_with_no_taskflow.py took 0.092 seconds
[2024-09-30T00:06:23.833-0500] {processor.py:186} INFO - Started process (PID=3360) to work on /home/joan/Desktop/Proyect-ETL/criminal_minds/criminal_env/lib/python3.12/site-packages/airflow/example_dags/example_dataset_alias_with_no_taskflow.py
[2024-09-30T00:06:23.835-0500] {processor.py:914} INFO - Processing file /home/joan/Desktop/Proyect-ETL/criminal_minds/criminal_env/lib/python3.12/site-packages/airflow/example_dags/example_dataset_alias_with_no_taskflow.py for tasks to queue
[2024-09-30T00:06:23.837-0500] {logging_mixin.py:190} INFO - [2024-09-30T00:06:23.836-0500] {dagbag.py:588} INFO - Filling up the DagBag from /home/joan/Desktop/Proyect-ETL/criminal_minds/criminal_env/lib/python3.12/site-packages/airflow/example_dags/example_dataset_alias_with_no_taskflow.py
[2024-09-30T00:06:23.856-0500] {processor.py:925} INFO - DAG(s) 'dataset_alias_example_alias_consumer_with_no_taskflow', 'dataset_s3_bucket_producer_with_no_taskflow', 'dataset_s3_bucket_consumer_with_no_taskflow', 'dataset_alias_example_alias_producer_with_no_taskflow' retrieved from /home/joan/Desktop/Proyect-ETL/criminal_minds/criminal_env/lib/python3.12/site-packages/airflow/example_dags/example_dataset_alias_with_no_taskflow.py
[2024-09-30T00:06:23.874-0500] {logging_mixin.py:190} INFO - [2024-09-30T00:06:23.874-0500] {dag.py:3239} INFO - Sync 4 DAGs
[2024-09-30T00:06:23.892-0500] {logging_mixin.py:190} INFO - [2024-09-30T00:06:23.891-0500] {dag.py:4180} INFO - Setting next_dagrun for dataset_alias_example_alias_consumer_with_no_taskflow to None, run_after=None
[2024-09-30T00:06:23.894-0500] {logging_mixin.py:190} INFO - [2024-09-30T00:06:23.893-0500] {dag.py:4180} INFO - Setting next_dagrun for dataset_alias_example_alias_producer_with_no_taskflow to None, run_after=None
[2024-09-30T00:06:23.894-0500] {logging_mixin.py:190} INFO - [2024-09-30T00:06:23.894-0500] {dag.py:4180} INFO - Setting next_dagrun for dataset_s3_bucket_consumer_with_no_taskflow to None, run_after=None
[2024-09-30T00:06:23.895-0500] {logging_mixin.py:190} INFO - [2024-09-30T00:06:23.895-0500] {dag.py:4180} INFO - Setting next_dagrun for dataset_s3_bucket_producer_with_no_taskflow to None, run_after=None
[2024-09-30T00:06:23.919-0500] {processor.py:208} INFO - Processing /home/joan/Desktop/Proyect-ETL/criminal_minds/criminal_env/lib/python3.12/site-packages/airflow/example_dags/example_dataset_alias_with_no_taskflow.py took 0.090 seconds
[2024-09-30T00:07:17.442-0500] {processor.py:186} INFO - Started process (PID=3417) to work on /home/joan/Desktop/Proyect-ETL/criminal_minds/criminal_env/lib/python3.12/site-packages/airflow/example_dags/example_dataset_alias_with_no_taskflow.py
[2024-09-30T00:07:17.444-0500] {processor.py:914} INFO - Processing file /home/joan/Desktop/Proyect-ETL/criminal_minds/criminal_env/lib/python3.12/site-packages/airflow/example_dags/example_dataset_alias_with_no_taskflow.py for tasks to queue
[2024-09-30T00:07:17.447-0500] {logging_mixin.py:190} INFO - [2024-09-30T00:07:17.447-0500] {dagbag.py:588} INFO - Filling up the DagBag from /home/joan/Desktop/Proyect-ETL/criminal_minds/criminal_env/lib/python3.12/site-packages/airflow/example_dags/example_dataset_alias_with_no_taskflow.py
[2024-09-30T00:07:17.477-0500] {processor.py:925} INFO - DAG(s) 'dataset_alias_example_alias_producer_with_no_taskflow', 'dataset_s3_bucket_producer_with_no_taskflow', 'dataset_alias_example_alias_consumer_with_no_taskflow', 'dataset_s3_bucket_consumer_with_no_taskflow' retrieved from /home/joan/Desktop/Proyect-ETL/criminal_minds/criminal_env/lib/python3.12/site-packages/airflow/example_dags/example_dataset_alias_with_no_taskflow.py
[2024-09-30T00:07:17.501-0500] {logging_mixin.py:190} INFO - [2024-09-30T00:07:17.501-0500] {dag.py:3239} INFO - Sync 4 DAGs
[2024-09-30T00:07:17.521-0500] {logging_mixin.py:190} INFO - [2024-09-30T00:07:17.521-0500] {dag.py:4180} INFO - Setting next_dagrun for dataset_alias_example_alias_consumer_with_no_taskflow to None, run_after=None
[2024-09-30T00:07:17.523-0500] {logging_mixin.py:190} INFO - [2024-09-30T00:07:17.523-0500] {dag.py:4180} INFO - Setting next_dagrun for dataset_alias_example_alias_producer_with_no_taskflow to None, run_after=None
[2024-09-30T00:07:17.524-0500] {logging_mixin.py:190} INFO - [2024-09-30T00:07:17.523-0500] {dag.py:4180} INFO - Setting next_dagrun for dataset_s3_bucket_consumer_with_no_taskflow to None, run_after=None
[2024-09-30T00:07:17.524-0500] {logging_mixin.py:190} INFO - [2024-09-30T00:07:17.524-0500] {dag.py:4180} INFO - Setting next_dagrun for dataset_s3_bucket_producer_with_no_taskflow to None, run_after=None
[2024-09-30T00:07:17.550-0500] {processor.py:208} INFO - Processing /home/joan/Desktop/Proyect-ETL/criminal_minds/criminal_env/lib/python3.12/site-packages/airflow/example_dags/example_dataset_alias_with_no_taskflow.py took 0.114 seconds
[2024-09-30T00:08:05.036-0500] {processor.py:186} INFO - Started process (PID=3467) to work on /home/joan/Desktop/Proyect-ETL/criminal_minds/criminal_env/lib/python3.12/site-packages/airflow/example_dags/example_dataset_alias_with_no_taskflow.py
[2024-09-30T00:08:05.048-0500] {processor.py:914} INFO - Processing file /home/joan/Desktop/Proyect-ETL/criminal_minds/criminal_env/lib/python3.12/site-packages/airflow/example_dags/example_dataset_alias_with_no_taskflow.py for tasks to queue
[2024-09-30T00:08:05.050-0500] {logging_mixin.py:190} INFO - [2024-09-30T00:08:05.050-0500] {dagbag.py:588} INFO - Filling up the DagBag from /home/joan/Desktop/Proyect-ETL/criminal_minds/criminal_env/lib/python3.12/site-packages/airflow/example_dags/example_dataset_alias_with_no_taskflow.py
[2024-09-30T00:08:05.071-0500] {processor.py:925} INFO - DAG(s) 'dataset_alias_example_alias_consumer_with_no_taskflow', 'dataset_s3_bucket_producer_with_no_taskflow', 'dataset_s3_bucket_consumer_with_no_taskflow', 'dataset_alias_example_alias_producer_with_no_taskflow' retrieved from /home/joan/Desktop/Proyect-ETL/criminal_minds/criminal_env/lib/python3.12/site-packages/airflow/example_dags/example_dataset_alias_with_no_taskflow.py
[2024-09-30T00:08:05.088-0500] {logging_mixin.py:190} INFO - [2024-09-30T00:08:05.087-0500] {dag.py:3239} INFO - Sync 4 DAGs
[2024-09-30T00:08:05.104-0500] {logging_mixin.py:190} INFO - [2024-09-30T00:08:05.104-0500] {dag.py:4180} INFO - Setting next_dagrun for dataset_alias_example_alias_consumer_with_no_taskflow to None, run_after=None
[2024-09-30T00:08:05.107-0500] {logging_mixin.py:190} INFO - [2024-09-30T00:08:05.107-0500] {dag.py:4180} INFO - Setting next_dagrun for dataset_alias_example_alias_producer_with_no_taskflow to None, run_after=None
[2024-09-30T00:08:05.108-0500] {logging_mixin.py:190} INFO - [2024-09-30T00:08:05.108-0500] {dag.py:4180} INFO - Setting next_dagrun for dataset_s3_bucket_consumer_with_no_taskflow to None, run_after=None
[2024-09-30T00:08:05.109-0500] {logging_mixin.py:190} INFO - [2024-09-30T00:08:05.109-0500] {dag.py:4180} INFO - Setting next_dagrun for dataset_s3_bucket_producer_with_no_taskflow to None, run_after=None
[2024-09-30T00:08:05.133-0500] {processor.py:208} INFO - Processing /home/joan/Desktop/Proyect-ETL/criminal_minds/criminal_env/lib/python3.12/site-packages/airflow/example_dags/example_dataset_alias_with_no_taskflow.py took 0.101 seconds
[2024-09-30T00:08:51.812-0500] {processor.py:186} INFO - Started process (PID=3516) to work on /home/joan/Desktop/Proyect-ETL/criminal_minds/criminal_env/lib/python3.12/site-packages/airflow/example_dags/example_dataset_alias_with_no_taskflow.py
[2024-09-30T00:08:51.823-0500] {processor.py:914} INFO - Processing file /home/joan/Desktop/Proyect-ETL/criminal_minds/criminal_env/lib/python3.12/site-packages/airflow/example_dags/example_dataset_alias_with_no_taskflow.py for tasks to queue
[2024-09-30T00:08:51.825-0500] {logging_mixin.py:190} INFO - [2024-09-30T00:08:51.825-0500] {dagbag.py:588} INFO - Filling up the DagBag from /home/joan/Desktop/Proyect-ETL/criminal_minds/criminal_env/lib/python3.12/site-packages/airflow/example_dags/example_dataset_alias_with_no_taskflow.py
[2024-09-30T00:08:51.846-0500] {processor.py:925} INFO - DAG(s) 'dataset_s3_bucket_consumer_with_no_taskflow', 'dataset_alias_example_alias_producer_with_no_taskflow', 'dataset_s3_bucket_producer_with_no_taskflow', 'dataset_alias_example_alias_consumer_with_no_taskflow' retrieved from /home/joan/Desktop/Proyect-ETL/criminal_minds/criminal_env/lib/python3.12/site-packages/airflow/example_dags/example_dataset_alias_with_no_taskflow.py
[2024-09-30T00:08:51.868-0500] {logging_mixin.py:190} INFO - [2024-09-30T00:08:51.868-0500] {dag.py:3239} INFO - Sync 4 DAGs
[2024-09-30T00:08:51.887-0500] {logging_mixin.py:190} INFO - [2024-09-30T00:08:51.887-0500] {dag.py:4180} INFO - Setting next_dagrun for dataset_alias_example_alias_consumer_with_no_taskflow to None, run_after=None
[2024-09-30T00:08:51.889-0500] {logging_mixin.py:190} INFO - [2024-09-30T00:08:51.889-0500] {dag.py:4180} INFO - Setting next_dagrun for dataset_alias_example_alias_producer_with_no_taskflow to None, run_after=None
[2024-09-30T00:08:51.890-0500] {logging_mixin.py:190} INFO - [2024-09-30T00:08:51.890-0500] {dag.py:4180} INFO - Setting next_dagrun for dataset_s3_bucket_consumer_with_no_taskflow to None, run_after=None
[2024-09-30T00:08:51.890-0500] {logging_mixin.py:190} INFO - [2024-09-30T00:08:51.890-0500] {dag.py:4180} INFO - Setting next_dagrun for dataset_s3_bucket_producer_with_no_taskflow to None, run_after=None
[2024-09-30T00:08:51.915-0500] {processor.py:208} INFO - Processing /home/joan/Desktop/Proyect-ETL/criminal_minds/criminal_env/lib/python3.12/site-packages/airflow/example_dags/example_dataset_alias_with_no_taskflow.py took 0.107 seconds
