[2024-09-30T00:02:49.954-0500] {processor.py:186} INFO - Started process (PID=2791) to work on /home/joan/Desktop/Proyect-ETL/criminal_minds/criminal_env/lib/python3.12/site-packages/airflow/example_dags/example_xcomargs.py
[2024-09-30T00:02:49.955-0500] {processor.py:914} INFO - Processing file /home/joan/Desktop/Proyect-ETL/criminal_minds/criminal_env/lib/python3.12/site-packages/airflow/example_dags/example_xcomargs.py for tasks to queue
[2024-09-30T00:02:49.957-0500] {logging_mixin.py:190} INFO - [2024-09-30T00:02:49.956-0500] {dagbag.py:588} INFO - Filling up the DagBag from /home/joan/Desktop/Proyect-ETL/criminal_minds/criminal_env/lib/python3.12/site-packages/airflow/example_dags/example_xcomargs.py
[2024-09-30T00:02:49.966-0500] {processor.py:925} INFO - DAG(s) 'example_xcom_args_with_operators', 'example_xcom_args' retrieved from /home/joan/Desktop/Proyect-ETL/criminal_minds/criminal_env/lib/python3.12/site-packages/airflow/example_dags/example_xcomargs.py
[2024-09-30T00:02:50.070-0500] {logging_mixin.py:190} INFO - [2024-09-30T00:02:50.069-0500] {override.py:1901} INFO - Created Permission View: can read on DAG:example_xcom_args_with_operators
[2024-09-30T00:02:50.081-0500] {logging_mixin.py:190} INFO - [2024-09-30T00:02:50.081-0500] {override.py:1901} INFO - Created Permission View: can edit on DAG:example_xcom_args_with_operators
[2024-09-30T00:02:50.091-0500] {logging_mixin.py:190} INFO - [2024-09-30T00:02:50.090-0500] {override.py:1901} INFO - Created Permission View: can delete on DAG:example_xcom_args_with_operators
[2024-09-30T00:02:50.105-0500] {logging_mixin.py:190} INFO - [2024-09-30T00:02:50.105-0500] {override.py:1901} INFO - Created Permission View: can read on DAG Run:example_xcom_args_with_operators
[2024-09-30T00:02:50.115-0500] {logging_mixin.py:190} INFO - [2024-09-30T00:02:50.115-0500] {override.py:1901} INFO - Created Permission View: menu access on DAG Run:example_xcom_args_with_operators
[2024-09-30T00:02:50.125-0500] {logging_mixin.py:190} INFO - [2024-09-30T00:02:50.125-0500] {override.py:1901} INFO - Created Permission View: can delete on DAG Run:example_xcom_args_with_operators
[2024-09-30T00:02:50.134-0500] {logging_mixin.py:190} INFO - [2024-09-30T00:02:50.134-0500] {override.py:1901} INFO - Created Permission View: can create on DAG Run:example_xcom_args_with_operators
[2024-09-30T00:02:50.153-0500] {logging_mixin.py:190} INFO - [2024-09-30T00:02:50.153-0500] {override.py:1901} INFO - Created Permission View: can read on DAG:example_xcom_args
[2024-09-30T00:02:50.163-0500] {logging_mixin.py:190} INFO - [2024-09-30T00:02:50.162-0500] {override.py:1901} INFO - Created Permission View: can edit on DAG:example_xcom_args
[2024-09-30T00:02:50.172-0500] {logging_mixin.py:190} INFO - [2024-09-30T00:02:50.171-0500] {override.py:1901} INFO - Created Permission View: can delete on DAG:example_xcom_args
[2024-09-30T00:02:50.186-0500] {logging_mixin.py:190} INFO - [2024-09-30T00:02:50.186-0500] {override.py:1901} INFO - Created Permission View: can read on DAG Run:example_xcom_args
[2024-09-30T00:02:50.195-0500] {logging_mixin.py:190} INFO - [2024-09-30T00:02:50.195-0500] {override.py:1901} INFO - Created Permission View: menu access on DAG Run:example_xcom_args
[2024-09-30T00:02:50.207-0500] {logging_mixin.py:190} INFO - [2024-09-30T00:02:50.206-0500] {override.py:1901} INFO - Created Permission View: can delete on DAG Run:example_xcom_args
[2024-09-30T00:02:50.216-0500] {logging_mixin.py:190} INFO - [2024-09-30T00:02:50.215-0500] {override.py:1901} INFO - Created Permission View: can create on DAG Run:example_xcom_args
[2024-09-30T00:02:50.216-0500] {logging_mixin.py:190} INFO - [2024-09-30T00:02:50.216-0500] {dag.py:3239} INFO - Sync 2 DAGs
[2024-09-30T00:02:50.226-0500] {logging_mixin.py:190} INFO - [2024-09-30T00:02:50.226-0500] {dag.py:3262} INFO - Creating ORM DAG for example_xcom_args_with_operators
[2024-09-30T00:02:50.227-0500] {logging_mixin.py:190} INFO - [2024-09-30T00:02:50.227-0500] {dag.py:3262} INFO - Creating ORM DAG for example_xcom_args
[2024-09-30T00:02:50.227-0500] {logging_mixin.py:190} INFO - [2024-09-30T00:02:50.227-0500] {dag.py:4180} INFO - Setting next_dagrun for example_xcom_args to None, run_after=None
[2024-09-30T00:02:50.228-0500] {logging_mixin.py:190} INFO - [2024-09-30T00:02:50.228-0500] {dag.py:4180} INFO - Setting next_dagrun for example_xcom_args_with_operators to None, run_after=None
[2024-09-30T00:02:50.249-0500] {processor.py:208} INFO - Processing /home/joan/Desktop/Proyect-ETL/criminal_minds/criminal_env/lib/python3.12/site-packages/airflow/example_dags/example_xcomargs.py took 0.299 seconds
[2024-09-30T00:04:08.284-0500] {processor.py:186} INFO - Started process (PID=2959) to work on /home/joan/Desktop/Proyect-ETL/criminal_minds/criminal_env/lib/python3.12/site-packages/airflow/example_dags/example_xcomargs.py
[2024-09-30T00:04:08.286-0500] {processor.py:914} INFO - Processing file /home/joan/Desktop/Proyect-ETL/criminal_minds/criminal_env/lib/python3.12/site-packages/airflow/example_dags/example_xcomargs.py for tasks to queue
[2024-09-30T00:04:08.288-0500] {logging_mixin.py:190} INFO - [2024-09-30T00:04:08.287-0500] {dagbag.py:588} INFO - Filling up the DagBag from /home/joan/Desktop/Proyect-ETL/criminal_minds/criminal_env/lib/python3.12/site-packages/airflow/example_dags/example_xcomargs.py
[2024-09-30T00:04:08.297-0500] {processor.py:925} INFO - DAG(s) 'example_xcom_args', 'example_xcom_args_with_operators' retrieved from /home/joan/Desktop/Proyect-ETL/criminal_minds/criminal_env/lib/python3.12/site-packages/airflow/example_dags/example_xcomargs.py
[2024-09-30T00:04:08.320-0500] {logging_mixin.py:190} INFO - [2024-09-30T00:04:08.320-0500] {dag.py:3239} INFO - Sync 2 DAGs
[2024-09-30T00:04:08.332-0500] {logging_mixin.py:190} INFO - [2024-09-30T00:04:08.332-0500] {dag.py:4180} INFO - Setting next_dagrun for example_xcom_args to None, run_after=None
[2024-09-30T00:04:08.335-0500] {logging_mixin.py:190} INFO - [2024-09-30T00:04:08.335-0500] {dag.py:4180} INFO - Setting next_dagrun for example_xcom_args_with_operators to None, run_after=None
[2024-09-30T00:04:08.354-0500] {processor.py:208} INFO - Processing /home/joan/Desktop/Proyect-ETL/criminal_minds/criminal_env/lib/python3.12/site-packages/airflow/example_dags/example_xcomargs.py took 0.074 seconds
[2024-09-30T00:05:11.587-0500] {processor.py:186} INFO - Started process (PID=3015) to work on /home/joan/Desktop/Proyect-ETL/criminal_minds/criminal_env/lib/python3.12/site-packages/airflow/example_dags/example_xcomargs.py
[2024-09-30T00:05:11.589-0500] {processor.py:914} INFO - Processing file /home/joan/Desktop/Proyect-ETL/criminal_minds/criminal_env/lib/python3.12/site-packages/airflow/example_dags/example_xcomargs.py for tasks to queue
[2024-09-30T00:05:11.590-0500] {logging_mixin.py:190} INFO - [2024-09-30T00:05:11.590-0500] {dagbag.py:588} INFO - Filling up the DagBag from /home/joan/Desktop/Proyect-ETL/criminal_minds/criminal_env/lib/python3.12/site-packages/airflow/example_dags/example_xcomargs.py
[2024-09-30T00:05:11.600-0500] {processor.py:925} INFO - DAG(s) 'example_xcom_args_with_operators', 'example_xcom_args' retrieved from /home/joan/Desktop/Proyect-ETL/criminal_minds/criminal_env/lib/python3.12/site-packages/airflow/example_dags/example_xcomargs.py
[2024-09-30T00:05:11.616-0500] {logging_mixin.py:190} INFO - [2024-09-30T00:05:11.616-0500] {dag.py:3239} INFO - Sync 2 DAGs
[2024-09-30T00:05:11.627-0500] {logging_mixin.py:190} INFO - [2024-09-30T00:05:11.627-0500] {dag.py:4180} INFO - Setting next_dagrun for example_xcom_args to None, run_after=None
[2024-09-30T00:05:11.630-0500] {logging_mixin.py:190} INFO - [2024-09-30T00:05:11.630-0500] {dag.py:4180} INFO - Setting next_dagrun for example_xcom_args_with_operators to None, run_after=None
[2024-09-30T00:05:11.650-0500] {processor.py:208} INFO - Processing /home/joan/Desktop/Proyect-ETL/criminal_minds/criminal_env/lib/python3.12/site-packages/airflow/example_dags/example_xcomargs.py took 0.067 seconds
[2024-09-30T00:06:02.631-0500] {processor.py:186} INFO - Started process (PID=3339) to work on /home/joan/Desktop/Proyect-ETL/criminal_minds/criminal_env/lib/python3.12/site-packages/airflow/example_dags/example_xcomargs.py
[2024-09-30T00:06:02.633-0500] {processor.py:914} INFO - Processing file /home/joan/Desktop/Proyect-ETL/criminal_minds/criminal_env/lib/python3.12/site-packages/airflow/example_dags/example_xcomargs.py for tasks to queue
[2024-09-30T00:06:02.635-0500] {logging_mixin.py:190} INFO - [2024-09-30T00:06:02.635-0500] {dagbag.py:588} INFO - Filling up the DagBag from /home/joan/Desktop/Proyect-ETL/criminal_minds/criminal_env/lib/python3.12/site-packages/airflow/example_dags/example_xcomargs.py
[2024-09-30T00:06:02.644-0500] {processor.py:925} INFO - DAG(s) 'example_xcom_args', 'example_xcom_args_with_operators' retrieved from /home/joan/Desktop/Proyect-ETL/criminal_minds/criminal_env/lib/python3.12/site-packages/airflow/example_dags/example_xcomargs.py
[2024-09-30T00:06:02.661-0500] {logging_mixin.py:190} INFO - [2024-09-30T00:06:02.661-0500] {dag.py:3239} INFO - Sync 2 DAGs
[2024-09-30T00:06:02.672-0500] {logging_mixin.py:190} INFO - [2024-09-30T00:06:02.672-0500] {dag.py:4180} INFO - Setting next_dagrun for example_xcom_args to None, run_after=None
[2024-09-30T00:06:02.675-0500] {logging_mixin.py:190} INFO - [2024-09-30T00:06:02.675-0500] {dag.py:4180} INFO - Setting next_dagrun for example_xcom_args_with_operators to None, run_after=None
[2024-09-30T00:06:02.695-0500] {processor.py:208} INFO - Processing /home/joan/Desktop/Proyect-ETL/criminal_minds/criminal_env/lib/python3.12/site-packages/airflow/example_dags/example_xcomargs.py took 0.069 seconds
[2024-09-30T00:06:48.894-0500] {processor.py:186} INFO - Started process (PID=3386) to work on /home/joan/Desktop/Proyect-ETL/criminal_minds/criminal_env/lib/python3.12/site-packages/airflow/example_dags/example_xcomargs.py
[2024-09-30T00:06:48.905-0500] {processor.py:914} INFO - Processing file /home/joan/Desktop/Proyect-ETL/criminal_minds/criminal_env/lib/python3.12/site-packages/airflow/example_dags/example_xcomargs.py for tasks to queue
[2024-09-30T00:06:48.907-0500] {logging_mixin.py:190} INFO - [2024-09-30T00:06:48.907-0500] {dagbag.py:588} INFO - Filling up the DagBag from /home/joan/Desktop/Proyect-ETL/criminal_minds/criminal_env/lib/python3.12/site-packages/airflow/example_dags/example_xcomargs.py
[2024-09-30T00:06:48.916-0500] {processor.py:925} INFO - DAG(s) 'example_xcom_args_with_operators', 'example_xcom_args' retrieved from /home/joan/Desktop/Proyect-ETL/criminal_minds/criminal_env/lib/python3.12/site-packages/airflow/example_dags/example_xcomargs.py
[2024-09-30T00:06:48.933-0500] {logging_mixin.py:190} INFO - [2024-09-30T00:06:48.932-0500] {dag.py:3239} INFO - Sync 2 DAGs
[2024-09-30T00:06:48.944-0500] {logging_mixin.py:190} INFO - [2024-09-30T00:06:48.944-0500] {dag.py:4180} INFO - Setting next_dagrun for example_xcom_args to None, run_after=None
[2024-09-30T00:06:48.947-0500] {logging_mixin.py:190} INFO - [2024-09-30T00:06:48.947-0500] {dag.py:4180} INFO - Setting next_dagrun for example_xcom_args_with_operators to None, run_after=None
[2024-09-30T00:06:48.976-0500] {processor.py:208} INFO - Processing /home/joan/Desktop/Proyect-ETL/criminal_minds/criminal_env/lib/python3.12/site-packages/airflow/example_dags/example_xcomargs.py took 0.087 seconds
[2024-09-30T00:07:37.088-0500] {processor.py:186} INFO - Started process (PID=3438) to work on /home/joan/Desktop/Proyect-ETL/criminal_minds/criminal_env/lib/python3.12/site-packages/airflow/example_dags/example_xcomargs.py
[2024-09-30T00:07:37.100-0500] {processor.py:914} INFO - Processing file /home/joan/Desktop/Proyect-ETL/criminal_minds/criminal_env/lib/python3.12/site-packages/airflow/example_dags/example_xcomargs.py for tasks to queue
[2024-09-30T00:07:37.102-0500] {logging_mixin.py:190} INFO - [2024-09-30T00:07:37.102-0500] {dagbag.py:588} INFO - Filling up the DagBag from /home/joan/Desktop/Proyect-ETL/criminal_minds/criminal_env/lib/python3.12/site-packages/airflow/example_dags/example_xcomargs.py
[2024-09-30T00:07:37.112-0500] {processor.py:925} INFO - DAG(s) 'example_xcom_args', 'example_xcom_args_with_operators' retrieved from /home/joan/Desktop/Proyect-ETL/criminal_minds/criminal_env/lib/python3.12/site-packages/airflow/example_dags/example_xcomargs.py
[2024-09-30T00:07:37.130-0500] {logging_mixin.py:190} INFO - [2024-09-30T00:07:37.130-0500] {dag.py:3239} INFO - Sync 2 DAGs
[2024-09-30T00:07:37.142-0500] {logging_mixin.py:190} INFO - [2024-09-30T00:07:37.142-0500] {dag.py:4180} INFO - Setting next_dagrun for example_xcom_args to None, run_after=None
[2024-09-30T00:07:37.145-0500] {logging_mixin.py:190} INFO - [2024-09-30T00:07:37.145-0500] {dag.py:4180} INFO - Setting next_dagrun for example_xcom_args_with_operators to None, run_after=None
[2024-09-30T00:07:37.171-0500] {processor.py:208} INFO - Processing /home/joan/Desktop/Proyect-ETL/criminal_minds/criminal_env/lib/python3.12/site-packages/airflow/example_dags/example_xcomargs.py took 0.088 seconds
[2024-09-30T00:08:23.347-0500] {processor.py:186} INFO - Started process (PID=3487) to work on /home/joan/Desktop/Proyect-ETL/criminal_minds/criminal_env/lib/python3.12/site-packages/airflow/example_dags/example_xcomargs.py
[2024-09-30T00:08:23.355-0500] {processor.py:914} INFO - Processing file /home/joan/Desktop/Proyect-ETL/criminal_minds/criminal_env/lib/python3.12/site-packages/airflow/example_dags/example_xcomargs.py for tasks to queue
[2024-09-30T00:08:23.357-0500] {logging_mixin.py:190} INFO - [2024-09-30T00:08:23.357-0500] {dagbag.py:588} INFO - Filling up the DagBag from /home/joan/Desktop/Proyect-ETL/criminal_minds/criminal_env/lib/python3.12/site-packages/airflow/example_dags/example_xcomargs.py
[2024-09-30T00:08:23.366-0500] {processor.py:925} INFO - DAG(s) 'example_xcom_args', 'example_xcom_args_with_operators' retrieved from /home/joan/Desktop/Proyect-ETL/criminal_minds/criminal_env/lib/python3.12/site-packages/airflow/example_dags/example_xcomargs.py
[2024-09-30T00:08:23.382-0500] {logging_mixin.py:190} INFO - [2024-09-30T00:08:23.382-0500] {dag.py:3239} INFO - Sync 2 DAGs
[2024-09-30T00:08:23.392-0500] {logging_mixin.py:190} INFO - [2024-09-30T00:08:23.392-0500] {dag.py:4180} INFO - Setting next_dagrun for example_xcom_args to None, run_after=None
[2024-09-30T00:08:23.395-0500] {logging_mixin.py:190} INFO - [2024-09-30T00:08:23.395-0500] {dag.py:4180} INFO - Setting next_dagrun for example_xcom_args_with_operators to None, run_after=None
[2024-09-30T00:08:23.416-0500] {processor.py:208} INFO - Processing /home/joan/Desktop/Proyect-ETL/criminal_minds/criminal_env/lib/python3.12/site-packages/airflow/example_dags/example_xcomargs.py took 0.074 seconds
