[2024-09-30T00:04:53.726-0500] {processor.py:186} INFO - Started process (PID=2999) to work on /home/joan/Desktop/Proyect-ETL/criminal_minds/criminal_env/lib/python3.12/site-packages/airflow/example_dags/example_branch_python_dop_operator_3.py
[2024-09-30T00:04:53.726-0500] {processor.py:914} INFO - Processing file /home/joan/Desktop/Proyect-ETL/criminal_minds/criminal_env/lib/python3.12/site-packages/airflow/example_dags/example_branch_python_dop_operator_3.py for tasks to queue
[2024-09-30T00:04:53.728-0500] {logging_mixin.py:190} INFO - [2024-09-30T00:04:53.728-0500] {dagbag.py:588} INFO - Filling up the DagBag from /home/joan/Desktop/Proyect-ETL/criminal_minds/criminal_env/lib/python3.12/site-packages/airflow/example_dags/example_branch_python_dop_operator_3.py
[2024-09-30T00:04:53.737-0500] {processor.py:925} INFO - DAG(s) 'example_branch_dop_operator_v3' retrieved from /home/joan/Desktop/Proyect-ETL/criminal_minds/criminal_env/lib/python3.12/site-packages/airflow/example_dags/example_branch_python_dop_operator_3.py
[2024-09-30T00:04:53.864-0500] {logging_mixin.py:190} INFO - [2024-09-30T00:04:53.863-0500] {override.py:1901} INFO - Created Permission View: can read on DAG:example_branch_dop_operator_v3
[2024-09-30T00:04:53.876-0500] {logging_mixin.py:190} INFO - [2024-09-30T00:04:53.876-0500] {override.py:1901} INFO - Created Permission View: can delete on DAG:example_branch_dop_operator_v3
[2024-09-30T00:04:53.885-0500] {logging_mixin.py:190} INFO - [2024-09-30T00:04:53.885-0500] {override.py:1901} INFO - Created Permission View: can edit on DAG:example_branch_dop_operator_v3
[2024-09-30T00:04:53.904-0500] {logging_mixin.py:190} INFO - [2024-09-30T00:04:53.904-0500] {override.py:1901} INFO - Created Permission View: can read on DAG Run:example_branch_dop_operator_v3
[2024-09-30T00:04:53.913-0500] {logging_mixin.py:190} INFO - [2024-09-30T00:04:53.913-0500] {override.py:1901} INFO - Created Permission View: menu access on DAG Run:example_branch_dop_operator_v3
[2024-09-30T00:04:53.922-0500] {logging_mixin.py:190} INFO - [2024-09-30T00:04:53.922-0500] {override.py:1901} INFO - Created Permission View: can delete on DAG Run:example_branch_dop_operator_v3
[2024-09-30T00:04:53.931-0500] {logging_mixin.py:190} INFO - [2024-09-30T00:04:53.931-0500] {override.py:1901} INFO - Created Permission View: can create on DAG Run:example_branch_dop_operator_v3
[2024-09-30T00:04:53.932-0500] {logging_mixin.py:190} INFO - [2024-09-30T00:04:53.931-0500] {dag.py:3239} INFO - Sync 1 DAGs
[2024-09-30T00:04:53.943-0500] {logging_mixin.py:190} INFO - [2024-09-30T00:04:53.943-0500] {dag.py:3262} INFO - Creating ORM DAG for example_branch_dop_operator_v3
[2024-09-30T00:04:53.953-0500] {logging_mixin.py:190} INFO - [2024-09-30T00:04:53.953-0500] {dag.py:4180} INFO - Setting next_dagrun for example_branch_dop_operator_v3 to 2024-09-30 05:03:00+00:00, run_after=2024-09-30 05:04:00+00:00
[2024-09-30T00:04:53.974-0500] {processor.py:208} INFO - Processing /home/joan/Desktop/Proyect-ETL/criminal_minds/criminal_env/lib/python3.12/site-packages/airflow/example_dags/example_branch_python_dop_operator_3.py took 0.253 seconds
[2024-09-30T00:05:49.948-0500] {processor.py:186} INFO - Started process (PID=3056) to work on /home/joan/Desktop/Proyect-ETL/criminal_minds/criminal_env/lib/python3.12/site-packages/airflow/example_dags/example_branch_python_dop_operator_3.py
[2024-09-30T00:05:49.959-0500] {processor.py:914} INFO - Processing file /home/joan/Desktop/Proyect-ETL/criminal_minds/criminal_env/lib/python3.12/site-packages/airflow/example_dags/example_branch_python_dop_operator_3.py for tasks to queue
[2024-09-30T00:05:49.961-0500] {logging_mixin.py:190} INFO - [2024-09-30T00:05:49.961-0500] {dagbag.py:588} INFO - Filling up the DagBag from /home/joan/Desktop/Proyect-ETL/criminal_minds/criminal_env/lib/python3.12/site-packages/airflow/example_dags/example_branch_python_dop_operator_3.py
[2024-09-30T00:05:49.970-0500] {processor.py:925} INFO - DAG(s) 'example_branch_dop_operator_v3' retrieved from /home/joan/Desktop/Proyect-ETL/criminal_minds/criminal_env/lib/python3.12/site-packages/airflow/example_dags/example_branch_python_dop_operator_3.py
[2024-09-30T00:05:49.984-0500] {logging_mixin.py:190} INFO - [2024-09-30T00:05:49.984-0500] {dag.py:3239} INFO - Sync 1 DAGs
[2024-09-30T00:05:50.003-0500] {logging_mixin.py:190} INFO - [2024-09-30T00:05:50.003-0500] {dag.py:4180} INFO - Setting next_dagrun for example_branch_dop_operator_v3 to 2024-09-30 05:04:00+00:00, run_after=2024-09-30 05:05:00+00:00
[2024-09-30T00:05:50.026-0500] {processor.py:208} INFO - Processing /home/joan/Desktop/Proyect-ETL/criminal_minds/criminal_env/lib/python3.12/site-packages/airflow/example_dags/example_branch_python_dop_operator_3.py took 0.082 seconds
[2024-09-30T00:06:58.302-0500] {processor.py:186} INFO - Started process (PID=3397) to work on /home/joan/Desktop/Proyect-ETL/criminal_minds/criminal_env/lib/python3.12/site-packages/airflow/example_dags/example_branch_python_dop_operator_3.py
[2024-09-30T00:06:58.313-0500] {processor.py:914} INFO - Processing file /home/joan/Desktop/Proyect-ETL/criminal_minds/criminal_env/lib/python3.12/site-packages/airflow/example_dags/example_branch_python_dop_operator_3.py for tasks to queue
[2024-09-30T00:06:58.315-0500] {logging_mixin.py:190} INFO - [2024-09-30T00:06:58.315-0500] {dagbag.py:588} INFO - Filling up the DagBag from /home/joan/Desktop/Proyect-ETL/criminal_minds/criminal_env/lib/python3.12/site-packages/airflow/example_dags/example_branch_python_dop_operator_3.py
[2024-09-30T00:06:58.324-0500] {processor.py:925} INFO - DAG(s) 'example_branch_dop_operator_v3' retrieved from /home/joan/Desktop/Proyect-ETL/criminal_minds/criminal_env/lib/python3.12/site-packages/airflow/example_dags/example_branch_python_dop_operator_3.py
[2024-09-30T00:06:58.339-0500] {logging_mixin.py:190} INFO - [2024-09-30T00:06:58.338-0500] {dag.py:3239} INFO - Sync 1 DAGs
[2024-09-30T00:06:58.358-0500] {logging_mixin.py:190} INFO - [2024-09-30T00:06:58.358-0500] {dag.py:4180} INFO - Setting next_dagrun for example_branch_dop_operator_v3 to 2024-09-30 05:05:00+00:00, run_after=2024-09-30 05:06:00+00:00
[2024-09-30T00:06:58.399-0500] {processor.py:208} INFO - Processing /home/joan/Desktop/Proyect-ETL/criminal_minds/criminal_env/lib/python3.12/site-packages/airflow/example_dags/example_branch_python_dop_operator_3.py took 0.101 seconds
[2024-09-30T00:07:53.096-0500] {processor.py:186} INFO - Started process (PID=3454) to work on /home/joan/Desktop/Proyect-ETL/criminal_minds/criminal_env/lib/python3.12/site-packages/airflow/example_dags/example_branch_python_dop_operator_3.py
[2024-09-30T00:07:53.107-0500] {processor.py:914} INFO - Processing file /home/joan/Desktop/Proyect-ETL/criminal_minds/criminal_env/lib/python3.12/site-packages/airflow/example_dags/example_branch_python_dop_operator_3.py for tasks to queue
[2024-09-30T00:07:53.109-0500] {logging_mixin.py:190} INFO - [2024-09-30T00:07:53.108-0500] {dagbag.py:588} INFO - Filling up the DagBag from /home/joan/Desktop/Proyect-ETL/criminal_minds/criminal_env/lib/python3.12/site-packages/airflow/example_dags/example_branch_python_dop_operator_3.py
[2024-09-30T00:07:53.118-0500] {processor.py:925} INFO - DAG(s) 'example_branch_dop_operator_v3' retrieved from /home/joan/Desktop/Proyect-ETL/criminal_minds/criminal_env/lib/python3.12/site-packages/airflow/example_dags/example_branch_python_dop_operator_3.py
[2024-09-30T00:07:53.133-0500] {logging_mixin.py:190} INFO - [2024-09-30T00:07:53.133-0500] {dag.py:3239} INFO - Sync 1 DAGs
[2024-09-30T00:07:53.154-0500] {logging_mixin.py:190} INFO - [2024-09-30T00:07:53.153-0500] {dag.py:4180} INFO - Setting next_dagrun for example_branch_dop_operator_v3 to 2024-09-30 05:06:00+00:00, run_after=2024-09-30 05:07:00+00:00
[2024-09-30T00:07:53.176-0500] {processor.py:208} INFO - Processing /home/joan/Desktop/Proyect-ETL/criminal_minds/criminal_env/lib/python3.12/site-packages/airflow/example_dags/example_branch_python_dop_operator_3.py took 0.085 seconds
[2024-09-30T00:09:01.818-0500] {processor.py:186} INFO - Started process (PID=3528) to work on /home/joan/Desktop/Proyect-ETL/criminal_minds/criminal_env/lib/python3.12/site-packages/airflow/example_dags/example_branch_python_dop_operator_3.py
[2024-09-30T00:09:01.828-0500] {processor.py:914} INFO - Processing file /home/joan/Desktop/Proyect-ETL/criminal_minds/criminal_env/lib/python3.12/site-packages/airflow/example_dags/example_branch_python_dop_operator_3.py for tasks to queue
[2024-09-30T00:09:01.830-0500] {logging_mixin.py:190} INFO - [2024-09-30T00:09:01.830-0500] {dagbag.py:588} INFO - Filling up the DagBag from /home/joan/Desktop/Proyect-ETL/criminal_minds/criminal_env/lib/python3.12/site-packages/airflow/example_dags/example_branch_python_dop_operator_3.py
[2024-09-30T00:09:01.839-0500] {processor.py:925} INFO - DAG(s) 'example_branch_dop_operator_v3' retrieved from /home/joan/Desktop/Proyect-ETL/criminal_minds/criminal_env/lib/python3.12/site-packages/airflow/example_dags/example_branch_python_dop_operator_3.py
[2024-09-30T00:09:01.854-0500] {logging_mixin.py:190} INFO - [2024-09-30T00:09:01.854-0500] {dag.py:3239} INFO - Sync 1 DAGs
[2024-09-30T00:09:01.873-0500] {logging_mixin.py:190} INFO - [2024-09-30T00:09:01.873-0500] {dag.py:4180} INFO - Setting next_dagrun for example_branch_dop_operator_v3 to 2024-09-30 05:08:00+00:00, run_after=2024-09-30 05:09:00+00:00
[2024-09-30T00:09:01.898-0500] {processor.py:208} INFO - Processing /home/joan/Desktop/Proyect-ETL/criminal_minds/criminal_env/lib/python3.12/site-packages/airflow/example_dags/example_branch_python_dop_operator_3.py took 0.084 seconds
