[2024-09-30T00:04:49.580-0500] {processor.py:186} INFO - Started process (PID=2996) to work on /home/joan/Desktop/Proyect-ETL/criminal_minds/criminal_env/lib/python3.12/site-packages/airflow/example_dags/example_bash_operator.py
[2024-09-30T00:04:49.580-0500] {processor.py:914} INFO - Processing file /home/joan/Desktop/Proyect-ETL/criminal_minds/criminal_env/lib/python3.12/site-packages/airflow/example_dags/example_bash_operator.py for tasks to queue
[2024-09-30T00:04:49.582-0500] {logging_mixin.py:190} INFO - [2024-09-30T00:04:49.582-0500] {dagbag.py:588} INFO - Filling up the DagBag from /home/joan/Desktop/Proyect-ETL/criminal_minds/criminal_env/lib/python3.12/site-packages/airflow/example_dags/example_bash_operator.py
[2024-09-30T00:04:49.594-0500] {processor.py:925} INFO - DAG(s) 'example_bash_operator' retrieved from /home/joan/Desktop/Proyect-ETL/criminal_minds/criminal_env/lib/python3.12/site-packages/airflow/example_dags/example_bash_operator.py
[2024-09-30T00:04:49.712-0500] {logging_mixin.py:190} INFO - [2024-09-30T00:04:49.711-0500] {override.py:1901} INFO - Created Permission View: can read on DAG:example_bash_operator
[2024-09-30T00:04:49.724-0500] {logging_mixin.py:190} INFO - [2024-09-30T00:04:49.724-0500] {override.py:1901} INFO - Created Permission View: can delete on DAG:example_bash_operator
[2024-09-30T00:04:49.734-0500] {logging_mixin.py:190} INFO - [2024-09-30T00:04:49.734-0500] {override.py:1901} INFO - Created Permission View: can edit on DAG:example_bash_operator
[2024-09-30T00:04:49.748-0500] {logging_mixin.py:190} INFO - [2024-09-30T00:04:49.748-0500] {override.py:1901} INFO - Created Permission View: can read on DAG Run:example_bash_operator
[2024-09-30T00:04:49.757-0500] {logging_mixin.py:190} INFO - [2024-09-30T00:04:49.757-0500] {override.py:1901} INFO - Created Permission View: menu access on DAG Run:example_bash_operator
[2024-09-30T00:04:49.766-0500] {logging_mixin.py:190} INFO - [2024-09-30T00:04:49.766-0500] {override.py:1901} INFO - Created Permission View: can delete on DAG Run:example_bash_operator
[2024-09-30T00:04:49.775-0500] {logging_mixin.py:190} INFO - [2024-09-30T00:04:49.775-0500] {override.py:1901} INFO - Created Permission View: can create on DAG Run:example_bash_operator
[2024-09-30T00:04:49.775-0500] {logging_mixin.py:190} INFO - [2024-09-30T00:04:49.775-0500] {dag.py:3239} INFO - Sync 1 DAGs
[2024-09-30T00:04:49.787-0500] {logging_mixin.py:190} INFO - [2024-09-30T00:04:49.786-0500] {dag.py:3262} INFO - Creating ORM DAG for example_bash_operator
[2024-09-30T00:04:49.795-0500] {logging_mixin.py:190} INFO - [2024-09-30T00:04:49.795-0500] {dag.py:4180} INFO - Setting next_dagrun for example_bash_operator to 2024-09-29 00:00:00+00:00, run_after=2024-09-30 00:00:00+00:00
[2024-09-30T00:04:49.815-0500] {processor.py:208} INFO - Processing /home/joan/Desktop/Proyect-ETL/criminal_minds/criminal_env/lib/python3.12/site-packages/airflow/example_dags/example_bash_operator.py took 0.240 seconds
[2024-09-30T00:05:47.140-0500] {processor.py:186} INFO - Started process (PID=3053) to work on /home/joan/Desktop/Proyect-ETL/criminal_minds/criminal_env/lib/python3.12/site-packages/airflow/example_dags/example_bash_operator.py
[2024-09-30T00:05:47.151-0500] {processor.py:914} INFO - Processing file /home/joan/Desktop/Proyect-ETL/criminal_minds/criminal_env/lib/python3.12/site-packages/airflow/example_dags/example_bash_operator.py for tasks to queue
[2024-09-30T00:05:47.153-0500] {logging_mixin.py:190} INFO - [2024-09-30T00:05:47.153-0500] {dagbag.py:588} INFO - Filling up the DagBag from /home/joan/Desktop/Proyect-ETL/criminal_minds/criminal_env/lib/python3.12/site-packages/airflow/example_dags/example_bash_operator.py
[2024-09-30T00:05:47.165-0500] {processor.py:925} INFO - DAG(s) 'example_bash_operator' retrieved from /home/joan/Desktop/Proyect-ETL/criminal_minds/criminal_env/lib/python3.12/site-packages/airflow/example_dags/example_bash_operator.py
[2024-09-30T00:05:47.186-0500] {logging_mixin.py:190} INFO - [2024-09-30T00:05:47.186-0500] {dag.py:3239} INFO - Sync 1 DAGs
[2024-09-30T00:05:47.204-0500] {logging_mixin.py:190} INFO - [2024-09-30T00:05:47.204-0500] {dag.py:4180} INFO - Setting next_dagrun for example_bash_operator to 2024-09-29 00:00:00+00:00, run_after=2024-09-30 00:00:00+00:00
[2024-09-30T00:05:47.227-0500] {processor.py:208} INFO - Processing /home/joan/Desktop/Proyect-ETL/criminal_minds/criminal_env/lib/python3.12/site-packages/airflow/example_dags/example_bash_operator.py took 0.092 seconds
[2024-09-30T00:06:39.886-0500] {processor.py:186} INFO - Started process (PID=3377) to work on /home/joan/Desktop/Proyect-ETL/criminal_minds/criminal_env/lib/python3.12/site-packages/airflow/example_dags/example_bash_operator.py
[2024-09-30T00:06:39.898-0500] {processor.py:914} INFO - Processing file /home/joan/Desktop/Proyect-ETL/criminal_minds/criminal_env/lib/python3.12/site-packages/airflow/example_dags/example_bash_operator.py for tasks to queue
[2024-09-30T00:06:39.900-0500] {logging_mixin.py:190} INFO - [2024-09-30T00:06:39.899-0500] {dagbag.py:588} INFO - Filling up the DagBag from /home/joan/Desktop/Proyect-ETL/criminal_minds/criminal_env/lib/python3.12/site-packages/airflow/example_dags/example_bash_operator.py
[2024-09-30T00:06:39.911-0500] {processor.py:925} INFO - DAG(s) 'example_bash_operator' retrieved from /home/joan/Desktop/Proyect-ETL/criminal_minds/criminal_env/lib/python3.12/site-packages/airflow/example_dags/example_bash_operator.py
[2024-09-30T00:06:39.932-0500] {logging_mixin.py:190} INFO - [2024-09-30T00:06:39.932-0500] {dag.py:3239} INFO - Sync 1 DAGs
[2024-09-30T00:06:39.951-0500] {logging_mixin.py:190} INFO - [2024-09-30T00:06:39.951-0500] {dag.py:4180} INFO - Setting next_dagrun for example_bash_operator to 2024-09-29 00:00:00+00:00, run_after=2024-09-30 00:00:00+00:00
[2024-09-30T00:06:39.983-0500] {processor.py:208} INFO - Processing /home/joan/Desktop/Proyect-ETL/criminal_minds/criminal_env/lib/python3.12/site-packages/airflow/example_dags/example_bash_operator.py took 0.102 seconds
[2024-09-30T00:07:49.541-0500] {processor.py:186} INFO - Started process (PID=3451) to work on /home/joan/Desktop/Proyect-ETL/criminal_minds/criminal_env/lib/python3.12/site-packages/airflow/example_dags/example_bash_operator.py
[2024-09-30T00:07:49.543-0500] {processor.py:914} INFO - Processing file /home/joan/Desktop/Proyect-ETL/criminal_minds/criminal_env/lib/python3.12/site-packages/airflow/example_dags/example_bash_operator.py for tasks to queue
[2024-09-30T00:07:49.545-0500] {logging_mixin.py:190} INFO - [2024-09-30T00:07:49.545-0500] {dagbag.py:588} INFO - Filling up the DagBag from /home/joan/Desktop/Proyect-ETL/criminal_minds/criminal_env/lib/python3.12/site-packages/airflow/example_dags/example_bash_operator.py
[2024-09-30T00:07:49.557-0500] {processor.py:925} INFO - DAG(s) 'example_bash_operator' retrieved from /home/joan/Desktop/Proyect-ETL/criminal_minds/criminal_env/lib/python3.12/site-packages/airflow/example_dags/example_bash_operator.py
[2024-09-30T00:07:49.577-0500] {logging_mixin.py:190} INFO - [2024-09-30T00:07:49.577-0500] {dag.py:3239} INFO - Sync 1 DAGs
[2024-09-30T00:07:49.599-0500] {logging_mixin.py:190} INFO - [2024-09-30T00:07:49.598-0500] {dag.py:4180} INFO - Setting next_dagrun for example_bash_operator to 2024-09-29 00:00:00+00:00, run_after=2024-09-30 00:00:00+00:00
[2024-09-30T00:07:49.624-0500] {processor.py:208} INFO - Processing /home/joan/Desktop/Proyect-ETL/criminal_minds/criminal_env/lib/python3.12/site-packages/airflow/example_dags/example_bash_operator.py took 0.087 seconds
[2024-09-30T00:08:58.986-0500] {processor.py:186} INFO - Started process (PID=3525) to work on /home/joan/Desktop/Proyect-ETL/criminal_minds/criminal_env/lib/python3.12/site-packages/airflow/example_dags/example_bash_operator.py
[2024-09-30T00:08:58.994-0500] {processor.py:914} INFO - Processing file /home/joan/Desktop/Proyect-ETL/criminal_minds/criminal_env/lib/python3.12/site-packages/airflow/example_dags/example_bash_operator.py for tasks to queue
[2024-09-30T00:08:58.996-0500] {logging_mixin.py:190} INFO - [2024-09-30T00:08:58.996-0500] {dagbag.py:588} INFO - Filling up the DagBag from /home/joan/Desktop/Proyect-ETL/criminal_minds/criminal_env/lib/python3.12/site-packages/airflow/example_dags/example_bash_operator.py
[2024-09-30T00:08:59.011-0500] {processor.py:925} INFO - DAG(s) 'example_bash_operator' retrieved from /home/joan/Desktop/Proyect-ETL/criminal_minds/criminal_env/lib/python3.12/site-packages/airflow/example_dags/example_bash_operator.py
[2024-09-30T00:08:59.036-0500] {logging_mixin.py:190} INFO - [2024-09-30T00:08:59.036-0500] {dag.py:3239} INFO - Sync 1 DAGs
[2024-09-30T00:08:59.056-0500] {logging_mixin.py:190} INFO - [2024-09-30T00:08:59.056-0500] {dag.py:4180} INFO - Setting next_dagrun for example_bash_operator to 2024-09-29 00:00:00+00:00, run_after=2024-09-30 00:00:00+00:00
[2024-09-30T00:08:59.079-0500] {processor.py:208} INFO - Processing /home/joan/Desktop/Proyect-ETL/criminal_minds/criminal_env/lib/python3.12/site-packages/airflow/example_dags/example_bash_operator.py took 0.098 seconds
