[2024-09-30T00:04:43.518-0500] {processor.py:186} INFO - Started process (PID=2990) to work on /home/joan/Desktop/Proyect-ETL/criminal_minds/criminal_env/lib/python3.12/site-packages/airflow/example_dags/example_latest_only.py
[2024-09-30T00:04:43.519-0500] {processor.py:914} INFO - Processing file /home/joan/Desktop/Proyect-ETL/criminal_minds/criminal_env/lib/python3.12/site-packages/airflow/example_dags/example_latest_only.py for tasks to queue
[2024-09-30T00:04:43.521-0500] {logging_mixin.py:190} INFO - [2024-09-30T00:04:43.521-0500] {dagbag.py:588} INFO - Filling up the DagBag from /home/joan/Desktop/Proyect-ETL/criminal_minds/criminal_env/lib/python3.12/site-packages/airflow/example_dags/example_latest_only.py
[2024-09-30T00:04:43.527-0500] {processor.py:925} INFO - DAG(s) 'latest_only' retrieved from /home/joan/Desktop/Proyect-ETL/criminal_minds/criminal_env/lib/python3.12/site-packages/airflow/example_dags/example_latest_only.py
[2024-09-30T00:04:43.630-0500] {logging_mixin.py:190} INFO - [2024-09-30T00:04:43.629-0500] {override.py:1901} INFO - Created Permission View: can read on DAG:latest_only
[2024-09-30T00:04:43.643-0500] {logging_mixin.py:190} INFO - [2024-09-30T00:04:43.643-0500] {override.py:1901} INFO - Created Permission View: can delete on DAG:latest_only
[2024-09-30T00:04:43.652-0500] {logging_mixin.py:190} INFO - [2024-09-30T00:04:43.652-0500] {override.py:1901} INFO - Created Permission View: can edit on DAG:latest_only
[2024-09-30T00:04:43.667-0500] {logging_mixin.py:190} INFO - [2024-09-30T00:04:43.667-0500] {override.py:1901} INFO - Created Permission View: can read on DAG Run:latest_only
[2024-09-30T00:04:43.680-0500] {logging_mixin.py:190} INFO - [2024-09-30T00:04:43.680-0500] {override.py:1901} INFO - Created Permission View: menu access on DAG Run:latest_only
[2024-09-30T00:04:43.689-0500] {logging_mixin.py:190} INFO - [2024-09-30T00:04:43.689-0500] {override.py:1901} INFO - Created Permission View: can delete on DAG Run:latest_only
[2024-09-30T00:04:43.698-0500] {logging_mixin.py:190} INFO - [2024-09-30T00:04:43.698-0500] {override.py:1901} INFO - Created Permission View: can create on DAG Run:latest_only
[2024-09-30T00:04:43.698-0500] {logging_mixin.py:190} INFO - [2024-09-30T00:04:43.698-0500] {dag.py:3239} INFO - Sync 1 DAGs
[2024-09-30T00:04:43.711-0500] {logging_mixin.py:190} INFO - [2024-09-30T00:04:43.710-0500] {dag.py:3262} INFO - Creating ORM DAG for latest_only
[2024-09-30T00:04:43.718-0500] {logging_mixin.py:190} INFO - [2024-09-30T00:04:43.718-0500] {dag.py:4180} INFO - Setting next_dagrun for latest_only to 2024-09-30 00:00:00+00:00, run_after=2024-09-30 04:00:00+00:00
[2024-09-30T00:04:43.738-0500] {processor.py:208} INFO - Processing /home/joan/Desktop/Proyect-ETL/criminal_minds/criminal_env/lib/python3.12/site-packages/airflow/example_dags/example_latest_only.py took 0.224 seconds
[2024-09-30T00:05:42.749-0500] {processor.py:186} INFO - Started process (PID=3047) to work on /home/joan/Desktop/Proyect-ETL/criminal_minds/criminal_env/lib/python3.12/site-packages/airflow/example_dags/example_latest_only.py
[2024-09-30T00:05:42.750-0500] {processor.py:914} INFO - Processing file /home/joan/Desktop/Proyect-ETL/criminal_minds/criminal_env/lib/python3.12/site-packages/airflow/example_dags/example_latest_only.py for tasks to queue
[2024-09-30T00:05:42.752-0500] {logging_mixin.py:190} INFO - [2024-09-30T00:05:42.752-0500] {dagbag.py:588} INFO - Filling up the DagBag from /home/joan/Desktop/Proyect-ETL/criminal_minds/criminal_env/lib/python3.12/site-packages/airflow/example_dags/example_latest_only.py
[2024-09-30T00:05:42.759-0500] {processor.py:925} INFO - DAG(s) 'latest_only' retrieved from /home/joan/Desktop/Proyect-ETL/criminal_minds/criminal_env/lib/python3.12/site-packages/airflow/example_dags/example_latest_only.py
[2024-09-30T00:05:42.775-0500] {logging_mixin.py:190} INFO - [2024-09-30T00:05:42.775-0500] {dag.py:3239} INFO - Sync 1 DAGs
[2024-09-30T00:05:42.796-0500] {logging_mixin.py:190} INFO - [2024-09-30T00:05:42.795-0500] {dag.py:4180} INFO - Setting next_dagrun for latest_only to 2024-09-30 00:00:00+00:00, run_after=2024-09-30 04:00:00+00:00
[2024-09-30T00:05:42.820-0500] {processor.py:208} INFO - Processing /home/joan/Desktop/Proyect-ETL/criminal_minds/criminal_env/lib/python3.12/site-packages/airflow/example_dags/example_latest_only.py took 0.075 seconds
[2024-09-30T00:06:34.130-0500] {processor.py:186} INFO - Started process (PID=3371) to work on /home/joan/Desktop/Proyect-ETL/criminal_minds/criminal_env/lib/python3.12/site-packages/airflow/example_dags/example_latest_only.py
[2024-09-30T00:06:34.131-0500] {processor.py:914} INFO - Processing file /home/joan/Desktop/Proyect-ETL/criminal_minds/criminal_env/lib/python3.12/site-packages/airflow/example_dags/example_latest_only.py for tasks to queue
[2024-09-30T00:06:34.133-0500] {logging_mixin.py:190} INFO - [2024-09-30T00:06:34.133-0500] {dagbag.py:588} INFO - Filling up the DagBag from /home/joan/Desktop/Proyect-ETL/criminal_minds/criminal_env/lib/python3.12/site-packages/airflow/example_dags/example_latest_only.py
[2024-09-30T00:06:34.140-0500] {processor.py:925} INFO - DAG(s) 'latest_only' retrieved from /home/joan/Desktop/Proyect-ETL/criminal_minds/criminal_env/lib/python3.12/site-packages/airflow/example_dags/example_latest_only.py
[2024-09-30T00:06:34.153-0500] {logging_mixin.py:190} INFO - [2024-09-30T00:06:34.153-0500] {dag.py:3239} INFO - Sync 1 DAGs
[2024-09-30T00:06:34.170-0500] {logging_mixin.py:190} INFO - [2024-09-30T00:06:34.170-0500] {dag.py:4180} INFO - Setting next_dagrun for latest_only to 2024-09-30 00:00:00+00:00, run_after=2024-09-30 04:00:00+00:00
[2024-09-30T00:06:34.191-0500] {processor.py:208} INFO - Processing /home/joan/Desktop/Proyect-ETL/criminal_minds/criminal_env/lib/python3.12/site-packages/airflow/example_dags/example_latest_only.py took 0.065 seconds
[2024-09-30T00:07:26.939-0500] {processor.py:186} INFO - Started process (PID=3428) to work on /home/joan/Desktop/Proyect-ETL/criminal_minds/criminal_env/lib/python3.12/site-packages/airflow/example_dags/example_latest_only.py
[2024-09-30T00:07:26.944-0500] {processor.py:914} INFO - Processing file /home/joan/Desktop/Proyect-ETL/criminal_minds/criminal_env/lib/python3.12/site-packages/airflow/example_dags/example_latest_only.py for tasks to queue
[2024-09-30T00:07:26.946-0500] {logging_mixin.py:190} INFO - [2024-09-30T00:07:26.945-0500] {dagbag.py:588} INFO - Filling up the DagBag from /home/joan/Desktop/Proyect-ETL/criminal_minds/criminal_env/lib/python3.12/site-packages/airflow/example_dags/example_latest_only.py
[2024-09-30T00:07:26.952-0500] {processor.py:925} INFO - DAG(s) 'latest_only' retrieved from /home/joan/Desktop/Proyect-ETL/criminal_minds/criminal_env/lib/python3.12/site-packages/airflow/example_dags/example_latest_only.py
[2024-09-30T00:07:26.965-0500] {logging_mixin.py:190} INFO - [2024-09-30T00:07:26.965-0500] {dag.py:3239} INFO - Sync 1 DAGs
[2024-09-30T00:07:26.983-0500] {logging_mixin.py:190} INFO - [2024-09-30T00:07:26.983-0500] {dag.py:4180} INFO - Setting next_dagrun for latest_only to 2024-09-30 00:00:00+00:00, run_after=2024-09-30 04:00:00+00:00
[2024-09-30T00:07:27.005-0500] {processor.py:208} INFO - Processing /home/joan/Desktop/Proyect-ETL/criminal_minds/criminal_env/lib/python3.12/site-packages/airflow/example_dags/example_latest_only.py took 0.070 seconds
[2024-09-30T00:08:36.847-0500] {processor.py:186} INFO - Started process (PID=3502) to work on /home/joan/Desktop/Proyect-ETL/criminal_minds/criminal_env/lib/python3.12/site-packages/airflow/example_dags/example_latest_only.py
[2024-09-30T00:08:36.848-0500] {processor.py:914} INFO - Processing file /home/joan/Desktop/Proyect-ETL/criminal_minds/criminal_env/lib/python3.12/site-packages/airflow/example_dags/example_latest_only.py for tasks to queue
[2024-09-30T00:08:36.850-0500] {logging_mixin.py:190} INFO - [2024-09-30T00:08:36.850-0500] {dagbag.py:588} INFO - Filling up the DagBag from /home/joan/Desktop/Proyect-ETL/criminal_minds/criminal_env/lib/python3.12/site-packages/airflow/example_dags/example_latest_only.py
[2024-09-30T00:08:36.857-0500] {processor.py:925} INFO - DAG(s) 'latest_only' retrieved from /home/joan/Desktop/Proyect-ETL/criminal_minds/criminal_env/lib/python3.12/site-packages/airflow/example_dags/example_latest_only.py
[2024-09-30T00:08:36.871-0500] {logging_mixin.py:190} INFO - [2024-09-30T00:08:36.871-0500] {dag.py:3239} INFO - Sync 1 DAGs
[2024-09-30T00:08:36.890-0500] {logging_mixin.py:190} INFO - [2024-09-30T00:08:36.890-0500] {dag.py:4180} INFO - Setting next_dagrun for latest_only to 2024-09-30 00:00:00+00:00, run_after=2024-09-30 04:00:00+00:00
[2024-09-30T00:08:36.911-0500] {processor.py:208} INFO - Processing /home/joan/Desktop/Proyect-ETL/criminal_minds/criminal_env/lib/python3.12/site-packages/airflow/example_dags/example_latest_only.py took 0.069 seconds
