[2024-09-30T00:04:35.520-0500] {processor.py:186} INFO - Started process (PID=2984) to work on /home/joan/Desktop/Proyect-ETL/criminal_minds/criminal_env/lib/python3.12/site-packages/airflow/example_dags/example_params_trigger_ui.py
[2024-09-30T00:04:35.521-0500] {processor.py:914} INFO - Processing file /home/joan/Desktop/Proyect-ETL/criminal_minds/criminal_env/lib/python3.12/site-packages/airflow/example_dags/example_params_trigger_ui.py for tasks to queue
[2024-09-30T00:04:35.522-0500] {logging_mixin.py:190} INFO - [2024-09-30T00:04:35.522-0500] {dagbag.py:588} INFO - Filling up the DagBag from /home/joan/Desktop/Proyect-ETL/criminal_minds/criminal_env/lib/python3.12/site-packages/airflow/example_dags/example_params_trigger_ui.py
[2024-09-30T00:04:35.532-0500] {processor.py:925} INFO - DAG(s) 'example_params_trigger_ui' retrieved from /home/joan/Desktop/Proyect-ETL/criminal_minds/criminal_env/lib/python3.12/site-packages/airflow/example_dags/example_params_trigger_ui.py
[2024-09-30T00:04:35.670-0500] {logging_mixin.py:190} INFO - [2024-09-30T00:04:35.669-0500] {override.py:1901} INFO - Created Permission View: can read on DAG:example_params_trigger_ui
[2024-09-30T00:04:35.682-0500] {logging_mixin.py:190} INFO - [2024-09-30T00:04:35.682-0500] {override.py:1901} INFO - Created Permission View: can delete on DAG:example_params_trigger_ui
[2024-09-30T00:04:35.691-0500] {logging_mixin.py:190} INFO - [2024-09-30T00:04:35.691-0500] {override.py:1901} INFO - Created Permission View: can edit on DAG:example_params_trigger_ui
[2024-09-30T00:04:35.705-0500] {logging_mixin.py:190} INFO - [2024-09-30T00:04:35.705-0500] {override.py:1901} INFO - Created Permission View: can read on DAG Run:example_params_trigger_ui
[2024-09-30T00:04:35.714-0500] {logging_mixin.py:190} INFO - [2024-09-30T00:04:35.714-0500] {override.py:1901} INFO - Created Permission View: menu access on DAG Run:example_params_trigger_ui
[2024-09-30T00:04:35.723-0500] {logging_mixin.py:190} INFO - [2024-09-30T00:04:35.723-0500] {override.py:1901} INFO - Created Permission View: can delete on DAG Run:example_params_trigger_ui
[2024-09-30T00:04:35.732-0500] {logging_mixin.py:190} INFO - [2024-09-30T00:04:35.732-0500] {override.py:1901} INFO - Created Permission View: can create on DAG Run:example_params_trigger_ui
[2024-09-30T00:04:35.733-0500] {logging_mixin.py:190} INFO - [2024-09-30T00:04:35.733-0500] {dag.py:3239} INFO - Sync 1 DAGs
[2024-09-30T00:04:35.744-0500] {logging_mixin.py:190} INFO - [2024-09-30T00:04:35.744-0500] {dag.py:3262} INFO - Creating ORM DAG for example_params_trigger_ui
[2024-09-30T00:04:35.745-0500] {logging_mixin.py:190} INFO - [2024-09-30T00:04:35.745-0500] {dag.py:4180} INFO - Setting next_dagrun for example_params_trigger_ui to None, run_after=None
[2024-09-30T00:04:35.765-0500] {processor.py:208} INFO - Processing /home/joan/Desktop/Proyect-ETL/criminal_minds/criminal_env/lib/python3.12/site-packages/airflow/example_dags/example_params_trigger_ui.py took 0.250 seconds
[2024-09-30T00:05:36.575-0500] {processor.py:186} INFO - Started process (PID=3041) to work on /home/joan/Desktop/Proyect-ETL/criminal_minds/criminal_env/lib/python3.12/site-packages/airflow/example_dags/example_params_trigger_ui.py
[2024-09-30T00:05:36.576-0500] {processor.py:914} INFO - Processing file /home/joan/Desktop/Proyect-ETL/criminal_minds/criminal_env/lib/python3.12/site-packages/airflow/example_dags/example_params_trigger_ui.py for tasks to queue
[2024-09-30T00:05:36.578-0500] {logging_mixin.py:190} INFO - [2024-09-30T00:05:36.578-0500] {dagbag.py:588} INFO - Filling up the DagBag from /home/joan/Desktop/Proyect-ETL/criminal_minds/criminal_env/lib/python3.12/site-packages/airflow/example_dags/example_params_trigger_ui.py
[2024-09-30T00:05:36.588-0500] {processor.py:925} INFO - DAG(s) 'example_params_trigger_ui' retrieved from /home/joan/Desktop/Proyect-ETL/criminal_minds/criminal_env/lib/python3.12/site-packages/airflow/example_dags/example_params_trigger_ui.py
[2024-09-30T00:05:36.622-0500] {logging_mixin.py:190} INFO - [2024-09-30T00:05:36.622-0500] {dag.py:3239} INFO - Sync 1 DAGs
[2024-09-30T00:05:36.633-0500] {logging_mixin.py:190} INFO - [2024-09-30T00:05:36.633-0500] {dag.py:4180} INFO - Setting next_dagrun for example_params_trigger_ui to None, run_after=None
[2024-09-30T00:05:36.656-0500] {processor.py:208} INFO - Processing /home/joan/Desktop/Proyect-ETL/criminal_minds/criminal_env/lib/python3.12/site-packages/airflow/example_dags/example_params_trigger_ui.py took 0.086 seconds
[2024-09-30T00:06:27.456-0500] {processor.py:186} INFO - Started process (PID=3365) to work on /home/joan/Desktop/Proyect-ETL/criminal_minds/criminal_env/lib/python3.12/site-packages/airflow/example_dags/example_params_trigger_ui.py
[2024-09-30T00:06:27.458-0500] {processor.py:914} INFO - Processing file /home/joan/Desktop/Proyect-ETL/criminal_minds/criminal_env/lib/python3.12/site-packages/airflow/example_dags/example_params_trigger_ui.py for tasks to queue
[2024-09-30T00:06:27.460-0500] {logging_mixin.py:190} INFO - [2024-09-30T00:06:27.459-0500] {dagbag.py:588} INFO - Filling up the DagBag from /home/joan/Desktop/Proyect-ETL/criminal_minds/criminal_env/lib/python3.12/site-packages/airflow/example_dags/example_params_trigger_ui.py
[2024-09-30T00:06:27.469-0500] {processor.py:925} INFO - DAG(s) 'example_params_trigger_ui' retrieved from /home/joan/Desktop/Proyect-ETL/criminal_minds/criminal_env/lib/python3.12/site-packages/airflow/example_dags/example_params_trigger_ui.py
[2024-09-30T00:06:27.503-0500] {logging_mixin.py:190} INFO - [2024-09-30T00:06:27.503-0500] {dag.py:3239} INFO - Sync 1 DAGs
[2024-09-30T00:06:27.514-0500] {logging_mixin.py:190} INFO - [2024-09-30T00:06:27.514-0500] {dag.py:4180} INFO - Setting next_dagrun for example_params_trigger_ui to None, run_after=None
[2024-09-30T00:06:27.536-0500] {processor.py:208} INFO - Processing /home/joan/Desktop/Proyect-ETL/criminal_minds/criminal_env/lib/python3.12/site-packages/airflow/example_dags/example_params_trigger_ui.py took 0.084 seconds
[2024-09-30T00:07:22.112-0500] {processor.py:186} INFO - Started process (PID=3422) to work on /home/joan/Desktop/Proyect-ETL/criminal_minds/criminal_env/lib/python3.12/site-packages/airflow/example_dags/example_params_trigger_ui.py
[2024-09-30T00:07:22.114-0500] {processor.py:914} INFO - Processing file /home/joan/Desktop/Proyect-ETL/criminal_minds/criminal_env/lib/python3.12/site-packages/airflow/example_dags/example_params_trigger_ui.py for tasks to queue
[2024-09-30T00:07:22.116-0500] {logging_mixin.py:190} INFO - [2024-09-30T00:07:22.115-0500] {dagbag.py:588} INFO - Filling up the DagBag from /home/joan/Desktop/Proyect-ETL/criminal_minds/criminal_env/lib/python3.12/site-packages/airflow/example_dags/example_params_trigger_ui.py
[2024-09-30T00:07:22.127-0500] {processor.py:925} INFO - DAG(s) 'example_params_trigger_ui' retrieved from /home/joan/Desktop/Proyect-ETL/criminal_minds/criminal_env/lib/python3.12/site-packages/airflow/example_dags/example_params_trigger_ui.py
[2024-09-30T00:07:22.181-0500] {logging_mixin.py:190} INFO - [2024-09-30T00:07:22.180-0500] {dag.py:3239} INFO - Sync 1 DAGs
[2024-09-30T00:07:22.207-0500] {logging_mixin.py:190} INFO - [2024-09-30T00:07:22.207-0500] {dag.py:4180} INFO - Setting next_dagrun for example_params_trigger_ui to None, run_after=None
[2024-09-30T00:07:22.244-0500] {processor.py:208} INFO - Processing /home/joan/Desktop/Proyect-ETL/criminal_minds/criminal_env/lib/python3.12/site-packages/airflow/example_dags/example_params_trigger_ui.py took 0.138 seconds
[2024-09-30T00:08:10.301-0500] {processor.py:186} INFO - Started process (PID=3472) to work on /home/joan/Desktop/Proyect-ETL/criminal_minds/criminal_env/lib/python3.12/site-packages/airflow/example_dags/example_params_trigger_ui.py
[2024-09-30T00:08:10.302-0500] {processor.py:914} INFO - Processing file /home/joan/Desktop/Proyect-ETL/criminal_minds/criminal_env/lib/python3.12/site-packages/airflow/example_dags/example_params_trigger_ui.py for tasks to queue
[2024-09-30T00:08:10.304-0500] {logging_mixin.py:190} INFO - [2024-09-30T00:08:10.304-0500] {dagbag.py:588} INFO - Filling up the DagBag from /home/joan/Desktop/Proyect-ETL/criminal_minds/criminal_env/lib/python3.12/site-packages/airflow/example_dags/example_params_trigger_ui.py
[2024-09-30T00:08:10.314-0500] {processor.py:925} INFO - DAG(s) 'example_params_trigger_ui' retrieved from /home/joan/Desktop/Proyect-ETL/criminal_minds/criminal_env/lib/python3.12/site-packages/airflow/example_dags/example_params_trigger_ui.py
[2024-09-30T00:08:10.348-0500] {logging_mixin.py:190} INFO - [2024-09-30T00:08:10.347-0500] {dag.py:3239} INFO - Sync 1 DAGs
[2024-09-30T00:08:10.358-0500] {logging_mixin.py:190} INFO - [2024-09-30T00:08:10.358-0500] {dag.py:4180} INFO - Setting next_dagrun for example_params_trigger_ui to None, run_after=None
[2024-09-30T00:08:10.381-0500] {processor.py:208} INFO - Processing /home/joan/Desktop/Proyect-ETL/criminal_minds/criminal_env/lib/python3.12/site-packages/airflow/example_dags/example_params_trigger_ui.py took 0.085 seconds
[2024-09-30T00:08:55.654-0500] {processor.py:186} INFO - Started process (PID=3521) to work on /home/joan/Desktop/Proyect-ETL/criminal_minds/criminal_env/lib/python3.12/site-packages/airflow/example_dags/example_params_trigger_ui.py
[2024-09-30T00:08:55.655-0500] {processor.py:914} INFO - Processing file /home/joan/Desktop/Proyect-ETL/criminal_minds/criminal_env/lib/python3.12/site-packages/airflow/example_dags/example_params_trigger_ui.py for tasks to queue
[2024-09-30T00:08:55.657-0500] {logging_mixin.py:190} INFO - [2024-09-30T00:08:55.657-0500] {dagbag.py:588} INFO - Filling up the DagBag from /home/joan/Desktop/Proyect-ETL/criminal_minds/criminal_env/lib/python3.12/site-packages/airflow/example_dags/example_params_trigger_ui.py
[2024-09-30T00:08:55.667-0500] {processor.py:925} INFO - DAG(s) 'example_params_trigger_ui' retrieved from /home/joan/Desktop/Proyect-ETL/criminal_minds/criminal_env/lib/python3.12/site-packages/airflow/example_dags/example_params_trigger_ui.py
[2024-09-30T00:08:55.701-0500] {logging_mixin.py:190} INFO - [2024-09-30T00:08:55.701-0500] {dag.py:3239} INFO - Sync 1 DAGs
[2024-09-30T00:08:55.713-0500] {logging_mixin.py:190} INFO - [2024-09-30T00:08:55.713-0500] {dag.py:4180} INFO - Setting next_dagrun for example_params_trigger_ui to None, run_after=None
[2024-09-30T00:08:55.735-0500] {processor.py:208} INFO - Processing /home/joan/Desktop/Proyect-ETL/criminal_minds/criminal_env/lib/python3.12/site-packages/airflow/example_dags/example_params_trigger_ui.py took 0.086 seconds
