[2024-09-30T00:02:41.461-0500] {processor.py:186} INFO - Started process (PID=2780) to work on /home/joan/Desktop/Proyect-ETL/criminal_minds/criminal_env/lib/python3.12/site-packages/airflow/example_dags/example_xcom.py
[2024-09-30T00:02:41.462-0500] {processor.py:914} INFO - Processing file /home/joan/Desktop/Proyect-ETL/criminal_minds/criminal_env/lib/python3.12/site-packages/airflow/example_dags/example_xcom.py for tasks to queue
[2024-09-30T00:02:41.464-0500] {logging_mixin.py:190} INFO - [2024-09-30T00:02:41.463-0500] {dagbag.py:588} INFO - Filling up the DagBag from /home/joan/Desktop/Proyect-ETL/criminal_minds/criminal_env/lib/python3.12/site-packages/airflow/example_dags/example_xcom.py
[2024-09-30T00:02:41.472-0500] {processor.py:925} INFO - DAG(s) 'example_xcom' retrieved from /home/joan/Desktop/Proyect-ETL/criminal_minds/criminal_env/lib/python3.12/site-packages/airflow/example_dags/example_xcom.py
[2024-09-30T00:02:41.649-0500] {logging_mixin.py:190} INFO - [2024-09-30T00:02:41.649-0500] {override.py:1901} INFO - Created Permission View: can read on DAG:example_xcom
[2024-09-30T00:02:41.674-0500] {logging_mixin.py:190} INFO - [2024-09-30T00:02:41.674-0500] {override.py:1901} INFO - Created Permission View: can edit on DAG:example_xcom
[2024-09-30T00:02:41.692-0500] {logging_mixin.py:190} INFO - [2024-09-30T00:02:41.692-0500] {override.py:1901} INFO - Created Permission View: can delete on DAG:example_xcom
[2024-09-30T00:02:41.708-0500] {logging_mixin.py:190} INFO - [2024-09-30T00:02:41.707-0500] {override.py:1901} INFO - Created Permission View: can read on DAG Run:example_xcom
[2024-09-30T00:02:41.717-0500] {logging_mixin.py:190} INFO - [2024-09-30T00:02:41.716-0500] {override.py:1901} INFO - Created Permission View: menu access on DAG Run:example_xcom
[2024-09-30T00:02:41.736-0500] {logging_mixin.py:190} INFO - [2024-09-30T00:02:41.735-0500] {override.py:1901} INFO - Created Permission View: can delete on DAG Run:example_xcom
[2024-09-30T00:02:41.754-0500] {logging_mixin.py:190} INFO - [2024-09-30T00:02:41.753-0500] {override.py:1901} INFO - Created Permission View: can create on DAG Run:example_xcom
[2024-09-30T00:02:41.754-0500] {logging_mixin.py:190} INFO - [2024-09-30T00:02:41.754-0500] {dag.py:3239} INFO - Sync 1 DAGs
[2024-09-30T00:02:41.765-0500] {logging_mixin.py:190} INFO - [2024-09-30T00:02:41.764-0500] {dag.py:3262} INFO - Creating ORM DAG for example_xcom
[2024-09-30T00:02:41.776-0500] {logging_mixin.py:190} INFO - [2024-09-30T00:02:41.776-0500] {dag.py:4180} INFO - Setting next_dagrun for example_xcom to 2021-01-01 00:00:00+00:00, run_after=2021-01-01 00:00:00+00:00
[2024-09-30T00:02:41.819-0500] {processor.py:208} INFO - Processing /home/joan/Desktop/Proyect-ETL/criminal_minds/criminal_env/lib/python3.12/site-packages/airflow/example_dags/example_xcom.py took 0.363 seconds
[2024-09-30T00:04:00.158-0500] {processor.py:186} INFO - Started process (PID=2948) to work on /home/joan/Desktop/Proyect-ETL/criminal_minds/criminal_env/lib/python3.12/site-packages/airflow/example_dags/example_xcom.py
[2024-09-30T00:04:00.160-0500] {processor.py:914} INFO - Processing file /home/joan/Desktop/Proyect-ETL/criminal_minds/criminal_env/lib/python3.12/site-packages/airflow/example_dags/example_xcom.py for tasks to queue
[2024-09-30T00:04:00.162-0500] {logging_mixin.py:190} INFO - [2024-09-30T00:04:00.162-0500] {dagbag.py:588} INFO - Filling up the DagBag from /home/joan/Desktop/Proyect-ETL/criminal_minds/criminal_env/lib/python3.12/site-packages/airflow/example_dags/example_xcom.py
[2024-09-30T00:04:00.172-0500] {processor.py:925} INFO - DAG(s) 'example_xcom' retrieved from /home/joan/Desktop/Proyect-ETL/criminal_minds/criminal_env/lib/python3.12/site-packages/airflow/example_dags/example_xcom.py
[2024-09-30T00:04:00.199-0500] {logging_mixin.py:190} INFO - [2024-09-30T00:04:00.199-0500] {dag.py:3239} INFO - Sync 1 DAGs
[2024-09-30T00:04:00.219-0500] {logging_mixin.py:190} INFO - [2024-09-30T00:04:00.219-0500] {dag.py:4180} INFO - Setting next_dagrun for example_xcom to 2021-01-01 00:00:00+00:00, run_after=2021-01-01 00:00:00+00:00
[2024-09-30T00:04:00.244-0500] {processor.py:208} INFO - Processing /home/joan/Desktop/Proyect-ETL/criminal_minds/criminal_env/lib/python3.12/site-packages/airflow/example_dags/example_xcom.py took 0.091 seconds
[2024-09-30T00:05:04.039-0500] {processor.py:186} INFO - Started process (PID=3008) to work on /home/joan/Desktop/Proyect-ETL/criminal_minds/criminal_env/lib/python3.12/site-packages/airflow/example_dags/example_xcom.py
[2024-09-30T00:05:04.041-0500] {processor.py:914} INFO - Processing file /home/joan/Desktop/Proyect-ETL/criminal_minds/criminal_env/lib/python3.12/site-packages/airflow/example_dags/example_xcom.py for tasks to queue
[2024-09-30T00:05:04.043-0500] {logging_mixin.py:190} INFO - [2024-09-30T00:05:04.043-0500] {dagbag.py:588} INFO - Filling up the DagBag from /home/joan/Desktop/Proyect-ETL/criminal_minds/criminal_env/lib/python3.12/site-packages/airflow/example_dags/example_xcom.py
[2024-09-30T00:05:04.051-0500] {processor.py:925} INFO - DAG(s) 'example_xcom' retrieved from /home/joan/Desktop/Proyect-ETL/criminal_minds/criminal_env/lib/python3.12/site-packages/airflow/example_dags/example_xcom.py
[2024-09-30T00:05:04.066-0500] {logging_mixin.py:190} INFO - [2024-09-30T00:05:04.066-0500] {dag.py:3239} INFO - Sync 1 DAGs
[2024-09-30T00:05:04.085-0500] {logging_mixin.py:190} INFO - [2024-09-30T00:05:04.085-0500] {dag.py:4180} INFO - Setting next_dagrun for example_xcom to 2021-01-01 00:00:00+00:00, run_after=2021-01-01 00:00:00+00:00
[2024-09-30T00:05:04.106-0500] {processor.py:208} INFO - Processing /home/joan/Desktop/Proyect-ETL/criminal_minds/criminal_env/lib/python3.12/site-packages/airflow/example_dags/example_xcom.py took 0.071 seconds
[2024-09-30T00:05:57.143-0500] {processor.py:186} INFO - Started process (PID=3331) to work on /home/joan/Desktop/Proyect-ETL/criminal_minds/criminal_env/lib/python3.12/site-packages/airflow/example_dags/example_xcom.py
[2024-09-30T00:05:57.155-0500] {processor.py:914} INFO - Processing file /home/joan/Desktop/Proyect-ETL/criminal_minds/criminal_env/lib/python3.12/site-packages/airflow/example_dags/example_xcom.py for tasks to queue
[2024-09-30T00:05:57.157-0500] {logging_mixin.py:190} INFO - [2024-09-30T00:05:57.157-0500] {dagbag.py:588} INFO - Filling up the DagBag from /home/joan/Desktop/Proyect-ETL/criminal_minds/criminal_env/lib/python3.12/site-packages/airflow/example_dags/example_xcom.py
[2024-09-30T00:05:57.165-0500] {processor.py:925} INFO - DAG(s) 'example_xcom' retrieved from /home/joan/Desktop/Proyect-ETL/criminal_minds/criminal_env/lib/python3.12/site-packages/airflow/example_dags/example_xcom.py
[2024-09-30T00:05:57.180-0500] {logging_mixin.py:190} INFO - [2024-09-30T00:05:57.180-0500] {dag.py:3239} INFO - Sync 1 DAGs
[2024-09-30T00:05:57.197-0500] {logging_mixin.py:190} INFO - [2024-09-30T00:05:57.196-0500] {dag.py:4180} INFO - Setting next_dagrun for example_xcom to 2021-01-01 00:00:00+00:00, run_after=2021-01-01 00:00:00+00:00
[2024-09-30T00:05:57.219-0500] {processor.py:208} INFO - Processing /home/joan/Desktop/Proyect-ETL/criminal_minds/criminal_env/lib/python3.12/site-packages/airflow/example_dags/example_xcom.py took 0.081 seconds
[2024-09-30T00:06:42.253-0500] {processor.py:186} INFO - Started process (PID=3379) to work on /home/joan/Desktop/Proyect-ETL/criminal_minds/criminal_env/lib/python3.12/site-packages/airflow/example_dags/example_xcom.py
[2024-09-30T00:06:42.265-0500] {processor.py:914} INFO - Processing file /home/joan/Desktop/Proyect-ETL/criminal_minds/criminal_env/lib/python3.12/site-packages/airflow/example_dags/example_xcom.py for tasks to queue
[2024-09-30T00:06:42.267-0500] {logging_mixin.py:190} INFO - [2024-09-30T00:06:42.266-0500] {dagbag.py:588} INFO - Filling up the DagBag from /home/joan/Desktop/Proyect-ETL/criminal_minds/criminal_env/lib/python3.12/site-packages/airflow/example_dags/example_xcom.py
[2024-09-30T00:06:42.275-0500] {processor.py:925} INFO - DAG(s) 'example_xcom' retrieved from /home/joan/Desktop/Proyect-ETL/criminal_minds/criminal_env/lib/python3.12/site-packages/airflow/example_dags/example_xcom.py
[2024-09-30T00:06:42.290-0500] {logging_mixin.py:190} INFO - [2024-09-30T00:06:42.289-0500] {dag.py:3239} INFO - Sync 1 DAGs
[2024-09-30T00:06:42.306-0500] {logging_mixin.py:190} INFO - [2024-09-30T00:06:42.306-0500] {dag.py:4180} INFO - Setting next_dagrun for example_xcom to 2021-01-01 00:00:00+00:00, run_after=2021-01-01 00:00:00+00:00
[2024-09-30T00:06:42.338-0500] {processor.py:208} INFO - Processing /home/joan/Desktop/Proyect-ETL/criminal_minds/criminal_env/lib/python3.12/site-packages/airflow/example_dags/example_xcom.py took 0.089 seconds
[2024-09-30T00:07:30.500-0500] {processor.py:186} INFO - Started process (PID=3431) to work on /home/joan/Desktop/Proyect-ETL/criminal_minds/criminal_env/lib/python3.12/site-packages/airflow/example_dags/example_xcom.py
[2024-09-30T00:07:30.502-0500] {processor.py:914} INFO - Processing file /home/joan/Desktop/Proyect-ETL/criminal_minds/criminal_env/lib/python3.12/site-packages/airflow/example_dags/example_xcom.py for tasks to queue
[2024-09-30T00:07:30.504-0500] {logging_mixin.py:190} INFO - [2024-09-30T00:07:30.503-0500] {dagbag.py:588} INFO - Filling up the DagBag from /home/joan/Desktop/Proyect-ETL/criminal_minds/criminal_env/lib/python3.12/site-packages/airflow/example_dags/example_xcom.py
[2024-09-30T00:07:30.512-0500] {processor.py:925} INFO - DAG(s) 'example_xcom' retrieved from /home/joan/Desktop/Proyect-ETL/criminal_minds/criminal_env/lib/python3.12/site-packages/airflow/example_dags/example_xcom.py
[2024-09-30T00:07:30.527-0500] {logging_mixin.py:190} INFO - [2024-09-30T00:07:30.527-0500] {dag.py:3239} INFO - Sync 1 DAGs
[2024-09-30T00:07:30.543-0500] {logging_mixin.py:190} INFO - [2024-09-30T00:07:30.543-0500] {dag.py:4180} INFO - Setting next_dagrun for example_xcom to 2021-01-01 00:00:00+00:00, run_after=2021-01-01 00:00:00+00:00
[2024-09-30T00:07:30.564-0500] {processor.py:208} INFO - Processing /home/joan/Desktop/Proyect-ETL/criminal_minds/criminal_env/lib/python3.12/site-packages/airflow/example_dags/example_xcom.py took 0.068 seconds
[2024-09-30T00:08:16.895-0500] {processor.py:186} INFO - Started process (PID=3480) to work on /home/joan/Desktop/Proyect-ETL/criminal_minds/criminal_env/lib/python3.12/site-packages/airflow/example_dags/example_xcom.py
[2024-09-30T00:08:16.897-0500] {processor.py:914} INFO - Processing file /home/joan/Desktop/Proyect-ETL/criminal_minds/criminal_env/lib/python3.12/site-packages/airflow/example_dags/example_xcom.py for tasks to queue
[2024-09-30T00:08:16.899-0500] {logging_mixin.py:190} INFO - [2024-09-30T00:08:16.898-0500] {dagbag.py:588} INFO - Filling up the DagBag from /home/joan/Desktop/Proyect-ETL/criminal_minds/criminal_env/lib/python3.12/site-packages/airflow/example_dags/example_xcom.py
[2024-09-30T00:08:16.910-0500] {processor.py:925} INFO - DAG(s) 'example_xcom' retrieved from /home/joan/Desktop/Proyect-ETL/criminal_minds/criminal_env/lib/python3.12/site-packages/airflow/example_dags/example_xcom.py
[2024-09-30T00:08:16.928-0500] {logging_mixin.py:190} INFO - [2024-09-30T00:08:16.928-0500] {dag.py:3239} INFO - Sync 1 DAGs
[2024-09-30T00:08:16.946-0500] {logging_mixin.py:190} INFO - [2024-09-30T00:08:16.946-0500] {dag.py:4180} INFO - Setting next_dagrun for example_xcom to 2021-01-01 00:00:00+00:00, run_after=2021-01-01 00:00:00+00:00
[2024-09-30T00:08:16.968-0500] {processor.py:208} INFO - Processing /home/joan/Desktop/Proyect-ETL/criminal_minds/criminal_env/lib/python3.12/site-packages/airflow/example_dags/example_xcom.py took 0.077 seconds
[2024-09-30T00:09:04.123-0500] {processor.py:186} INFO - Started process (PID=3530) to work on /home/joan/Desktop/Proyect-ETL/criminal_minds/criminal_env/lib/python3.12/site-packages/airflow/example_dags/example_xcom.py
[2024-09-30T00:09:04.125-0500] {processor.py:914} INFO - Processing file /home/joan/Desktop/Proyect-ETL/criminal_minds/criminal_env/lib/python3.12/site-packages/airflow/example_dags/example_xcom.py for tasks to queue
[2024-09-30T00:09:04.126-0500] {logging_mixin.py:190} INFO - [2024-09-30T00:09:04.126-0500] {dagbag.py:588} INFO - Filling up the DagBag from /home/joan/Desktop/Proyect-ETL/criminal_minds/criminal_env/lib/python3.12/site-packages/airflow/example_dags/example_xcom.py
[2024-09-30T00:09:04.135-0500] {processor.py:925} INFO - DAG(s) 'example_xcom' retrieved from /home/joan/Desktop/Proyect-ETL/criminal_minds/criminal_env/lib/python3.12/site-packages/airflow/example_dags/example_xcom.py
[2024-09-30T00:09:04.150-0500] {logging_mixin.py:190} INFO - [2024-09-30T00:09:04.150-0500] {dag.py:3239} INFO - Sync 1 DAGs
[2024-09-30T00:09:04.167-0500] {logging_mixin.py:190} INFO - [2024-09-30T00:09:04.166-0500] {dag.py:4180} INFO - Setting next_dagrun for example_xcom to 2021-01-01 00:00:00+00:00, run_after=2021-01-01 00:00:00+00:00
[2024-09-30T00:09:04.189-0500] {processor.py:208} INFO - Processing /home/joan/Desktop/Proyect-ETL/criminal_minds/criminal_env/lib/python3.12/site-packages/airflow/example_dags/example_xcom.py took 0.070 seconds
