[2024-09-30T00:04:47.829-0500] {processor.py:186} INFO - Started process (PID=2994) to work on /home/joan/Desktop/Proyect-ETL/criminal_minds/criminal_env/lib/python3.12/site-packages/airflow/example_dags/example_nested_branch_dag.py
[2024-09-30T00:04:47.830-0500] {processor.py:914} INFO - Processing file /home/joan/Desktop/Proyect-ETL/criminal_minds/criminal_env/lib/python3.12/site-packages/airflow/example_dags/example_nested_branch_dag.py for tasks to queue
[2024-09-30T00:04:47.831-0500] {logging_mixin.py:190} INFO - [2024-09-30T00:04:47.831-0500] {dagbag.py:588} INFO - Filling up the DagBag from /home/joan/Desktop/Proyect-ETL/criminal_minds/criminal_env/lib/python3.12/site-packages/airflow/example_dags/example_nested_branch_dag.py
[2024-09-30T00:04:47.842-0500] {processor.py:925} INFO - DAG(s) 'example_nested_branch_dag' retrieved from /home/joan/Desktop/Proyect-ETL/criminal_minds/criminal_env/lib/python3.12/site-packages/airflow/example_dags/example_nested_branch_dag.py
[2024-09-30T00:04:47.947-0500] {logging_mixin.py:190} INFO - [2024-09-30T00:04:47.946-0500] {override.py:1901} INFO - Created Permission View: can read on DAG:example_nested_branch_dag
[2024-09-30T00:04:47.960-0500] {logging_mixin.py:190} INFO - [2024-09-30T00:04:47.960-0500] {override.py:1901} INFO - Created Permission View: can delete on DAG:example_nested_branch_dag
[2024-09-30T00:04:47.969-0500] {logging_mixin.py:190} INFO - [2024-09-30T00:04:47.969-0500] {override.py:1901} INFO - Created Permission View: can edit on DAG:example_nested_branch_dag
[2024-09-30T00:04:47.985-0500] {logging_mixin.py:190} INFO - [2024-09-30T00:04:47.984-0500] {override.py:1901} INFO - Created Permission View: can read on DAG Run:example_nested_branch_dag
[2024-09-30T00:04:47.994-0500] {logging_mixin.py:190} INFO - [2024-09-30T00:04:47.993-0500] {override.py:1901} INFO - Created Permission View: menu access on DAG Run:example_nested_branch_dag
[2024-09-30T00:04:48.003-0500] {logging_mixin.py:190} INFO - [2024-09-30T00:04:48.002-0500] {override.py:1901} INFO - Created Permission View: can delete on DAG Run:example_nested_branch_dag
[2024-09-30T00:04:48.011-0500] {logging_mixin.py:190} INFO - [2024-09-30T00:04:48.011-0500] {override.py:1901} INFO - Created Permission View: can create on DAG Run:example_nested_branch_dag
[2024-09-30T00:04:48.012-0500] {logging_mixin.py:190} INFO - [2024-09-30T00:04:48.012-0500] {dag.py:3239} INFO - Sync 1 DAGs
[2024-09-30T00:04:48.023-0500] {logging_mixin.py:190} INFO - [2024-09-30T00:04:48.023-0500] {dag.py:3262} INFO - Creating ORM DAG for example_nested_branch_dag
[2024-09-30T00:04:48.032-0500] {logging_mixin.py:190} INFO - [2024-09-30T00:04:48.032-0500] {dag.py:4180} INFO - Setting next_dagrun for example_nested_branch_dag to 2024-09-29 00:00:00+00:00, run_after=2024-09-30 00:00:00+00:00
[2024-09-30T00:04:48.053-0500] {processor.py:208} INFO - Processing /home/joan/Desktop/Proyect-ETL/criminal_minds/criminal_env/lib/python3.12/site-packages/airflow/example_dags/example_nested_branch_dag.py took 0.228 seconds
[2024-09-30T00:05:45.599-0500] {processor.py:186} INFO - Started process (PID=3051) to work on /home/joan/Desktop/Proyect-ETL/criminal_minds/criminal_env/lib/python3.12/site-packages/airflow/example_dags/example_nested_branch_dag.py
[2024-09-30T00:05:45.600-0500] {processor.py:914} INFO - Processing file /home/joan/Desktop/Proyect-ETL/criminal_minds/criminal_env/lib/python3.12/site-packages/airflow/example_dags/example_nested_branch_dag.py for tasks to queue
[2024-09-30T00:05:45.602-0500] {logging_mixin.py:190} INFO - [2024-09-30T00:05:45.602-0500] {dagbag.py:588} INFO - Filling up the DagBag from /home/joan/Desktop/Proyect-ETL/criminal_minds/criminal_env/lib/python3.12/site-packages/airflow/example_dags/example_nested_branch_dag.py
[2024-09-30T00:05:45.615-0500] {processor.py:925} INFO - DAG(s) 'example_nested_branch_dag' retrieved from /home/joan/Desktop/Proyect-ETL/criminal_minds/criminal_env/lib/python3.12/site-packages/airflow/example_dags/example_nested_branch_dag.py
[2024-09-30T00:05:45.630-0500] {logging_mixin.py:190} INFO - [2024-09-30T00:05:45.630-0500] {dag.py:3239} INFO - Sync 1 DAGs
[2024-09-30T00:05:45.648-0500] {logging_mixin.py:190} INFO - [2024-09-30T00:05:45.648-0500] {dag.py:4180} INFO - Setting next_dagrun for example_nested_branch_dag to 2024-09-29 00:00:00+00:00, run_after=2024-09-30 00:00:00+00:00
[2024-09-30T00:05:45.670-0500] {processor.py:208} INFO - Processing /home/joan/Desktop/Proyect-ETL/criminal_minds/criminal_env/lib/python3.12/site-packages/airflow/example_dags/example_nested_branch_dag.py took 0.076 seconds
[2024-09-30T00:06:37.596-0500] {processor.py:186} INFO - Started process (PID=3375) to work on /home/joan/Desktop/Proyect-ETL/criminal_minds/criminal_env/lib/python3.12/site-packages/airflow/example_dags/example_nested_branch_dag.py
[2024-09-30T00:06:37.608-0500] {processor.py:914} INFO - Processing file /home/joan/Desktop/Proyect-ETL/criminal_minds/criminal_env/lib/python3.12/site-packages/airflow/example_dags/example_nested_branch_dag.py for tasks to queue
[2024-09-30T00:06:37.610-0500] {logging_mixin.py:190} INFO - [2024-09-30T00:06:37.609-0500] {dagbag.py:588} INFO - Filling up the DagBag from /home/joan/Desktop/Proyect-ETL/criminal_minds/criminal_env/lib/python3.12/site-packages/airflow/example_dags/example_nested_branch_dag.py
[2024-09-30T00:06:37.620-0500] {processor.py:925} INFO - DAG(s) 'example_nested_branch_dag' retrieved from /home/joan/Desktop/Proyect-ETL/criminal_minds/criminal_env/lib/python3.12/site-packages/airflow/example_dags/example_nested_branch_dag.py
[2024-09-30T00:06:37.636-0500] {logging_mixin.py:190} INFO - [2024-09-30T00:06:37.635-0500] {dag.py:3239} INFO - Sync 1 DAGs
[2024-09-30T00:06:37.653-0500] {logging_mixin.py:190} INFO - [2024-09-30T00:06:37.653-0500] {dag.py:4180} INFO - Setting next_dagrun for example_nested_branch_dag to 2024-09-29 00:00:00+00:00, run_after=2024-09-30 00:00:00+00:00
[2024-09-30T00:06:37.677-0500] {processor.py:208} INFO - Processing /home/joan/Desktop/Proyect-ETL/criminal_minds/criminal_env/lib/python3.12/site-packages/airflow/example_dags/example_nested_branch_dag.py took 0.085 seconds
[2024-09-30T00:07:47.231-0500] {processor.py:186} INFO - Started process (PID=3449) to work on /home/joan/Desktop/Proyect-ETL/criminal_minds/criminal_env/lib/python3.12/site-packages/airflow/example_dags/example_nested_branch_dag.py
[2024-09-30T00:07:47.232-0500] {processor.py:914} INFO - Processing file /home/joan/Desktop/Proyect-ETL/criminal_minds/criminal_env/lib/python3.12/site-packages/airflow/example_dags/example_nested_branch_dag.py for tasks to queue
[2024-09-30T00:07:47.234-0500] {logging_mixin.py:190} INFO - [2024-09-30T00:07:47.234-0500] {dagbag.py:588} INFO - Filling up the DagBag from /home/joan/Desktop/Proyect-ETL/criminal_minds/criminal_env/lib/python3.12/site-packages/airflow/example_dags/example_nested_branch_dag.py
[2024-09-30T00:07:47.245-0500] {processor.py:925} INFO - DAG(s) 'example_nested_branch_dag' retrieved from /home/joan/Desktop/Proyect-ETL/criminal_minds/criminal_env/lib/python3.12/site-packages/airflow/example_dags/example_nested_branch_dag.py
[2024-09-30T00:07:47.261-0500] {logging_mixin.py:190} INFO - [2024-09-30T00:07:47.261-0500] {dag.py:3239} INFO - Sync 1 DAGs
[2024-09-30T00:07:47.279-0500] {logging_mixin.py:190} INFO - [2024-09-30T00:07:47.279-0500] {dag.py:4180} INFO - Setting next_dagrun for example_nested_branch_dag to 2024-09-29 00:00:00+00:00, run_after=2024-09-30 00:00:00+00:00
[2024-09-30T00:07:47.300-0500] {processor.py:208} INFO - Processing /home/joan/Desktop/Proyect-ETL/criminal_minds/criminal_env/lib/python3.12/site-packages/airflow/example_dags/example_nested_branch_dag.py took 0.074 seconds
[2024-09-30T00:08:56.675-0500] {processor.py:186} INFO - Started process (PID=3523) to work on /home/joan/Desktop/Proyect-ETL/criminal_minds/criminal_env/lib/python3.12/site-packages/airflow/example_dags/example_nested_branch_dag.py
[2024-09-30T00:08:56.687-0500] {processor.py:914} INFO - Processing file /home/joan/Desktop/Proyect-ETL/criminal_minds/criminal_env/lib/python3.12/site-packages/airflow/example_dags/example_nested_branch_dag.py for tasks to queue
[2024-09-30T00:08:56.689-0500] {logging_mixin.py:190} INFO - [2024-09-30T00:08:56.689-0500] {dagbag.py:588} INFO - Filling up the DagBag from /home/joan/Desktop/Proyect-ETL/criminal_minds/criminal_env/lib/python3.12/site-packages/airflow/example_dags/example_nested_branch_dag.py
[2024-09-30T00:08:56.700-0500] {processor.py:925} INFO - DAG(s) 'example_nested_branch_dag' retrieved from /home/joan/Desktop/Proyect-ETL/criminal_minds/criminal_env/lib/python3.12/site-packages/airflow/example_dags/example_nested_branch_dag.py
[2024-09-30T00:08:56.716-0500] {logging_mixin.py:190} INFO - [2024-09-30T00:08:56.716-0500] {dag.py:3239} INFO - Sync 1 DAGs
[2024-09-30T00:08:56.735-0500] {logging_mixin.py:190} INFO - [2024-09-30T00:08:56.734-0500] {dag.py:4180} INFO - Setting next_dagrun for example_nested_branch_dag to 2024-09-29 00:00:00+00:00, run_after=2024-09-30 00:00:00+00:00
[2024-09-30T00:08:56.757-0500] {processor.py:208} INFO - Processing /home/joan/Desktop/Proyect-ETL/criminal_minds/criminal_env/lib/python3.12/site-packages/airflow/example_dags/example_nested_branch_dag.py took 0.086 seconds
