[2024-09-30T00:04:25.975-0500] {processor.py:186} INFO - Started process (PID=2977) to work on /home/joan/Desktop/Proyect-ETL/criminal_minds/criminal_env/lib/python3.12/site-packages/airflow/example_dags/example_task_group.py
[2024-09-30T00:04:25.975-0500] {processor.py:914} INFO - Processing file /home/joan/Desktop/Proyect-ETL/criminal_minds/criminal_env/lib/python3.12/site-packages/airflow/example_dags/example_task_group.py for tasks to queue
[2024-09-30T00:04:25.977-0500] {logging_mixin.py:190} INFO - [2024-09-30T00:04:25.977-0500] {dagbag.py:588} INFO - Filling up the DagBag from /home/joan/Desktop/Proyect-ETL/criminal_minds/criminal_env/lib/python3.12/site-packages/airflow/example_dags/example_task_group.py
[2024-09-30T00:04:25.986-0500] {processor.py:925} INFO - DAG(s) 'example_task_group' retrieved from /home/joan/Desktop/Proyect-ETL/criminal_minds/criminal_env/lib/python3.12/site-packages/airflow/example_dags/example_task_group.py
[2024-09-30T00:04:26.094-0500] {logging_mixin.py:190} INFO - [2024-09-30T00:04:26.094-0500] {override.py:1901} INFO - Created Permission View: can read on DAG:example_task_group
[2024-09-30T00:04:26.106-0500] {logging_mixin.py:190} INFO - [2024-09-30T00:04:26.106-0500] {override.py:1901} INFO - Created Permission View: can delete on DAG:example_task_group
[2024-09-30T00:04:26.117-0500] {logging_mixin.py:190} INFO - [2024-09-30T00:04:26.116-0500] {override.py:1901} INFO - Created Permission View: can edit on DAG:example_task_group
[2024-09-30T00:04:26.131-0500] {logging_mixin.py:190} INFO - [2024-09-30T00:04:26.131-0500] {override.py:1901} INFO - Created Permission View: can read on DAG Run:example_task_group
[2024-09-30T00:04:26.140-0500] {logging_mixin.py:190} INFO - [2024-09-30T00:04:26.140-0500] {override.py:1901} INFO - Created Permission View: menu access on DAG Run:example_task_group
[2024-09-30T00:04:26.149-0500] {logging_mixin.py:190} INFO - [2024-09-30T00:04:26.149-0500] {override.py:1901} INFO - Created Permission View: can delete on DAG Run:example_task_group
[2024-09-30T00:04:26.158-0500] {logging_mixin.py:190} INFO - [2024-09-30T00:04:26.158-0500] {override.py:1901} INFO - Created Permission View: can create on DAG Run:example_task_group
[2024-09-30T00:04:26.158-0500] {logging_mixin.py:190} INFO - [2024-09-30T00:04:26.158-0500] {dag.py:3239} INFO - Sync 1 DAGs
[2024-09-30T00:04:26.168-0500] {logging_mixin.py:190} INFO - [2024-09-30T00:04:26.168-0500] {dag.py:3262} INFO - Creating ORM DAG for example_task_group
[2024-09-30T00:04:26.169-0500] {logging_mixin.py:190} INFO - [2024-09-30T00:04:26.169-0500] {dag.py:4180} INFO - Setting next_dagrun for example_task_group to None, run_after=None
[2024-09-30T00:04:26.189-0500] {processor.py:208} INFO - Processing /home/joan/Desktop/Proyect-ETL/criminal_minds/criminal_env/lib/python3.12/site-packages/airflow/example_dags/example_task_group.py took 0.218 seconds
[2024-09-30T00:05:28.023-0500] {processor.py:186} INFO - Started process (PID=3033) to work on /home/joan/Desktop/Proyect-ETL/criminal_minds/criminal_env/lib/python3.12/site-packages/airflow/example_dags/example_task_group.py
[2024-09-30T00:05:28.025-0500] {processor.py:914} INFO - Processing file /home/joan/Desktop/Proyect-ETL/criminal_minds/criminal_env/lib/python3.12/site-packages/airflow/example_dags/example_task_group.py for tasks to queue
[2024-09-30T00:05:28.027-0500] {logging_mixin.py:190} INFO - [2024-09-30T00:05:28.026-0500] {dagbag.py:588} INFO - Filling up the DagBag from /home/joan/Desktop/Proyect-ETL/criminal_minds/criminal_env/lib/python3.12/site-packages/airflow/example_dags/example_task_group.py
[2024-09-30T00:05:28.035-0500] {processor.py:925} INFO - DAG(s) 'example_task_group' retrieved from /home/joan/Desktop/Proyect-ETL/criminal_minds/criminal_env/lib/python3.12/site-packages/airflow/example_dags/example_task_group.py
[2024-09-30T00:05:28.050-0500] {logging_mixin.py:190} INFO - [2024-09-30T00:05:28.049-0500] {dag.py:3239} INFO - Sync 1 DAGs
[2024-09-30T00:05:28.060-0500] {logging_mixin.py:190} INFO - [2024-09-30T00:05:28.060-0500] {dag.py:4180} INFO - Setting next_dagrun for example_task_group to None, run_after=None
[2024-09-30T00:05:28.081-0500] {processor.py:208} INFO - Processing /home/joan/Desktop/Proyect-ETL/criminal_minds/criminal_env/lib/python3.12/site-packages/airflow/example_dags/example_task_group.py took 0.063 seconds
[2024-09-30T00:06:21.436-0500] {processor.py:186} INFO - Started process (PID=3358) to work on /home/joan/Desktop/Proyect-ETL/criminal_minds/criminal_env/lib/python3.12/site-packages/airflow/example_dags/example_task_group.py
[2024-09-30T00:06:21.437-0500] {processor.py:914} INFO - Processing file /home/joan/Desktop/Proyect-ETL/criminal_minds/criminal_env/lib/python3.12/site-packages/airflow/example_dags/example_task_group.py for tasks to queue
[2024-09-30T00:06:21.439-0500] {logging_mixin.py:190} INFO - [2024-09-30T00:06:21.439-0500] {dagbag.py:588} INFO - Filling up the DagBag from /home/joan/Desktop/Proyect-ETL/criminal_minds/criminal_env/lib/python3.12/site-packages/airflow/example_dags/example_task_group.py
[2024-09-30T00:06:21.447-0500] {processor.py:925} INFO - DAG(s) 'example_task_group' retrieved from /home/joan/Desktop/Proyect-ETL/criminal_minds/criminal_env/lib/python3.12/site-packages/airflow/example_dags/example_task_group.py
[2024-09-30T00:06:21.463-0500] {logging_mixin.py:190} INFO - [2024-09-30T00:06:21.462-0500] {dag.py:3239} INFO - Sync 1 DAGs
[2024-09-30T00:06:21.474-0500] {logging_mixin.py:190} INFO - [2024-09-30T00:06:21.474-0500] {dag.py:4180} INFO - Setting next_dagrun for example_task_group to None, run_after=None
[2024-09-30T00:06:21.496-0500] {processor.py:208} INFO - Processing /home/joan/Desktop/Proyect-ETL/criminal_minds/criminal_env/lib/python3.12/site-packages/airflow/example_dags/example_task_group.py took 0.065 seconds
[2024-09-30T00:07:15.358-0500] {processor.py:186} INFO - Started process (PID=3414) to work on /home/joan/Desktop/Proyect-ETL/criminal_minds/criminal_env/lib/python3.12/site-packages/airflow/example_dags/example_task_group.py
[2024-09-30T00:07:15.370-0500] {processor.py:914} INFO - Processing file /home/joan/Desktop/Proyect-ETL/criminal_minds/criminal_env/lib/python3.12/site-packages/airflow/example_dags/example_task_group.py for tasks to queue
[2024-09-30T00:07:15.372-0500] {logging_mixin.py:190} INFO - [2024-09-30T00:07:15.372-0500] {dagbag.py:588} INFO - Filling up the DagBag from /home/joan/Desktop/Proyect-ETL/criminal_minds/criminal_env/lib/python3.12/site-packages/airflow/example_dags/example_task_group.py
[2024-09-30T00:07:15.381-0500] {processor.py:925} INFO - DAG(s) 'example_task_group' retrieved from /home/joan/Desktop/Proyect-ETL/criminal_minds/criminal_env/lib/python3.12/site-packages/airflow/example_dags/example_task_group.py
[2024-09-30T00:07:15.399-0500] {logging_mixin.py:190} INFO - [2024-09-30T00:07:15.398-0500] {dag.py:3239} INFO - Sync 1 DAGs
[2024-09-30T00:07:15.411-0500] {logging_mixin.py:190} INFO - [2024-09-30T00:07:15.410-0500] {dag.py:4180} INFO - Setting next_dagrun for example_task_group to None, run_after=None
[2024-09-30T00:07:15.435-0500] {processor.py:208} INFO - Processing /home/joan/Desktop/Proyect-ETL/criminal_minds/criminal_env/lib/python3.12/site-packages/airflow/example_dags/example_task_group.py took 0.082 seconds
[2024-09-30T00:08:02.638-0500] {processor.py:186} INFO - Started process (PID=3465) to work on /home/joan/Desktop/Proyect-ETL/criminal_minds/criminal_env/lib/python3.12/site-packages/airflow/example_dags/example_task_group.py
[2024-09-30T00:08:02.639-0500] {processor.py:914} INFO - Processing file /home/joan/Desktop/Proyect-ETL/criminal_minds/criminal_env/lib/python3.12/site-packages/airflow/example_dags/example_task_group.py for tasks to queue
[2024-09-30T00:08:02.641-0500] {logging_mixin.py:190} INFO - [2024-09-30T00:08:02.641-0500] {dagbag.py:588} INFO - Filling up the DagBag from /home/joan/Desktop/Proyect-ETL/criminal_minds/criminal_env/lib/python3.12/site-packages/airflow/example_dags/example_task_group.py
[2024-09-30T00:08:02.649-0500] {processor.py:925} INFO - DAG(s) 'example_task_group' retrieved from /home/joan/Desktop/Proyect-ETL/criminal_minds/criminal_env/lib/python3.12/site-packages/airflow/example_dags/example_task_group.py
[2024-09-30T00:08:02.666-0500] {logging_mixin.py:190} INFO - [2024-09-30T00:08:02.665-0500] {dag.py:3239} INFO - Sync 1 DAGs
[2024-09-30T00:08:02.680-0500] {logging_mixin.py:190} INFO - [2024-09-30T00:08:02.680-0500] {dag.py:4180} INFO - Setting next_dagrun for example_task_group to None, run_after=None
[2024-09-30T00:08:02.704-0500] {processor.py:208} INFO - Processing /home/joan/Desktop/Proyect-ETL/criminal_minds/criminal_env/lib/python3.12/site-packages/airflow/example_dags/example_task_group.py took 0.071 seconds
[2024-09-30T00:08:49.461-0500] {processor.py:186} INFO - Started process (PID=3514) to work on /home/joan/Desktop/Proyect-ETL/criminal_minds/criminal_env/lib/python3.12/site-packages/airflow/example_dags/example_task_group.py
[2024-09-30T00:08:49.462-0500] {processor.py:914} INFO - Processing file /home/joan/Desktop/Proyect-ETL/criminal_minds/criminal_env/lib/python3.12/site-packages/airflow/example_dags/example_task_group.py for tasks to queue
[2024-09-30T00:08:49.464-0500] {logging_mixin.py:190} INFO - [2024-09-30T00:08:49.464-0500] {dagbag.py:588} INFO - Filling up the DagBag from /home/joan/Desktop/Proyect-ETL/criminal_minds/criminal_env/lib/python3.12/site-packages/airflow/example_dags/example_task_group.py
[2024-09-30T00:08:49.472-0500] {processor.py:925} INFO - DAG(s) 'example_task_group' retrieved from /home/joan/Desktop/Proyect-ETL/criminal_minds/criminal_env/lib/python3.12/site-packages/airflow/example_dags/example_task_group.py
[2024-09-30T00:08:49.488-0500] {logging_mixin.py:190} INFO - [2024-09-30T00:08:49.487-0500] {dag.py:3239} INFO - Sync 1 DAGs
[2024-09-30T00:08:49.498-0500] {logging_mixin.py:190} INFO - [2024-09-30T00:08:49.498-0500] {dag.py:4180} INFO - Setting next_dagrun for example_task_group to None, run_after=None
[2024-09-30T00:08:49.519-0500] {processor.py:208} INFO - Processing /home/joan/Desktop/Proyect-ETL/criminal_minds/criminal_env/lib/python3.12/site-packages/airflow/example_dags/example_task_group.py took 0.063 seconds
