[2024-09-30T00:04:39.515-0500] {processor.py:186} INFO - Started process (PID=2987) to work on /home/joan/Desktop/Proyect-ETL/criminal_minds/criminal_env/lib/python3.12/site-packages/airflow/example_dags/example_setup_teardown.py
[2024-09-30T00:04:39.516-0500] {processor.py:914} INFO - Processing file /home/joan/Desktop/Proyect-ETL/criminal_minds/criminal_env/lib/python3.12/site-packages/airflow/example_dags/example_setup_teardown.py for tasks to queue
[2024-09-30T00:04:39.518-0500] {logging_mixin.py:190} INFO - [2024-09-30T00:04:39.517-0500] {dagbag.py:588} INFO - Filling up the DagBag from /home/joan/Desktop/Proyect-ETL/criminal_minds/criminal_env/lib/python3.12/site-packages/airflow/example_dags/example_setup_teardown.py
[2024-09-30T00:04:39.525-0500] {processor.py:925} INFO - DAG(s) 'example_setup_teardown' retrieved from /home/joan/Desktop/Proyect-ETL/criminal_minds/criminal_env/lib/python3.12/site-packages/airflow/example_dags/example_setup_teardown.py
[2024-09-30T00:04:39.628-0500] {logging_mixin.py:190} INFO - [2024-09-30T00:04:39.628-0500] {override.py:1901} INFO - Created Permission View: can read on DAG:example_setup_teardown
[2024-09-30T00:04:39.640-0500] {logging_mixin.py:190} INFO - [2024-09-30T00:04:39.640-0500] {override.py:1901} INFO - Created Permission View: can delete on DAG:example_setup_teardown
[2024-09-30T00:04:39.650-0500] {logging_mixin.py:190} INFO - [2024-09-30T00:04:39.650-0500] {override.py:1901} INFO - Created Permission View: can edit on DAG:example_setup_teardown
[2024-09-30T00:04:39.664-0500] {logging_mixin.py:190} INFO - [2024-09-30T00:04:39.664-0500] {override.py:1901} INFO - Created Permission View: can read on DAG Run:example_setup_teardown
[2024-09-30T00:04:39.673-0500] {logging_mixin.py:190} INFO - [2024-09-30T00:04:39.673-0500] {override.py:1901} INFO - Created Permission View: menu access on DAG Run:example_setup_teardown
[2024-09-30T00:04:39.682-0500] {logging_mixin.py:190} INFO - [2024-09-30T00:04:39.682-0500] {override.py:1901} INFO - Created Permission View: can delete on DAG Run:example_setup_teardown
[2024-09-30T00:04:39.692-0500] {logging_mixin.py:190} INFO - [2024-09-30T00:04:39.691-0500] {override.py:1901} INFO - Created Permission View: can create on DAG Run:example_setup_teardown
[2024-09-30T00:04:39.692-0500] {logging_mixin.py:190} INFO - [2024-09-30T00:04:39.692-0500] {dag.py:3239} INFO - Sync 1 DAGs
[2024-09-30T00:04:39.704-0500] {logging_mixin.py:190} INFO - [2024-09-30T00:04:39.704-0500] {dag.py:3262} INFO - Creating ORM DAG for example_setup_teardown
[2024-09-30T00:04:39.704-0500] {logging_mixin.py:190} INFO - [2024-09-30T00:04:39.704-0500] {dag.py:4180} INFO - Setting next_dagrun for example_setup_teardown to None, run_after=None
[2024-09-30T00:04:39.726-0500] {processor.py:208} INFO - Processing /home/joan/Desktop/Proyect-ETL/criminal_minds/criminal_env/lib/python3.12/site-packages/airflow/example_dags/example_setup_teardown.py took 0.214 seconds
[2024-09-30T00:05:39.319-0500] {processor.py:186} INFO - Started process (PID=3044) to work on /home/joan/Desktop/Proyect-ETL/criminal_minds/criminal_env/lib/python3.12/site-packages/airflow/example_dags/example_setup_teardown.py
[2024-09-30T00:05:39.330-0500] {processor.py:914} INFO - Processing file /home/joan/Desktop/Proyect-ETL/criminal_minds/criminal_env/lib/python3.12/site-packages/airflow/example_dags/example_setup_teardown.py for tasks to queue
[2024-09-30T00:05:39.332-0500] {logging_mixin.py:190} INFO - [2024-09-30T00:05:39.331-0500] {dagbag.py:588} INFO - Filling up the DagBag from /home/joan/Desktop/Proyect-ETL/criminal_minds/criminal_env/lib/python3.12/site-packages/airflow/example_dags/example_setup_teardown.py
[2024-09-30T00:05:39.339-0500] {processor.py:925} INFO - DAG(s) 'example_setup_teardown' retrieved from /home/joan/Desktop/Proyect-ETL/criminal_minds/criminal_env/lib/python3.12/site-packages/airflow/example_dags/example_setup_teardown.py
[2024-09-30T00:05:39.353-0500] {logging_mixin.py:190} INFO - [2024-09-30T00:05:39.353-0500] {dag.py:3239} INFO - Sync 1 DAGs
[2024-09-30T00:05:39.365-0500] {logging_mixin.py:190} INFO - [2024-09-30T00:05:39.365-0500] {dag.py:4180} INFO - Setting next_dagrun for example_setup_teardown to None, run_after=None
[2024-09-30T00:05:39.386-0500] {processor.py:208} INFO - Processing /home/joan/Desktop/Proyect-ETL/criminal_minds/criminal_env/lib/python3.12/site-packages/airflow/example_dags/example_setup_teardown.py took 0.072 seconds
[2024-09-30T00:06:30.677-0500] {processor.py:186} INFO - Started process (PID=3368) to work on /home/joan/Desktop/Proyect-ETL/criminal_minds/criminal_env/lib/python3.12/site-packages/airflow/example_dags/example_setup_teardown.py
[2024-09-30T00:06:30.679-0500] {processor.py:914} INFO - Processing file /home/joan/Desktop/Proyect-ETL/criminal_minds/criminal_env/lib/python3.12/site-packages/airflow/example_dags/example_setup_teardown.py for tasks to queue
[2024-09-30T00:06:30.681-0500] {logging_mixin.py:190} INFO - [2024-09-30T00:06:30.680-0500] {dagbag.py:588} INFO - Filling up the DagBag from /home/joan/Desktop/Proyect-ETL/criminal_minds/criminal_env/lib/python3.12/site-packages/airflow/example_dags/example_setup_teardown.py
[2024-09-30T00:06:30.688-0500] {processor.py:925} INFO - DAG(s) 'example_setup_teardown' retrieved from /home/joan/Desktop/Proyect-ETL/criminal_minds/criminal_env/lib/python3.12/site-packages/airflow/example_dags/example_setup_teardown.py
[2024-09-30T00:06:30.702-0500] {logging_mixin.py:190} INFO - [2024-09-30T00:06:30.702-0500] {dag.py:3239} INFO - Sync 1 DAGs
[2024-09-30T00:06:30.713-0500] {logging_mixin.py:190} INFO - [2024-09-30T00:06:30.713-0500] {dag.py:4180} INFO - Setting next_dagrun for example_setup_teardown to None, run_after=None
[2024-09-30T00:06:30.737-0500] {processor.py:208} INFO - Processing /home/joan/Desktop/Proyect-ETL/criminal_minds/criminal_env/lib/python3.12/site-packages/airflow/example_dags/example_setup_teardown.py took 0.065 seconds
[2024-09-30T00:07:25.648-0500] {processor.py:186} INFO - Started process (PID=3425) to work on /home/joan/Desktop/Proyect-ETL/criminal_minds/criminal_env/lib/python3.12/site-packages/airflow/example_dags/example_setup_teardown.py
[2024-09-30T00:07:25.660-0500] {processor.py:914} INFO - Processing file /home/joan/Desktop/Proyect-ETL/criminal_minds/criminal_env/lib/python3.12/site-packages/airflow/example_dags/example_setup_teardown.py for tasks to queue
[2024-09-30T00:07:25.662-0500] {logging_mixin.py:190} INFO - [2024-09-30T00:07:25.662-0500] {dagbag.py:588} INFO - Filling up the DagBag from /home/joan/Desktop/Proyect-ETL/criminal_minds/criminal_env/lib/python3.12/site-packages/airflow/example_dags/example_setup_teardown.py
[2024-09-30T00:07:25.669-0500] {processor.py:925} INFO - DAG(s) 'example_setup_teardown' retrieved from /home/joan/Desktop/Proyect-ETL/criminal_minds/criminal_env/lib/python3.12/site-packages/airflow/example_dags/example_setup_teardown.py
[2024-09-30T00:07:25.684-0500] {logging_mixin.py:190} INFO - [2024-09-30T00:07:25.684-0500] {dag.py:3239} INFO - Sync 1 DAGs
[2024-09-30T00:07:25.696-0500] {logging_mixin.py:190} INFO - [2024-09-30T00:07:25.695-0500] {dag.py:4180} INFO - Setting next_dagrun for example_setup_teardown to None, run_after=None
[2024-09-30T00:07:25.717-0500] {processor.py:208} INFO - Processing /home/joan/Desktop/Proyect-ETL/criminal_minds/criminal_env/lib/python3.12/site-packages/airflow/example_dags/example_setup_teardown.py took 0.073 seconds
[2024-09-30T00:08:33.997-0500] {processor.py:186} INFO - Started process (PID=3499) to work on /home/joan/Desktop/Proyect-ETL/criminal_minds/criminal_env/lib/python3.12/site-packages/airflow/example_dags/example_setup_teardown.py
[2024-09-30T00:08:34.008-0500] {processor.py:914} INFO - Processing file /home/joan/Desktop/Proyect-ETL/criminal_minds/criminal_env/lib/python3.12/site-packages/airflow/example_dags/example_setup_teardown.py for tasks to queue
[2024-09-30T00:08:34.010-0500] {logging_mixin.py:190} INFO - [2024-09-30T00:08:34.009-0500] {dagbag.py:588} INFO - Filling up the DagBag from /home/joan/Desktop/Proyect-ETL/criminal_minds/criminal_env/lib/python3.12/site-packages/airflow/example_dags/example_setup_teardown.py
[2024-09-30T00:08:34.018-0500] {processor.py:925} INFO - DAG(s) 'example_setup_teardown' retrieved from /home/joan/Desktop/Proyect-ETL/criminal_minds/criminal_env/lib/python3.12/site-packages/airflow/example_dags/example_setup_teardown.py
[2024-09-30T00:08:34.032-0500] {logging_mixin.py:190} INFO - [2024-09-30T00:08:34.032-0500] {dag.py:3239} INFO - Sync 1 DAGs
[2024-09-30T00:08:34.044-0500] {logging_mixin.py:190} INFO - [2024-09-30T00:08:34.043-0500] {dag.py:4180} INFO - Setting next_dagrun for example_setup_teardown to None, run_after=None
[2024-09-30T00:08:34.066-0500] {processor.py:208} INFO - Processing /home/joan/Desktop/Proyect-ETL/criminal_minds/criminal_env/lib/python3.12/site-packages/airflow/example_dags/example_setup_teardown.py took 0.074 seconds
