[2024-09-30T00:04:33.084-0500] {processor.py:186} INFO - Started process (PID=2982) to work on /home/joan/Desktop/Proyect-ETL/criminal_minds/criminal_env/lib/python3.12/site-packages/airflow/example_dags/example_skip_dag.py
[2024-09-30T00:04:33.085-0500] {processor.py:914} INFO - Processing file /home/joan/Desktop/Proyect-ETL/criminal_minds/criminal_env/lib/python3.12/site-packages/airflow/example_dags/example_skip_dag.py for tasks to queue
[2024-09-30T00:04:33.087-0500] {logging_mixin.py:190} INFO - [2024-09-30T00:04:33.086-0500] {dagbag.py:588} INFO - Filling up the DagBag from /home/joan/Desktop/Proyect-ETL/criminal_minds/criminal_env/lib/python3.12/site-packages/airflow/example_dags/example_skip_dag.py
[2024-09-30T00:04:33.094-0500] {processor.py:925} INFO - DAG(s) 'example_skip_dag' retrieved from /home/joan/Desktop/Proyect-ETL/criminal_minds/criminal_env/lib/python3.12/site-packages/airflow/example_dags/example_skip_dag.py
[2024-09-30T00:04:33.220-0500] {logging_mixin.py:190} INFO - [2024-09-30T00:04:33.219-0500] {override.py:1901} INFO - Created Permission View: can read on DAG:example_skip_dag
[2024-09-30T00:04:33.232-0500] {logging_mixin.py:190} INFO - [2024-09-30T00:04:33.232-0500] {override.py:1901} INFO - Created Permission View: can delete on DAG:example_skip_dag
[2024-09-30T00:04:33.242-0500] {logging_mixin.py:190} INFO - [2024-09-30T00:04:33.241-0500] {override.py:1901} INFO - Created Permission View: can edit on DAG:example_skip_dag
[2024-09-30T00:04:33.257-0500] {logging_mixin.py:190} INFO - [2024-09-30T00:04:33.256-0500] {override.py:1901} INFO - Created Permission View: can read on DAG Run:example_skip_dag
[2024-09-30T00:04:33.266-0500] {logging_mixin.py:190} INFO - [2024-09-30T00:04:33.265-0500] {override.py:1901} INFO - Created Permission View: menu access on DAG Run:example_skip_dag
[2024-09-30T00:04:33.275-0500] {logging_mixin.py:190} INFO - [2024-09-30T00:04:33.275-0500] {override.py:1901} INFO - Created Permission View: can delete on DAG Run:example_skip_dag
[2024-09-30T00:04:33.284-0500] {logging_mixin.py:190} INFO - [2024-09-30T00:04:33.284-0500] {override.py:1901} INFO - Created Permission View: can create on DAG Run:example_skip_dag
[2024-09-30T00:04:33.284-0500] {logging_mixin.py:190} INFO - [2024-09-30T00:04:33.284-0500] {dag.py:3239} INFO - Sync 1 DAGs
[2024-09-30T00:04:33.294-0500] {logging_mixin.py:190} INFO - [2024-09-30T00:04:33.294-0500] {dag.py:3262} INFO - Creating ORM DAG for example_skip_dag
[2024-09-30T00:04:33.302-0500] {logging_mixin.py:190} INFO - [2024-09-30T00:04:33.302-0500] {dag.py:4180} INFO - Setting next_dagrun for example_skip_dag to 2024-09-29 00:00:00+00:00, run_after=2024-09-30 00:00:00+00:00
[2024-09-30T00:04:33.323-0500] {processor.py:208} INFO - Processing /home/joan/Desktop/Proyect-ETL/criminal_minds/criminal_env/lib/python3.12/site-packages/airflow/example_dags/example_skip_dag.py took 0.243 seconds
[2024-09-30T00:05:34.965-0500] {processor.py:186} INFO - Started process (PID=3039) to work on /home/joan/Desktop/Proyect-ETL/criminal_minds/criminal_env/lib/python3.12/site-packages/airflow/example_dags/example_skip_dag.py
[2024-09-30T00:05:34.967-0500] {processor.py:914} INFO - Processing file /home/joan/Desktop/Proyect-ETL/criminal_minds/criminal_env/lib/python3.12/site-packages/airflow/example_dags/example_skip_dag.py for tasks to queue
[2024-09-30T00:05:34.968-0500] {logging_mixin.py:190} INFO - [2024-09-30T00:05:34.968-0500] {dagbag.py:588} INFO - Filling up the DagBag from /home/joan/Desktop/Proyect-ETL/criminal_minds/criminal_env/lib/python3.12/site-packages/airflow/example_dags/example_skip_dag.py
[2024-09-30T00:05:34.975-0500] {processor.py:925} INFO - DAG(s) 'example_skip_dag' retrieved from /home/joan/Desktop/Proyect-ETL/criminal_minds/criminal_env/lib/python3.12/site-packages/airflow/example_dags/example_skip_dag.py
[2024-09-30T00:05:34.990-0500] {logging_mixin.py:190} INFO - [2024-09-30T00:05:34.990-0500] {dag.py:3239} INFO - Sync 1 DAGs
[2024-09-30T00:05:35.007-0500] {logging_mixin.py:190} INFO - [2024-09-30T00:05:35.007-0500] {dag.py:4180} INFO - Setting next_dagrun for example_skip_dag to 2024-09-29 00:00:00+00:00, run_after=2024-09-30 00:00:00+00:00
[2024-09-30T00:05:35.029-0500] {processor.py:208} INFO - Processing /home/joan/Desktop/Proyect-ETL/criminal_minds/criminal_env/lib/python3.12/site-packages/airflow/example_dags/example_skip_dag.py took 0.068 seconds
[2024-09-30T00:06:26.679-0500] {processor.py:186} INFO - Started process (PID=3363) to work on /home/joan/Desktop/Proyect-ETL/criminal_minds/criminal_env/lib/python3.12/site-packages/airflow/example_dags/example_skip_dag.py
[2024-09-30T00:06:26.681-0500] {processor.py:914} INFO - Processing file /home/joan/Desktop/Proyect-ETL/criminal_minds/criminal_env/lib/python3.12/site-packages/airflow/example_dags/example_skip_dag.py for tasks to queue
[2024-09-30T00:06:26.683-0500] {logging_mixin.py:190} INFO - [2024-09-30T00:06:26.682-0500] {dagbag.py:588} INFO - Filling up the DagBag from /home/joan/Desktop/Proyect-ETL/criminal_minds/criminal_env/lib/python3.12/site-packages/airflow/example_dags/example_skip_dag.py
[2024-09-30T00:06:26.690-0500] {processor.py:925} INFO - DAG(s) 'example_skip_dag' retrieved from /home/joan/Desktop/Proyect-ETL/criminal_minds/criminal_env/lib/python3.12/site-packages/airflow/example_dags/example_skip_dag.py
[2024-09-30T00:06:26.705-0500] {logging_mixin.py:190} INFO - [2024-09-30T00:06:26.705-0500] {dag.py:3239} INFO - Sync 1 DAGs
[2024-09-30T00:06:26.723-0500] {logging_mixin.py:190} INFO - [2024-09-30T00:06:26.722-0500] {dag.py:4180} INFO - Setting next_dagrun for example_skip_dag to 2024-09-29 00:00:00+00:00, run_after=2024-09-30 00:00:00+00:00
[2024-09-30T00:06:26.743-0500] {processor.py:208} INFO - Processing /home/joan/Desktop/Proyect-ETL/criminal_minds/criminal_env/lib/python3.12/site-packages/airflow/example_dags/example_skip_dag.py took 0.072 seconds
[2024-09-30T00:07:21.095-0500] {processor.py:186} INFO - Started process (PID=3420) to work on /home/joan/Desktop/Proyect-ETL/criminal_minds/criminal_env/lib/python3.12/site-packages/airflow/example_dags/example_skip_dag.py
[2024-09-30T00:07:21.107-0500] {processor.py:914} INFO - Processing file /home/joan/Desktop/Proyect-ETL/criminal_minds/criminal_env/lib/python3.12/site-packages/airflow/example_dags/example_skip_dag.py for tasks to queue
[2024-09-30T00:07:21.109-0500] {logging_mixin.py:190} INFO - [2024-09-30T00:07:21.109-0500] {dagbag.py:588} INFO - Filling up the DagBag from /home/joan/Desktop/Proyect-ETL/criminal_minds/criminal_env/lib/python3.12/site-packages/airflow/example_dags/example_skip_dag.py
[2024-09-30T00:07:21.117-0500] {processor.py:925} INFO - DAG(s) 'example_skip_dag' retrieved from /home/joan/Desktop/Proyect-ETL/criminal_minds/criminal_env/lib/python3.12/site-packages/airflow/example_dags/example_skip_dag.py
[2024-09-30T00:07:21.132-0500] {logging_mixin.py:190} INFO - [2024-09-30T00:07:21.132-0500] {dag.py:3239} INFO - Sync 1 DAGs
[2024-09-30T00:07:21.151-0500] {logging_mixin.py:190} INFO - [2024-09-30T00:07:21.151-0500] {dag.py:4180} INFO - Setting next_dagrun for example_skip_dag to 2024-09-29 00:00:00+00:00, run_after=2024-09-30 00:00:00+00:00
[2024-09-30T00:07:21.176-0500] {processor.py:208} INFO - Processing /home/joan/Desktop/Proyect-ETL/criminal_minds/criminal_env/lib/python3.12/site-packages/airflow/example_dags/example_skip_dag.py took 0.085 seconds
[2024-09-30T00:08:07.897-0500] {processor.py:186} INFO - Started process (PID=3470) to work on /home/joan/Desktop/Proyect-ETL/criminal_minds/criminal_env/lib/python3.12/site-packages/airflow/example_dags/example_skip_dag.py
[2024-09-30T00:08:07.898-0500] {processor.py:914} INFO - Processing file /home/joan/Desktop/Proyect-ETL/criminal_minds/criminal_env/lib/python3.12/site-packages/airflow/example_dags/example_skip_dag.py for tasks to queue
[2024-09-30T00:08:07.900-0500] {logging_mixin.py:190} INFO - [2024-09-30T00:08:07.900-0500] {dagbag.py:588} INFO - Filling up the DagBag from /home/joan/Desktop/Proyect-ETL/criminal_minds/criminal_env/lib/python3.12/site-packages/airflow/example_dags/example_skip_dag.py
[2024-09-30T00:08:07.909-0500] {processor.py:925} INFO - DAG(s) 'example_skip_dag' retrieved from /home/joan/Desktop/Proyect-ETL/criminal_minds/criminal_env/lib/python3.12/site-packages/airflow/example_dags/example_skip_dag.py
[2024-09-30T00:08:07.929-0500] {logging_mixin.py:190} INFO - [2024-09-30T00:08:07.929-0500] {dag.py:3239} INFO - Sync 1 DAGs
[2024-09-30T00:08:07.949-0500] {logging_mixin.py:190} INFO - [2024-09-30T00:08:07.948-0500] {dag.py:4180} INFO - Setting next_dagrun for example_skip_dag to 2024-09-29 00:00:00+00:00, run_after=2024-09-30 00:00:00+00:00
[2024-09-30T00:08:07.976-0500] {processor.py:208} INFO - Processing /home/joan/Desktop/Proyect-ETL/criminal_minds/criminal_env/lib/python3.12/site-packages/airflow/example_dags/example_skip_dag.py took 0.084 seconds
[2024-09-30T00:08:53.945-0500] {processor.py:186} INFO - Started process (PID=3519) to work on /home/joan/Desktop/Proyect-ETL/criminal_minds/criminal_env/lib/python3.12/site-packages/airflow/example_dags/example_skip_dag.py
[2024-09-30T00:08:53.957-0500] {processor.py:914} INFO - Processing file /home/joan/Desktop/Proyect-ETL/criminal_minds/criminal_env/lib/python3.12/site-packages/airflow/example_dags/example_skip_dag.py for tasks to queue
[2024-09-30T00:08:53.959-0500] {logging_mixin.py:190} INFO - [2024-09-30T00:08:53.959-0500] {dagbag.py:588} INFO - Filling up the DagBag from /home/joan/Desktop/Proyect-ETL/criminal_minds/criminal_env/lib/python3.12/site-packages/airflow/example_dags/example_skip_dag.py
[2024-09-30T00:08:53.966-0500] {processor.py:925} INFO - DAG(s) 'example_skip_dag' retrieved from /home/joan/Desktop/Proyect-ETL/criminal_minds/criminal_env/lib/python3.12/site-packages/airflow/example_dags/example_skip_dag.py
[2024-09-30T00:08:53.981-0500] {logging_mixin.py:190} INFO - [2024-09-30T00:08:53.981-0500] {dag.py:3239} INFO - Sync 1 DAGs
[2024-09-30T00:08:53.998-0500] {logging_mixin.py:190} INFO - [2024-09-30T00:08:53.998-0500] {dag.py:4180} INFO - Setting next_dagrun for example_skip_dag to 2024-09-29 00:00:00+00:00, run_after=2024-09-30 00:00:00+00:00
[2024-09-30T00:08:54.036-0500] {processor.py:208} INFO - Processing /home/joan/Desktop/Proyect-ETL/criminal_minds/criminal_env/lib/python3.12/site-packages/airflow/example_dags/example_skip_dag.py took 0.095 seconds
