[2024-09-30T00:04:23.256-0500] {processor.py:186} INFO - Started process (PID=2975) to work on /home/joan/Desktop/Proyect-ETL/criminal_minds/criminal_env/lib/python3.12/site-packages/airflow/example_dags/example_display_name.py
[2024-09-30T00:04:23.257-0500] {processor.py:914} INFO - Processing file /home/joan/Desktop/Proyect-ETL/criminal_minds/criminal_env/lib/python3.12/site-packages/airflow/example_dags/example_display_name.py for tasks to queue
[2024-09-30T00:04:23.259-0500] {logging_mixin.py:190} INFO - [2024-09-30T00:04:23.258-0500] {dagbag.py:588} INFO - Filling up the DagBag from /home/joan/Desktop/Proyect-ETL/criminal_minds/criminal_env/lib/python3.12/site-packages/airflow/example_dags/example_display_name.py
[2024-09-30T00:04:23.266-0500] {processor.py:925} INFO - DAG(s) 'example_display_name' retrieved from /home/joan/Desktop/Proyect-ETL/criminal_minds/criminal_env/lib/python3.12/site-packages/airflow/example_dags/example_display_name.py
[2024-09-30T00:04:23.380-0500] {logging_mixin.py:190} INFO - [2024-09-30T00:04:23.379-0500] {override.py:1901} INFO - Created Permission View: can read on DAG:example_display_name
[2024-09-30T00:04:23.392-0500] {logging_mixin.py:190} INFO - [2024-09-30T00:04:23.391-0500] {override.py:1901} INFO - Created Permission View: can delete on DAG:example_display_name
[2024-09-30T00:04:23.402-0500] {logging_mixin.py:190} INFO - [2024-09-30T00:04:23.401-0500] {override.py:1901} INFO - Created Permission View: can edit on DAG:example_display_name
[2024-09-30T00:04:23.416-0500] {logging_mixin.py:190} INFO - [2024-09-30T00:04:23.416-0500] {override.py:1901} INFO - Created Permission View: can read on DAG Run:example_display_name
[2024-09-30T00:04:23.425-0500] {logging_mixin.py:190} INFO - [2024-09-30T00:04:23.424-0500] {override.py:1901} INFO - Created Permission View: menu access on DAG Run:example_display_name
[2024-09-30T00:04:23.434-0500] {logging_mixin.py:190} INFO - [2024-09-30T00:04:23.433-0500] {override.py:1901} INFO - Created Permission View: can delete on DAG Run:example_display_name
[2024-09-30T00:04:23.449-0500] {logging_mixin.py:190} INFO - [2024-09-30T00:04:23.448-0500] {override.py:1901} INFO - Created Permission View: can create on DAG Run:example_display_name
[2024-09-30T00:04:23.449-0500] {logging_mixin.py:190} INFO - [2024-09-30T00:04:23.449-0500] {dag.py:3239} INFO - Sync 1 DAGs
[2024-09-30T00:04:23.459-0500] {logging_mixin.py:190} INFO - [2024-09-30T00:04:23.459-0500] {dag.py:3262} INFO - Creating ORM DAG for example_display_name
[2024-09-30T00:04:23.460-0500] {logging_mixin.py:190} INFO - [2024-09-30T00:04:23.459-0500] {dag.py:4180} INFO - Setting next_dagrun for example_display_name to None, run_after=None
[2024-09-30T00:04:23.479-0500] {processor.py:208} INFO - Processing /home/joan/Desktop/Proyect-ETL/criminal_minds/criminal_env/lib/python3.12/site-packages/airflow/example_dags/example_display_name.py took 0.227 seconds
[2024-09-30T00:05:27.526-0500] {processor.py:186} INFO - Started process (PID=3031) to work on /home/joan/Desktop/Proyect-ETL/criminal_minds/criminal_env/lib/python3.12/site-packages/airflow/example_dags/example_display_name.py
[2024-09-30T00:05:27.528-0500] {processor.py:914} INFO - Processing file /home/joan/Desktop/Proyect-ETL/criminal_minds/criminal_env/lib/python3.12/site-packages/airflow/example_dags/example_display_name.py for tasks to queue
[2024-09-30T00:05:27.530-0500] {logging_mixin.py:190} INFO - [2024-09-30T00:05:27.530-0500] {dagbag.py:588} INFO - Filling up the DagBag from /home/joan/Desktop/Proyect-ETL/criminal_minds/criminal_env/lib/python3.12/site-packages/airflow/example_dags/example_display_name.py
[2024-09-30T00:05:27.537-0500] {processor.py:925} INFO - DAG(s) 'example_display_name' retrieved from /home/joan/Desktop/Proyect-ETL/criminal_minds/criminal_env/lib/python3.12/site-packages/airflow/example_dags/example_display_name.py
[2024-09-30T00:05:27.550-0500] {logging_mixin.py:190} INFO - [2024-09-30T00:05:27.550-0500] {dag.py:3239} INFO - Sync 1 DAGs
[2024-09-30T00:05:27.561-0500] {logging_mixin.py:190} INFO - [2024-09-30T00:05:27.561-0500] {dag.py:4180} INFO - Setting next_dagrun for example_display_name to None, run_after=None
[2024-09-30T00:05:27.581-0500] {processor.py:208} INFO - Processing /home/joan/Desktop/Proyect-ETL/criminal_minds/criminal_env/lib/python3.12/site-packages/airflow/example_dags/example_display_name.py took 0.060 seconds
[2024-09-30T00:06:19.699-0500] {processor.py:186} INFO - Started process (PID=3356) to work on /home/joan/Desktop/Proyect-ETL/criminal_minds/criminal_env/lib/python3.12/site-packages/airflow/example_dags/example_display_name.py
[2024-09-30T00:06:19.700-0500] {processor.py:914} INFO - Processing file /home/joan/Desktop/Proyect-ETL/criminal_minds/criminal_env/lib/python3.12/site-packages/airflow/example_dags/example_display_name.py for tasks to queue
[2024-09-30T00:06:19.702-0500] {logging_mixin.py:190} INFO - [2024-09-30T00:06:19.702-0500] {dagbag.py:588} INFO - Filling up the DagBag from /home/joan/Desktop/Proyect-ETL/criminal_minds/criminal_env/lib/python3.12/site-packages/airflow/example_dags/example_display_name.py
[2024-09-30T00:06:19.710-0500] {processor.py:925} INFO - DAG(s) 'example_display_name' retrieved from /home/joan/Desktop/Proyect-ETL/criminal_minds/criminal_env/lib/python3.12/site-packages/airflow/example_dags/example_display_name.py
[2024-09-30T00:06:19.724-0500] {logging_mixin.py:190} INFO - [2024-09-30T00:06:19.723-0500] {dag.py:3239} INFO - Sync 1 DAGs
[2024-09-30T00:06:19.735-0500] {logging_mixin.py:190} INFO - [2024-09-30T00:06:19.735-0500] {dag.py:4180} INFO - Setting next_dagrun for example_display_name to None, run_after=None
[2024-09-30T00:06:19.757-0500] {processor.py:208} INFO - Processing /home/joan/Desktop/Proyect-ETL/criminal_minds/criminal_env/lib/python3.12/site-packages/airflow/example_dags/example_display_name.py took 0.063 seconds
[2024-09-30T00:07:13.061-0500] {processor.py:186} INFO - Started process (PID=3412) to work on /home/joan/Desktop/Proyect-ETL/criminal_minds/criminal_env/lib/python3.12/site-packages/airflow/example_dags/example_display_name.py
[2024-09-30T00:07:13.062-0500] {processor.py:914} INFO - Processing file /home/joan/Desktop/Proyect-ETL/criminal_minds/criminal_env/lib/python3.12/site-packages/airflow/example_dags/example_display_name.py for tasks to queue
[2024-09-30T00:07:13.064-0500] {logging_mixin.py:190} INFO - [2024-09-30T00:07:13.064-0500] {dagbag.py:588} INFO - Filling up the DagBag from /home/joan/Desktop/Proyect-ETL/criminal_minds/criminal_env/lib/python3.12/site-packages/airflow/example_dags/example_display_name.py
[2024-09-30T00:07:13.071-0500] {processor.py:925} INFO - DAG(s) 'example_display_name' retrieved from /home/joan/Desktop/Proyect-ETL/criminal_minds/criminal_env/lib/python3.12/site-packages/airflow/example_dags/example_display_name.py
[2024-09-30T00:07:13.084-0500] {logging_mixin.py:190} INFO - [2024-09-30T00:07:13.084-0500] {dag.py:3239} INFO - Sync 1 DAGs
[2024-09-30T00:07:13.095-0500] {logging_mixin.py:190} INFO - [2024-09-30T00:07:13.095-0500] {dag.py:4180} INFO - Setting next_dagrun for example_display_name to None, run_after=None
[2024-09-30T00:07:13.117-0500] {processor.py:208} INFO - Processing /home/joan/Desktop/Proyect-ETL/criminal_minds/criminal_env/lib/python3.12/site-packages/airflow/example_dags/example_display_name.py took 0.061 seconds
[2024-09-30T00:08:00.479-0500] {processor.py:186} INFO - Started process (PID=3463) to work on /home/joan/Desktop/Proyect-ETL/criminal_minds/criminal_env/lib/python3.12/site-packages/airflow/example_dags/example_display_name.py
[2024-09-30T00:08:00.481-0500] {processor.py:914} INFO - Processing file /home/joan/Desktop/Proyect-ETL/criminal_minds/criminal_env/lib/python3.12/site-packages/airflow/example_dags/example_display_name.py for tasks to queue
[2024-09-30T00:08:00.483-0500] {logging_mixin.py:190} INFO - [2024-09-30T00:08:00.483-0500] {dagbag.py:588} INFO - Filling up the DagBag from /home/joan/Desktop/Proyect-ETL/criminal_minds/criminal_env/lib/python3.12/site-packages/airflow/example_dags/example_display_name.py
[2024-09-30T00:08:00.492-0500] {processor.py:925} INFO - DAG(s) 'example_display_name' retrieved from /home/joan/Desktop/Proyect-ETL/criminal_minds/criminal_env/lib/python3.12/site-packages/airflow/example_dags/example_display_name.py
[2024-09-30T00:08:00.515-0500] {logging_mixin.py:190} INFO - [2024-09-30T00:08:00.515-0500] {dag.py:3239} INFO - Sync 1 DAGs
[2024-09-30T00:08:00.531-0500] {logging_mixin.py:190} INFO - [2024-09-30T00:08:00.531-0500] {dag.py:4180} INFO - Setting next_dagrun for example_display_name to None, run_after=None
[2024-09-30T00:08:00.558-0500] {processor.py:208} INFO - Processing /home/joan/Desktop/Proyect-ETL/criminal_minds/criminal_env/lib/python3.12/site-packages/airflow/example_dags/example_display_name.py took 0.084 seconds
[2024-09-30T00:08:47.158-0500] {processor.py:186} INFO - Started process (PID=3512) to work on /home/joan/Desktop/Proyect-ETL/criminal_minds/criminal_env/lib/python3.12/site-packages/airflow/example_dags/example_display_name.py
[2024-09-30T00:08:47.160-0500] {processor.py:914} INFO - Processing file /home/joan/Desktop/Proyect-ETL/criminal_minds/criminal_env/lib/python3.12/site-packages/airflow/example_dags/example_display_name.py for tasks to queue
[2024-09-30T00:08:47.161-0500] {logging_mixin.py:190} INFO - [2024-09-30T00:08:47.161-0500] {dagbag.py:588} INFO - Filling up the DagBag from /home/joan/Desktop/Proyect-ETL/criminal_minds/criminal_env/lib/python3.12/site-packages/airflow/example_dags/example_display_name.py
[2024-09-30T00:08:47.168-0500] {processor.py:925} INFO - DAG(s) 'example_display_name' retrieved from /home/joan/Desktop/Proyect-ETL/criminal_minds/criminal_env/lib/python3.12/site-packages/airflow/example_dags/example_display_name.py
[2024-09-30T00:08:47.182-0500] {logging_mixin.py:190} INFO - [2024-09-30T00:08:47.181-0500] {dag.py:3239} INFO - Sync 1 DAGs
[2024-09-30T00:08:47.192-0500] {logging_mixin.py:190} INFO - [2024-09-30T00:08:47.192-0500] {dag.py:4180} INFO - Setting next_dagrun for example_display_name to None, run_after=None
[2024-09-30T00:08:47.214-0500] {processor.py:208} INFO - Processing /home/joan/Desktop/Proyect-ETL/criminal_minds/criminal_env/lib/python3.12/site-packages/airflow/example_dags/example_display_name.py took 0.060 seconds
