[2024-09-30T00:05:01.425-0500] {processor.py:186} INFO - Started process (PID=3006) to work on /home/joan/Desktop/Proyect-ETL/criminal_minds/criminal_env/lib/python3.12/site-packages/airflow/example_dags/example_external_task_marker_dag.py
[2024-09-30T00:05:01.425-0500] {processor.py:914} INFO - Processing file /home/joan/Desktop/Proyect-ETL/criminal_minds/criminal_env/lib/python3.12/site-packages/airflow/example_dags/example_external_task_marker_dag.py for tasks to queue
[2024-09-30T00:05:01.428-0500] {logging_mixin.py:190} INFO - [2024-09-30T00:05:01.427-0500] {dagbag.py:588} INFO - Filling up the DagBag from /home/joan/Desktop/Proyect-ETL/criminal_minds/criminal_env/lib/python3.12/site-packages/airflow/example_dags/example_external_task_marker_dag.py
[2024-09-30T00:05:01.434-0500] {processor.py:925} INFO - DAG(s) 'example_external_task_marker_parent', 'example_external_task_marker_child' retrieved from /home/joan/Desktop/Proyect-ETL/criminal_minds/criminal_env/lib/python3.12/site-packages/airflow/example_dags/example_external_task_marker_dag.py
[2024-09-30T00:05:01.540-0500] {logging_mixin.py:190} INFO - [2024-09-30T00:05:01.540-0500] {override.py:1901} INFO - Created Permission View: can read on DAG:example_external_task_marker_parent
[2024-09-30T00:05:01.553-0500] {logging_mixin.py:190} INFO - [2024-09-30T00:05:01.552-0500] {override.py:1901} INFO - Created Permission View: can delete on DAG:example_external_task_marker_parent
[2024-09-30T00:05:01.562-0500] {logging_mixin.py:190} INFO - [2024-09-30T00:05:01.562-0500] {override.py:1901} INFO - Created Permission View: can edit on DAG:example_external_task_marker_parent
[2024-09-30T00:05:01.577-0500] {logging_mixin.py:190} INFO - [2024-09-30T00:05:01.577-0500] {override.py:1901} INFO - Created Permission View: can read on DAG Run:example_external_task_marker_parent
[2024-09-30T00:05:01.586-0500] {logging_mixin.py:190} INFO - [2024-09-30T00:05:01.586-0500] {override.py:1901} INFO - Created Permission View: menu access on DAG Run:example_external_task_marker_parent
[2024-09-30T00:05:01.595-0500] {logging_mixin.py:190} INFO - [2024-09-30T00:05:01.594-0500] {override.py:1901} INFO - Created Permission View: can delete on DAG Run:example_external_task_marker_parent
[2024-09-30T00:05:01.603-0500] {logging_mixin.py:190} INFO - [2024-09-30T00:05:01.603-0500] {override.py:1901} INFO - Created Permission View: can create on DAG Run:example_external_task_marker_parent
[2024-09-30T00:05:01.625-0500] {logging_mixin.py:190} INFO - [2024-09-30T00:05:01.624-0500] {override.py:1901} INFO - Created Permission View: can read on DAG:example_external_task_marker_child
[2024-09-30T00:05:01.634-0500] {logging_mixin.py:190} INFO - [2024-09-30T00:05:01.634-0500] {override.py:1901} INFO - Created Permission View: can delete on DAG:example_external_task_marker_child
[2024-09-30T00:05:01.644-0500] {logging_mixin.py:190} INFO - [2024-09-30T00:05:01.644-0500] {override.py:1901} INFO - Created Permission View: can edit on DAG:example_external_task_marker_child
[2024-09-30T00:05:01.661-0500] {logging_mixin.py:190} INFO - [2024-09-30T00:05:01.660-0500] {override.py:1901} INFO - Created Permission View: can read on DAG Run:example_external_task_marker_child
[2024-09-30T00:05:01.669-0500] {logging_mixin.py:190} INFO - [2024-09-30T00:05:01.669-0500] {override.py:1901} INFO - Created Permission View: menu access on DAG Run:example_external_task_marker_child
[2024-09-30T00:05:01.678-0500] {logging_mixin.py:190} INFO - [2024-09-30T00:05:01.678-0500] {override.py:1901} INFO - Created Permission View: can delete on DAG Run:example_external_task_marker_child
[2024-09-30T00:05:01.687-0500] {logging_mixin.py:190} INFO - [2024-09-30T00:05:01.687-0500] {override.py:1901} INFO - Created Permission View: can create on DAG Run:example_external_task_marker_child
[2024-09-30T00:05:01.687-0500] {logging_mixin.py:190} INFO - [2024-09-30T00:05:01.687-0500] {dag.py:3239} INFO - Sync 2 DAGs
[2024-09-30T00:05:01.699-0500] {logging_mixin.py:190} INFO - [2024-09-30T00:05:01.699-0500] {dag.py:3262} INFO - Creating ORM DAG for example_external_task_marker_parent
[2024-09-30T00:05:01.700-0500] {logging_mixin.py:190} INFO - [2024-09-30T00:05:01.700-0500] {dag.py:3262} INFO - Creating ORM DAG for example_external_task_marker_child
[2024-09-30T00:05:01.701-0500] {logging_mixin.py:190} INFO - [2024-09-30T00:05:01.700-0500] {dag.py:4180} INFO - Setting next_dagrun for example_external_task_marker_child to None, run_after=None
[2024-09-30T00:05:01.701-0500] {logging_mixin.py:190} INFO - [2024-09-30T00:05:01.701-0500] {dag.py:4180} INFO - Setting next_dagrun for example_external_task_marker_parent to None, run_after=None
[2024-09-30T00:05:01.721-0500] {processor.py:208} INFO - Processing /home/joan/Desktop/Proyect-ETL/criminal_minds/criminal_env/lib/python3.12/site-packages/airflow/example_dags/example_external_task_marker_dag.py took 0.301 seconds
[2024-09-30T00:05:55.994-0500] {processor.py:186} INFO - Started process (PID=3329) to work on /home/joan/Desktop/Proyect-ETL/criminal_minds/criminal_env/lib/python3.12/site-packages/airflow/example_dags/example_external_task_marker_dag.py
[2024-09-30T00:05:56.005-0500] {processor.py:914} INFO - Processing file /home/joan/Desktop/Proyect-ETL/criminal_minds/criminal_env/lib/python3.12/site-packages/airflow/example_dags/example_external_task_marker_dag.py for tasks to queue
[2024-09-30T00:05:56.007-0500] {logging_mixin.py:190} INFO - [2024-09-30T00:05:56.006-0500] {dagbag.py:588} INFO - Filling up the DagBag from /home/joan/Desktop/Proyect-ETL/criminal_minds/criminal_env/lib/python3.12/site-packages/airflow/example_dags/example_external_task_marker_dag.py
[2024-09-30T00:05:56.014-0500] {processor.py:925} INFO - DAG(s) 'example_external_task_marker_parent', 'example_external_task_marker_child' retrieved from /home/joan/Desktop/Proyect-ETL/criminal_minds/criminal_env/lib/python3.12/site-packages/airflow/example_dags/example_external_task_marker_dag.py
[2024-09-30T00:05:56.031-0500] {logging_mixin.py:190} INFO - [2024-09-30T00:05:56.030-0500] {dag.py:3239} INFO - Sync 2 DAGs
[2024-09-30T00:05:56.042-0500] {logging_mixin.py:190} INFO - [2024-09-30T00:05:56.042-0500] {dag.py:4180} INFO - Setting next_dagrun for example_external_task_marker_child to None, run_after=None
[2024-09-30T00:05:56.045-0500] {logging_mixin.py:190} INFO - [2024-09-30T00:05:56.045-0500] {dag.py:4180} INFO - Setting next_dagrun for example_external_task_marker_parent to None, run_after=None
[2024-09-30T00:05:56.064-0500] {processor.py:208} INFO - Processing /home/joan/Desktop/Proyect-ETL/criminal_minds/criminal_env/lib/python3.12/site-packages/airflow/example_dags/example_external_task_marker_dag.py took 0.075 seconds
[2024-09-30T00:07:05.748-0500] {processor.py:186} INFO - Started process (PID=3404) to work on /home/joan/Desktop/Proyect-ETL/criminal_minds/criminal_env/lib/python3.12/site-packages/airflow/example_dags/example_external_task_marker_dag.py
[2024-09-30T00:07:05.760-0500] {processor.py:914} INFO - Processing file /home/joan/Desktop/Proyect-ETL/criminal_minds/criminal_env/lib/python3.12/site-packages/airflow/example_dags/example_external_task_marker_dag.py for tasks to queue
[2024-09-30T00:07:05.762-0500] {logging_mixin.py:190} INFO - [2024-09-30T00:07:05.761-0500] {dagbag.py:588} INFO - Filling up the DagBag from /home/joan/Desktop/Proyect-ETL/criminal_minds/criminal_env/lib/python3.12/site-packages/airflow/example_dags/example_external_task_marker_dag.py
[2024-09-30T00:07:05.769-0500] {processor.py:925} INFO - DAG(s) 'example_external_task_marker_parent', 'example_external_task_marker_child' retrieved from /home/joan/Desktop/Proyect-ETL/criminal_minds/criminal_env/lib/python3.12/site-packages/airflow/example_dags/example_external_task_marker_dag.py
[2024-09-30T00:07:05.786-0500] {logging_mixin.py:190} INFO - [2024-09-30T00:07:05.785-0500] {dag.py:3239} INFO - Sync 2 DAGs
[2024-09-30T00:07:05.797-0500] {logging_mixin.py:190} INFO - [2024-09-30T00:07:05.797-0500] {dag.py:4180} INFO - Setting next_dagrun for example_external_task_marker_child to None, run_after=None
[2024-09-30T00:07:05.800-0500] {logging_mixin.py:190} INFO - [2024-09-30T00:07:05.800-0500] {dag.py:4180} INFO - Setting next_dagrun for example_external_task_marker_parent to None, run_after=None
[2024-09-30T00:07:05.834-0500] {processor.py:208} INFO - Processing /home/joan/Desktop/Proyect-ETL/criminal_minds/criminal_env/lib/python3.12/site-packages/airflow/example_dags/example_external_task_marker_dag.py took 0.091 seconds
[2024-09-30T00:08:16.709-0500] {processor.py:186} INFO - Started process (PID=3479) to work on /home/joan/Desktop/Proyect-ETL/criminal_minds/criminal_env/lib/python3.12/site-packages/airflow/example_dags/example_external_task_marker_dag.py
[2024-09-30T00:08:16.721-0500] {processor.py:914} INFO - Processing file /home/joan/Desktop/Proyect-ETL/criminal_minds/criminal_env/lib/python3.12/site-packages/airflow/example_dags/example_external_task_marker_dag.py for tasks to queue
[2024-09-30T00:08:16.723-0500] {logging_mixin.py:190} INFO - [2024-09-30T00:08:16.723-0500] {dagbag.py:588} INFO - Filling up the DagBag from /home/joan/Desktop/Proyect-ETL/criminal_minds/criminal_env/lib/python3.12/site-packages/airflow/example_dags/example_external_task_marker_dag.py
[2024-09-30T00:08:16.730-0500] {processor.py:925} INFO - DAG(s) 'example_external_task_marker_parent', 'example_external_task_marker_child' retrieved from /home/joan/Desktop/Proyect-ETL/criminal_minds/criminal_env/lib/python3.12/site-packages/airflow/example_dags/example_external_task_marker_dag.py
[2024-09-30T00:08:16.746-0500] {logging_mixin.py:190} INFO - [2024-09-30T00:08:16.746-0500] {dag.py:3239} INFO - Sync 2 DAGs
[2024-09-30T00:08:16.758-0500] {logging_mixin.py:190} INFO - [2024-09-30T00:08:16.757-0500] {dag.py:4180} INFO - Setting next_dagrun for example_external_task_marker_child to None, run_after=None
[2024-09-30T00:08:16.760-0500] {logging_mixin.py:190} INFO - [2024-09-30T00:08:16.760-0500] {dag.py:4180} INFO - Setting next_dagrun for example_external_task_marker_parent to None, run_after=None
[2024-09-30T00:08:16.781-0500] {processor.py:208} INFO - Processing /home/joan/Desktop/Proyect-ETL/criminal_minds/criminal_env/lib/python3.12/site-packages/airflow/example_dags/example_external_task_marker_dag.py took 0.077 seconds
