[2024-09-30T00:04:15.946-0500] {processor.py:186} INFO - Started process (PID=2969) to work on /home/joan/Desktop/Proyect-ETL/criminal_minds/criminal_env/lib/python3.12/site-packages/airflow/example_dags/example_inlet_event_extra.py
[2024-09-30T00:04:15.947-0500] {processor.py:914} INFO - Processing file /home/joan/Desktop/Proyect-ETL/criminal_minds/criminal_env/lib/python3.12/site-packages/airflow/example_dags/example_inlet_event_extra.py for tasks to queue
[2024-09-30T00:04:15.948-0500] {logging_mixin.py:190} INFO - [2024-09-30T00:04:15.948-0500] {dagbag.py:588} INFO - Filling up the DagBag from /home/joan/Desktop/Proyect-ETL/criminal_minds/criminal_env/lib/python3.12/site-packages/airflow/example_dags/example_inlet_event_extra.py
[2024-09-30T00:04:15.960-0500] {processor.py:925} INFO - DAG(s) 'read_dataset_event_from_classic', 'read_dataset_event' retrieved from /home/joan/Desktop/Proyect-ETL/criminal_minds/criminal_env/lib/python3.12/site-packages/airflow/example_dags/example_inlet_event_extra.py
[2024-09-30T00:04:16.084-0500] {logging_mixin.py:190} INFO - [2024-09-30T00:04:16.083-0500] {override.py:1901} INFO - Created Permission View: can read on DAG:read_dataset_event_from_classic
[2024-09-30T00:04:16.097-0500] {logging_mixin.py:190} INFO - [2024-09-30T00:04:16.096-0500] {override.py:1901} INFO - Created Permission View: can delete on DAG:read_dataset_event_from_classic
[2024-09-30T00:04:16.106-0500] {logging_mixin.py:190} INFO - [2024-09-30T00:04:16.106-0500] {override.py:1901} INFO - Created Permission View: can edit on DAG:read_dataset_event_from_classic
[2024-09-30T00:04:16.122-0500] {logging_mixin.py:190} INFO - [2024-09-30T00:04:16.121-0500] {override.py:1901} INFO - Created Permission View: can read on DAG Run:read_dataset_event_from_classic
[2024-09-30T00:04:16.132-0500] {logging_mixin.py:190} INFO - [2024-09-30T00:04:16.132-0500] {override.py:1901} INFO - Created Permission View: menu access on DAG Run:read_dataset_event_from_classic
[2024-09-30T00:04:16.141-0500] {logging_mixin.py:190} INFO - [2024-09-30T00:04:16.141-0500] {override.py:1901} INFO - Created Permission View: can delete on DAG Run:read_dataset_event_from_classic
[2024-09-30T00:04:16.150-0500] {logging_mixin.py:190} INFO - [2024-09-30T00:04:16.149-0500] {override.py:1901} INFO - Created Permission View: can create on DAG Run:read_dataset_event_from_classic
[2024-09-30T00:04:16.170-0500] {logging_mixin.py:190} INFO - [2024-09-30T00:04:16.170-0500] {override.py:1901} INFO - Created Permission View: can read on DAG:read_dataset_event
[2024-09-30T00:04:16.179-0500] {logging_mixin.py:190} INFO - [2024-09-30T00:04:16.178-0500] {override.py:1901} INFO - Created Permission View: can delete on DAG:read_dataset_event
[2024-09-30T00:04:16.188-0500] {logging_mixin.py:190} INFO - [2024-09-30T00:04:16.188-0500] {override.py:1901} INFO - Created Permission View: can edit on DAG:read_dataset_event
[2024-09-30T00:04:16.203-0500] {logging_mixin.py:190} INFO - [2024-09-30T00:04:16.202-0500] {override.py:1901} INFO - Created Permission View: can read on DAG Run:read_dataset_event
[2024-09-30T00:04:16.212-0500] {logging_mixin.py:190} INFO - [2024-09-30T00:04:16.211-0500] {override.py:1901} INFO - Created Permission View: menu access on DAG Run:read_dataset_event
[2024-09-30T00:04:16.224-0500] {logging_mixin.py:190} INFO - [2024-09-30T00:04:16.224-0500] {override.py:1901} INFO - Created Permission View: can delete on DAG Run:read_dataset_event
[2024-09-30T00:04:16.233-0500] {logging_mixin.py:190} INFO - [2024-09-30T00:04:16.233-0500] {override.py:1901} INFO - Created Permission View: can create on DAG Run:read_dataset_event
[2024-09-30T00:04:16.233-0500] {logging_mixin.py:190} INFO - [2024-09-30T00:04:16.233-0500] {dag.py:3239} INFO - Sync 2 DAGs
[2024-09-30T00:04:16.244-0500] {logging_mixin.py:190} INFO - [2024-09-30T00:04:16.244-0500] {dag.py:3262} INFO - Creating ORM DAG for read_dataset_event_from_classic
[2024-09-30T00:04:16.245-0500] {logging_mixin.py:190} INFO - [2024-09-30T00:04:16.245-0500] {dag.py:3262} INFO - Creating ORM DAG for read_dataset_event
[2024-09-30T00:04:16.253-0500] {logging_mixin.py:190} INFO - [2024-09-30T00:04:16.253-0500] {dag.py:4180} INFO - Setting next_dagrun for read_dataset_event to 2024-09-29 00:00:00+00:00, run_after=2024-09-30 00:00:00+00:00
[2024-09-30T00:04:16.255-0500] {logging_mixin.py:190} INFO - [2024-09-30T00:04:16.255-0500] {dag.py:4180} INFO - Setting next_dagrun for read_dataset_event_from_classic to 2024-09-29 00:00:00+00:00, run_after=2024-09-30 00:00:00+00:00
[2024-09-30T00:04:16.275-0500] {processor.py:208} INFO - Processing /home/joan/Desktop/Proyect-ETL/criminal_minds/criminal_env/lib/python3.12/site-packages/airflow/example_dags/example_inlet_event_extra.py took 0.334 seconds
[2024-09-30T00:05:21.126-0500] {processor.py:186} INFO - Started process (PID=3025) to work on /home/joan/Desktop/Proyect-ETL/criminal_minds/criminal_env/lib/python3.12/site-packages/airflow/example_dags/example_inlet_event_extra.py
[2024-09-30T00:05:21.138-0500] {processor.py:914} INFO - Processing file /home/joan/Desktop/Proyect-ETL/criminal_minds/criminal_env/lib/python3.12/site-packages/airflow/example_dags/example_inlet_event_extra.py for tasks to queue
[2024-09-30T00:05:21.140-0500] {logging_mixin.py:190} INFO - [2024-09-30T00:05:21.139-0500] {dagbag.py:588} INFO - Filling up the DagBag from /home/joan/Desktop/Proyect-ETL/criminal_minds/criminal_env/lib/python3.12/site-packages/airflow/example_dags/example_inlet_event_extra.py
[2024-09-30T00:05:21.151-0500] {processor.py:925} INFO - DAG(s) 'read_dataset_event_from_classic', 'read_dataset_event' retrieved from /home/joan/Desktop/Proyect-ETL/criminal_minds/criminal_env/lib/python3.12/site-packages/airflow/example_dags/example_inlet_event_extra.py
[2024-09-30T00:05:21.166-0500] {logging_mixin.py:190} INFO - [2024-09-30T00:05:21.166-0500] {dag.py:3239} INFO - Sync 2 DAGs
[2024-09-30T00:05:21.185-0500] {logging_mixin.py:190} INFO - [2024-09-30T00:05:21.185-0500] {dag.py:4180} INFO - Setting next_dagrun for read_dataset_event to 2024-09-29 00:00:00+00:00, run_after=2024-09-30 00:00:00+00:00
[2024-09-30T00:05:21.189-0500] {logging_mixin.py:190} INFO - [2024-09-30T00:05:21.189-0500] {dag.py:4180} INFO - Setting next_dagrun for read_dataset_event_from_classic to 2024-09-29 00:00:00+00:00, run_after=2024-09-30 00:00:00+00:00
[2024-09-30T00:05:21.210-0500] {processor.py:208} INFO - Processing /home/joan/Desktop/Proyect-ETL/criminal_minds/criminal_env/lib/python3.12/site-packages/airflow/example_dags/example_inlet_event_extra.py took 0.088 seconds
[2024-09-30T00:06:12.681-0500] {processor.py:186} INFO - Started process (PID=3349) to work on /home/joan/Desktop/Proyect-ETL/criminal_minds/criminal_env/lib/python3.12/site-packages/airflow/example_dags/example_inlet_event_extra.py
[2024-09-30T00:06:12.694-0500] {processor.py:914} INFO - Processing file /home/joan/Desktop/Proyect-ETL/criminal_minds/criminal_env/lib/python3.12/site-packages/airflow/example_dags/example_inlet_event_extra.py for tasks to queue
[2024-09-30T00:06:12.696-0500] {logging_mixin.py:190} INFO - [2024-09-30T00:06:12.696-0500] {dagbag.py:588} INFO - Filling up the DagBag from /home/joan/Desktop/Proyect-ETL/criminal_minds/criminal_env/lib/python3.12/site-packages/airflow/example_dags/example_inlet_event_extra.py
[2024-09-30T00:06:12.708-0500] {processor.py:925} INFO - DAG(s) 'read_dataset_event', 'read_dataset_event_from_classic' retrieved from /home/joan/Desktop/Proyect-ETL/criminal_minds/criminal_env/lib/python3.12/site-packages/airflow/example_dags/example_inlet_event_extra.py
[2024-09-30T00:06:12.728-0500] {logging_mixin.py:190} INFO - [2024-09-30T00:06:12.728-0500] {dag.py:3239} INFO - Sync 2 DAGs
[2024-09-30T00:06:12.750-0500] {logging_mixin.py:190} INFO - [2024-09-30T00:06:12.750-0500] {dag.py:4180} INFO - Setting next_dagrun for read_dataset_event to 2024-09-29 00:00:00+00:00, run_after=2024-09-30 00:00:00+00:00
[2024-09-30T00:06:12.755-0500] {logging_mixin.py:190} INFO - [2024-09-30T00:06:12.755-0500] {dag.py:4180} INFO - Setting next_dagrun for read_dataset_event_from_classic to 2024-09-29 00:00:00+00:00, run_after=2024-09-30 00:00:00+00:00
[2024-09-30T00:06:12.780-0500] {processor.py:208} INFO - Processing /home/joan/Desktop/Proyect-ETL/criminal_minds/criminal_env/lib/python3.12/site-packages/airflow/example_dags/example_inlet_event_extra.py took 0.104 seconds
[2024-09-30T00:07:07.296-0500] {processor.py:186} INFO - Started process (PID=3406) to work on /home/joan/Desktop/Proyect-ETL/criminal_minds/criminal_env/lib/python3.12/site-packages/airflow/example_dags/example_inlet_event_extra.py
[2024-09-30T00:07:07.308-0500] {processor.py:914} INFO - Processing file /home/joan/Desktop/Proyect-ETL/criminal_minds/criminal_env/lib/python3.12/site-packages/airflow/example_dags/example_inlet_event_extra.py for tasks to queue
[2024-09-30T00:07:07.310-0500] {logging_mixin.py:190} INFO - [2024-09-30T00:07:07.309-0500] {dagbag.py:588} INFO - Filling up the DagBag from /home/joan/Desktop/Proyect-ETL/criminal_minds/criminal_env/lib/python3.12/site-packages/airflow/example_dags/example_inlet_event_extra.py
[2024-09-30T00:07:07.321-0500] {processor.py:925} INFO - DAG(s) 'read_dataset_event', 'read_dataset_event_from_classic' retrieved from /home/joan/Desktop/Proyect-ETL/criminal_minds/criminal_env/lib/python3.12/site-packages/airflow/example_dags/example_inlet_event_extra.py
[2024-09-30T00:07:07.336-0500] {logging_mixin.py:190} INFO - [2024-09-30T00:07:07.336-0500] {dag.py:3239} INFO - Sync 2 DAGs
[2024-09-30T00:07:07.355-0500] {logging_mixin.py:190} INFO - [2024-09-30T00:07:07.355-0500] {dag.py:4180} INFO - Setting next_dagrun for read_dataset_event to 2024-09-29 00:00:00+00:00, run_after=2024-09-30 00:00:00+00:00
[2024-09-30T00:07:07.359-0500] {logging_mixin.py:190} INFO - [2024-09-30T00:07:07.359-0500] {dag.py:4180} INFO - Setting next_dagrun for read_dataset_event_from_classic to 2024-09-29 00:00:00+00:00, run_after=2024-09-30 00:00:00+00:00
[2024-09-30T00:07:07.379-0500] {processor.py:208} INFO - Processing /home/joan/Desktop/Proyect-ETL/criminal_minds/criminal_env/lib/python3.12/site-packages/airflow/example_dags/example_inlet_event_extra.py took 0.088 seconds
[2024-09-30T00:07:54.601-0500] {processor.py:186} INFO - Started process (PID=3457) to work on /home/joan/Desktop/Proyect-ETL/criminal_minds/criminal_env/lib/python3.12/site-packages/airflow/example_dags/example_inlet_event_extra.py
[2024-09-30T00:07:54.613-0500] {processor.py:914} INFO - Processing file /home/joan/Desktop/Proyect-ETL/criminal_minds/criminal_env/lib/python3.12/site-packages/airflow/example_dags/example_inlet_event_extra.py for tasks to queue
[2024-09-30T00:07:54.615-0500] {logging_mixin.py:190} INFO - [2024-09-30T00:07:54.615-0500] {dagbag.py:588} INFO - Filling up the DagBag from /home/joan/Desktop/Proyect-ETL/criminal_minds/criminal_env/lib/python3.12/site-packages/airflow/example_dags/example_inlet_event_extra.py
[2024-09-30T00:07:54.627-0500] {processor.py:925} INFO - DAG(s) 'read_dataset_event_from_classic', 'read_dataset_event' retrieved from /home/joan/Desktop/Proyect-ETL/criminal_minds/criminal_env/lib/python3.12/site-packages/airflow/example_dags/example_inlet_event_extra.py
[2024-09-30T00:07:54.643-0500] {logging_mixin.py:190} INFO - [2024-09-30T00:07:54.643-0500] {dag.py:3239} INFO - Sync 2 DAGs
[2024-09-30T00:07:54.663-0500] {logging_mixin.py:190} INFO - [2024-09-30T00:07:54.662-0500] {dag.py:4180} INFO - Setting next_dagrun for read_dataset_event to 2024-09-29 00:00:00+00:00, run_after=2024-09-30 00:00:00+00:00
[2024-09-30T00:07:54.667-0500] {logging_mixin.py:190} INFO - [2024-09-30T00:07:54.667-0500] {dag.py:4180} INFO - Setting next_dagrun for read_dataset_event_from_classic to 2024-09-29 00:00:00+00:00, run_after=2024-09-30 00:00:00+00:00
[2024-09-30T00:07:54.700-0500] {processor.py:208} INFO - Processing /home/joan/Desktop/Proyect-ETL/criminal_minds/criminal_env/lib/python3.12/site-packages/airflow/example_dags/example_inlet_event_extra.py took 0.104 seconds
[2024-09-30T00:08:41.660-0500] {processor.py:186} INFO - Started process (PID=3506) to work on /home/joan/Desktop/Proyect-ETL/criminal_minds/criminal_env/lib/python3.12/site-packages/airflow/example_dags/example_inlet_event_extra.py
[2024-09-30T00:08:41.661-0500] {processor.py:914} INFO - Processing file /home/joan/Desktop/Proyect-ETL/criminal_minds/criminal_env/lib/python3.12/site-packages/airflow/example_dags/example_inlet_event_extra.py for tasks to queue
[2024-09-30T00:08:41.663-0500] {logging_mixin.py:190} INFO - [2024-09-30T00:08:41.663-0500] {dagbag.py:588} INFO - Filling up the DagBag from /home/joan/Desktop/Proyect-ETL/criminal_minds/criminal_env/lib/python3.12/site-packages/airflow/example_dags/example_inlet_event_extra.py
[2024-09-30T00:08:41.675-0500] {processor.py:925} INFO - DAG(s) 'read_dataset_event_from_classic', 'read_dataset_event' retrieved from /home/joan/Desktop/Proyect-ETL/criminal_minds/criminal_env/lib/python3.12/site-packages/airflow/example_dags/example_inlet_event_extra.py
[2024-09-30T00:08:41.691-0500] {logging_mixin.py:190} INFO - [2024-09-30T00:08:41.691-0500] {dag.py:3239} INFO - Sync 2 DAGs
[2024-09-30T00:08:41.711-0500] {logging_mixin.py:190} INFO - [2024-09-30T00:08:41.710-0500] {dag.py:4180} INFO - Setting next_dagrun for read_dataset_event to 2024-09-29 00:00:00+00:00, run_after=2024-09-30 00:00:00+00:00
[2024-09-30T00:08:41.715-0500] {logging_mixin.py:190} INFO - [2024-09-30T00:08:41.714-0500] {dag.py:4180} INFO - Setting next_dagrun for read_dataset_event_from_classic to 2024-09-29 00:00:00+00:00, run_after=2024-09-30 00:00:00+00:00
[2024-09-30T00:08:41.734-0500] {processor.py:208} INFO - Processing /home/joan/Desktop/Proyect-ETL/criminal_minds/criminal_env/lib/python3.12/site-packages/airflow/example_dags/example_inlet_event_extra.py took 0.080 seconds
