[2024-09-30T00:04:36.862-0500] {processor.py:186} INFO - Started process (PID=2985) to work on /home/joan/Desktop/Proyect-ETL/criminal_minds/criminal_env/lib/python3.12/site-packages/airflow/example_dags/example_setup_teardown_taskflow.py
[2024-09-30T00:04:36.862-0500] {processor.py:914} INFO - Processing file /home/joan/Desktop/Proyect-ETL/criminal_minds/criminal_env/lib/python3.12/site-packages/airflow/example_dags/example_setup_teardown_taskflow.py for tasks to queue
[2024-09-30T00:04:36.864-0500] {logging_mixin.py:190} INFO - [2024-09-30T00:04:36.864-0500] {dagbag.py:588} INFO - Filling up the DagBag from /home/joan/Desktop/Proyect-ETL/criminal_minds/criminal_env/lib/python3.12/site-packages/airflow/example_dags/example_setup_teardown_taskflow.py
[2024-09-30T00:04:36.874-0500] {processor.py:925} INFO - DAG(s) 'example_setup_teardown_taskflow' retrieved from /home/joan/Desktop/Proyect-ETL/criminal_minds/criminal_env/lib/python3.12/site-packages/airflow/example_dags/example_setup_teardown_taskflow.py
[2024-09-30T00:04:36.989-0500] {logging_mixin.py:190} INFO - [2024-09-30T00:04:36.988-0500] {override.py:1901} INFO - Created Permission View: can read on DAG:example_setup_teardown_taskflow
[2024-09-30T00:04:37.001-0500] {logging_mixin.py:190} INFO - [2024-09-30T00:04:37.001-0500] {override.py:1901} INFO - Created Permission View: can delete on DAG:example_setup_teardown_taskflow
[2024-09-30T00:04:37.010-0500] {logging_mixin.py:190} INFO - [2024-09-30T00:04:37.010-0500] {override.py:1901} INFO - Created Permission View: can edit on DAG:example_setup_teardown_taskflow
[2024-09-30T00:04:37.025-0500] {logging_mixin.py:190} INFO - [2024-09-30T00:04:37.024-0500] {override.py:1901} INFO - Created Permission View: can read on DAG Run:example_setup_teardown_taskflow
[2024-09-30T00:04:37.034-0500] {logging_mixin.py:190} INFO - [2024-09-30T00:04:37.034-0500] {override.py:1901} INFO - Created Permission View: menu access on DAG Run:example_setup_teardown_taskflow
[2024-09-30T00:04:37.043-0500] {logging_mixin.py:190} INFO - [2024-09-30T00:04:37.042-0500] {override.py:1901} INFO - Created Permission View: can delete on DAG Run:example_setup_teardown_taskflow
[2024-09-30T00:04:37.052-0500] {logging_mixin.py:190} INFO - [2024-09-30T00:04:37.051-0500] {override.py:1901} INFO - Created Permission View: can create on DAG Run:example_setup_teardown_taskflow
[2024-09-30T00:04:37.052-0500] {logging_mixin.py:190} INFO - [2024-09-30T00:04:37.052-0500] {dag.py:3239} INFO - Sync 1 DAGs
[2024-09-30T00:04:37.064-0500] {logging_mixin.py:190} INFO - [2024-09-30T00:04:37.064-0500] {dag.py:3262} INFO - Creating ORM DAG for example_setup_teardown_taskflow
[2024-09-30T00:04:37.065-0500] {logging_mixin.py:190} INFO - [2024-09-30T00:04:37.065-0500] {dag.py:4180} INFO - Setting next_dagrun for example_setup_teardown_taskflow to None, run_after=None
[2024-09-30T00:04:37.084-0500] {processor.py:208} INFO - Processing /home/joan/Desktop/Proyect-ETL/criminal_minds/criminal_env/lib/python3.12/site-packages/airflow/example_dags/example_setup_teardown_taskflow.py took 0.227 seconds
[2024-09-30T00:05:37.729-0500] {processor.py:186} INFO - Started process (PID=3042) to work on /home/joan/Desktop/Proyect-ETL/criminal_minds/criminal_env/lib/python3.12/site-packages/airflow/example_dags/example_setup_teardown_taskflow.py
[2024-09-30T00:05:37.731-0500] {processor.py:914} INFO - Processing file /home/joan/Desktop/Proyect-ETL/criminal_minds/criminal_env/lib/python3.12/site-packages/airflow/example_dags/example_setup_teardown_taskflow.py for tasks to queue
[2024-09-30T00:05:37.732-0500] {logging_mixin.py:190} INFO - [2024-09-30T00:05:37.732-0500] {dagbag.py:588} INFO - Filling up the DagBag from /home/joan/Desktop/Proyect-ETL/criminal_minds/criminal_env/lib/python3.12/site-packages/airflow/example_dags/example_setup_teardown_taskflow.py
[2024-09-30T00:05:37.742-0500] {processor.py:925} INFO - DAG(s) 'example_setup_teardown_taskflow' retrieved from /home/joan/Desktop/Proyect-ETL/criminal_minds/criminal_env/lib/python3.12/site-packages/airflow/example_dags/example_setup_teardown_taskflow.py
[2024-09-30T00:05:37.758-0500] {logging_mixin.py:190} INFO - [2024-09-30T00:05:37.758-0500] {dag.py:3239} INFO - Sync 1 DAGs
[2024-09-30T00:05:37.769-0500] {logging_mixin.py:190} INFO - [2024-09-30T00:05:37.769-0500] {dag.py:4180} INFO - Setting next_dagrun for example_setup_teardown_taskflow to None, run_after=None
[2024-09-30T00:05:37.791-0500] {processor.py:208} INFO - Processing /home/joan/Desktop/Proyect-ETL/criminal_minds/criminal_env/lib/python3.12/site-packages/airflow/example_dags/example_setup_teardown_taskflow.py took 0.066 seconds
[2024-09-30T00:06:28.597-0500] {processor.py:186} INFO - Started process (PID=3366) to work on /home/joan/Desktop/Proyect-ETL/criminal_minds/criminal_env/lib/python3.12/site-packages/airflow/example_dags/example_setup_teardown_taskflow.py
[2024-09-30T00:06:28.599-0500] {processor.py:914} INFO - Processing file /home/joan/Desktop/Proyect-ETL/criminal_minds/criminal_env/lib/python3.12/site-packages/airflow/example_dags/example_setup_teardown_taskflow.py for tasks to queue
[2024-09-30T00:06:28.601-0500] {logging_mixin.py:190} INFO - [2024-09-30T00:06:28.600-0500] {dagbag.py:588} INFO - Filling up the DagBag from /home/joan/Desktop/Proyect-ETL/criminal_minds/criminal_env/lib/python3.12/site-packages/airflow/example_dags/example_setup_teardown_taskflow.py
[2024-09-30T00:06:28.610-0500] {processor.py:925} INFO - DAG(s) 'example_setup_teardown_taskflow' retrieved from /home/joan/Desktop/Proyect-ETL/criminal_minds/criminal_env/lib/python3.12/site-packages/airflow/example_dags/example_setup_teardown_taskflow.py
[2024-09-30T00:06:28.626-0500] {logging_mixin.py:190} INFO - [2024-09-30T00:06:28.626-0500] {dag.py:3239} INFO - Sync 1 DAGs
[2024-09-30T00:06:28.637-0500] {logging_mixin.py:190} INFO - [2024-09-30T00:06:28.636-0500] {dag.py:4180} INFO - Setting next_dagrun for example_setup_teardown_taskflow to None, run_after=None
[2024-09-30T00:06:28.658-0500] {processor.py:208} INFO - Processing /home/joan/Desktop/Proyect-ETL/criminal_minds/criminal_env/lib/python3.12/site-packages/airflow/example_dags/example_setup_teardown_taskflow.py took 0.065 seconds
[2024-09-30T00:07:23.360-0500] {processor.py:186} INFO - Started process (PID=3423) to work on /home/joan/Desktop/Proyect-ETL/criminal_minds/criminal_env/lib/python3.12/site-packages/airflow/example_dags/example_setup_teardown_taskflow.py
[2024-09-30T00:07:23.372-0500] {processor.py:914} INFO - Processing file /home/joan/Desktop/Proyect-ETL/criminal_minds/criminal_env/lib/python3.12/site-packages/airflow/example_dags/example_setup_teardown_taskflow.py for tasks to queue
[2024-09-30T00:07:23.374-0500] {logging_mixin.py:190} INFO - [2024-09-30T00:07:23.374-0500] {dagbag.py:588} INFO - Filling up the DagBag from /home/joan/Desktop/Proyect-ETL/criminal_minds/criminal_env/lib/python3.12/site-packages/airflow/example_dags/example_setup_teardown_taskflow.py
[2024-09-30T00:07:23.384-0500] {processor.py:925} INFO - DAG(s) 'example_setup_teardown_taskflow' retrieved from /home/joan/Desktop/Proyect-ETL/criminal_minds/criminal_env/lib/python3.12/site-packages/airflow/example_dags/example_setup_teardown_taskflow.py
[2024-09-30T00:07:23.400-0500] {logging_mixin.py:190} INFO - [2024-09-30T00:07:23.400-0500] {dag.py:3239} INFO - Sync 1 DAGs
[2024-09-30T00:07:23.412-0500] {logging_mixin.py:190} INFO - [2024-09-30T00:07:23.411-0500] {dag.py:4180} INFO - Setting next_dagrun for example_setup_teardown_taskflow to None, run_after=None
[2024-09-30T00:07:23.436-0500] {processor.py:208} INFO - Processing /home/joan/Desktop/Proyect-ETL/criminal_minds/criminal_env/lib/python3.12/site-packages/airflow/example_dags/example_setup_teardown_taskflow.py took 0.080 seconds
[2024-09-30T00:08:31.694-0500] {processor.py:186} INFO - Started process (PID=3497) to work on /home/joan/Desktop/Proyect-ETL/criminal_minds/criminal_env/lib/python3.12/site-packages/airflow/example_dags/example_setup_teardown_taskflow.py
[2024-09-30T00:08:31.695-0500] {processor.py:914} INFO - Processing file /home/joan/Desktop/Proyect-ETL/criminal_minds/criminal_env/lib/python3.12/site-packages/airflow/example_dags/example_setup_teardown_taskflow.py for tasks to queue
[2024-09-30T00:08:31.697-0500] {logging_mixin.py:190} INFO - [2024-09-30T00:08:31.696-0500] {dagbag.py:588} INFO - Filling up the DagBag from /home/joan/Desktop/Proyect-ETL/criminal_minds/criminal_env/lib/python3.12/site-packages/airflow/example_dags/example_setup_teardown_taskflow.py
[2024-09-30T00:08:31.707-0500] {processor.py:925} INFO - DAG(s) 'example_setup_teardown_taskflow' retrieved from /home/joan/Desktop/Proyect-ETL/criminal_minds/criminal_env/lib/python3.12/site-packages/airflow/example_dags/example_setup_teardown_taskflow.py
[2024-09-30T00:08:31.723-0500] {logging_mixin.py:190} INFO - [2024-09-30T00:08:31.723-0500] {dag.py:3239} INFO - Sync 1 DAGs
[2024-09-30T00:08:31.736-0500] {logging_mixin.py:190} INFO - [2024-09-30T00:08:31.736-0500] {dag.py:4180} INFO - Setting next_dagrun for example_setup_teardown_taskflow to None, run_after=None
[2024-09-30T00:08:31.757-0500] {processor.py:208} INFO - Processing /home/joan/Desktop/Proyect-ETL/criminal_minds/criminal_env/lib/python3.12/site-packages/airflow/example_dags/example_setup_teardown_taskflow.py took 0.068 seconds
