[2024-09-30T00:04:18.044-0500] {processor.py:186} INFO - Started process (PID=2971) to work on /home/joan/Desktop/Proyect-ETL/criminal_minds/criminal_env/lib/python3.12/site-packages/airflow/example_dags/example_branch_labels.py
[2024-09-30T00:04:18.044-0500] {processor.py:914} INFO - Processing file /home/joan/Desktop/Proyect-ETL/criminal_minds/criminal_env/lib/python3.12/site-packages/airflow/example_dags/example_branch_labels.py for tasks to queue
[2024-09-30T00:04:18.046-0500] {logging_mixin.py:190} INFO - [2024-09-30T00:04:18.046-0500] {dagbag.py:588} INFO - Filling up the DagBag from /home/joan/Desktop/Proyect-ETL/criminal_minds/criminal_env/lib/python3.12/site-packages/airflow/example_dags/example_branch_labels.py
[2024-09-30T00:04:18.055-0500] {processor.py:925} INFO - DAG(s) 'example_branch_labels' retrieved from /home/joan/Desktop/Proyect-ETL/criminal_minds/criminal_env/lib/python3.12/site-packages/airflow/example_dags/example_branch_labels.py
[2024-09-30T00:04:18.171-0500] {logging_mixin.py:190} INFO - [2024-09-30T00:04:18.170-0500] {override.py:1901} INFO - Created Permission View: can read on DAG:example_branch_labels
[2024-09-30T00:04:18.184-0500] {logging_mixin.py:190} INFO - [2024-09-30T00:04:18.183-0500] {override.py:1901} INFO - Created Permission View: can delete on DAG:example_branch_labels
[2024-09-30T00:04:18.193-0500] {logging_mixin.py:190} INFO - [2024-09-30T00:04:18.193-0500] {override.py:1901} INFO - Created Permission View: can edit on DAG:example_branch_labels
[2024-09-30T00:04:18.208-0500] {logging_mixin.py:190} INFO - [2024-09-30T00:04:18.207-0500] {override.py:1901} INFO - Created Permission View: can read on DAG Run:example_branch_labels
[2024-09-30T00:04:18.217-0500] {logging_mixin.py:190} INFO - [2024-09-30T00:04:18.217-0500] {override.py:1901} INFO - Created Permission View: menu access on DAG Run:example_branch_labels
[2024-09-30T00:04:18.227-0500] {logging_mixin.py:190} INFO - [2024-09-30T00:04:18.227-0500] {override.py:1901} INFO - Created Permission View: can delete on DAG Run:example_branch_labels
[2024-09-30T00:04:18.236-0500] {logging_mixin.py:190} INFO - [2024-09-30T00:04:18.236-0500] {override.py:1901} INFO - Created Permission View: can create on DAG Run:example_branch_labels
[2024-09-30T00:04:18.236-0500] {logging_mixin.py:190} INFO - [2024-09-30T00:04:18.236-0500] {dag.py:3239} INFO - Sync 1 DAGs
[2024-09-30T00:04:18.246-0500] {logging_mixin.py:190} INFO - [2024-09-30T00:04:18.246-0500] {dag.py:3262} INFO - Creating ORM DAG for example_branch_labels
[2024-09-30T00:04:18.255-0500] {logging_mixin.py:190} INFO - [2024-09-30T00:04:18.255-0500] {dag.py:4180} INFO - Setting next_dagrun for example_branch_labels to 2024-09-29 00:00:00+00:00, run_after=2024-09-30 00:00:00+00:00
[2024-09-30T00:04:18.272-0500] {processor.py:208} INFO - Processing /home/joan/Desktop/Proyect-ETL/criminal_minds/criminal_env/lib/python3.12/site-packages/airflow/example_dags/example_branch_labels.py took 0.233 seconds
[2024-09-30T00:05:23.423-0500] {processor.py:186} INFO - Started process (PID=3027) to work on /home/joan/Desktop/Proyect-ETL/criminal_minds/criminal_env/lib/python3.12/site-packages/airflow/example_dags/example_branch_labels.py
[2024-09-30T00:05:23.425-0500] {processor.py:914} INFO - Processing file /home/joan/Desktop/Proyect-ETL/criminal_minds/criminal_env/lib/python3.12/site-packages/airflow/example_dags/example_branch_labels.py for tasks to queue
[2024-09-30T00:05:23.426-0500] {logging_mixin.py:190} INFO - [2024-09-30T00:05:23.426-0500] {dagbag.py:588} INFO - Filling up the DagBag from /home/joan/Desktop/Proyect-ETL/criminal_minds/criminal_env/lib/python3.12/site-packages/airflow/example_dags/example_branch_labels.py
[2024-09-30T00:05:23.435-0500] {processor.py:925} INFO - DAG(s) 'example_branch_labels' retrieved from /home/joan/Desktop/Proyect-ETL/criminal_minds/criminal_env/lib/python3.12/site-packages/airflow/example_dags/example_branch_labels.py
[2024-09-30T00:05:23.451-0500] {logging_mixin.py:190} INFO - [2024-09-30T00:05:23.451-0500] {dag.py:3239} INFO - Sync 1 DAGs
[2024-09-30T00:05:23.472-0500] {logging_mixin.py:190} INFO - [2024-09-30T00:05:23.472-0500] {dag.py:4180} INFO - Setting next_dagrun for example_branch_labels to 2024-09-29 00:00:00+00:00, run_after=2024-09-30 00:00:00+00:00
[2024-09-30T00:05:23.500-0500] {processor.py:208} INFO - Processing /home/joan/Desktop/Proyect-ETL/criminal_minds/criminal_env/lib/python3.12/site-packages/airflow/example_dags/example_branch_labels.py took 0.081 seconds
[2024-09-30T00:06:15.079-0500] {processor.py:186} INFO - Started process (PID=3351) to work on /home/joan/Desktop/Proyect-ETL/criminal_minds/criminal_env/lib/python3.12/site-packages/airflow/example_dags/example_branch_labels.py
[2024-09-30T00:06:15.081-0500] {processor.py:914} INFO - Processing file /home/joan/Desktop/Proyect-ETL/criminal_minds/criminal_env/lib/python3.12/site-packages/airflow/example_dags/example_branch_labels.py for tasks to queue
[2024-09-30T00:06:15.083-0500] {logging_mixin.py:190} INFO - [2024-09-30T00:06:15.082-0500] {dagbag.py:588} INFO - Filling up the DagBag from /home/joan/Desktop/Proyect-ETL/criminal_minds/criminal_env/lib/python3.12/site-packages/airflow/example_dags/example_branch_labels.py
[2024-09-30T00:06:15.092-0500] {processor.py:925} INFO - DAG(s) 'example_branch_labels' retrieved from /home/joan/Desktop/Proyect-ETL/criminal_minds/criminal_env/lib/python3.12/site-packages/airflow/example_dags/example_branch_labels.py
[2024-09-30T00:06:15.106-0500] {logging_mixin.py:190} INFO - [2024-09-30T00:06:15.106-0500] {dag.py:3239} INFO - Sync 1 DAGs
[2024-09-30T00:06:15.125-0500] {logging_mixin.py:190} INFO - [2024-09-30T00:06:15.124-0500] {dag.py:4180} INFO - Setting next_dagrun for example_branch_labels to 2024-09-29 00:00:00+00:00, run_after=2024-09-30 00:00:00+00:00
[2024-09-30T00:06:15.146-0500] {processor.py:208} INFO - Processing /home/joan/Desktop/Proyect-ETL/criminal_minds/criminal_env/lib/python3.12/site-packages/airflow/example_dags/example_branch_labels.py took 0.071 seconds
[2024-09-30T00:07:09.610-0500] {processor.py:186} INFO - Started process (PID=3408) to work on /home/joan/Desktop/Proyect-ETL/criminal_minds/criminal_env/lib/python3.12/site-packages/airflow/example_dags/example_branch_labels.py
[2024-09-30T00:07:09.622-0500] {processor.py:914} INFO - Processing file /home/joan/Desktop/Proyect-ETL/criminal_minds/criminal_env/lib/python3.12/site-packages/airflow/example_dags/example_branch_labels.py for tasks to queue
[2024-09-30T00:07:09.624-0500] {logging_mixin.py:190} INFO - [2024-09-30T00:07:09.623-0500] {dagbag.py:588} INFO - Filling up the DagBag from /home/joan/Desktop/Proyect-ETL/criminal_minds/criminal_env/lib/python3.12/site-packages/airflow/example_dags/example_branch_labels.py
[2024-09-30T00:07:09.632-0500] {processor.py:925} INFO - DAG(s) 'example_branch_labels' retrieved from /home/joan/Desktop/Proyect-ETL/criminal_minds/criminal_env/lib/python3.12/site-packages/airflow/example_dags/example_branch_labels.py
[2024-09-30T00:07:09.647-0500] {logging_mixin.py:190} INFO - [2024-09-30T00:07:09.647-0500] {dag.py:3239} INFO - Sync 1 DAGs
[2024-09-30T00:07:09.666-0500] {logging_mixin.py:190} INFO - [2024-09-30T00:07:09.666-0500] {dag.py:4180} INFO - Setting next_dagrun for example_branch_labels to 2024-09-29 00:00:00+00:00, run_after=2024-09-30 00:00:00+00:00
[2024-09-30T00:07:09.697-0500] {processor.py:208} INFO - Processing /home/joan/Desktop/Proyect-ETL/criminal_minds/criminal_env/lib/python3.12/site-packages/airflow/example_dags/example_branch_labels.py took 0.092 seconds
[2024-09-30T00:07:56.335-0500] {processor.py:186} INFO - Started process (PID=3459) to work on /home/joan/Desktop/Proyect-ETL/criminal_minds/criminal_env/lib/python3.12/site-packages/airflow/example_dags/example_branch_labels.py
[2024-09-30T00:07:56.336-0500] {processor.py:914} INFO - Processing file /home/joan/Desktop/Proyect-ETL/criminal_minds/criminal_env/lib/python3.12/site-packages/airflow/example_dags/example_branch_labels.py for tasks to queue
[2024-09-30T00:07:56.338-0500] {logging_mixin.py:190} INFO - [2024-09-30T00:07:56.338-0500] {dagbag.py:588} INFO - Filling up the DagBag from /home/joan/Desktop/Proyect-ETL/criminal_minds/criminal_env/lib/python3.12/site-packages/airflow/example_dags/example_branch_labels.py
[2024-09-30T00:07:56.350-0500] {processor.py:925} INFO - DAG(s) 'example_branch_labels' retrieved from /home/joan/Desktop/Proyect-ETL/criminal_minds/criminal_env/lib/python3.12/site-packages/airflow/example_dags/example_branch_labels.py
[2024-09-30T00:07:56.365-0500] {logging_mixin.py:190} INFO - [2024-09-30T00:07:56.365-0500] {dag.py:3239} INFO - Sync 1 DAGs
[2024-09-30T00:07:56.385-0500] {logging_mixin.py:190} INFO - [2024-09-30T00:07:56.385-0500] {dag.py:4180} INFO - Setting next_dagrun for example_branch_labels to 2024-09-29 00:00:00+00:00, run_after=2024-09-30 00:00:00+00:00
[2024-09-30T00:07:56.408-0500] {processor.py:208} INFO - Processing /home/joan/Desktop/Proyect-ETL/criminal_minds/criminal_env/lib/python3.12/site-packages/airflow/example_dags/example_branch_labels.py took 0.079 seconds
[2024-09-30T00:08:43.156-0500] {processor.py:186} INFO - Started process (PID=3508) to work on /home/joan/Desktop/Proyect-ETL/criminal_minds/criminal_env/lib/python3.12/site-packages/airflow/example_dags/example_branch_labels.py
[2024-09-30T00:08:43.158-0500] {processor.py:914} INFO - Processing file /home/joan/Desktop/Proyect-ETL/criminal_minds/criminal_env/lib/python3.12/site-packages/airflow/example_dags/example_branch_labels.py for tasks to queue
[2024-09-30T00:08:43.160-0500] {logging_mixin.py:190} INFO - [2024-09-30T00:08:43.159-0500] {dagbag.py:588} INFO - Filling up the DagBag from /home/joan/Desktop/Proyect-ETL/criminal_minds/criminal_env/lib/python3.12/site-packages/airflow/example_dags/example_branch_labels.py
[2024-09-30T00:08:43.168-0500] {processor.py:925} INFO - DAG(s) 'example_branch_labels' retrieved from /home/joan/Desktop/Proyect-ETL/criminal_minds/criminal_env/lib/python3.12/site-packages/airflow/example_dags/example_branch_labels.py
[2024-09-30T00:08:43.183-0500] {logging_mixin.py:190} INFO - [2024-09-30T00:08:43.183-0500] {dag.py:3239} INFO - Sync 1 DAGs
[2024-09-30T00:08:43.201-0500] {logging_mixin.py:190} INFO - [2024-09-30T00:08:43.201-0500] {dag.py:4180} INFO - Setting next_dagrun for example_branch_labels to 2024-09-29 00:00:00+00:00, run_after=2024-09-30 00:00:00+00:00
[2024-09-30T00:08:43.222-0500] {processor.py:208} INFO - Processing /home/joan/Desktop/Proyect-ETL/criminal_minds/criminal_env/lib/python3.12/site-packages/airflow/example_dags/example_branch_labels.py took 0.070 seconds
