[2024-09-30T00:04:50.935-0500] {processor.py:186} INFO - Started process (PID=2997) to work on /home/joan/Desktop/Proyect-ETL/criminal_minds/criminal_env/lib/python3.12/site-packages/airflow/example_dags/example_branch_datetime_operator.py
[2024-09-30T00:04:50.936-0500] {processor.py:914} INFO - Processing file /home/joan/Desktop/Proyect-ETL/criminal_minds/criminal_env/lib/python3.12/site-packages/airflow/example_dags/example_branch_datetime_operator.py for tasks to queue
[2024-09-30T00:04:50.938-0500] {logging_mixin.py:190} INFO - [2024-09-30T00:04:50.937-0500] {dagbag.py:588} INFO - Filling up the DagBag from /home/joan/Desktop/Proyect-ETL/criminal_minds/criminal_env/lib/python3.12/site-packages/airflow/example_dags/example_branch_datetime_operator.py
[2024-09-30T00:04:50.948-0500] {processor.py:925} INFO - DAG(s) 'example_branch_datetime_operator_2', 'example_branch_datetime_operator', 'example_branch_datetime_operator_3' retrieved from /home/joan/Desktop/Proyect-ETL/criminal_minds/criminal_env/lib/python3.12/site-packages/airflow/example_dags/example_branch_datetime_operator.py
[2024-09-30T00:04:51.050-0500] {logging_mixin.py:190} INFO - [2024-09-30T00:04:51.049-0500] {override.py:1901} INFO - Created Permission View: can read on DAG:example_branch_datetime_operator_2
[2024-09-30T00:04:51.063-0500] {logging_mixin.py:190} INFO - [2024-09-30T00:04:51.062-0500] {override.py:1901} INFO - Created Permission View: can delete on DAG:example_branch_datetime_operator_2
[2024-09-30T00:04:51.072-0500] {logging_mixin.py:190} INFO - [2024-09-30T00:04:51.072-0500] {override.py:1901} INFO - Created Permission View: can edit on DAG:example_branch_datetime_operator_2
[2024-09-30T00:04:51.087-0500] {logging_mixin.py:190} INFO - [2024-09-30T00:04:51.086-0500] {override.py:1901} INFO - Created Permission View: can read on DAG Run:example_branch_datetime_operator_2
[2024-09-30T00:04:51.096-0500] {logging_mixin.py:190} INFO - [2024-09-30T00:04:51.095-0500] {override.py:1901} INFO - Created Permission View: menu access on DAG Run:example_branch_datetime_operator_2
[2024-09-30T00:04:51.105-0500] {logging_mixin.py:190} INFO - [2024-09-30T00:04:51.104-0500] {override.py:1901} INFO - Created Permission View: can delete on DAG Run:example_branch_datetime_operator_2
[2024-09-30T00:04:51.114-0500] {logging_mixin.py:190} INFO - [2024-09-30T00:04:51.113-0500] {override.py:1901} INFO - Created Permission View: can create on DAG Run:example_branch_datetime_operator_2
[2024-09-30T00:04:51.134-0500] {logging_mixin.py:190} INFO - [2024-09-30T00:04:51.134-0500] {override.py:1901} INFO - Created Permission View: can read on DAG:example_branch_datetime_operator
[2024-09-30T00:04:51.143-0500] {logging_mixin.py:190} INFO - [2024-09-30T00:04:51.143-0500] {override.py:1901} INFO - Created Permission View: can delete on DAG:example_branch_datetime_operator
[2024-09-30T00:04:51.152-0500] {logging_mixin.py:190} INFO - [2024-09-30T00:04:51.151-0500] {override.py:1901} INFO - Created Permission View: can edit on DAG:example_branch_datetime_operator
[2024-09-30T00:04:51.166-0500] {logging_mixin.py:190} INFO - [2024-09-30T00:04:51.166-0500] {override.py:1901} INFO - Created Permission View: can read on DAG Run:example_branch_datetime_operator
[2024-09-30T00:04:51.175-0500] {logging_mixin.py:190} INFO - [2024-09-30T00:04:51.174-0500] {override.py:1901} INFO - Created Permission View: menu access on DAG Run:example_branch_datetime_operator
[2024-09-30T00:04:51.184-0500] {logging_mixin.py:190} INFO - [2024-09-30T00:04:51.184-0500] {override.py:1901} INFO - Created Permission View: can delete on DAG Run:example_branch_datetime_operator
[2024-09-30T00:04:51.193-0500] {logging_mixin.py:190} INFO - [2024-09-30T00:04:51.193-0500] {override.py:1901} INFO - Created Permission View: can create on DAG Run:example_branch_datetime_operator
[2024-09-30T00:04:51.216-0500] {logging_mixin.py:190} INFO - [2024-09-30T00:04:51.215-0500] {override.py:1901} INFO - Created Permission View: can read on DAG:example_branch_datetime_operator_3
[2024-09-30T00:04:51.224-0500] {logging_mixin.py:190} INFO - [2024-09-30T00:04:51.224-0500] {override.py:1901} INFO - Created Permission View: can delete on DAG:example_branch_datetime_operator_3
[2024-09-30T00:04:51.233-0500] {logging_mixin.py:190} INFO - [2024-09-30T00:04:51.232-0500] {override.py:1901} INFO - Created Permission View: can edit on DAG:example_branch_datetime_operator_3
[2024-09-30T00:04:51.246-0500] {logging_mixin.py:190} INFO - [2024-09-30T00:04:51.246-0500] {override.py:1901} INFO - Created Permission View: can read on DAG Run:example_branch_datetime_operator_3
[2024-09-30T00:04:51.255-0500] {logging_mixin.py:190} INFO - [2024-09-30T00:04:51.255-0500] {override.py:1901} INFO - Created Permission View: menu access on DAG Run:example_branch_datetime_operator_3
[2024-09-30T00:04:51.265-0500] {logging_mixin.py:190} INFO - [2024-09-30T00:04:51.264-0500] {override.py:1901} INFO - Created Permission View: can delete on DAG Run:example_branch_datetime_operator_3
[2024-09-30T00:04:51.273-0500] {logging_mixin.py:190} INFO - [2024-09-30T00:04:51.273-0500] {override.py:1901} INFO - Created Permission View: can create on DAG Run:example_branch_datetime_operator_3
[2024-09-30T00:04:51.274-0500] {logging_mixin.py:190} INFO - [2024-09-30T00:04:51.273-0500] {dag.py:3239} INFO - Sync 3 DAGs
[2024-09-30T00:04:51.285-0500] {logging_mixin.py:190} INFO - [2024-09-30T00:04:51.285-0500] {dag.py:3262} INFO - Creating ORM DAG for example_branch_datetime_operator_3
[2024-09-30T00:04:51.286-0500] {logging_mixin.py:190} INFO - [2024-09-30T00:04:51.286-0500] {dag.py:3262} INFO - Creating ORM DAG for example_branch_datetime_operator_2
[2024-09-30T00:04:51.286-0500] {logging_mixin.py:190} INFO - [2024-09-30T00:04:51.286-0500] {dag.py:3262} INFO - Creating ORM DAG for example_branch_datetime_operator
[2024-09-30T00:04:51.295-0500] {logging_mixin.py:190} INFO - [2024-09-30T00:04:51.295-0500] {dag.py:4180} INFO - Setting next_dagrun for example_branch_datetime_operator to 2024-09-29 00:00:00+00:00, run_after=2024-09-30 00:00:00+00:00
[2024-09-30T00:04:51.297-0500] {logging_mixin.py:190} INFO - [2024-09-30T00:04:51.297-0500] {dag.py:4180} INFO - Setting next_dagrun for example_branch_datetime_operator_2 to 2024-09-29 00:00:00+00:00, run_after=2024-09-30 00:00:00+00:00
[2024-09-30T00:04:51.298-0500] {logging_mixin.py:190} INFO - [2024-09-30T00:04:51.298-0500] {dag.py:4180} INFO - Setting next_dagrun for example_branch_datetime_operator_3 to 2024-09-29 00:00:00+00:00, run_after=2024-09-30 00:00:00+00:00
[2024-09-30T00:04:51.318-0500] {processor.py:208} INFO - Processing /home/joan/Desktop/Proyect-ETL/criminal_minds/criminal_env/lib/python3.12/site-packages/airflow/example_dags/example_branch_datetime_operator.py took 0.388 seconds
[2024-09-30T00:05:47.560-0500] {processor.py:186} INFO - Started process (PID=3054) to work on /home/joan/Desktop/Proyect-ETL/criminal_minds/criminal_env/lib/python3.12/site-packages/airflow/example_dags/example_branch_datetime_operator.py
[2024-09-30T00:05:47.571-0500] {processor.py:914} INFO - Processing file /home/joan/Desktop/Proyect-ETL/criminal_minds/criminal_env/lib/python3.12/site-packages/airflow/example_dags/example_branch_datetime_operator.py for tasks to queue
[2024-09-30T00:05:47.574-0500] {logging_mixin.py:190} INFO - [2024-09-30T00:05:47.573-0500] {dagbag.py:588} INFO - Filling up the DagBag from /home/joan/Desktop/Proyect-ETL/criminal_minds/criminal_env/lib/python3.12/site-packages/airflow/example_dags/example_branch_datetime_operator.py
[2024-09-30T00:05:47.586-0500] {processor.py:925} INFO - DAG(s) 'example_branch_datetime_operator_3', 'example_branch_datetime_operator', 'example_branch_datetime_operator_2' retrieved from /home/joan/Desktop/Proyect-ETL/criminal_minds/criminal_env/lib/python3.12/site-packages/airflow/example_dags/example_branch_datetime_operator.py
[2024-09-30T00:05:47.609-0500] {logging_mixin.py:190} INFO - [2024-09-30T00:05:47.608-0500] {dag.py:3239} INFO - Sync 3 DAGs
[2024-09-30T00:05:47.631-0500] {logging_mixin.py:190} INFO - [2024-09-30T00:05:47.631-0500] {dag.py:4180} INFO - Setting next_dagrun for example_branch_datetime_operator to 2024-09-29 00:00:00+00:00, run_after=2024-09-30 00:00:00+00:00
[2024-09-30T00:05:47.636-0500] {logging_mixin.py:190} INFO - [2024-09-30T00:05:47.636-0500] {dag.py:4180} INFO - Setting next_dagrun for example_branch_datetime_operator_2 to 2024-09-29 00:00:00+00:00, run_after=2024-09-30 00:00:00+00:00
[2024-09-30T00:05:47.638-0500] {logging_mixin.py:190} INFO - [2024-09-30T00:05:47.638-0500] {dag.py:4180} INFO - Setting next_dagrun for example_branch_datetime_operator_3 to 2024-09-29 00:00:00+00:00, run_after=2024-09-30 00:00:00+00:00
[2024-09-30T00:05:47.659-0500] {processor.py:208} INFO - Processing /home/joan/Desktop/Proyect-ETL/criminal_minds/criminal_env/lib/python3.12/site-packages/airflow/example_dags/example_branch_datetime_operator.py took 0.105 seconds
[2024-09-30T00:06:40.990-0500] {processor.py:186} INFO - Started process (PID=3378) to work on /home/joan/Desktop/Proyect-ETL/criminal_minds/criminal_env/lib/python3.12/site-packages/airflow/example_dags/example_branch_datetime_operator.py
[2024-09-30T00:06:41.002-0500] {processor.py:914} INFO - Processing file /home/joan/Desktop/Proyect-ETL/criminal_minds/criminal_env/lib/python3.12/site-packages/airflow/example_dags/example_branch_datetime_operator.py for tasks to queue
[2024-09-30T00:06:41.004-0500] {logging_mixin.py:190} INFO - [2024-09-30T00:06:41.004-0500] {dagbag.py:588} INFO - Filling up the DagBag from /home/joan/Desktop/Proyect-ETL/criminal_minds/criminal_env/lib/python3.12/site-packages/airflow/example_dags/example_branch_datetime_operator.py
[2024-09-30T00:06:41.017-0500] {processor.py:925} INFO - DAG(s) 'example_branch_datetime_operator_2', 'example_branch_datetime_operator_3', 'example_branch_datetime_operator' retrieved from /home/joan/Desktop/Proyect-ETL/criminal_minds/criminal_env/lib/python3.12/site-packages/airflow/example_dags/example_branch_datetime_operator.py
[2024-09-30T00:06:41.041-0500] {logging_mixin.py:190} INFO - [2024-09-30T00:06:41.041-0500] {dag.py:3239} INFO - Sync 3 DAGs
[2024-09-30T00:06:41.063-0500] {logging_mixin.py:190} INFO - [2024-09-30T00:06:41.063-0500] {dag.py:4180} INFO - Setting next_dagrun for example_branch_datetime_operator to 2024-09-29 00:00:00+00:00, run_after=2024-09-30 00:00:00+00:00
[2024-09-30T00:06:41.067-0500] {logging_mixin.py:190} INFO - [2024-09-30T00:06:41.067-0500] {dag.py:4180} INFO - Setting next_dagrun for example_branch_datetime_operator_2 to 2024-09-29 00:00:00+00:00, run_after=2024-09-30 00:00:00+00:00
[2024-09-30T00:06:41.069-0500] {logging_mixin.py:190} INFO - [2024-09-30T00:06:41.068-0500] {dag.py:4180} INFO - Setting next_dagrun for example_branch_datetime_operator_3 to 2024-09-29 00:00:00+00:00, run_after=2024-09-30 00:00:00+00:00
[2024-09-30T00:06:41.105-0500] {processor.py:208} INFO - Processing /home/joan/Desktop/Proyect-ETL/criminal_minds/criminal_env/lib/python3.12/site-packages/airflow/example_dags/example_branch_datetime_operator.py took 0.121 seconds
[2024-09-30T00:07:50.692-0500] {processor.py:186} INFO - Started process (PID=3452) to work on /home/joan/Desktop/Proyect-ETL/criminal_minds/criminal_env/lib/python3.12/site-packages/airflow/example_dags/example_branch_datetime_operator.py
[2024-09-30T00:07:50.703-0500] {processor.py:914} INFO - Processing file /home/joan/Desktop/Proyect-ETL/criminal_minds/criminal_env/lib/python3.12/site-packages/airflow/example_dags/example_branch_datetime_operator.py for tasks to queue
[2024-09-30T00:07:50.705-0500] {logging_mixin.py:190} INFO - [2024-09-30T00:07:50.705-0500] {dagbag.py:588} INFO - Filling up the DagBag from /home/joan/Desktop/Proyect-ETL/criminal_minds/criminal_env/lib/python3.12/site-packages/airflow/example_dags/example_branch_datetime_operator.py
[2024-09-30T00:07:50.716-0500] {processor.py:925} INFO - DAG(s) 'example_branch_datetime_operator_2', 'example_branch_datetime_operator', 'example_branch_datetime_operator_3' retrieved from /home/joan/Desktop/Proyect-ETL/criminal_minds/criminal_env/lib/python3.12/site-packages/airflow/example_dags/example_branch_datetime_operator.py
[2024-09-30T00:07:50.736-0500] {logging_mixin.py:190} INFO - [2024-09-30T00:07:50.736-0500] {dag.py:3239} INFO - Sync 3 DAGs
[2024-09-30T00:07:50.757-0500] {logging_mixin.py:190} INFO - [2024-09-30T00:07:50.757-0500] {dag.py:4180} INFO - Setting next_dagrun for example_branch_datetime_operator to 2024-09-29 00:00:00+00:00, run_after=2024-09-30 00:00:00+00:00
[2024-09-30T00:07:50.761-0500] {logging_mixin.py:190} INFO - [2024-09-30T00:07:50.761-0500] {dag.py:4180} INFO - Setting next_dagrun for example_branch_datetime_operator_2 to 2024-09-29 00:00:00+00:00, run_after=2024-09-30 00:00:00+00:00
[2024-09-30T00:07:50.763-0500] {logging_mixin.py:190} INFO - [2024-09-30T00:07:50.763-0500] {dag.py:4180} INFO - Setting next_dagrun for example_branch_datetime_operator_3 to 2024-09-29 00:00:00+00:00, run_after=2024-09-30 00:00:00+00:00
[2024-09-30T00:07:50.800-0500] {processor.py:208} INFO - Processing /home/joan/Desktop/Proyect-ETL/criminal_minds/criminal_env/lib/python3.12/site-packages/airflow/example_dags/example_branch_datetime_operator.py took 0.112 seconds
[2024-09-30T00:09:00.134-0500] {processor.py:186} INFO - Started process (PID=3526) to work on /home/joan/Desktop/Proyect-ETL/criminal_minds/criminal_env/lib/python3.12/site-packages/airflow/example_dags/example_branch_datetime_operator.py
[2024-09-30T00:09:00.136-0500] {processor.py:914} INFO - Processing file /home/joan/Desktop/Proyect-ETL/criminal_minds/criminal_env/lib/python3.12/site-packages/airflow/example_dags/example_branch_datetime_operator.py for tasks to queue
[2024-09-30T00:09:00.139-0500] {logging_mixin.py:190} INFO - [2024-09-30T00:09:00.139-0500] {dagbag.py:588} INFO - Filling up the DagBag from /home/joan/Desktop/Proyect-ETL/criminal_minds/criminal_env/lib/python3.12/site-packages/airflow/example_dags/example_branch_datetime_operator.py
[2024-09-30T00:09:00.153-0500] {processor.py:925} INFO - DAG(s) 'example_branch_datetime_operator_3', 'example_branch_datetime_operator', 'example_branch_datetime_operator_2' retrieved from /home/joan/Desktop/Proyect-ETL/criminal_minds/criminal_env/lib/python3.12/site-packages/airflow/example_dags/example_branch_datetime_operator.py
[2024-09-30T00:09:00.178-0500] {logging_mixin.py:190} INFO - [2024-09-30T00:09:00.178-0500] {dag.py:3239} INFO - Sync 3 DAGs
[2024-09-30T00:09:00.202-0500] {logging_mixin.py:190} INFO - [2024-09-30T00:09:00.202-0500] {dag.py:4180} INFO - Setting next_dagrun for example_branch_datetime_operator to 2024-09-29 00:00:00+00:00, run_after=2024-09-30 00:00:00+00:00
[2024-09-30T00:09:00.207-0500] {logging_mixin.py:190} INFO - [2024-09-30T00:09:00.207-0500] {dag.py:4180} INFO - Setting next_dagrun for example_branch_datetime_operator_2 to 2024-09-29 00:00:00+00:00, run_after=2024-09-30 00:00:00+00:00
[2024-09-30T00:09:00.209-0500] {logging_mixin.py:190} INFO - [2024-09-30T00:09:00.209-0500] {dag.py:4180} INFO - Setting next_dagrun for example_branch_datetime_operator_3 to 2024-09-29 00:00:00+00:00, run_after=2024-09-30 00:00:00+00:00
[2024-09-30T00:09:00.233-0500] {processor.py:208} INFO - Processing /home/joan/Desktop/Proyect-ETL/criminal_minds/criminal_env/lib/python3.12/site-packages/airflow/example_dags/example_branch_datetime_operator.py took 0.106 seconds
