[2024-09-30T00:04:44.139-0500] {processor.py:186} INFO - Started process (PID=2991) to work on /home/joan/Desktop/Proyect-ETL/criminal_minds/criminal_env/lib/python3.12/site-packages/airflow/example_dags/example_python_operator.py
[2024-09-30T00:04:44.139-0500] {processor.py:914} INFO - Processing file /home/joan/Desktop/Proyect-ETL/criminal_minds/criminal_env/lib/python3.12/site-packages/airflow/example_dags/example_python_operator.py for tasks to queue
[2024-09-30T00:04:44.141-0500] {logging_mixin.py:190} INFO - [2024-09-30T00:04:44.141-0500] {dagbag.py:588} INFO - Filling up the DagBag from /home/joan/Desktop/Proyect-ETL/criminal_minds/criminal_env/lib/python3.12/site-packages/airflow/example_dags/example_python_operator.py
[2024-09-30T00:04:44.222-0500] {logging_mixin.py:190} INFO - [2024-09-30T00:04:44.221-0500] {example_python_operator.py:93} WARNING - The virtalenv_python example task requires virtualenv, please install it.
[2024-09-30T00:04:44.225-0500] {processor.py:925} INFO - DAG(s) 'example_python_operator' retrieved from /home/joan/Desktop/Proyect-ETL/criminal_minds/criminal_env/lib/python3.12/site-packages/airflow/example_dags/example_python_operator.py
[2024-09-30T00:04:44.358-0500] {logging_mixin.py:190} INFO - [2024-09-30T00:04:44.358-0500] {override.py:1901} INFO - Created Permission View: can read on DAG:example_python_operator
[2024-09-30T00:04:44.370-0500] {logging_mixin.py:190} INFO - [2024-09-30T00:04:44.370-0500] {override.py:1901} INFO - Created Permission View: can delete on DAG:example_python_operator
[2024-09-30T00:04:44.383-0500] {logging_mixin.py:190} INFO - [2024-09-30T00:04:44.383-0500] {override.py:1901} INFO - Created Permission View: can edit on DAG:example_python_operator
[2024-09-30T00:04:44.399-0500] {logging_mixin.py:190} INFO - [2024-09-30T00:04:44.398-0500] {override.py:1901} INFO - Created Permission View: can read on DAG Run:example_python_operator
[2024-09-30T00:04:44.408-0500] {logging_mixin.py:190} INFO - [2024-09-30T00:04:44.407-0500] {override.py:1901} INFO - Created Permission View: menu access on DAG Run:example_python_operator
[2024-09-30T00:04:44.416-0500] {logging_mixin.py:190} INFO - [2024-09-30T00:04:44.416-0500] {override.py:1901} INFO - Created Permission View: can delete on DAG Run:example_python_operator
[2024-09-30T00:04:44.426-0500] {logging_mixin.py:190} INFO - [2024-09-30T00:04:44.426-0500] {override.py:1901} INFO - Created Permission View: can create on DAG Run:example_python_operator
[2024-09-30T00:04:44.426-0500] {logging_mixin.py:190} INFO - [2024-09-30T00:04:44.426-0500] {dag.py:3239} INFO - Sync 1 DAGs
[2024-09-30T00:04:44.438-0500] {logging_mixin.py:190} INFO - [2024-09-30T00:04:44.437-0500] {dag.py:3262} INFO - Creating ORM DAG for example_python_operator
[2024-09-30T00:04:44.438-0500] {logging_mixin.py:190} INFO - [2024-09-30T00:04:44.438-0500] {dag.py:4180} INFO - Setting next_dagrun for example_python_operator to None, run_after=None
[2024-09-30T00:04:44.458-0500] {processor.py:208} INFO - Processing /home/joan/Desktop/Proyect-ETL/criminal_minds/criminal_env/lib/python3.12/site-packages/airflow/example_dags/example_python_operator.py took 0.324 seconds
[2024-09-30T00:05:43.024-0500] {processor.py:186} INFO - Started process (PID=3048) to work on /home/joan/Desktop/Proyect-ETL/criminal_minds/criminal_env/lib/python3.12/site-packages/airflow/example_dags/example_python_operator.py
[2024-09-30T00:05:43.028-0500] {processor.py:914} INFO - Processing file /home/joan/Desktop/Proyect-ETL/criminal_minds/criminal_env/lib/python3.12/site-packages/airflow/example_dags/example_python_operator.py for tasks to queue
[2024-09-30T00:05:43.030-0500] {logging_mixin.py:190} INFO - [2024-09-30T00:05:43.029-0500] {dagbag.py:588} INFO - Filling up the DagBag from /home/joan/Desktop/Proyect-ETL/criminal_minds/criminal_env/lib/python3.12/site-packages/airflow/example_dags/example_python_operator.py
[2024-09-30T00:05:43.110-0500] {logging_mixin.py:190} INFO - [2024-09-30T00:05:43.109-0500] {example_python_operator.py:93} WARNING - The virtalenv_python example task requires virtualenv, please install it.
[2024-09-30T00:05:43.112-0500] {processor.py:925} INFO - DAG(s) 'example_python_operator' retrieved from /home/joan/Desktop/Proyect-ETL/criminal_minds/criminal_env/lib/python3.12/site-packages/airflow/example_dags/example_python_operator.py
[2024-09-30T00:05:43.127-0500] {logging_mixin.py:190} INFO - [2024-09-30T00:05:43.127-0500] {dag.py:3239} INFO - Sync 1 DAGs
[2024-09-30T00:05:43.138-0500] {logging_mixin.py:190} INFO - [2024-09-30T00:05:43.138-0500] {dag.py:4180} INFO - Setting next_dagrun for example_python_operator to None, run_after=None
[2024-09-30T00:05:43.161-0500] {processor.py:208} INFO - Processing /home/joan/Desktop/Proyect-ETL/criminal_minds/criminal_env/lib/python3.12/site-packages/airflow/example_dags/example_python_operator.py took 0.141 seconds
[2024-09-30T00:06:35.273-0500] {processor.py:186} INFO - Started process (PID=3372) to work on /home/joan/Desktop/Proyect-ETL/criminal_minds/criminal_env/lib/python3.12/site-packages/airflow/example_dags/example_python_operator.py
[2024-09-30T00:06:35.285-0500] {processor.py:914} INFO - Processing file /home/joan/Desktop/Proyect-ETL/criminal_minds/criminal_env/lib/python3.12/site-packages/airflow/example_dags/example_python_operator.py for tasks to queue
[2024-09-30T00:06:35.287-0500] {logging_mixin.py:190} INFO - [2024-09-30T00:06:35.287-0500] {dagbag.py:588} INFO - Filling up the DagBag from /home/joan/Desktop/Proyect-ETL/criminal_minds/criminal_env/lib/python3.12/site-packages/airflow/example_dags/example_python_operator.py
[2024-09-30T00:06:35.378-0500] {logging_mixin.py:190} INFO - [2024-09-30T00:06:35.377-0500] {example_python_operator.py:93} WARNING - The virtalenv_python example task requires virtualenv, please install it.
[2024-09-30T00:06:35.380-0500] {processor.py:925} INFO - DAG(s) 'example_python_operator' retrieved from /home/joan/Desktop/Proyect-ETL/criminal_minds/criminal_env/lib/python3.12/site-packages/airflow/example_dags/example_python_operator.py
[2024-09-30T00:06:35.395-0500] {logging_mixin.py:190} INFO - [2024-09-30T00:06:35.395-0500] {dag.py:3239} INFO - Sync 1 DAGs
[2024-09-30T00:06:35.407-0500] {logging_mixin.py:190} INFO - [2024-09-30T00:06:35.406-0500] {dag.py:4180} INFO - Setting next_dagrun for example_python_operator to None, run_after=None
[2024-09-30T00:06:35.428-0500] {processor.py:208} INFO - Processing /home/joan/Desktop/Proyect-ETL/criminal_minds/criminal_env/lib/python3.12/site-packages/airflow/example_dags/example_python_operator.py took 0.160 seconds
[2024-09-30T00:07:28.080-0500] {processor.py:186} INFO - Started process (PID=3429) to work on /home/joan/Desktop/Proyect-ETL/criminal_minds/criminal_env/lib/python3.12/site-packages/airflow/example_dags/example_python_operator.py
[2024-09-30T00:07:28.082-0500] {processor.py:914} INFO - Processing file /home/joan/Desktop/Proyect-ETL/criminal_minds/criminal_env/lib/python3.12/site-packages/airflow/example_dags/example_python_operator.py for tasks to queue
[2024-09-30T00:07:28.083-0500] {logging_mixin.py:190} INFO - [2024-09-30T00:07:28.083-0500] {dagbag.py:588} INFO - Filling up the DagBag from /home/joan/Desktop/Proyect-ETL/criminal_minds/criminal_env/lib/python3.12/site-packages/airflow/example_dags/example_python_operator.py
[2024-09-30T00:07:28.168-0500] {logging_mixin.py:190} INFO - [2024-09-30T00:07:28.168-0500] {example_python_operator.py:93} WARNING - The virtalenv_python example task requires virtualenv, please install it.
[2024-09-30T00:07:28.170-0500] {processor.py:925} INFO - DAG(s) 'example_python_operator' retrieved from /home/joan/Desktop/Proyect-ETL/criminal_minds/criminal_env/lib/python3.12/site-packages/airflow/example_dags/example_python_operator.py
[2024-09-30T00:07:28.186-0500] {logging_mixin.py:190} INFO - [2024-09-30T00:07:28.186-0500] {dag.py:3239} INFO - Sync 1 DAGs
[2024-09-30T00:07:28.197-0500] {logging_mixin.py:190} INFO - [2024-09-30T00:07:28.197-0500] {dag.py:4180} INFO - Setting next_dagrun for example_python_operator to None, run_after=None
[2024-09-30T00:07:28.223-0500] {processor.py:208} INFO - Processing /home/joan/Desktop/Proyect-ETL/criminal_minds/criminal_env/lib/python3.12/site-packages/airflow/example_dags/example_python_operator.py took 0.147 seconds
[2024-09-30T00:08:38.007-0500] {processor.py:186} INFO - Started process (PID=3503) to work on /home/joan/Desktop/Proyect-ETL/criminal_minds/criminal_env/lib/python3.12/site-packages/airflow/example_dags/example_python_operator.py
[2024-09-30T00:08:38.019-0500] {processor.py:914} INFO - Processing file /home/joan/Desktop/Proyect-ETL/criminal_minds/criminal_env/lib/python3.12/site-packages/airflow/example_dags/example_python_operator.py for tasks to queue
[2024-09-30T00:08:38.021-0500] {logging_mixin.py:190} INFO - [2024-09-30T00:08:38.021-0500] {dagbag.py:588} INFO - Filling up the DagBag from /home/joan/Desktop/Proyect-ETL/criminal_minds/criminal_env/lib/python3.12/site-packages/airflow/example_dags/example_python_operator.py
[2024-09-30T00:08:38.109-0500] {logging_mixin.py:190} INFO - [2024-09-30T00:08:38.108-0500] {example_python_operator.py:93} WARNING - The virtalenv_python example task requires virtualenv, please install it.
[2024-09-30T00:08:38.111-0500] {processor.py:925} INFO - DAG(s) 'example_python_operator' retrieved from /home/joan/Desktop/Proyect-ETL/criminal_minds/criminal_env/lib/python3.12/site-packages/airflow/example_dags/example_python_operator.py
[2024-09-30T00:08:38.127-0500] {logging_mixin.py:190} INFO - [2024-09-30T00:08:38.127-0500] {dag.py:3239} INFO - Sync 1 DAGs
[2024-09-30T00:08:38.140-0500] {logging_mixin.py:190} INFO - [2024-09-30T00:08:38.139-0500] {dag.py:4180} INFO - Setting next_dagrun for example_python_operator to None, run_after=None
[2024-09-30T00:08:38.161-0500] {processor.py:208} INFO - Processing /home/joan/Desktop/Proyect-ETL/criminal_minds/criminal_env/lib/python3.12/site-packages/airflow/example_dags/example_python_operator.py took 0.159 seconds
