[2024-09-30T00:04:40.876-0500] {processor.py:186} INFO - Started process (PID=2988) to work on /home/joan/Desktop/Proyect-ETL/criminal_minds/criminal_env/lib/python3.12/site-packages/airflow/example_dags/example_short_circuit_decorator.py
[2024-09-30T00:04:40.876-0500] {processor.py:914} INFO - Processing file /home/joan/Desktop/Proyect-ETL/criminal_minds/criminal_env/lib/python3.12/site-packages/airflow/example_dags/example_short_circuit_decorator.py for tasks to queue
[2024-09-30T00:04:40.878-0500] {logging_mixin.py:190} INFO - [2024-09-30T00:04:40.878-0500] {dagbag.py:588} INFO - Filling up the DagBag from /home/joan/Desktop/Proyect-ETL/criminal_minds/criminal_env/lib/python3.12/site-packages/airflow/example_dags/example_short_circuit_decorator.py
[2024-09-30T00:04:40.888-0500] {processor.py:925} INFO - DAG(s) 'example_short_circuit_decorator' retrieved from /home/joan/Desktop/Proyect-ETL/criminal_minds/criminal_env/lib/python3.12/site-packages/airflow/example_dags/example_short_circuit_decorator.py
[2024-09-30T00:04:41.017-0500] {logging_mixin.py:190} INFO - [2024-09-30T00:04:41.016-0500] {override.py:1901} INFO - Created Permission View: can read on DAG:example_short_circuit_decorator
[2024-09-30T00:04:41.029-0500] {logging_mixin.py:190} INFO - [2024-09-30T00:04:41.028-0500] {override.py:1901} INFO - Created Permission View: can delete on DAG:example_short_circuit_decorator
[2024-09-30T00:04:41.038-0500] {logging_mixin.py:190} INFO - [2024-09-30T00:04:41.038-0500] {override.py:1901} INFO - Created Permission View: can edit on DAG:example_short_circuit_decorator
[2024-09-30T00:04:41.052-0500] {logging_mixin.py:190} INFO - [2024-09-30T00:04:41.052-0500] {override.py:1901} INFO - Created Permission View: can read on DAG Run:example_short_circuit_decorator
[2024-09-30T00:04:41.062-0500] {logging_mixin.py:190} INFO - [2024-09-30T00:04:41.062-0500] {override.py:1901} INFO - Created Permission View: menu access on DAG Run:example_short_circuit_decorator
[2024-09-30T00:04:41.071-0500] {logging_mixin.py:190} INFO - [2024-09-30T00:04:41.071-0500] {override.py:1901} INFO - Created Permission View: can delete on DAG Run:example_short_circuit_decorator
[2024-09-30T00:04:41.080-0500] {logging_mixin.py:190} INFO - [2024-09-30T00:04:41.080-0500] {override.py:1901} INFO - Created Permission View: can create on DAG Run:example_short_circuit_decorator
[2024-09-30T00:04:41.081-0500] {logging_mixin.py:190} INFO - [2024-09-30T00:04:41.081-0500] {dag.py:3239} INFO - Sync 1 DAGs
[2024-09-30T00:04:41.092-0500] {logging_mixin.py:190} INFO - [2024-09-30T00:04:41.092-0500] {dag.py:3262} INFO - Creating ORM DAG for example_short_circuit_decorator
[2024-09-30T00:04:41.093-0500] {logging_mixin.py:190} INFO - [2024-09-30T00:04:41.092-0500] {dag.py:4180} INFO - Setting next_dagrun for example_short_circuit_decorator to None, run_after=None
[2024-09-30T00:04:41.113-0500] {processor.py:208} INFO - Processing /home/joan/Desktop/Proyect-ETL/criminal_minds/criminal_env/lib/python3.12/site-packages/airflow/example_dags/example_short_circuit_decorator.py took 0.241 seconds
[2024-09-30T00:05:40.458-0500] {processor.py:186} INFO - Started process (PID=3045) to work on /home/joan/Desktop/Proyect-ETL/criminal_minds/criminal_env/lib/python3.12/site-packages/airflow/example_dags/example_short_circuit_decorator.py
[2024-09-30T00:05:40.459-0500] {processor.py:914} INFO - Processing file /home/joan/Desktop/Proyect-ETL/criminal_minds/criminal_env/lib/python3.12/site-packages/airflow/example_dags/example_short_circuit_decorator.py for tasks to queue
[2024-09-30T00:05:40.461-0500] {logging_mixin.py:190} INFO - [2024-09-30T00:05:40.461-0500] {dagbag.py:588} INFO - Filling up the DagBag from /home/joan/Desktop/Proyect-ETL/criminal_minds/criminal_env/lib/python3.12/site-packages/airflow/example_dags/example_short_circuit_decorator.py
[2024-09-30T00:05:40.470-0500] {processor.py:925} INFO - DAG(s) 'example_short_circuit_decorator' retrieved from /home/joan/Desktop/Proyect-ETL/criminal_minds/criminal_env/lib/python3.12/site-packages/airflow/example_dags/example_short_circuit_decorator.py
[2024-09-30T00:05:40.488-0500] {logging_mixin.py:190} INFO - [2024-09-30T00:05:40.488-0500] {dag.py:3239} INFO - Sync 1 DAGs
[2024-09-30T00:05:40.500-0500] {logging_mixin.py:190} INFO - [2024-09-30T00:05:40.499-0500] {dag.py:4180} INFO - Setting next_dagrun for example_short_circuit_decorator to None, run_after=None
[2024-09-30T00:05:40.522-0500] {processor.py:208} INFO - Processing /home/joan/Desktop/Proyect-ETL/criminal_minds/criminal_env/lib/python3.12/site-packages/airflow/example_dags/example_short_circuit_decorator.py took 0.069 seconds
[2024-09-30T00:06:31.836-0500] {processor.py:186} INFO - Started process (PID=3369) to work on /home/joan/Desktop/Proyect-ETL/criminal_minds/criminal_env/lib/python3.12/site-packages/airflow/example_dags/example_short_circuit_decorator.py
[2024-09-30T00:06:31.847-0500] {processor.py:914} INFO - Processing file /home/joan/Desktop/Proyect-ETL/criminal_minds/criminal_env/lib/python3.12/site-packages/airflow/example_dags/example_short_circuit_decorator.py for tasks to queue
[2024-09-30T00:06:31.849-0500] {logging_mixin.py:190} INFO - [2024-09-30T00:06:31.849-0500] {dagbag.py:588} INFO - Filling up the DagBag from /home/joan/Desktop/Proyect-ETL/criminal_minds/criminal_env/lib/python3.12/site-packages/airflow/example_dags/example_short_circuit_decorator.py
[2024-09-30T00:06:31.858-0500] {processor.py:925} INFO - DAG(s) 'example_short_circuit_decorator' retrieved from /home/joan/Desktop/Proyect-ETL/criminal_minds/criminal_env/lib/python3.12/site-packages/airflow/example_dags/example_short_circuit_decorator.py
[2024-09-30T00:06:31.875-0500] {logging_mixin.py:190} INFO - [2024-09-30T00:06:31.875-0500] {dag.py:3239} INFO - Sync 1 DAGs
[2024-09-30T00:06:31.886-0500] {logging_mixin.py:190} INFO - [2024-09-30T00:06:31.886-0500] {dag.py:4180} INFO - Setting next_dagrun for example_short_circuit_decorator to None, run_after=None
[2024-09-30T00:06:31.908-0500] {processor.py:208} INFO - Processing /home/joan/Desktop/Proyect-ETL/criminal_minds/criminal_env/lib/python3.12/site-packages/airflow/example_dags/example_short_circuit_decorator.py took 0.077 seconds
[2024-09-30T00:07:26.108-0500] {processor.py:186} INFO - Started process (PID=3426) to work on /home/joan/Desktop/Proyect-ETL/criminal_minds/criminal_env/lib/python3.12/site-packages/airflow/example_dags/example_short_circuit_decorator.py
[2024-09-30T00:07:26.120-0500] {processor.py:914} INFO - Processing file /home/joan/Desktop/Proyect-ETL/criminal_minds/criminal_env/lib/python3.12/site-packages/airflow/example_dags/example_short_circuit_decorator.py for tasks to queue
[2024-09-30T00:07:26.122-0500] {logging_mixin.py:190} INFO - [2024-09-30T00:07:26.122-0500] {dagbag.py:588} INFO - Filling up the DagBag from /home/joan/Desktop/Proyect-ETL/criminal_minds/criminal_env/lib/python3.12/site-packages/airflow/example_dags/example_short_circuit_decorator.py
[2024-09-30T00:07:26.132-0500] {processor.py:925} INFO - DAG(s) 'example_short_circuit_decorator' retrieved from /home/joan/Desktop/Proyect-ETL/criminal_minds/criminal_env/lib/python3.12/site-packages/airflow/example_dags/example_short_circuit_decorator.py
[2024-09-30T00:07:26.149-0500] {logging_mixin.py:190} INFO - [2024-09-30T00:07:26.149-0500] {dag.py:3239} INFO - Sync 1 DAGs
[2024-09-30T00:07:26.161-0500] {logging_mixin.py:190} INFO - [2024-09-30T00:07:26.161-0500] {dag.py:4180} INFO - Setting next_dagrun for example_short_circuit_decorator to None, run_after=None
[2024-09-30T00:07:26.188-0500] {processor.py:208} INFO - Processing /home/joan/Desktop/Proyect-ETL/criminal_minds/criminal_env/lib/python3.12/site-packages/airflow/example_dags/example_short_circuit_decorator.py took 0.084 seconds
[2024-09-30T00:08:35.135-0500] {processor.py:186} INFO - Started process (PID=3500) to work on /home/joan/Desktop/Proyect-ETL/criminal_minds/criminal_env/lib/python3.12/site-packages/airflow/example_dags/example_short_circuit_decorator.py
[2024-09-30T00:08:35.147-0500] {processor.py:914} INFO - Processing file /home/joan/Desktop/Proyect-ETL/criminal_minds/criminal_env/lib/python3.12/site-packages/airflow/example_dags/example_short_circuit_decorator.py for tasks to queue
[2024-09-30T00:08:35.149-0500] {logging_mixin.py:190} INFO - [2024-09-30T00:08:35.149-0500] {dagbag.py:588} INFO - Filling up the DagBag from /home/joan/Desktop/Proyect-ETL/criminal_minds/criminal_env/lib/python3.12/site-packages/airflow/example_dags/example_short_circuit_decorator.py
[2024-09-30T00:08:35.158-0500] {processor.py:925} INFO - DAG(s) 'example_short_circuit_decorator' retrieved from /home/joan/Desktop/Proyect-ETL/criminal_minds/criminal_env/lib/python3.12/site-packages/airflow/example_dags/example_short_circuit_decorator.py
[2024-09-30T00:08:35.175-0500] {logging_mixin.py:190} INFO - [2024-09-30T00:08:35.174-0500] {dag.py:3239} INFO - Sync 1 DAGs
[2024-09-30T00:08:35.186-0500] {logging_mixin.py:190} INFO - [2024-09-30T00:08:35.186-0500] {dag.py:4180} INFO - Setting next_dagrun for example_short_circuit_decorator to None, run_after=None
[2024-09-30T00:08:35.213-0500] {processor.py:208} INFO - Processing /home/joan/Desktop/Proyect-ETL/criminal_minds/criminal_env/lib/python3.12/site-packages/airflow/example_dags/example_short_circuit_decorator.py took 0.082 seconds
