[2024-09-30T00:02:49.000-0500] {processor.py:186} INFO - Started process (PID=2790) to work on /home/joan/Desktop/Proyect-ETL/criminal_minds/criminal_env/lib/python3.12/site-packages/airflow/example_dags/example_trigger_target_dag.py
[2024-09-30T00:02:49.001-0500] {processor.py:914} INFO - Processing file /home/joan/Desktop/Proyect-ETL/criminal_minds/criminal_env/lib/python3.12/site-packages/airflow/example_dags/example_trigger_target_dag.py for tasks to queue
[2024-09-30T00:02:49.003-0500] {logging_mixin.py:190} INFO - [2024-09-30T00:02:49.002-0500] {dagbag.py:588} INFO - Filling up the DagBag from /home/joan/Desktop/Proyect-ETL/criminal_minds/criminal_env/lib/python3.12/site-packages/airflow/example_dags/example_trigger_target_dag.py
[2024-09-30T00:02:49.010-0500] {processor.py:925} INFO - DAG(s) 'example_trigger_target_dag' retrieved from /home/joan/Desktop/Proyect-ETL/criminal_minds/criminal_env/lib/python3.12/site-packages/airflow/example_dags/example_trigger_target_dag.py
[2024-09-30T00:02:49.112-0500] {logging_mixin.py:190} INFO - [2024-09-30T00:02:49.112-0500] {override.py:1901} INFO - Created Permission View: can read on DAG:example_trigger_target_dag
[2024-09-30T00:02:49.125-0500] {logging_mixin.py:190} INFO - [2024-09-30T00:02:49.125-0500] {override.py:1901} INFO - Created Permission View: can edit on DAG:example_trigger_target_dag
[2024-09-30T00:02:49.135-0500] {logging_mixin.py:190} INFO - [2024-09-30T00:02:49.135-0500] {override.py:1901} INFO - Created Permission View: can delete on DAG:example_trigger_target_dag
[2024-09-30T00:02:49.151-0500] {logging_mixin.py:190} INFO - [2024-09-30T00:02:49.150-0500] {override.py:1901} INFO - Created Permission View: can read on DAG Run:example_trigger_target_dag
[2024-09-30T00:02:49.165-0500] {logging_mixin.py:190} INFO - [2024-09-30T00:02:49.165-0500] {override.py:1901} INFO - Created Permission View: menu access on DAG Run:example_trigger_target_dag
[2024-09-30T00:02:49.174-0500] {logging_mixin.py:190} INFO - [2024-09-30T00:02:49.174-0500] {override.py:1901} INFO - Created Permission View: can delete on DAG Run:example_trigger_target_dag
[2024-09-30T00:02:49.183-0500] {logging_mixin.py:190} INFO - [2024-09-30T00:02:49.183-0500] {override.py:1901} INFO - Created Permission View: can create on DAG Run:example_trigger_target_dag
[2024-09-30T00:02:49.183-0500] {logging_mixin.py:190} INFO - [2024-09-30T00:02:49.183-0500] {dag.py:3239} INFO - Sync 1 DAGs
[2024-09-30T00:02:49.194-0500] {logging_mixin.py:190} INFO - [2024-09-30T00:02:49.194-0500] {dag.py:3262} INFO - Creating ORM DAG for example_trigger_target_dag
[2024-09-30T00:02:49.195-0500] {logging_mixin.py:190} INFO - [2024-09-30T00:02:49.195-0500] {dag.py:4180} INFO - Setting next_dagrun for example_trigger_target_dag to None, run_after=None
[2024-09-30T00:02:49.215-0500] {processor.py:208} INFO - Processing /home/joan/Desktop/Proyect-ETL/criminal_minds/criminal_env/lib/python3.12/site-packages/airflow/example_dags/example_trigger_target_dag.py took 0.219 seconds
[2024-09-30T00:04:07.142-0500] {processor.py:186} INFO - Started process (PID=2958) to work on /home/joan/Desktop/Proyect-ETL/criminal_minds/criminal_env/lib/python3.12/site-packages/airflow/example_dags/example_trigger_target_dag.py
[2024-09-30T00:04:07.154-0500] {processor.py:914} INFO - Processing file /home/joan/Desktop/Proyect-ETL/criminal_minds/criminal_env/lib/python3.12/site-packages/airflow/example_dags/example_trigger_target_dag.py for tasks to queue
[2024-09-30T00:04:07.156-0500] {logging_mixin.py:190} INFO - [2024-09-30T00:04:07.155-0500] {dagbag.py:588} INFO - Filling up the DagBag from /home/joan/Desktop/Proyect-ETL/criminal_minds/criminal_env/lib/python3.12/site-packages/airflow/example_dags/example_trigger_target_dag.py
[2024-09-30T00:04:07.163-0500] {processor.py:925} INFO - DAG(s) 'example_trigger_target_dag' retrieved from /home/joan/Desktop/Proyect-ETL/criminal_minds/criminal_env/lib/python3.12/site-packages/airflow/example_dags/example_trigger_target_dag.py
[2024-09-30T00:04:07.182-0500] {logging_mixin.py:190} INFO - [2024-09-30T00:04:07.182-0500] {dag.py:3239} INFO - Sync 1 DAGs
[2024-09-30T00:04:07.195-0500] {logging_mixin.py:190} INFO - [2024-09-30T00:04:07.195-0500] {dag.py:4180} INFO - Setting next_dagrun for example_trigger_target_dag to None, run_after=None
[2024-09-30T00:04:07.217-0500] {processor.py:208} INFO - Processing /home/joan/Desktop/Proyect-ETL/criminal_minds/criminal_env/lib/python3.12/site-packages/airflow/example_dags/example_trigger_target_dag.py took 0.079 seconds
[2024-09-30T00:05:10.436-0500] {processor.py:186} INFO - Started process (PID=3014) to work on /home/joan/Desktop/Proyect-ETL/criminal_minds/criminal_env/lib/python3.12/site-packages/airflow/example_dags/example_trigger_target_dag.py
[2024-09-30T00:05:10.438-0500] {processor.py:914} INFO - Processing file /home/joan/Desktop/Proyect-ETL/criminal_minds/criminal_env/lib/python3.12/site-packages/airflow/example_dags/example_trigger_target_dag.py for tasks to queue
[2024-09-30T00:05:10.440-0500] {logging_mixin.py:190} INFO - [2024-09-30T00:05:10.439-0500] {dagbag.py:588} INFO - Filling up the DagBag from /home/joan/Desktop/Proyect-ETL/criminal_minds/criminal_env/lib/python3.12/site-packages/airflow/example_dags/example_trigger_target_dag.py
[2024-09-30T00:05:10.447-0500] {processor.py:925} INFO - DAG(s) 'example_trigger_target_dag' retrieved from /home/joan/Desktop/Proyect-ETL/criminal_minds/criminal_env/lib/python3.12/site-packages/airflow/example_dags/example_trigger_target_dag.py
[2024-09-30T00:05:10.461-0500] {logging_mixin.py:190} INFO - [2024-09-30T00:05:10.461-0500] {dag.py:3239} INFO - Sync 1 DAGs
[2024-09-30T00:05:10.473-0500] {logging_mixin.py:190} INFO - [2024-09-30T00:05:10.473-0500] {dag.py:4180} INFO - Setting next_dagrun for example_trigger_target_dag to None, run_after=None
[2024-09-30T00:05:10.495-0500] {processor.py:208} INFO - Processing /home/joan/Desktop/Proyect-ETL/criminal_minds/criminal_env/lib/python3.12/site-packages/airflow/example_dags/example_trigger_target_dag.py took 0.065 seconds
[2024-09-30T00:06:01.493-0500] {processor.py:186} INFO - Started process (PID=3338) to work on /home/joan/Desktop/Proyect-ETL/criminal_minds/criminal_env/lib/python3.12/site-packages/airflow/example_dags/example_trigger_target_dag.py
[2024-09-30T00:06:01.504-0500] {processor.py:914} INFO - Processing file /home/joan/Desktop/Proyect-ETL/criminal_minds/criminal_env/lib/python3.12/site-packages/airflow/example_dags/example_trigger_target_dag.py for tasks to queue
[2024-09-30T00:06:01.507-0500] {logging_mixin.py:190} INFO - [2024-09-30T00:06:01.506-0500] {dagbag.py:588} INFO - Filling up the DagBag from /home/joan/Desktop/Proyect-ETL/criminal_minds/criminal_env/lib/python3.12/site-packages/airflow/example_dags/example_trigger_target_dag.py
[2024-09-30T00:06:01.515-0500] {processor.py:925} INFO - DAG(s) 'example_trigger_target_dag' retrieved from /home/joan/Desktop/Proyect-ETL/criminal_minds/criminal_env/lib/python3.12/site-packages/airflow/example_dags/example_trigger_target_dag.py
[2024-09-30T00:06:01.529-0500] {logging_mixin.py:190} INFO - [2024-09-30T00:06:01.529-0500] {dag.py:3239} INFO - Sync 1 DAGs
[2024-09-30T00:06:01.540-0500] {logging_mixin.py:190} INFO - [2024-09-30T00:06:01.540-0500] {dag.py:4180} INFO - Setting next_dagrun for example_trigger_target_dag to None, run_after=None
[2024-09-30T00:06:01.565-0500] {processor.py:208} INFO - Processing /home/joan/Desktop/Proyect-ETL/criminal_minds/criminal_env/lib/python3.12/site-packages/airflow/example_dags/example_trigger_target_dag.py took 0.077 seconds
[2024-09-30T00:06:47.743-0500] {processor.py:186} INFO - Started process (PID=3385) to work on /home/joan/Desktop/Proyect-ETL/criminal_minds/criminal_env/lib/python3.12/site-packages/airflow/example_dags/example_trigger_target_dag.py
[2024-09-30T00:06:47.755-0500] {processor.py:914} INFO - Processing file /home/joan/Desktop/Proyect-ETL/criminal_minds/criminal_env/lib/python3.12/site-packages/airflow/example_dags/example_trigger_target_dag.py for tasks to queue
[2024-09-30T00:06:47.757-0500] {logging_mixin.py:190} INFO - [2024-09-30T00:06:47.756-0500] {dagbag.py:588} INFO - Filling up the DagBag from /home/joan/Desktop/Proyect-ETL/criminal_minds/criminal_env/lib/python3.12/site-packages/airflow/example_dags/example_trigger_target_dag.py
[2024-09-30T00:06:47.764-0500] {processor.py:925} INFO - DAG(s) 'example_trigger_target_dag' retrieved from /home/joan/Desktop/Proyect-ETL/criminal_minds/criminal_env/lib/python3.12/site-packages/airflow/example_dags/example_trigger_target_dag.py
[2024-09-30T00:06:47.777-0500] {logging_mixin.py:190} INFO - [2024-09-30T00:06:47.777-0500] {dag.py:3239} INFO - Sync 1 DAGs
[2024-09-30T00:06:47.788-0500] {logging_mixin.py:190} INFO - [2024-09-30T00:06:47.788-0500] {dag.py:4180} INFO - Setting next_dagrun for example_trigger_target_dag to None, run_after=None
[2024-09-30T00:06:47.810-0500] {processor.py:208} INFO - Processing /home/joan/Desktop/Proyect-ETL/criminal_minds/criminal_env/lib/python3.12/site-packages/airflow/example_dags/example_trigger_target_dag.py took 0.072 seconds
[2024-09-30T00:07:36.534-0500] {processor.py:186} INFO - Started process (PID=3437) to work on /home/joan/Desktop/Proyect-ETL/criminal_minds/criminal_env/lib/python3.12/site-packages/airflow/example_dags/example_trigger_target_dag.py
[2024-09-30T00:07:36.546-0500] {processor.py:914} INFO - Processing file /home/joan/Desktop/Proyect-ETL/criminal_minds/criminal_env/lib/python3.12/site-packages/airflow/example_dags/example_trigger_target_dag.py for tasks to queue
[2024-09-30T00:07:36.548-0500] {logging_mixin.py:190} INFO - [2024-09-30T00:07:36.547-0500] {dagbag.py:588} INFO - Filling up the DagBag from /home/joan/Desktop/Proyect-ETL/criminal_minds/criminal_env/lib/python3.12/site-packages/airflow/example_dags/example_trigger_target_dag.py
[2024-09-30T00:07:36.555-0500] {processor.py:925} INFO - DAG(s) 'example_trigger_target_dag' retrieved from /home/joan/Desktop/Proyect-ETL/criminal_minds/criminal_env/lib/python3.12/site-packages/airflow/example_dags/example_trigger_target_dag.py
[2024-09-30T00:07:36.570-0500] {logging_mixin.py:190} INFO - [2024-09-30T00:07:36.570-0500] {dag.py:3239} INFO - Sync 1 DAGs
[2024-09-30T00:07:36.582-0500] {logging_mixin.py:190} INFO - [2024-09-30T00:07:36.582-0500] {dag.py:4180} INFO - Setting next_dagrun for example_trigger_target_dag to None, run_after=None
[2024-09-30T00:07:36.604-0500] {processor.py:208} INFO - Processing /home/joan/Desktop/Proyect-ETL/criminal_minds/criminal_env/lib/python3.12/site-packages/airflow/example_dags/example_trigger_target_dag.py took 0.076 seconds
[2024-09-30T00:08:22.200-0500] {processor.py:186} INFO - Started process (PID=3486) to work on /home/joan/Desktop/Proyect-ETL/criminal_minds/criminal_env/lib/python3.12/site-packages/airflow/example_dags/example_trigger_target_dag.py
[2024-09-30T00:08:22.208-0500] {processor.py:914} INFO - Processing file /home/joan/Desktop/Proyect-ETL/criminal_minds/criminal_env/lib/python3.12/site-packages/airflow/example_dags/example_trigger_target_dag.py for tasks to queue
[2024-09-30T00:08:22.210-0500] {logging_mixin.py:190} INFO - [2024-09-30T00:08:22.210-0500] {dagbag.py:588} INFO - Filling up the DagBag from /home/joan/Desktop/Proyect-ETL/criminal_minds/criminal_env/lib/python3.12/site-packages/airflow/example_dags/example_trigger_target_dag.py
[2024-09-30T00:08:22.217-0500] {processor.py:925} INFO - DAG(s) 'example_trigger_target_dag' retrieved from /home/joan/Desktop/Proyect-ETL/criminal_minds/criminal_env/lib/python3.12/site-packages/airflow/example_dags/example_trigger_target_dag.py
[2024-09-30T00:08:22.230-0500] {logging_mixin.py:190} INFO - [2024-09-30T00:08:22.230-0500] {dag.py:3239} INFO - Sync 1 DAGs
[2024-09-30T00:08:22.240-0500] {logging_mixin.py:190} INFO - [2024-09-30T00:08:22.240-0500] {dag.py:4180} INFO - Setting next_dagrun for example_trigger_target_dag to None, run_after=None
[2024-09-30T00:08:22.263-0500] {processor.py:208} INFO - Processing /home/joan/Desktop/Proyect-ETL/criminal_minds/criminal_env/lib/python3.12/site-packages/airflow/example_dags/example_trigger_target_dag.py took 0.067 seconds
