[2024-09-30T00:04:42.232-0500] {processor.py:186} INFO - Started process (PID=2989) to work on /home/joan/Desktop/Proyect-ETL/criminal_minds/criminal_env/lib/python3.12/site-packages/airflow/example_dags/example_branch_day_of_week_operator.py
[2024-09-30T00:04:42.232-0500] {processor.py:914} INFO - Processing file /home/joan/Desktop/Proyect-ETL/criminal_minds/criminal_env/lib/python3.12/site-packages/airflow/example_dags/example_branch_day_of_week_operator.py for tasks to queue
[2024-09-30T00:04:42.234-0500] {logging_mixin.py:190} INFO - [2024-09-30T00:04:42.234-0500] {dagbag.py:588} INFO - Filling up the DagBag from /home/joan/Desktop/Proyect-ETL/criminal_minds/criminal_env/lib/python3.12/site-packages/airflow/example_dags/example_branch_day_of_week_operator.py
[2024-09-30T00:04:42.243-0500] {processor.py:925} INFO - DAG(s) 'example_weekday_branch_operator' retrieved from /home/joan/Desktop/Proyect-ETL/criminal_minds/criminal_env/lib/python3.12/site-packages/airflow/example_dags/example_branch_day_of_week_operator.py
[2024-09-30T00:04:42.346-0500] {logging_mixin.py:190} INFO - [2024-09-30T00:04:42.346-0500] {override.py:1901} INFO - Created Permission View: can read on DAG:example_weekday_branch_operator
[2024-09-30T00:04:42.358-0500] {logging_mixin.py:190} INFO - [2024-09-30T00:04:42.358-0500] {override.py:1901} INFO - Created Permission View: can delete on DAG:example_weekday_branch_operator
[2024-09-30T00:04:42.367-0500] {logging_mixin.py:190} INFO - [2024-09-30T00:04:42.367-0500] {override.py:1901} INFO - Created Permission View: can edit on DAG:example_weekday_branch_operator
[2024-09-30T00:04:42.382-0500] {logging_mixin.py:190} INFO - [2024-09-30T00:04:42.382-0500] {override.py:1901} INFO - Created Permission View: can read on DAG Run:example_weekday_branch_operator
[2024-09-30T00:04:42.391-0500] {logging_mixin.py:190} INFO - [2024-09-30T00:04:42.390-0500] {override.py:1901} INFO - Created Permission View: menu access on DAG Run:example_weekday_branch_operator
[2024-09-30T00:04:42.399-0500] {logging_mixin.py:190} INFO - [2024-09-30T00:04:42.399-0500] {override.py:1901} INFO - Created Permission View: can delete on DAG Run:example_weekday_branch_operator
[2024-09-30T00:04:42.409-0500] {logging_mixin.py:190} INFO - [2024-09-30T00:04:42.409-0500] {override.py:1901} INFO - Created Permission View: can create on DAG Run:example_weekday_branch_operator
[2024-09-30T00:04:42.409-0500] {logging_mixin.py:190} INFO - [2024-09-30T00:04:42.409-0500] {dag.py:3239} INFO - Sync 1 DAGs
[2024-09-30T00:04:42.421-0500] {logging_mixin.py:190} INFO - [2024-09-30T00:04:42.421-0500] {dag.py:3262} INFO - Creating ORM DAG for example_weekday_branch_operator
[2024-09-30T00:04:42.430-0500] {logging_mixin.py:190} INFO - [2024-09-30T00:04:42.429-0500] {dag.py:4180} INFO - Setting next_dagrun for example_weekday_branch_operator to 2024-09-29 00:00:00+00:00, run_after=2024-09-30 00:00:00+00:00
[2024-09-30T00:04:42.450-0500] {processor.py:208} INFO - Processing /home/joan/Desktop/Proyect-ETL/criminal_minds/criminal_env/lib/python3.12/site-packages/airflow/example_dags/example_branch_day_of_week_operator.py took 0.223 seconds
[2024-09-30T00:05:41.599-0500] {processor.py:186} INFO - Started process (PID=3046) to work on /home/joan/Desktop/Proyect-ETL/criminal_minds/criminal_env/lib/python3.12/site-packages/airflow/example_dags/example_branch_day_of_week_operator.py
[2024-09-30T00:05:41.611-0500] {processor.py:914} INFO - Processing file /home/joan/Desktop/Proyect-ETL/criminal_minds/criminal_env/lib/python3.12/site-packages/airflow/example_dags/example_branch_day_of_week_operator.py for tasks to queue
[2024-09-30T00:05:41.613-0500] {logging_mixin.py:190} INFO - [2024-09-30T00:05:41.612-0500] {dagbag.py:588} INFO - Filling up the DagBag from /home/joan/Desktop/Proyect-ETL/criminal_minds/criminal_env/lib/python3.12/site-packages/airflow/example_dags/example_branch_day_of_week_operator.py
[2024-09-30T00:05:41.622-0500] {processor.py:925} INFO - DAG(s) 'example_weekday_branch_operator' retrieved from /home/joan/Desktop/Proyect-ETL/criminal_minds/criminal_env/lib/python3.12/site-packages/airflow/example_dags/example_branch_day_of_week_operator.py
[2024-09-30T00:05:41.636-0500] {logging_mixin.py:190} INFO - [2024-09-30T00:05:41.636-0500] {dag.py:3239} INFO - Sync 1 DAGs
[2024-09-30T00:05:41.655-0500] {logging_mixin.py:190} INFO - [2024-09-30T00:05:41.655-0500] {dag.py:4180} INFO - Setting next_dagrun for example_weekday_branch_operator to 2024-09-29 00:00:00+00:00, run_after=2024-09-30 00:00:00+00:00
[2024-09-30T00:05:41.676-0500] {processor.py:208} INFO - Processing /home/joan/Desktop/Proyect-ETL/criminal_minds/criminal_env/lib/python3.12/site-packages/airflow/example_dags/example_branch_day_of_week_operator.py took 0.081 seconds
[2024-09-30T00:06:32.977-0500] {processor.py:186} INFO - Started process (PID=3370) to work on /home/joan/Desktop/Proyect-ETL/criminal_minds/criminal_env/lib/python3.12/site-packages/airflow/example_dags/example_branch_day_of_week_operator.py
[2024-09-30T00:06:32.989-0500] {processor.py:914} INFO - Processing file /home/joan/Desktop/Proyect-ETL/criminal_minds/criminal_env/lib/python3.12/site-packages/airflow/example_dags/example_branch_day_of_week_operator.py for tasks to queue
[2024-09-30T00:06:32.991-0500] {logging_mixin.py:190} INFO - [2024-09-30T00:06:32.991-0500] {dagbag.py:588} INFO - Filling up the DagBag from /home/joan/Desktop/Proyect-ETL/criminal_minds/criminal_env/lib/python3.12/site-packages/airflow/example_dags/example_branch_day_of_week_operator.py
[2024-09-30T00:06:33.001-0500] {processor.py:925} INFO - DAG(s) 'example_weekday_branch_operator' retrieved from /home/joan/Desktop/Proyect-ETL/criminal_minds/criminal_env/lib/python3.12/site-packages/airflow/example_dags/example_branch_day_of_week_operator.py
[2024-09-30T00:06:33.017-0500] {logging_mixin.py:190} INFO - [2024-09-30T00:06:33.017-0500] {dag.py:3239} INFO - Sync 1 DAGs
[2024-09-30T00:06:33.038-0500] {logging_mixin.py:190} INFO - [2024-09-30T00:06:33.038-0500] {dag.py:4180} INFO - Setting next_dagrun for example_weekday_branch_operator to 2024-09-29 00:00:00+00:00, run_after=2024-09-30 00:00:00+00:00
[2024-09-30T00:06:33.065-0500] {processor.py:208} INFO - Processing /home/joan/Desktop/Proyect-ETL/criminal_minds/criminal_env/lib/python3.12/site-packages/airflow/example_dags/example_branch_day_of_week_operator.py took 0.092 seconds
[2024-09-30T00:07:26.286-0500] {processor.py:186} INFO - Started process (PID=3427) to work on /home/joan/Desktop/Proyect-ETL/criminal_minds/criminal_env/lib/python3.12/site-packages/airflow/example_dags/example_branch_day_of_week_operator.py
[2024-09-30T00:07:26.287-0500] {processor.py:914} INFO - Processing file /home/joan/Desktop/Proyect-ETL/criminal_minds/criminal_env/lib/python3.12/site-packages/airflow/example_dags/example_branch_day_of_week_operator.py for tasks to queue
[2024-09-30T00:07:26.289-0500] {logging_mixin.py:190} INFO - [2024-09-30T00:07:26.289-0500] {dagbag.py:588} INFO - Filling up the DagBag from /home/joan/Desktop/Proyect-ETL/criminal_minds/criminal_env/lib/python3.12/site-packages/airflow/example_dags/example_branch_day_of_week_operator.py
[2024-09-30T00:07:26.298-0500] {processor.py:925} INFO - DAG(s) 'example_weekday_branch_operator' retrieved from /home/joan/Desktop/Proyect-ETL/criminal_minds/criminal_env/lib/python3.12/site-packages/airflow/example_dags/example_branch_day_of_week_operator.py
[2024-09-30T00:07:26.314-0500] {logging_mixin.py:190} INFO - [2024-09-30T00:07:26.314-0500] {dag.py:3239} INFO - Sync 1 DAGs
[2024-09-30T00:07:26.335-0500] {logging_mixin.py:190} INFO - [2024-09-30T00:07:26.334-0500] {dag.py:4180} INFO - Setting next_dagrun for example_weekday_branch_operator to 2024-09-29 00:00:00+00:00, run_after=2024-09-30 00:00:00+00:00
[2024-09-30T00:07:26.359-0500] {processor.py:208} INFO - Processing /home/joan/Desktop/Proyect-ETL/criminal_minds/criminal_env/lib/python3.12/site-packages/airflow/example_dags/example_branch_day_of_week_operator.py took 0.077 seconds
[2024-09-30T00:08:36.275-0500] {processor.py:186} INFO - Started process (PID=3501) to work on /home/joan/Desktop/Proyect-ETL/criminal_minds/criminal_env/lib/python3.12/site-packages/airflow/example_dags/example_branch_day_of_week_operator.py
[2024-09-30T00:08:36.287-0500] {processor.py:914} INFO - Processing file /home/joan/Desktop/Proyect-ETL/criminal_minds/criminal_env/lib/python3.12/site-packages/airflow/example_dags/example_branch_day_of_week_operator.py for tasks to queue
[2024-09-30T00:08:36.289-0500] {logging_mixin.py:190} INFO - [2024-09-30T00:08:36.289-0500] {dagbag.py:588} INFO - Filling up the DagBag from /home/joan/Desktop/Proyect-ETL/criminal_minds/criminal_env/lib/python3.12/site-packages/airflow/example_dags/example_branch_day_of_week_operator.py
[2024-09-30T00:08:36.298-0500] {processor.py:925} INFO - DAG(s) 'example_weekday_branch_operator' retrieved from /home/joan/Desktop/Proyect-ETL/criminal_minds/criminal_env/lib/python3.12/site-packages/airflow/example_dags/example_branch_day_of_week_operator.py
[2024-09-30T00:08:36.313-0500] {logging_mixin.py:190} INFO - [2024-09-30T00:08:36.312-0500] {dag.py:3239} INFO - Sync 1 DAGs
[2024-09-30T00:08:36.332-0500] {logging_mixin.py:190} INFO - [2024-09-30T00:08:36.332-0500] {dag.py:4180} INFO - Setting next_dagrun for example_weekday_branch_operator to 2024-09-29 00:00:00+00:00, run_after=2024-09-30 00:00:00+00:00
[2024-09-30T00:08:36.354-0500] {processor.py:208} INFO - Processing /home/joan/Desktop/Proyect-ETL/criminal_minds/criminal_env/lib/python3.12/site-packages/airflow/example_dags/example_branch_day_of_week_operator.py took 0.084 seconds
