[2024-09-30T00:04:24.622-0500] {processor.py:186} INFO - Started process (PID=2976) to work on /home/joan/Desktop/Proyect-ETL/criminal_minds/criminal_env/lib/python3.12/site-packages/airflow/example_dags/example_bash_decorator.py
[2024-09-30T00:04:24.623-0500] {processor.py:914} INFO - Processing file /home/joan/Desktop/Proyect-ETL/criminal_minds/criminal_env/lib/python3.12/site-packages/airflow/example_dags/example_bash_decorator.py for tasks to queue
[2024-09-30T00:04:24.625-0500] {logging_mixin.py:190} INFO - [2024-09-30T00:04:24.625-0500] {dagbag.py:588} INFO - Filling up the DagBag from /home/joan/Desktop/Proyect-ETL/criminal_minds/criminal_env/lib/python3.12/site-packages/airflow/example_dags/example_bash_decorator.py
[2024-09-30T00:04:24.639-0500] {processor.py:925} INFO - DAG(s) 'example_bash_decorator' retrieved from /home/joan/Desktop/Proyect-ETL/criminal_minds/criminal_env/lib/python3.12/site-packages/airflow/example_dags/example_bash_decorator.py
[2024-09-30T00:04:24.745-0500] {logging_mixin.py:190} INFO - [2024-09-30T00:04:24.744-0500] {override.py:1901} INFO - Created Permission View: can read on DAG:example_bash_decorator
[2024-09-30T00:04:24.758-0500] {logging_mixin.py:190} INFO - [2024-09-30T00:04:24.758-0500] {override.py:1901} INFO - Created Permission View: can delete on DAG:example_bash_decorator
[2024-09-30T00:04:24.774-0500] {logging_mixin.py:190} INFO - [2024-09-30T00:04:24.773-0500] {override.py:1901} INFO - Created Permission View: can edit on DAG:example_bash_decorator
[2024-09-30T00:04:24.789-0500] {logging_mixin.py:190} INFO - [2024-09-30T00:04:24.789-0500] {override.py:1901} INFO - Created Permission View: can read on DAG Run:example_bash_decorator
[2024-09-30T00:04:24.798-0500] {logging_mixin.py:190} INFO - [2024-09-30T00:04:24.798-0500] {override.py:1901} INFO - Created Permission View: menu access on DAG Run:example_bash_decorator
[2024-09-30T00:04:24.807-0500] {logging_mixin.py:190} INFO - [2024-09-30T00:04:24.807-0500] {override.py:1901} INFO - Created Permission View: can delete on DAG Run:example_bash_decorator
[2024-09-30T00:04:24.816-0500] {logging_mixin.py:190} INFO - [2024-09-30T00:04:24.816-0500] {override.py:1901} INFO - Created Permission View: can create on DAG Run:example_bash_decorator
[2024-09-30T00:04:24.817-0500] {logging_mixin.py:190} INFO - [2024-09-30T00:04:24.817-0500] {dag.py:3239} INFO - Sync 1 DAGs
[2024-09-30T00:04:24.827-0500] {logging_mixin.py:190} INFO - [2024-09-30T00:04:24.827-0500] {dag.py:3262} INFO - Creating ORM DAG for example_bash_decorator
[2024-09-30T00:04:24.828-0500] {logging_mixin.py:190} INFO - [2024-09-30T00:04:24.828-0500] {dag.py:4180} INFO - Setting next_dagrun for example_bash_decorator to None, run_after=None
[2024-09-30T00:04:24.846-0500] {processor.py:208} INFO - Processing /home/joan/Desktop/Proyect-ETL/criminal_minds/criminal_env/lib/python3.12/site-packages/airflow/example_dags/example_bash_decorator.py took 0.232 seconds
[2024-09-30T00:05:27.874-0500] {processor.py:186} INFO - Started process (PID=3032) to work on /home/joan/Desktop/Proyect-ETL/criminal_minds/criminal_env/lib/python3.12/site-packages/airflow/example_dags/example_bash_decorator.py
[2024-09-30T00:05:27.875-0500] {processor.py:914} INFO - Processing file /home/joan/Desktop/Proyect-ETL/criminal_minds/criminal_env/lib/python3.12/site-packages/airflow/example_dags/example_bash_decorator.py for tasks to queue
[2024-09-30T00:05:27.877-0500] {logging_mixin.py:190} INFO - [2024-09-30T00:05:27.877-0500] {dagbag.py:588} INFO - Filling up the DagBag from /home/joan/Desktop/Proyect-ETL/criminal_minds/criminal_env/lib/python3.12/site-packages/airflow/example_dags/example_bash_decorator.py
[2024-09-30T00:05:27.891-0500] {processor.py:925} INFO - DAG(s) 'example_bash_decorator' retrieved from /home/joan/Desktop/Proyect-ETL/criminal_minds/criminal_env/lib/python3.12/site-packages/airflow/example_dags/example_bash_decorator.py
[2024-09-30T00:05:27.907-0500] {logging_mixin.py:190} INFO - [2024-09-30T00:05:27.907-0500] {dag.py:3239} INFO - Sync 1 DAGs
[2024-09-30T00:05:27.918-0500] {logging_mixin.py:190} INFO - [2024-09-30T00:05:27.918-0500] {dag.py:4180} INFO - Setting next_dagrun for example_bash_decorator to None, run_after=None
[2024-09-30T00:05:27.939-0500] {processor.py:208} INFO - Processing /home/joan/Desktop/Proyect-ETL/criminal_minds/criminal_env/lib/python3.12/site-packages/airflow/example_dags/example_bash_decorator.py took 0.070 seconds
[2024-09-30T00:06:20.280-0500] {processor.py:186} INFO - Started process (PID=3357) to work on /home/joan/Desktop/Proyect-ETL/criminal_minds/criminal_env/lib/python3.12/site-packages/airflow/example_dags/example_bash_decorator.py
[2024-09-30T00:06:20.287-0500] {processor.py:914} INFO - Processing file /home/joan/Desktop/Proyect-ETL/criminal_minds/criminal_env/lib/python3.12/site-packages/airflow/example_dags/example_bash_decorator.py for tasks to queue
[2024-09-30T00:06:20.289-0500] {logging_mixin.py:190} INFO - [2024-09-30T00:06:20.289-0500] {dagbag.py:588} INFO - Filling up the DagBag from /home/joan/Desktop/Proyect-ETL/criminal_minds/criminal_env/lib/python3.12/site-packages/airflow/example_dags/example_bash_decorator.py
[2024-09-30T00:06:20.302-0500] {processor.py:925} INFO - DAG(s) 'example_bash_decorator' retrieved from /home/joan/Desktop/Proyect-ETL/criminal_minds/criminal_env/lib/python3.12/site-packages/airflow/example_dags/example_bash_decorator.py
[2024-09-30T00:06:20.319-0500] {logging_mixin.py:190} INFO - [2024-09-30T00:06:20.319-0500] {dag.py:3239} INFO - Sync 1 DAGs
[2024-09-30T00:06:20.330-0500] {logging_mixin.py:190} INFO - [2024-09-30T00:06:20.330-0500] {dag.py:4180} INFO - Setting next_dagrun for example_bash_decorator to None, run_after=None
[2024-09-30T00:06:20.351-0500] {processor.py:208} INFO - Processing /home/joan/Desktop/Proyect-ETL/criminal_minds/criminal_env/lib/python3.12/site-packages/airflow/example_dags/example_bash_decorator.py took 0.076 seconds
[2024-09-30T00:07:14.211-0500] {processor.py:186} INFO - Started process (PID=3413) to work on /home/joan/Desktop/Proyect-ETL/criminal_minds/criminal_env/lib/python3.12/site-packages/airflow/example_dags/example_bash_decorator.py
[2024-09-30T00:07:14.212-0500] {processor.py:914} INFO - Processing file /home/joan/Desktop/Proyect-ETL/criminal_minds/criminal_env/lib/python3.12/site-packages/airflow/example_dags/example_bash_decorator.py for tasks to queue
[2024-09-30T00:07:14.214-0500] {logging_mixin.py:190} INFO - [2024-09-30T00:07:14.214-0500] {dagbag.py:588} INFO - Filling up the DagBag from /home/joan/Desktop/Proyect-ETL/criminal_minds/criminal_env/lib/python3.12/site-packages/airflow/example_dags/example_bash_decorator.py
[2024-09-30T00:07:14.228-0500] {processor.py:925} INFO - DAG(s) 'example_bash_decorator' retrieved from /home/joan/Desktop/Proyect-ETL/criminal_minds/criminal_env/lib/python3.12/site-packages/airflow/example_dags/example_bash_decorator.py
[2024-09-30T00:07:14.245-0500] {logging_mixin.py:190} INFO - [2024-09-30T00:07:14.244-0500] {dag.py:3239} INFO - Sync 1 DAGs
[2024-09-30T00:07:14.256-0500] {logging_mixin.py:190} INFO - [2024-09-30T00:07:14.256-0500] {dag.py:4180} INFO - Setting next_dagrun for example_bash_decorator to None, run_after=None
[2024-09-30T00:07:14.277-0500] {processor.py:208} INFO - Processing /home/joan/Desktop/Proyect-ETL/criminal_minds/criminal_env/lib/python3.12/site-packages/airflow/example_dags/example_bash_decorator.py took 0.071 seconds
[2024-09-30T00:08:01.490-0500] {processor.py:186} INFO - Started process (PID=3464) to work on /home/joan/Desktop/Proyect-ETL/criminal_minds/criminal_env/lib/python3.12/site-packages/airflow/example_dags/example_bash_decorator.py
[2024-09-30T00:08:01.501-0500] {processor.py:914} INFO - Processing file /home/joan/Desktop/Proyect-ETL/criminal_minds/criminal_env/lib/python3.12/site-packages/airflow/example_dags/example_bash_decorator.py for tasks to queue
[2024-09-30T00:08:01.503-0500] {logging_mixin.py:190} INFO - [2024-09-30T00:08:01.503-0500] {dagbag.py:588} INFO - Filling up the DagBag from /home/joan/Desktop/Proyect-ETL/criminal_minds/criminal_env/lib/python3.12/site-packages/airflow/example_dags/example_bash_decorator.py
[2024-09-30T00:08:01.518-0500] {processor.py:925} INFO - DAG(s) 'example_bash_decorator' retrieved from /home/joan/Desktop/Proyect-ETL/criminal_minds/criminal_env/lib/python3.12/site-packages/airflow/example_dags/example_bash_decorator.py
[2024-09-30T00:08:01.538-0500] {logging_mixin.py:190} INFO - [2024-09-30T00:08:01.538-0500] {dag.py:3239} INFO - Sync 1 DAGs
[2024-09-30T00:08:01.551-0500] {logging_mixin.py:190} INFO - [2024-09-30T00:08:01.551-0500] {dag.py:4180} INFO - Setting next_dagrun for example_bash_decorator to None, run_after=None
[2024-09-30T00:08:01.575-0500] {processor.py:208} INFO - Processing /home/joan/Desktop/Proyect-ETL/criminal_minds/criminal_env/lib/python3.12/site-packages/airflow/example_dags/example_bash_decorator.py took 0.090 seconds
[2024-09-30T00:08:48.319-0500] {processor.py:186} INFO - Started process (PID=3513) to work on /home/joan/Desktop/Proyect-ETL/criminal_minds/criminal_env/lib/python3.12/site-packages/airflow/example_dags/example_bash_decorator.py
[2024-09-30T00:08:48.320-0500] {processor.py:914} INFO - Processing file /home/joan/Desktop/Proyect-ETL/criminal_minds/criminal_env/lib/python3.12/site-packages/airflow/example_dags/example_bash_decorator.py for tasks to queue
[2024-09-30T00:08:48.322-0500] {logging_mixin.py:190} INFO - [2024-09-30T00:08:48.322-0500] {dagbag.py:588} INFO - Filling up the DagBag from /home/joan/Desktop/Proyect-ETL/criminal_minds/criminal_env/lib/python3.12/site-packages/airflow/example_dags/example_bash_decorator.py
[2024-09-30T00:08:48.336-0500] {processor.py:925} INFO - DAG(s) 'example_bash_decorator' retrieved from /home/joan/Desktop/Proyect-ETL/criminal_minds/criminal_env/lib/python3.12/site-packages/airflow/example_dags/example_bash_decorator.py
[2024-09-30T00:08:48.353-0500] {logging_mixin.py:190} INFO - [2024-09-30T00:08:48.352-0500] {dag.py:3239} INFO - Sync 1 DAGs
[2024-09-30T00:08:48.364-0500] {logging_mixin.py:190} INFO - [2024-09-30T00:08:48.363-0500] {dag.py:4180} INFO - Setting next_dagrun for example_bash_decorator to None, run_after=None
[2024-09-30T00:08:48.385-0500] {processor.py:208} INFO - Processing /home/joan/Desktop/Proyect-ETL/criminal_minds/criminal_env/lib/python3.12/site-packages/airflow/example_dags/example_bash_decorator.py took 0.071 seconds
