[2024-09-30T00:04:34.171-0500] {processor.py:186} INFO - Started process (PID=2983) to work on /home/joan/Desktop/Proyect-ETL/criminal_minds/criminal_env/lib/python3.12/site-packages/airflow/example_dags/example_sensors.py
[2024-09-30T00:04:34.172-0500] {processor.py:914} INFO - Processing file /home/joan/Desktop/Proyect-ETL/criminal_minds/criminal_env/lib/python3.12/site-packages/airflow/example_dags/example_sensors.py for tasks to queue
[2024-09-30T00:04:34.174-0500] {logging_mixin.py:190} INFO - [2024-09-30T00:04:34.173-0500] {dagbag.py:588} INFO - Filling up the DagBag from /home/joan/Desktop/Proyect-ETL/criminal_minds/criminal_env/lib/python3.12/site-packages/airflow/example_dags/example_sensors.py
[2024-09-30T00:04:34.184-0500] {processor.py:925} INFO - DAG(s) 'example_sensors' retrieved from /home/joan/Desktop/Proyect-ETL/criminal_minds/criminal_env/lib/python3.12/site-packages/airflow/example_dags/example_sensors.py
[2024-09-30T00:04:34.291-0500] {logging_mixin.py:190} INFO - [2024-09-30T00:04:34.290-0500] {override.py:1901} INFO - Created Permission View: can read on DAG:example_sensors
[2024-09-30T00:04:34.303-0500] {logging_mixin.py:190} INFO - [2024-09-30T00:04:34.302-0500] {override.py:1901} INFO - Created Permission View: can delete on DAG:example_sensors
[2024-09-30T00:04:34.312-0500] {logging_mixin.py:190} INFO - [2024-09-30T00:04:34.312-0500] {override.py:1901} INFO - Created Permission View: can edit on DAG:example_sensors
[2024-09-30T00:04:34.327-0500] {logging_mixin.py:190} INFO - [2024-09-30T00:04:34.327-0500] {override.py:1901} INFO - Created Permission View: can read on DAG Run:example_sensors
[2024-09-30T00:04:34.336-0500] {logging_mixin.py:190} INFO - [2024-09-30T00:04:34.336-0500] {override.py:1901} INFO - Created Permission View: menu access on DAG Run:example_sensors
[2024-09-30T00:04:34.345-0500] {logging_mixin.py:190} INFO - [2024-09-30T00:04:34.345-0500] {override.py:1901} INFO - Created Permission View: can delete on DAG Run:example_sensors
[2024-09-30T00:04:34.355-0500] {logging_mixin.py:190} INFO - [2024-09-30T00:04:34.354-0500] {override.py:1901} INFO - Created Permission View: can create on DAG Run:example_sensors
[2024-09-30T00:04:34.355-0500] {logging_mixin.py:190} INFO - [2024-09-30T00:04:34.355-0500] {dag.py:3239} INFO - Sync 1 DAGs
[2024-09-30T00:04:34.366-0500] {logging_mixin.py:190} INFO - [2024-09-30T00:04:34.366-0500] {dag.py:3262} INFO - Creating ORM DAG for example_sensors
[2024-09-30T00:04:34.367-0500] {logging_mixin.py:190} INFO - [2024-09-30T00:04:34.367-0500] {dag.py:4180} INFO - Setting next_dagrun for example_sensors to None, run_after=None
[2024-09-30T00:04:34.386-0500] {processor.py:208} INFO - Processing /home/joan/Desktop/Proyect-ETL/criminal_minds/criminal_env/lib/python3.12/site-packages/airflow/example_dags/example_sensors.py took 0.219 seconds
[2024-09-30T00:05:35.425-0500] {processor.py:186} INFO - Started process (PID=3040) to work on /home/joan/Desktop/Proyect-ETL/criminal_minds/criminal_env/lib/python3.12/site-packages/airflow/example_dags/example_sensors.py
[2024-09-30T00:05:35.436-0500] {processor.py:914} INFO - Processing file /home/joan/Desktop/Proyect-ETL/criminal_minds/criminal_env/lib/python3.12/site-packages/airflow/example_dags/example_sensors.py for tasks to queue
[2024-09-30T00:05:35.438-0500] {logging_mixin.py:190} INFO - [2024-09-30T00:05:35.438-0500] {dagbag.py:588} INFO - Filling up the DagBag from /home/joan/Desktop/Proyect-ETL/criminal_minds/criminal_env/lib/python3.12/site-packages/airflow/example_dags/example_sensors.py
[2024-09-30T00:05:35.448-0500] {processor.py:925} INFO - DAG(s) 'example_sensors' retrieved from /home/joan/Desktop/Proyect-ETL/criminal_minds/criminal_env/lib/python3.12/site-packages/airflow/example_dags/example_sensors.py
[2024-09-30T00:05:35.466-0500] {logging_mixin.py:190} INFO - [2024-09-30T00:05:35.466-0500] {dag.py:3239} INFO - Sync 1 DAGs
[2024-09-30T00:05:35.477-0500] {logging_mixin.py:190} INFO - [2024-09-30T00:05:35.477-0500] {dag.py:4180} INFO - Setting next_dagrun for example_sensors to None, run_after=None
[2024-09-30T00:05:35.499-0500] {processor.py:208} INFO - Processing /home/joan/Desktop/Proyect-ETL/criminal_minds/criminal_env/lib/python3.12/site-packages/airflow/example_dags/example_sensors.py took 0.078 seconds
[2024-09-30T00:06:27.166-0500] {processor.py:186} INFO - Started process (PID=3364) to work on /home/joan/Desktop/Proyect-ETL/criminal_minds/criminal_env/lib/python3.12/site-packages/airflow/example_dags/example_sensors.py
[2024-09-30T00:06:27.178-0500] {processor.py:914} INFO - Processing file /home/joan/Desktop/Proyect-ETL/criminal_minds/criminal_env/lib/python3.12/site-packages/airflow/example_dags/example_sensors.py for tasks to queue
[2024-09-30T00:06:27.180-0500] {logging_mixin.py:190} INFO - [2024-09-30T00:06:27.179-0500] {dagbag.py:588} INFO - Filling up the DagBag from /home/joan/Desktop/Proyect-ETL/criminal_minds/criminal_env/lib/python3.12/site-packages/airflow/example_dags/example_sensors.py
[2024-09-30T00:06:27.191-0500] {processor.py:925} INFO - DAG(s) 'example_sensors' retrieved from /home/joan/Desktop/Proyect-ETL/criminal_minds/criminal_env/lib/python3.12/site-packages/airflow/example_dags/example_sensors.py
[2024-09-30T00:06:27.214-0500] {logging_mixin.py:190} INFO - [2024-09-30T00:06:27.214-0500] {dag.py:3239} INFO - Sync 1 DAGs
[2024-09-30T00:06:27.226-0500] {logging_mixin.py:190} INFO - [2024-09-30T00:06:27.225-0500] {dag.py:4180} INFO - Setting next_dagrun for example_sensors to None, run_after=None
[2024-09-30T00:06:27.248-0500] {processor.py:208} INFO - Processing /home/joan/Desktop/Proyect-ETL/criminal_minds/criminal_env/lib/python3.12/site-packages/airflow/example_dags/example_sensors.py took 0.086 seconds
[2024-09-30T00:07:21.720-0500] {processor.py:186} INFO - Started process (PID=3421) to work on /home/joan/Desktop/Proyect-ETL/criminal_minds/criminal_env/lib/python3.12/site-packages/airflow/example_dags/example_sensors.py
[2024-09-30T00:07:21.731-0500] {processor.py:914} INFO - Processing file /home/joan/Desktop/Proyect-ETL/criminal_minds/criminal_env/lib/python3.12/site-packages/airflow/example_dags/example_sensors.py for tasks to queue
[2024-09-30T00:07:21.733-0500] {logging_mixin.py:190} INFO - [2024-09-30T00:07:21.733-0500] {dagbag.py:588} INFO - Filling up the DagBag from /home/joan/Desktop/Proyect-ETL/criminal_minds/criminal_env/lib/python3.12/site-packages/airflow/example_dags/example_sensors.py
[2024-09-30T00:07:21.743-0500] {processor.py:925} INFO - DAG(s) 'example_sensors' retrieved from /home/joan/Desktop/Proyect-ETL/criminal_minds/criminal_env/lib/python3.12/site-packages/airflow/example_dags/example_sensors.py
[2024-09-30T00:07:21.762-0500] {logging_mixin.py:190} INFO - [2024-09-30T00:07:21.762-0500] {dag.py:3239} INFO - Sync 1 DAGs
[2024-09-30T00:07:21.773-0500] {logging_mixin.py:190} INFO - [2024-09-30T00:07:21.773-0500] {dag.py:4180} INFO - Setting next_dagrun for example_sensors to None, run_after=None
[2024-09-30T00:07:21.795-0500] {processor.py:208} INFO - Processing /home/joan/Desktop/Proyect-ETL/criminal_minds/criminal_env/lib/python3.12/site-packages/airflow/example_dags/example_sensors.py took 0.079 seconds
[2024-09-30T00:08:09.046-0500] {processor.py:186} INFO - Started process (PID=3471) to work on /home/joan/Desktop/Proyect-ETL/criminal_minds/criminal_env/lib/python3.12/site-packages/airflow/example_dags/example_sensors.py
[2024-09-30T00:08:09.058-0500] {processor.py:914} INFO - Processing file /home/joan/Desktop/Proyect-ETL/criminal_minds/criminal_env/lib/python3.12/site-packages/airflow/example_dags/example_sensors.py for tasks to queue
[2024-09-30T00:08:09.061-0500] {logging_mixin.py:190} INFO - [2024-09-30T00:08:09.060-0500] {dagbag.py:588} INFO - Filling up the DagBag from /home/joan/Desktop/Proyect-ETL/criminal_minds/criminal_env/lib/python3.12/site-packages/airflow/example_dags/example_sensors.py
[2024-09-30T00:08:09.074-0500] {processor.py:925} INFO - DAG(s) 'example_sensors' retrieved from /home/joan/Desktop/Proyect-ETL/criminal_minds/criminal_env/lib/python3.12/site-packages/airflow/example_dags/example_sensors.py
[2024-09-30T00:08:09.098-0500] {logging_mixin.py:190} INFO - [2024-09-30T00:08:09.098-0500] {dag.py:3239} INFO - Sync 1 DAGs
[2024-09-30T00:08:09.112-0500] {logging_mixin.py:190} INFO - [2024-09-30T00:08:09.112-0500] {dag.py:4180} INFO - Setting next_dagrun for example_sensors to None, run_after=None
[2024-09-30T00:08:09.146-0500] {processor.py:208} INFO - Processing /home/joan/Desktop/Proyect-ETL/criminal_minds/criminal_env/lib/python3.12/site-packages/airflow/example_dags/example_sensors.py took 0.106 seconds
[2024-09-30T00:08:55.088-0500] {processor.py:186} INFO - Started process (PID=3520) to work on /home/joan/Desktop/Proyect-ETL/criminal_minds/criminal_env/lib/python3.12/site-packages/airflow/example_dags/example_sensors.py
[2024-09-30T00:08:55.100-0500] {processor.py:914} INFO - Processing file /home/joan/Desktop/Proyect-ETL/criminal_minds/criminal_env/lib/python3.12/site-packages/airflow/example_dags/example_sensors.py for tasks to queue
[2024-09-30T00:08:55.103-0500] {logging_mixin.py:190} INFO - [2024-09-30T00:08:55.102-0500] {dagbag.py:588} INFO - Filling up the DagBag from /home/joan/Desktop/Proyect-ETL/criminal_minds/criminal_env/lib/python3.12/site-packages/airflow/example_dags/example_sensors.py
[2024-09-30T00:08:55.113-0500] {processor.py:925} INFO - DAG(s) 'example_sensors' retrieved from /home/joan/Desktop/Proyect-ETL/criminal_minds/criminal_env/lib/python3.12/site-packages/airflow/example_dags/example_sensors.py
[2024-09-30T00:08:55.133-0500] {logging_mixin.py:190} INFO - [2024-09-30T00:08:55.133-0500] {dag.py:3239} INFO - Sync 1 DAGs
[2024-09-30T00:08:55.144-0500] {logging_mixin.py:190} INFO - [2024-09-30T00:08:55.144-0500] {dag.py:4180} INFO - Setting next_dagrun for example_sensors to None, run_after=None
[2024-09-30T00:08:55.172-0500] {processor.py:208} INFO - Processing /home/joan/Desktop/Proyect-ETL/criminal_minds/criminal_env/lib/python3.12/site-packages/airflow/example_dags/example_sensors.py took 0.088 seconds
