[2024-09-30T00:04:49.184-0500] {processor.py:186} INFO - Started process (PID=2995) to work on /home/joan/Desktop/Proyect-ETL/criminal_minds/criminal_env/lib/python3.12/site-packages/airflow/example_dags/example_time_delta_sensor_async.py
[2024-09-30T00:04:49.185-0500] {processor.py:914} INFO - Processing file /home/joan/Desktop/Proyect-ETL/criminal_minds/criminal_env/lib/python3.12/site-packages/airflow/example_dags/example_time_delta_sensor_async.py for tasks to queue
[2024-09-30T00:04:49.186-0500] {logging_mixin.py:190} INFO - [2024-09-30T00:04:49.186-0500] {dagbag.py:588} INFO - Filling up the DagBag from /home/joan/Desktop/Proyect-ETL/criminal_minds/criminal_env/lib/python3.12/site-packages/airflow/example_dags/example_time_delta_sensor_async.py
[2024-09-30T00:04:49.193-0500] {processor.py:925} INFO - DAG(s) 'example_time_delta_sensor_async' retrieved from /home/joan/Desktop/Proyect-ETL/criminal_minds/criminal_env/lib/python3.12/site-packages/airflow/example_dags/example_time_delta_sensor_async.py
[2024-09-30T00:04:49.312-0500] {logging_mixin.py:190} INFO - [2024-09-30T00:04:49.311-0500] {override.py:1901} INFO - Created Permission View: can read on DAG:example_time_delta_sensor_async
[2024-09-30T00:04:49.324-0500] {logging_mixin.py:190} INFO - [2024-09-30T00:04:49.323-0500] {override.py:1901} INFO - Created Permission View: can delete on DAG:example_time_delta_sensor_async
[2024-09-30T00:04:49.332-0500] {logging_mixin.py:190} INFO - [2024-09-30T00:04:49.332-0500] {override.py:1901} INFO - Created Permission View: can edit on DAG:example_time_delta_sensor_async
[2024-09-30T00:04:49.347-0500] {logging_mixin.py:190} INFO - [2024-09-30T00:04:49.347-0500] {override.py:1901} INFO - Created Permission View: can read on DAG Run:example_time_delta_sensor_async
[2024-09-30T00:04:49.357-0500] {logging_mixin.py:190} INFO - [2024-09-30T00:04:49.356-0500] {override.py:1901} INFO - Created Permission View: menu access on DAG Run:example_time_delta_sensor_async
[2024-09-30T00:04:49.367-0500] {logging_mixin.py:190} INFO - [2024-09-30T00:04:49.366-0500] {override.py:1901} INFO - Created Permission View: can delete on DAG Run:example_time_delta_sensor_async
[2024-09-30T00:04:49.376-0500] {logging_mixin.py:190} INFO - [2024-09-30T00:04:49.376-0500] {override.py:1901} INFO - Created Permission View: can create on DAG Run:example_time_delta_sensor_async
[2024-09-30T00:04:49.377-0500] {logging_mixin.py:190} INFO - [2024-09-30T00:04:49.376-0500] {dag.py:3239} INFO - Sync 1 DAGs
[2024-09-30T00:04:49.389-0500] {logging_mixin.py:190} INFO - [2024-09-30T00:04:49.388-0500] {dag.py:3262} INFO - Creating ORM DAG for example_time_delta_sensor_async
[2024-09-30T00:04:49.389-0500] {logging_mixin.py:190} INFO - [2024-09-30T00:04:49.389-0500] {dag.py:4180} INFO - Setting next_dagrun for example_time_delta_sensor_async to None, run_after=None
[2024-09-30T00:04:49.409-0500] {processor.py:208} INFO - Processing /home/joan/Desktop/Proyect-ETL/criminal_minds/criminal_env/lib/python3.12/site-packages/airflow/example_dags/example_time_delta_sensor_async.py took 0.230 seconds
[2024-09-30T00:05:46.740-0500] {processor.py:186} INFO - Started process (PID=3052) to work on /home/joan/Desktop/Proyect-ETL/criminal_minds/criminal_env/lib/python3.12/site-packages/airflow/example_dags/example_time_delta_sensor_async.py
[2024-09-30T00:05:46.751-0500] {processor.py:914} INFO - Processing file /home/joan/Desktop/Proyect-ETL/criminal_minds/criminal_env/lib/python3.12/site-packages/airflow/example_dags/example_time_delta_sensor_async.py for tasks to queue
[2024-09-30T00:05:46.753-0500] {logging_mixin.py:190} INFO - [2024-09-30T00:05:46.753-0500] {dagbag.py:588} INFO - Filling up the DagBag from /home/joan/Desktop/Proyect-ETL/criminal_minds/criminal_env/lib/python3.12/site-packages/airflow/example_dags/example_time_delta_sensor_async.py
[2024-09-30T00:05:46.760-0500] {processor.py:925} INFO - DAG(s) 'example_time_delta_sensor_async' retrieved from /home/joan/Desktop/Proyect-ETL/criminal_minds/criminal_env/lib/python3.12/site-packages/airflow/example_dags/example_time_delta_sensor_async.py
[2024-09-30T00:05:46.773-0500] {logging_mixin.py:190} INFO - [2024-09-30T00:05:46.772-0500] {dag.py:3239} INFO - Sync 1 DAGs
[2024-09-30T00:05:46.783-0500] {logging_mixin.py:190} INFO - [2024-09-30T00:05:46.783-0500] {dag.py:4180} INFO - Setting next_dagrun for example_time_delta_sensor_async to None, run_after=None
[2024-09-30T00:05:46.804-0500] {processor.py:208} INFO - Processing /home/joan/Desktop/Proyect-ETL/criminal_minds/criminal_env/lib/python3.12/site-packages/airflow/example_dags/example_time_delta_sensor_async.py took 0.068 seconds
[2024-09-30T00:06:38.743-0500] {processor.py:186} INFO - Started process (PID=3376) to work on /home/joan/Desktop/Proyect-ETL/criminal_minds/criminal_env/lib/python3.12/site-packages/airflow/example_dags/example_time_delta_sensor_async.py
[2024-09-30T00:06:38.755-0500] {processor.py:914} INFO - Processing file /home/joan/Desktop/Proyect-ETL/criminal_minds/criminal_env/lib/python3.12/site-packages/airflow/example_dags/example_time_delta_sensor_async.py for tasks to queue
[2024-09-30T00:06:38.757-0500] {logging_mixin.py:190} INFO - [2024-09-30T00:06:38.757-0500] {dagbag.py:588} INFO - Filling up the DagBag from /home/joan/Desktop/Proyect-ETL/criminal_minds/criminal_env/lib/python3.12/site-packages/airflow/example_dags/example_time_delta_sensor_async.py
[2024-09-30T00:06:38.764-0500] {processor.py:925} INFO - DAG(s) 'example_time_delta_sensor_async' retrieved from /home/joan/Desktop/Proyect-ETL/criminal_minds/criminal_env/lib/python3.12/site-packages/airflow/example_dags/example_time_delta_sensor_async.py
[2024-09-30T00:06:38.780-0500] {logging_mixin.py:190} INFO - [2024-09-30T00:06:38.780-0500] {dag.py:3239} INFO - Sync 1 DAGs
[2024-09-30T00:06:38.791-0500] {logging_mixin.py:190} INFO - [2024-09-30T00:06:38.791-0500] {dag.py:4180} INFO - Setting next_dagrun for example_time_delta_sensor_async to None, run_after=None
[2024-09-30T00:06:38.824-0500] {processor.py:208} INFO - Processing /home/joan/Desktop/Proyect-ETL/criminal_minds/criminal_env/lib/python3.12/site-packages/airflow/example_dags/example_time_delta_sensor_async.py took 0.085 seconds
[2024-09-30T00:07:48.379-0500] {processor.py:186} INFO - Started process (PID=3450) to work on /home/joan/Desktop/Proyect-ETL/criminal_minds/criminal_env/lib/python3.12/site-packages/airflow/example_dags/example_time_delta_sensor_async.py
[2024-09-30T00:07:48.392-0500] {processor.py:914} INFO - Processing file /home/joan/Desktop/Proyect-ETL/criminal_minds/criminal_env/lib/python3.12/site-packages/airflow/example_dags/example_time_delta_sensor_async.py for tasks to queue
[2024-09-30T00:07:48.395-0500] {logging_mixin.py:190} INFO - [2024-09-30T00:07:48.394-0500] {dagbag.py:588} INFO - Filling up the DagBag from /home/joan/Desktop/Proyect-ETL/criminal_minds/criminal_env/lib/python3.12/site-packages/airflow/example_dags/example_time_delta_sensor_async.py
[2024-09-30T00:07:48.402-0500] {processor.py:925} INFO - DAG(s) 'example_time_delta_sensor_async' retrieved from /home/joan/Desktop/Proyect-ETL/criminal_minds/criminal_env/lib/python3.12/site-packages/airflow/example_dags/example_time_delta_sensor_async.py
[2024-09-30T00:07:48.418-0500] {logging_mixin.py:190} INFO - [2024-09-30T00:07:48.418-0500] {dag.py:3239} INFO - Sync 1 DAGs
[2024-09-30T00:07:48.430-0500] {logging_mixin.py:190} INFO - [2024-09-30T00:07:48.430-0500] {dag.py:4180} INFO - Setting next_dagrun for example_time_delta_sensor_async to None, run_after=None
[2024-09-30T00:07:48.454-0500] {processor.py:208} INFO - Processing /home/joan/Desktop/Proyect-ETL/criminal_minds/criminal_env/lib/python3.12/site-packages/airflow/example_dags/example_time_delta_sensor_async.py took 0.080 seconds
[2024-09-30T00:08:57.815-0500] {processor.py:186} INFO - Started process (PID=3524) to work on /home/joan/Desktop/Proyect-ETL/criminal_minds/criminal_env/lib/python3.12/site-packages/airflow/example_dags/example_time_delta_sensor_async.py
[2024-09-30T00:08:57.816-0500] {processor.py:914} INFO - Processing file /home/joan/Desktop/Proyect-ETL/criminal_minds/criminal_env/lib/python3.12/site-packages/airflow/example_dags/example_time_delta_sensor_async.py for tasks to queue
[2024-09-30T00:08:57.818-0500] {logging_mixin.py:190} INFO - [2024-09-30T00:08:57.818-0500] {dagbag.py:588} INFO - Filling up the DagBag from /home/joan/Desktop/Proyect-ETL/criminal_minds/criminal_env/lib/python3.12/site-packages/airflow/example_dags/example_time_delta_sensor_async.py
[2024-09-30T00:08:57.825-0500] {processor.py:925} INFO - DAG(s) 'example_time_delta_sensor_async' retrieved from /home/joan/Desktop/Proyect-ETL/criminal_minds/criminal_env/lib/python3.12/site-packages/airflow/example_dags/example_time_delta_sensor_async.py
[2024-09-30T00:08:57.838-0500] {logging_mixin.py:190} INFO - [2024-09-30T00:08:57.838-0500] {dag.py:3239} INFO - Sync 1 DAGs
[2024-09-30T00:08:57.849-0500] {logging_mixin.py:190} INFO - [2024-09-30T00:08:57.849-0500] {dag.py:4180} INFO - Setting next_dagrun for example_time_delta_sensor_async to None, run_after=None
[2024-09-30T00:08:57.871-0500] {processor.py:208} INFO - Processing /home/joan/Desktop/Proyect-ETL/criminal_minds/criminal_env/lib/python3.12/site-packages/airflow/example_dags/example_time_delta_sensor_async.py took 0.060 seconds
