[2024-09-30T00:02:56.695-0500] {processor.py:186} INFO - Started process (PID=2798) to work on /home/joan/Desktop/Proyect-ETL/criminal_minds/criminal_env/lib/python3.12/site-packages/airflow/example_dags/example_params_ui_tutorial.py
[2024-09-30T00:02:56.696-0500] {processor.py:914} INFO - Processing file /home/joan/Desktop/Proyect-ETL/criminal_minds/criminal_env/lib/python3.12/site-packages/airflow/example_dags/example_params_ui_tutorial.py for tasks to queue
[2024-09-30T00:02:56.697-0500] {logging_mixin.py:190} INFO - [2024-09-30T00:02:56.697-0500] {dagbag.py:588} INFO - Filling up the DagBag from /home/joan/Desktop/Proyect-ETL/criminal_minds/criminal_env/lib/python3.12/site-packages/airflow/example_dags/example_params_ui_tutorial.py
[2024-09-30T00:02:56.706-0500] {processor.py:925} INFO - DAG(s) 'example_params_ui_tutorial' retrieved from /home/joan/Desktop/Proyect-ETL/criminal_minds/criminal_env/lib/python3.12/site-packages/airflow/example_dags/example_params_ui_tutorial.py
[2024-09-30T00:02:56.839-0500] {logging_mixin.py:190} INFO - [2024-09-30T00:02:56.838-0500] {override.py:1901} INFO - Created Permission View: can read on DAG:example_params_ui_tutorial
[2024-09-30T00:02:56.852-0500] {logging_mixin.py:190} INFO - [2024-09-30T00:02:56.852-0500] {override.py:1901} INFO - Created Permission View: can edit on DAG:example_params_ui_tutorial
[2024-09-30T00:02:56.862-0500] {logging_mixin.py:190} INFO - [2024-09-30T00:02:56.861-0500] {override.py:1901} INFO - Created Permission View: can delete on DAG:example_params_ui_tutorial
[2024-09-30T00:02:56.876-0500] {logging_mixin.py:190} INFO - [2024-09-30T00:02:56.876-0500] {override.py:1901} INFO - Created Permission View: can read on DAG Run:example_params_ui_tutorial
[2024-09-30T00:02:56.885-0500] {logging_mixin.py:190} INFO - [2024-09-30T00:02:56.885-0500] {override.py:1901} INFO - Created Permission View: menu access on DAG Run:example_params_ui_tutorial
[2024-09-30T00:02:56.894-0500] {logging_mixin.py:190} INFO - [2024-09-30T00:02:56.894-0500] {override.py:1901} INFO - Created Permission View: can delete on DAG Run:example_params_ui_tutorial
[2024-09-30T00:02:56.903-0500] {logging_mixin.py:190} INFO - [2024-09-30T00:02:56.902-0500] {override.py:1901} INFO - Created Permission View: can create on DAG Run:example_params_ui_tutorial
[2024-09-30T00:02:56.903-0500] {logging_mixin.py:190} INFO - [2024-09-30T00:02:56.903-0500] {dag.py:3239} INFO - Sync 1 DAGs
[2024-09-30T00:02:56.913-0500] {logging_mixin.py:190} INFO - [2024-09-30T00:02:56.913-0500] {dag.py:3262} INFO - Creating ORM DAG for example_params_ui_tutorial
[2024-09-30T00:02:56.914-0500] {logging_mixin.py:190} INFO - [2024-09-30T00:02:56.914-0500] {dag.py:4180} INFO - Setting next_dagrun for example_params_ui_tutorial to None, run_after=None
[2024-09-30T00:02:56.936-0500] {processor.py:208} INFO - Processing /home/joan/Desktop/Proyect-ETL/criminal_minds/criminal_env/lib/python3.12/site-packages/airflow/example_dags/example_params_ui_tutorial.py took 0.245 seconds
[2024-09-30T00:04:12.885-0500] {processor.py:186} INFO - Started process (PID=2966) to work on /home/joan/Desktop/Proyect-ETL/criminal_minds/criminal_env/lib/python3.12/site-packages/airflow/example_dags/example_params_ui_tutorial.py
[2024-09-30T00:04:12.886-0500] {processor.py:914} INFO - Processing file /home/joan/Desktop/Proyect-ETL/criminal_minds/criminal_env/lib/python3.12/site-packages/airflow/example_dags/example_params_ui_tutorial.py for tasks to queue
[2024-09-30T00:04:12.888-0500] {logging_mixin.py:190} INFO - [2024-09-30T00:04:12.887-0500] {dagbag.py:588} INFO - Filling up the DagBag from /home/joan/Desktop/Proyect-ETL/criminal_minds/criminal_env/lib/python3.12/site-packages/airflow/example_dags/example_params_ui_tutorial.py
[2024-09-30T00:04:12.896-0500] {processor.py:925} INFO - DAG(s) 'example_params_ui_tutorial' retrieved from /home/joan/Desktop/Proyect-ETL/criminal_minds/criminal_env/lib/python3.12/site-packages/airflow/example_dags/example_params_ui_tutorial.py
[2024-09-30T00:04:12.939-0500] {logging_mixin.py:190} INFO - [2024-09-30T00:04:12.939-0500] {dag.py:3239} INFO - Sync 1 DAGs
[2024-09-30T00:04:12.950-0500] {logging_mixin.py:190} INFO - [2024-09-30T00:04:12.949-0500] {dag.py:4180} INFO - Setting next_dagrun for example_params_ui_tutorial to None, run_after=None
[2024-09-30T00:04:12.973-0500] {processor.py:208} INFO - Processing /home/joan/Desktop/Proyect-ETL/criminal_minds/criminal_env/lib/python3.12/site-packages/airflow/example_dags/example_params_ui_tutorial.py took 0.092 seconds
[2024-09-30T00:05:17.882-0500] {processor.py:186} INFO - Started process (PID=3022) to work on /home/joan/Desktop/Proyect-ETL/criminal_minds/criminal_env/lib/python3.12/site-packages/airflow/example_dags/example_params_ui_tutorial.py
[2024-09-30T00:05:17.892-0500] {processor.py:914} INFO - Processing file /home/joan/Desktop/Proyect-ETL/criminal_minds/criminal_env/lib/python3.12/site-packages/airflow/example_dags/example_params_ui_tutorial.py for tasks to queue
[2024-09-30T00:05:17.894-0500] {logging_mixin.py:190} INFO - [2024-09-30T00:05:17.894-0500] {dagbag.py:588} INFO - Filling up the DagBag from /home/joan/Desktop/Proyect-ETL/criminal_minds/criminal_env/lib/python3.12/site-packages/airflow/example_dags/example_params_ui_tutorial.py
[2024-09-30T00:05:17.902-0500] {processor.py:925} INFO - DAG(s) 'example_params_ui_tutorial' retrieved from /home/joan/Desktop/Proyect-ETL/criminal_minds/criminal_env/lib/python3.12/site-packages/airflow/example_dags/example_params_ui_tutorial.py
[2024-09-30T00:05:17.937-0500] {logging_mixin.py:190} INFO - [2024-09-30T00:05:17.936-0500] {dag.py:3239} INFO - Sync 1 DAGs
[2024-09-30T00:05:17.947-0500] {logging_mixin.py:190} INFO - [2024-09-30T00:05:17.947-0500] {dag.py:4180} INFO - Setting next_dagrun for example_params_ui_tutorial to None, run_after=None
[2024-09-30T00:05:17.971-0500] {processor.py:208} INFO - Processing /home/joan/Desktop/Proyect-ETL/criminal_minds/criminal_env/lib/python3.12/site-packages/airflow/example_dags/example_params_ui_tutorial.py took 0.093 seconds
[2024-09-30T00:06:10.125-0500] {processor.py:186} INFO - Started process (PID=3346) to work on /home/joan/Desktop/Proyect-ETL/criminal_minds/criminal_env/lib/python3.12/site-packages/airflow/example_dags/example_params_ui_tutorial.py
[2024-09-30T00:06:10.137-0500] {processor.py:914} INFO - Processing file /home/joan/Desktop/Proyect-ETL/criminal_minds/criminal_env/lib/python3.12/site-packages/airflow/example_dags/example_params_ui_tutorial.py for tasks to queue
[2024-09-30T00:06:10.139-0500] {logging_mixin.py:190} INFO - [2024-09-30T00:06:10.138-0500] {dagbag.py:588} INFO - Filling up the DagBag from /home/joan/Desktop/Proyect-ETL/criminal_minds/criminal_env/lib/python3.12/site-packages/airflow/example_dags/example_params_ui_tutorial.py
[2024-09-30T00:06:10.147-0500] {processor.py:925} INFO - DAG(s) 'example_params_ui_tutorial' retrieved from /home/joan/Desktop/Proyect-ETL/criminal_minds/criminal_env/lib/python3.12/site-packages/airflow/example_dags/example_params_ui_tutorial.py
[2024-09-30T00:06:10.181-0500] {logging_mixin.py:190} INFO - [2024-09-30T00:06:10.181-0500] {dag.py:3239} INFO - Sync 1 DAGs
[2024-09-30T00:06:10.193-0500] {logging_mixin.py:190} INFO - [2024-09-30T00:06:10.193-0500] {dag.py:4180} INFO - Setting next_dagrun for example_params_ui_tutorial to None, run_after=None
[2024-09-30T00:06:10.215-0500] {processor.py:208} INFO - Processing /home/joan/Desktop/Proyect-ETL/criminal_minds/criminal_env/lib/python3.12/site-packages/airflow/example_dags/example_params_ui_tutorial.py took 0.095 seconds
[2024-09-30T00:06:54.632-0500] {processor.py:186} INFO - Started process (PID=3393) to work on /home/joan/Desktop/Proyect-ETL/criminal_minds/criminal_env/lib/python3.12/site-packages/airflow/example_dags/example_params_ui_tutorial.py
[2024-09-30T00:06:54.644-0500] {processor.py:914} INFO - Processing file /home/joan/Desktop/Proyect-ETL/criminal_minds/criminal_env/lib/python3.12/site-packages/airflow/example_dags/example_params_ui_tutorial.py for tasks to queue
[2024-09-30T00:06:54.646-0500] {logging_mixin.py:190} INFO - [2024-09-30T00:06:54.645-0500] {dagbag.py:588} INFO - Filling up the DagBag from /home/joan/Desktop/Proyect-ETL/criminal_minds/criminal_env/lib/python3.12/site-packages/airflow/example_dags/example_params_ui_tutorial.py
[2024-09-30T00:06:54.654-0500] {processor.py:925} INFO - DAG(s) 'example_params_ui_tutorial' retrieved from /home/joan/Desktop/Proyect-ETL/criminal_minds/criminal_env/lib/python3.12/site-packages/airflow/example_dags/example_params_ui_tutorial.py
[2024-09-30T00:06:54.688-0500] {logging_mixin.py:190} INFO - [2024-09-30T00:06:54.688-0500] {dag.py:3239} INFO - Sync 1 DAGs
[2024-09-30T00:06:54.699-0500] {logging_mixin.py:190} INFO - [2024-09-30T00:06:54.699-0500] {dag.py:4180} INFO - Setting next_dagrun for example_params_ui_tutorial to None, run_after=None
[2024-09-30T00:06:54.733-0500] {processor.py:208} INFO - Processing /home/joan/Desktop/Proyect-ETL/criminal_minds/criminal_env/lib/python3.12/site-packages/airflow/example_dags/example_params_ui_tutorial.py took 0.105 seconds
[2024-09-30T00:07:43.989-0500] {processor.py:186} INFO - Started process (PID=3445) to work on /home/joan/Desktop/Proyect-ETL/criminal_minds/criminal_env/lib/python3.12/site-packages/airflow/example_dags/example_params_ui_tutorial.py
[2024-09-30T00:07:43.991-0500] {processor.py:914} INFO - Processing file /home/joan/Desktop/Proyect-ETL/criminal_minds/criminal_env/lib/python3.12/site-packages/airflow/example_dags/example_params_ui_tutorial.py for tasks to queue
[2024-09-30T00:07:43.993-0500] {logging_mixin.py:190} INFO - [2024-09-30T00:07:43.993-0500] {dagbag.py:588} INFO - Filling up the DagBag from /home/joan/Desktop/Proyect-ETL/criminal_minds/criminal_env/lib/python3.12/site-packages/airflow/example_dags/example_params_ui_tutorial.py
[2024-09-30T00:07:44.004-0500] {processor.py:925} INFO - DAG(s) 'example_params_ui_tutorial' retrieved from /home/joan/Desktop/Proyect-ETL/criminal_minds/criminal_env/lib/python3.12/site-packages/airflow/example_dags/example_params_ui_tutorial.py
[2024-09-30T00:07:44.038-0500] {logging_mixin.py:190} INFO - [2024-09-30T00:07:44.038-0500] {dag.py:3239} INFO - Sync 1 DAGs
[2024-09-30T00:07:44.050-0500] {logging_mixin.py:190} INFO - [2024-09-30T00:07:44.049-0500] {dag.py:4180} INFO - Setting next_dagrun for example_params_ui_tutorial to None, run_after=None
[2024-09-30T00:07:44.071-0500] {processor.py:208} INFO - Processing /home/joan/Desktop/Proyect-ETL/criminal_minds/criminal_env/lib/python3.12/site-packages/airflow/example_dags/example_params_ui_tutorial.py took 0.086 seconds
[2024-09-30T00:08:28.861-0500] {processor.py:186} INFO - Started process (PID=3494) to work on /home/joan/Desktop/Proyect-ETL/criminal_minds/criminal_env/lib/python3.12/site-packages/airflow/example_dags/example_params_ui_tutorial.py
[2024-09-30T00:08:28.862-0500] {processor.py:914} INFO - Processing file /home/joan/Desktop/Proyect-ETL/criminal_minds/criminal_env/lib/python3.12/site-packages/airflow/example_dags/example_params_ui_tutorial.py for tasks to queue
[2024-09-30T00:08:28.864-0500] {logging_mixin.py:190} INFO - [2024-09-30T00:08:28.864-0500] {dagbag.py:588} INFO - Filling up the DagBag from /home/joan/Desktop/Proyect-ETL/criminal_minds/criminal_env/lib/python3.12/site-packages/airflow/example_dags/example_params_ui_tutorial.py
[2024-09-30T00:08:28.873-0500] {processor.py:925} INFO - DAG(s) 'example_params_ui_tutorial' retrieved from /home/joan/Desktop/Proyect-ETL/criminal_minds/criminal_env/lib/python3.12/site-packages/airflow/example_dags/example_params_ui_tutorial.py
[2024-09-30T00:08:28.910-0500] {logging_mixin.py:190} INFO - [2024-09-30T00:08:28.909-0500] {dag.py:3239} INFO - Sync 1 DAGs
[2024-09-30T00:08:28.924-0500] {logging_mixin.py:190} INFO - [2024-09-30T00:08:28.924-0500] {dag.py:4180} INFO - Setting next_dagrun for example_params_ui_tutorial to None, run_after=None
[2024-09-30T00:08:28.946-0500] {processor.py:208} INFO - Processing /home/joan/Desktop/Proyect-ETL/criminal_minds/criminal_env/lib/python3.12/site-packages/airflow/example_dags/example_params_ui_tutorial.py took 0.091 seconds
