[2024-09-30T00:04:38.215-0500] {processor.py:186} INFO - Started process (PID=2986) to work on /home/joan/Desktop/Proyect-ETL/criminal_minds/criminal_env/lib/python3.12/site-packages/airflow/example_dags/example_sensor_decorator.py
[2024-09-30T00:04:38.216-0500] {processor.py:914} INFO - Processing file /home/joan/Desktop/Proyect-ETL/criminal_minds/criminal_env/lib/python3.12/site-packages/airflow/example_dags/example_sensor_decorator.py for tasks to queue
[2024-09-30T00:04:38.217-0500] {logging_mixin.py:190} INFO - [2024-09-30T00:04:38.217-0500] {dagbag.py:588} INFO - Filling up the DagBag from /home/joan/Desktop/Proyect-ETL/criminal_minds/criminal_env/lib/python3.12/site-packages/airflow/example_dags/example_sensor_decorator.py
[2024-09-30T00:04:38.225-0500] {processor.py:925} INFO - DAG(s) 'example_sensor_decorator' retrieved from /home/joan/Desktop/Proyect-ETL/criminal_minds/criminal_env/lib/python3.12/site-packages/airflow/example_dags/example_sensor_decorator.py
[2024-09-30T00:04:38.334-0500] {logging_mixin.py:190} INFO - [2024-09-30T00:04:38.333-0500] {override.py:1901} INFO - Created Permission View: can read on DAG:example_sensor_decorator
[2024-09-30T00:04:38.346-0500] {logging_mixin.py:190} INFO - [2024-09-30T00:04:38.346-0500] {override.py:1901} INFO - Created Permission View: can delete on DAG:example_sensor_decorator
[2024-09-30T00:04:38.356-0500] {logging_mixin.py:190} INFO - [2024-09-30T00:04:38.356-0500] {override.py:1901} INFO - Created Permission View: can edit on DAG:example_sensor_decorator
[2024-09-30T00:04:38.371-0500] {logging_mixin.py:190} INFO - [2024-09-30T00:04:38.371-0500] {override.py:1901} INFO - Created Permission View: can read on DAG Run:example_sensor_decorator
[2024-09-30T00:04:38.380-0500] {logging_mixin.py:190} INFO - [2024-09-30T00:04:38.379-0500] {override.py:1901} INFO - Created Permission View: menu access on DAG Run:example_sensor_decorator
[2024-09-30T00:04:38.389-0500] {logging_mixin.py:190} INFO - [2024-09-30T00:04:38.389-0500] {override.py:1901} INFO - Created Permission View: can delete on DAG Run:example_sensor_decorator
[2024-09-30T00:04:38.398-0500] {logging_mixin.py:190} INFO - [2024-09-30T00:04:38.398-0500] {override.py:1901} INFO - Created Permission View: can create on DAG Run:example_sensor_decorator
[2024-09-30T00:04:38.398-0500] {logging_mixin.py:190} INFO - [2024-09-30T00:04:38.398-0500] {dag.py:3239} INFO - Sync 1 DAGs
[2024-09-30T00:04:38.411-0500] {logging_mixin.py:190} INFO - [2024-09-30T00:04:38.410-0500] {dag.py:3262} INFO - Creating ORM DAG for example_sensor_decorator
[2024-09-30T00:04:38.411-0500] {logging_mixin.py:190} INFO - [2024-09-30T00:04:38.411-0500] {dag.py:4180} INFO - Setting next_dagrun for example_sensor_decorator to None, run_after=None
[2024-09-30T00:04:38.431-0500] {processor.py:208} INFO - Processing /home/joan/Desktop/Proyect-ETL/criminal_minds/criminal_env/lib/python3.12/site-packages/airflow/example_dags/example_sensor_decorator.py took 0.220 seconds
[2024-09-30T00:05:38.164-0500] {processor.py:186} INFO - Started process (PID=3043) to work on /home/joan/Desktop/Proyect-ETL/criminal_minds/criminal_env/lib/python3.12/site-packages/airflow/example_dags/example_sensor_decorator.py
[2024-09-30T00:05:38.176-0500] {processor.py:914} INFO - Processing file /home/joan/Desktop/Proyect-ETL/criminal_minds/criminal_env/lib/python3.12/site-packages/airflow/example_dags/example_sensor_decorator.py for tasks to queue
[2024-09-30T00:05:38.178-0500] {logging_mixin.py:190} INFO - [2024-09-30T00:05:38.178-0500] {dagbag.py:588} INFO - Filling up the DagBag from /home/joan/Desktop/Proyect-ETL/criminal_minds/criminal_env/lib/python3.12/site-packages/airflow/example_dags/example_sensor_decorator.py
[2024-09-30T00:05:38.185-0500] {processor.py:925} INFO - DAG(s) 'example_sensor_decorator' retrieved from /home/joan/Desktop/Proyect-ETL/criminal_minds/criminal_env/lib/python3.12/site-packages/airflow/example_dags/example_sensor_decorator.py
[2024-09-30T00:05:38.198-0500] {logging_mixin.py:190} INFO - [2024-09-30T00:05:38.198-0500] {dag.py:3239} INFO - Sync 1 DAGs
[2024-09-30T00:05:38.209-0500] {logging_mixin.py:190} INFO - [2024-09-30T00:05:38.209-0500] {dag.py:4180} INFO - Setting next_dagrun for example_sensor_decorator to None, run_after=None
[2024-09-30T00:05:38.236-0500] {processor.py:208} INFO - Processing /home/joan/Desktop/Proyect-ETL/criminal_minds/criminal_env/lib/python3.12/site-packages/airflow/example_dags/example_sensor_decorator.py took 0.076 seconds
[2024-09-30T00:06:29.748-0500] {processor.py:186} INFO - Started process (PID=3367) to work on /home/joan/Desktop/Proyect-ETL/criminal_minds/criminal_env/lib/python3.12/site-packages/airflow/example_dags/example_sensor_decorator.py
[2024-09-30T00:06:29.760-0500] {processor.py:914} INFO - Processing file /home/joan/Desktop/Proyect-ETL/criminal_minds/criminal_env/lib/python3.12/site-packages/airflow/example_dags/example_sensor_decorator.py for tasks to queue
[2024-09-30T00:06:29.762-0500] {logging_mixin.py:190} INFO - [2024-09-30T00:06:29.762-0500] {dagbag.py:588} INFO - Filling up the DagBag from /home/joan/Desktop/Proyect-ETL/criminal_minds/criminal_env/lib/python3.12/site-packages/airflow/example_dags/example_sensor_decorator.py
[2024-09-30T00:06:29.769-0500] {processor.py:925} INFO - DAG(s) 'example_sensor_decorator' retrieved from /home/joan/Desktop/Proyect-ETL/criminal_minds/criminal_env/lib/python3.12/site-packages/airflow/example_dags/example_sensor_decorator.py
[2024-09-30T00:06:29.782-0500] {logging_mixin.py:190} INFO - [2024-09-30T00:06:29.782-0500] {dag.py:3239} INFO - Sync 1 DAGs
[2024-09-30T00:06:29.794-0500] {logging_mixin.py:190} INFO - [2024-09-30T00:06:29.793-0500] {dag.py:4180} INFO - Setting next_dagrun for example_sensor_decorator to None, run_after=None
[2024-09-30T00:06:29.817-0500] {processor.py:208} INFO - Processing /home/joan/Desktop/Proyect-ETL/criminal_minds/criminal_env/lib/python3.12/site-packages/airflow/example_dags/example_sensor_decorator.py took 0.073 seconds
[2024-09-30T00:07:24.507-0500] {processor.py:186} INFO - Started process (PID=3424) to work on /home/joan/Desktop/Proyect-ETL/criminal_minds/criminal_env/lib/python3.12/site-packages/airflow/example_dags/example_sensor_decorator.py
[2024-09-30T00:07:24.508-0500] {processor.py:914} INFO - Processing file /home/joan/Desktop/Proyect-ETL/criminal_minds/criminal_env/lib/python3.12/site-packages/airflow/example_dags/example_sensor_decorator.py for tasks to queue
[2024-09-30T00:07:24.510-0500] {logging_mixin.py:190} INFO - [2024-09-30T00:07:24.509-0500] {dagbag.py:588} INFO - Filling up the DagBag from /home/joan/Desktop/Proyect-ETL/criminal_minds/criminal_env/lib/python3.12/site-packages/airflow/example_dags/example_sensor_decorator.py
[2024-09-30T00:07:24.518-0500] {processor.py:925} INFO - DAG(s) 'example_sensor_decorator' retrieved from /home/joan/Desktop/Proyect-ETL/criminal_minds/criminal_env/lib/python3.12/site-packages/airflow/example_dags/example_sensor_decorator.py
[2024-09-30T00:07:24.533-0500] {logging_mixin.py:190} INFO - [2024-09-30T00:07:24.532-0500] {dag.py:3239} INFO - Sync 1 DAGs
[2024-09-30T00:07:24.547-0500] {logging_mixin.py:190} INFO - [2024-09-30T00:07:24.545-0500] {dag.py:4180} INFO - Setting next_dagrun for example_sensor_decorator to None, run_after=None
[2024-09-30T00:07:24.570-0500] {processor.py:208} INFO - Processing /home/joan/Desktop/Proyect-ETL/criminal_minds/criminal_env/lib/python3.12/site-packages/airflow/example_dags/example_sensor_decorator.py took 0.068 seconds
[2024-09-30T00:08:32.854-0500] {processor.py:186} INFO - Started process (PID=3498) to work on /home/joan/Desktop/Proyect-ETL/criminal_minds/criminal_env/lib/python3.12/site-packages/airflow/example_dags/example_sensor_decorator.py
[2024-09-30T00:08:32.865-0500] {processor.py:914} INFO - Processing file /home/joan/Desktop/Proyect-ETL/criminal_minds/criminal_env/lib/python3.12/site-packages/airflow/example_dags/example_sensor_decorator.py for tasks to queue
[2024-09-30T00:08:32.868-0500] {logging_mixin.py:190} INFO - [2024-09-30T00:08:32.868-0500] {dagbag.py:588} INFO - Filling up the DagBag from /home/joan/Desktop/Proyect-ETL/criminal_minds/criminal_env/lib/python3.12/site-packages/airflow/example_dags/example_sensor_decorator.py
[2024-09-30T00:08:32.881-0500] {processor.py:925} INFO - DAG(s) 'example_sensor_decorator' retrieved from /home/joan/Desktop/Proyect-ETL/criminal_minds/criminal_env/lib/python3.12/site-packages/airflow/example_dags/example_sensor_decorator.py
[2024-09-30T00:08:32.900-0500] {logging_mixin.py:190} INFO - [2024-09-30T00:08:32.900-0500] {dag.py:3239} INFO - Sync 1 DAGs
[2024-09-30T00:08:32.914-0500] {logging_mixin.py:190} INFO - [2024-09-30T00:08:32.914-0500] {dag.py:4180} INFO - Setting next_dagrun for example_sensor_decorator to None, run_after=None
[2024-09-30T00:08:32.939-0500] {processor.py:208} INFO - Processing /home/joan/Desktop/Proyect-ETL/criminal_minds/criminal_env/lib/python3.12/site-packages/airflow/example_dags/example_sensor_decorator.py took 0.091 seconds
