[2024-09-30T00:04:27.348-0500] {processor.py:186} INFO - Started process (PID=2978) to work on /home/joan/Desktop/Proyect-ETL/criminal_minds/criminal_env/lib/python3.12/site-packages/airflow/example_dags/example_datasets.py
[2024-09-30T00:04:27.349-0500] {processor.py:914} INFO - Processing file /home/joan/Desktop/Proyect-ETL/criminal_minds/criminal_env/lib/python3.12/site-packages/airflow/example_dags/example_datasets.py for tasks to queue
[2024-09-30T00:04:27.352-0500] {logging_mixin.py:190} INFO - [2024-09-30T00:04:27.351-0500] {dagbag.py:588} INFO - Filling up the DagBag from /home/joan/Desktop/Proyect-ETL/criminal_minds/criminal_env/lib/python3.12/site-packages/airflow/example_dags/example_datasets.py
[2024-09-30T00:04:27.371-0500] {processor.py:925} INFO - DAG(s) 'dataset_consumes_1', 'dataset_consumes_1_and_2', 'consume_1_or_both_2_and_3_with_dataset_expressions', 'consume_1_and_2_with_dataset_expressions', 'dataset_consumes_1_never_scheduled', 'conditional_dataset_and_time_based_timetable', 'dataset_consumes_unknown_never_scheduled', 'dataset_produces_2', 'consume_1_or_2_with_dataset_expressions', 'dataset_produces_1' retrieved from /home/joan/Desktop/Proyect-ETL/criminal_minds/criminal_env/lib/python3.12/site-packages/airflow/example_dags/example_datasets.py
[2024-09-30T00:04:27.507-0500] {logging_mixin.py:190} INFO - [2024-09-30T00:04:27.506-0500] {override.py:1901} INFO - Created Permission View: can read on DAG:dataset_consumes_1
[2024-09-30T00:04:27.520-0500] {logging_mixin.py:190} INFO - [2024-09-30T00:04:27.520-0500] {override.py:1901} INFO - Created Permission View: can delete on DAG:dataset_consumes_1
[2024-09-30T00:04:27.529-0500] {logging_mixin.py:190} INFO - [2024-09-30T00:04:27.529-0500] {override.py:1901} INFO - Created Permission View: can edit on DAG:dataset_consumes_1
[2024-09-30T00:04:27.545-0500] {logging_mixin.py:190} INFO - [2024-09-30T00:04:27.545-0500] {override.py:1901} INFO - Created Permission View: can read on DAG Run:dataset_consumes_1
[2024-09-30T00:04:27.554-0500] {logging_mixin.py:190} INFO - [2024-09-30T00:04:27.554-0500] {override.py:1901} INFO - Created Permission View: menu access on DAG Run:dataset_consumes_1
[2024-09-30T00:04:27.563-0500] {logging_mixin.py:190} INFO - [2024-09-30T00:04:27.563-0500] {override.py:1901} INFO - Created Permission View: can delete on DAG Run:dataset_consumes_1
[2024-09-30T00:04:27.572-0500] {logging_mixin.py:190} INFO - [2024-09-30T00:04:27.571-0500] {override.py:1901} INFO - Created Permission View: can create on DAG Run:dataset_consumes_1
[2024-09-30T00:04:27.592-0500] {logging_mixin.py:190} INFO - [2024-09-30T00:04:27.591-0500] {override.py:1901} INFO - Created Permission View: can read on DAG:dataset_consumes_1_and_2
[2024-09-30T00:04:27.601-0500] {logging_mixin.py:190} INFO - [2024-09-30T00:04:27.601-0500] {override.py:1901} INFO - Created Permission View: can delete on DAG:dataset_consumes_1_and_2
[2024-09-30T00:04:27.611-0500] {logging_mixin.py:190} INFO - [2024-09-30T00:04:27.611-0500] {override.py:1901} INFO - Created Permission View: can edit on DAG:dataset_consumes_1_and_2
[2024-09-30T00:04:27.626-0500] {logging_mixin.py:190} INFO - [2024-09-30T00:04:27.626-0500] {override.py:1901} INFO - Created Permission View: can read on DAG Run:dataset_consumes_1_and_2
[2024-09-30T00:04:27.635-0500] {logging_mixin.py:190} INFO - [2024-09-30T00:04:27.635-0500] {override.py:1901} INFO - Created Permission View: menu access on DAG Run:dataset_consumes_1_and_2
[2024-09-30T00:04:27.644-0500] {logging_mixin.py:190} INFO - [2024-09-30T00:04:27.644-0500] {override.py:1901} INFO - Created Permission View: can delete on DAG Run:dataset_consumes_1_and_2
[2024-09-30T00:04:27.653-0500] {logging_mixin.py:190} INFO - [2024-09-30T00:04:27.652-0500] {override.py:1901} INFO - Created Permission View: can create on DAG Run:dataset_consumes_1_and_2
[2024-09-30T00:04:27.672-0500] {logging_mixin.py:190} INFO - [2024-09-30T00:04:27.672-0500] {override.py:1901} INFO - Created Permission View: can read on DAG:consume_1_or_both_2_and_3_with_dataset_expressions
[2024-09-30T00:04:27.681-0500] {logging_mixin.py:190} INFO - [2024-09-30T00:04:27.681-0500] {override.py:1901} INFO - Created Permission View: can delete on DAG:consume_1_or_both_2_and_3_with_dataset_expressions
[2024-09-30T00:04:27.690-0500] {logging_mixin.py:190} INFO - [2024-09-30T00:04:27.690-0500] {override.py:1901} INFO - Created Permission View: can edit on DAG:consume_1_or_both_2_and_3_with_dataset_expressions
[2024-09-30T00:04:27.705-0500] {logging_mixin.py:190} INFO - [2024-09-30T00:04:27.705-0500] {override.py:1901} INFO - Created Permission View: can read on DAG Run:consume_1_or_both_2_and_3_with_dataset_expressions
[2024-09-30T00:04:27.714-0500] {logging_mixin.py:190} INFO - [2024-09-30T00:04:27.714-0500] {override.py:1901} INFO - Created Permission View: menu access on DAG Run:consume_1_or_both_2_and_3_with_dataset_expressions
[2024-09-30T00:04:27.723-0500] {logging_mixin.py:190} INFO - [2024-09-30T00:04:27.723-0500] {override.py:1901} INFO - Created Permission View: can delete on DAG Run:consume_1_or_both_2_and_3_with_dataset_expressions
[2024-09-30T00:04:27.735-0500] {logging_mixin.py:190} INFO - [2024-09-30T00:04:27.734-0500] {override.py:1901} INFO - Created Permission View: can create on DAG Run:consume_1_or_both_2_and_3_with_dataset_expressions
[2024-09-30T00:04:27.756-0500] {logging_mixin.py:190} INFO - [2024-09-30T00:04:27.756-0500] {override.py:1901} INFO - Created Permission View: can read on DAG:consume_1_and_2_with_dataset_expressions
[2024-09-30T00:04:27.766-0500] {logging_mixin.py:190} INFO - [2024-09-30T00:04:27.766-0500] {override.py:1901} INFO - Created Permission View: can delete on DAG:consume_1_and_2_with_dataset_expressions
[2024-09-30T00:04:27.775-0500] {logging_mixin.py:190} INFO - [2024-09-30T00:04:27.775-0500] {override.py:1901} INFO - Created Permission View: can edit on DAG:consume_1_and_2_with_dataset_expressions
[2024-09-30T00:04:27.793-0500] {logging_mixin.py:190} INFO - [2024-09-30T00:04:27.793-0500] {override.py:1901} INFO - Created Permission View: can read on DAG Run:consume_1_and_2_with_dataset_expressions
[2024-09-30T00:04:27.801-0500] {logging_mixin.py:190} INFO - [2024-09-30T00:04:27.801-0500] {override.py:1901} INFO - Created Permission View: menu access on DAG Run:consume_1_and_2_with_dataset_expressions
[2024-09-30T00:04:27.810-0500] {logging_mixin.py:190} INFO - [2024-09-30T00:04:27.810-0500] {override.py:1901} INFO - Created Permission View: can delete on DAG Run:consume_1_and_2_with_dataset_expressions
[2024-09-30T00:04:27.819-0500] {logging_mixin.py:190} INFO - [2024-09-30T00:04:27.819-0500] {override.py:1901} INFO - Created Permission View: can create on DAG Run:consume_1_and_2_with_dataset_expressions
[2024-09-30T00:04:27.838-0500] {logging_mixin.py:190} INFO - [2024-09-30T00:04:27.837-0500] {override.py:1901} INFO - Created Permission View: can read on DAG:dataset_consumes_1_never_scheduled
[2024-09-30T00:04:27.847-0500] {logging_mixin.py:190} INFO - [2024-09-30T00:04:27.846-0500] {override.py:1901} INFO - Created Permission View: can delete on DAG:dataset_consumes_1_never_scheduled
[2024-09-30T00:04:27.855-0500] {logging_mixin.py:190} INFO - [2024-09-30T00:04:27.855-0500] {override.py:1901} INFO - Created Permission View: can edit on DAG:dataset_consumes_1_never_scheduled
[2024-09-30T00:04:27.872-0500] {logging_mixin.py:190} INFO - [2024-09-30T00:04:27.871-0500] {override.py:1901} INFO - Created Permission View: can read on DAG Run:dataset_consumes_1_never_scheduled
[2024-09-30T00:04:27.881-0500] {logging_mixin.py:190} INFO - [2024-09-30T00:04:27.880-0500] {override.py:1901} INFO - Created Permission View: menu access on DAG Run:dataset_consumes_1_never_scheduled
[2024-09-30T00:04:27.893-0500] {logging_mixin.py:190} INFO - [2024-09-30T00:04:27.893-0500] {override.py:1901} INFO - Created Permission View: can delete on DAG Run:dataset_consumes_1_never_scheduled
[2024-09-30T00:04:27.902-0500] {logging_mixin.py:190} INFO - [2024-09-30T00:04:27.902-0500] {override.py:1901} INFO - Created Permission View: can create on DAG Run:dataset_consumes_1_never_scheduled
[2024-09-30T00:04:27.924-0500] {logging_mixin.py:190} INFO - [2024-09-30T00:04:27.924-0500] {override.py:1901} INFO - Created Permission View: can read on DAG:conditional_dataset_and_time_based_timetable
[2024-09-30T00:04:27.933-0500] {logging_mixin.py:190} INFO - [2024-09-30T00:04:27.933-0500] {override.py:1901} INFO - Created Permission View: can delete on DAG:conditional_dataset_and_time_based_timetable
[2024-09-30T00:04:27.942-0500] {logging_mixin.py:190} INFO - [2024-09-30T00:04:27.942-0500] {override.py:1901} INFO - Created Permission View: can edit on DAG:conditional_dataset_and_time_based_timetable
[2024-09-30T00:04:27.956-0500] {logging_mixin.py:190} INFO - [2024-09-30T00:04:27.956-0500] {override.py:1901} INFO - Created Permission View: can read on DAG Run:conditional_dataset_and_time_based_timetable
[2024-09-30T00:04:27.965-0500] {logging_mixin.py:190} INFO - [2024-09-30T00:04:27.965-0500] {override.py:1901} INFO - Created Permission View: menu access on DAG Run:conditional_dataset_and_time_based_timetable
[2024-09-30T00:04:27.974-0500] {logging_mixin.py:190} INFO - [2024-09-30T00:04:27.973-0500] {override.py:1901} INFO - Created Permission View: can delete on DAG Run:conditional_dataset_and_time_based_timetable
[2024-09-30T00:04:27.982-0500] {logging_mixin.py:190} INFO - [2024-09-30T00:04:27.982-0500] {override.py:1901} INFO - Created Permission View: can create on DAG Run:conditional_dataset_and_time_based_timetable
[2024-09-30T00:04:28.004-0500] {logging_mixin.py:190} INFO - [2024-09-30T00:04:28.003-0500] {override.py:1901} INFO - Created Permission View: can read on DAG:dataset_consumes_unknown_never_scheduled
[2024-09-30T00:04:28.012-0500] {logging_mixin.py:190} INFO - [2024-09-30T00:04:28.012-0500] {override.py:1901} INFO - Created Permission View: can delete on DAG:dataset_consumes_unknown_never_scheduled
[2024-09-30T00:04:28.021-0500] {logging_mixin.py:190} INFO - [2024-09-30T00:04:28.021-0500] {override.py:1901} INFO - Created Permission View: can edit on DAG:dataset_consumes_unknown_never_scheduled
[2024-09-30T00:04:28.036-0500] {logging_mixin.py:190} INFO - [2024-09-30T00:04:28.036-0500] {override.py:1901} INFO - Created Permission View: can read on DAG Run:dataset_consumes_unknown_never_scheduled
[2024-09-30T00:04:28.044-0500] {logging_mixin.py:190} INFO - [2024-09-30T00:04:28.044-0500] {override.py:1901} INFO - Created Permission View: menu access on DAG Run:dataset_consumes_unknown_never_scheduled
[2024-09-30T00:04:28.053-0500] {logging_mixin.py:190} INFO - [2024-09-30T00:04:28.053-0500] {override.py:1901} INFO - Created Permission View: can delete on DAG Run:dataset_consumes_unknown_never_scheduled
[2024-09-30T00:04:28.062-0500] {logging_mixin.py:190} INFO - [2024-09-30T00:04:28.062-0500] {override.py:1901} INFO - Created Permission View: can create on DAG Run:dataset_consumes_unknown_never_scheduled
[2024-09-30T00:04:28.082-0500] {logging_mixin.py:190} INFO - [2024-09-30T00:04:28.082-0500] {override.py:1901} INFO - Created Permission View: can read on DAG:dataset_produces_2
[2024-09-30T00:04:28.091-0500] {logging_mixin.py:190} INFO - [2024-09-30T00:04:28.091-0500] {override.py:1901} INFO - Created Permission View: can delete on DAG:dataset_produces_2
[2024-09-30T00:04:28.100-0500] {logging_mixin.py:190} INFO - [2024-09-30T00:04:28.099-0500] {override.py:1901} INFO - Created Permission View: can edit on DAG:dataset_produces_2
[2024-09-30T00:04:28.114-0500] {logging_mixin.py:190} INFO - [2024-09-30T00:04:28.114-0500] {override.py:1901} INFO - Created Permission View: can read on DAG Run:dataset_produces_2
[2024-09-30T00:04:28.123-0500] {logging_mixin.py:190} INFO - [2024-09-30T00:04:28.123-0500] {override.py:1901} INFO - Created Permission View: menu access on DAG Run:dataset_produces_2
[2024-09-30T00:04:28.132-0500] {logging_mixin.py:190} INFO - [2024-09-30T00:04:28.132-0500] {override.py:1901} INFO - Created Permission View: can delete on DAG Run:dataset_produces_2
[2024-09-30T00:04:28.141-0500] {logging_mixin.py:190} INFO - [2024-09-30T00:04:28.141-0500] {override.py:1901} INFO - Created Permission View: can create on DAG Run:dataset_produces_2
[2024-09-30T00:04:28.161-0500] {logging_mixin.py:190} INFO - [2024-09-30T00:04:28.161-0500] {override.py:1901} INFO - Created Permission View: can read on DAG:consume_1_or_2_with_dataset_expressions
[2024-09-30T00:04:28.169-0500] {logging_mixin.py:190} INFO - [2024-09-30T00:04:28.169-0500] {override.py:1901} INFO - Created Permission View: can delete on DAG:consume_1_or_2_with_dataset_expressions
[2024-09-30T00:04:28.178-0500] {logging_mixin.py:190} INFO - [2024-09-30T00:04:28.178-0500] {override.py:1901} INFO - Created Permission View: can edit on DAG:consume_1_or_2_with_dataset_expressions
[2024-09-30T00:04:28.193-0500] {logging_mixin.py:190} INFO - [2024-09-30T00:04:28.193-0500] {override.py:1901} INFO - Created Permission View: can read on DAG Run:consume_1_or_2_with_dataset_expressions
[2024-09-30T00:04:28.202-0500] {logging_mixin.py:190} INFO - [2024-09-30T00:04:28.201-0500] {override.py:1901} INFO - Created Permission View: menu access on DAG Run:consume_1_or_2_with_dataset_expressions
[2024-09-30T00:04:28.211-0500] {logging_mixin.py:190} INFO - [2024-09-30T00:04:28.211-0500] {override.py:1901} INFO - Created Permission View: can delete on DAG Run:consume_1_or_2_with_dataset_expressions
[2024-09-30T00:04:28.220-0500] {logging_mixin.py:190} INFO - [2024-09-30T00:04:28.220-0500] {override.py:1901} INFO - Created Permission View: can create on DAG Run:consume_1_or_2_with_dataset_expressions
[2024-09-30T00:04:28.239-0500] {logging_mixin.py:190} INFO - [2024-09-30T00:04:28.239-0500] {override.py:1901} INFO - Created Permission View: can read on DAG:dataset_produces_1
[2024-09-30T00:04:28.248-0500] {logging_mixin.py:190} INFO - [2024-09-30T00:04:28.248-0500] {override.py:1901} INFO - Created Permission View: can delete on DAG:dataset_produces_1
[2024-09-30T00:04:28.257-0500] {logging_mixin.py:190} INFO - [2024-09-30T00:04:28.257-0500] {override.py:1901} INFO - Created Permission View: can edit on DAG:dataset_produces_1
[2024-09-30T00:04:28.271-0500] {logging_mixin.py:190} INFO - [2024-09-30T00:04:28.271-0500] {override.py:1901} INFO - Created Permission View: can read on DAG Run:dataset_produces_1
[2024-09-30T00:04:28.280-0500] {logging_mixin.py:190} INFO - [2024-09-30T00:04:28.280-0500] {override.py:1901} INFO - Created Permission View: menu access on DAG Run:dataset_produces_1
[2024-09-30T00:04:28.289-0500] {logging_mixin.py:190} INFO - [2024-09-30T00:04:28.289-0500] {override.py:1901} INFO - Created Permission View: can delete on DAG Run:dataset_produces_1
[2024-09-30T00:04:28.298-0500] {logging_mixin.py:190} INFO - [2024-09-30T00:04:28.298-0500] {override.py:1901} INFO - Created Permission View: can create on DAG Run:dataset_produces_1
[2024-09-30T00:04:28.298-0500] {logging_mixin.py:190} INFO - [2024-09-30T00:04:28.298-0500] {dag.py:3239} INFO - Sync 10 DAGs
[2024-09-30T00:04:28.313-0500] {logging_mixin.py:190} INFO - [2024-09-30T00:04:28.313-0500] {dag.py:3262} INFO - Creating ORM DAG for dataset_consumes_1_and_2
[2024-09-30T00:04:28.313-0500] {logging_mixin.py:190} INFO - [2024-09-30T00:04:28.313-0500] {dag.py:3262} INFO - Creating ORM DAG for dataset_consumes_unknown_never_scheduled
[2024-09-30T00:04:28.314-0500] {logging_mixin.py:190} INFO - [2024-09-30T00:04:28.314-0500] {dag.py:3262} INFO - Creating ORM DAG for dataset_produces_1
[2024-09-30T00:04:28.314-0500] {logging_mixin.py:190} INFO - [2024-09-30T00:04:28.314-0500] {dag.py:3262} INFO - Creating ORM DAG for consume_1_or_2_with_dataset_expressions
[2024-09-30T00:04:28.315-0500] {logging_mixin.py:190} INFO - [2024-09-30T00:04:28.315-0500] {dag.py:3262} INFO - Creating ORM DAG for dataset_produces_2
[2024-09-30T00:04:28.315-0500] {logging_mixin.py:190} INFO - [2024-09-30T00:04:28.315-0500] {dag.py:3262} INFO - Creating ORM DAG for dataset_consumes_1_never_scheduled
[2024-09-30T00:04:28.315-0500] {logging_mixin.py:190} INFO - [2024-09-30T00:04:28.315-0500] {dag.py:3262} INFO - Creating ORM DAG for dataset_consumes_1
[2024-09-30T00:04:28.316-0500] {logging_mixin.py:190} INFO - [2024-09-30T00:04:28.316-0500] {dag.py:3262} INFO - Creating ORM DAG for consume_1_and_2_with_dataset_expressions
[2024-09-30T00:04:28.316-0500] {logging_mixin.py:190} INFO - [2024-09-30T00:04:28.316-0500] {dag.py:3262} INFO - Creating ORM DAG for consume_1_or_both_2_and_3_with_dataset_expressions
[2024-09-30T00:04:28.317-0500] {logging_mixin.py:190} INFO - [2024-09-30T00:04:28.316-0500] {dag.py:3262} INFO - Creating ORM DAG for conditional_dataset_and_time_based_timetable
[2024-09-30T00:04:28.326-0500] {logging_mixin.py:190} INFO - [2024-09-30T00:04:28.325-0500] {dag.py:4180} INFO - Setting next_dagrun for conditional_dataset_and_time_based_timetable to 2024-09-25 01:00:00+00:00, run_after=2024-09-25 01:00:00+00:00
[2024-09-30T00:04:28.326-0500] {logging_mixin.py:190} INFO - [2024-09-30T00:04:28.326-0500] {dag.py:4180} INFO - Setting next_dagrun for consume_1_and_2_with_dataset_expressions to None, run_after=None
[2024-09-30T00:04:28.326-0500] {logging_mixin.py:190} INFO - [2024-09-30T00:04:28.326-0500] {dag.py:4180} INFO - Setting next_dagrun for consume_1_or_2_with_dataset_expressions to None, run_after=None
[2024-09-30T00:04:28.327-0500] {logging_mixin.py:190} INFO - [2024-09-30T00:04:28.327-0500] {dag.py:4180} INFO - Setting next_dagrun for consume_1_or_both_2_and_3_with_dataset_expressions to None, run_after=None
[2024-09-30T00:04:28.327-0500] {logging_mixin.py:190} INFO - [2024-09-30T00:04:28.327-0500] {dag.py:4180} INFO - Setting next_dagrun for dataset_consumes_1 to None, run_after=None
[2024-09-30T00:04:28.327-0500] {logging_mixin.py:190} INFO - [2024-09-30T00:04:28.327-0500] {dag.py:4180} INFO - Setting next_dagrun for dataset_consumes_1_and_2 to None, run_after=None
[2024-09-30T00:04:28.328-0500] {logging_mixin.py:190} INFO - [2024-09-30T00:04:28.328-0500] {dag.py:4180} INFO - Setting next_dagrun for dataset_consumes_1_never_scheduled to None, run_after=None
[2024-09-30T00:04:28.328-0500] {logging_mixin.py:190} INFO - [2024-09-30T00:04:28.328-0500] {dag.py:4180} INFO - Setting next_dagrun for dataset_consumes_unknown_never_scheduled to None, run_after=None
[2024-09-30T00:04:28.329-0500] {logging_mixin.py:190} INFO - [2024-09-30T00:04:28.329-0500] {dag.py:4180} INFO - Setting next_dagrun for dataset_produces_1 to 2024-09-29 00:00:00+00:00, run_after=2024-09-30 00:00:00+00:00
[2024-09-30T00:04:28.330-0500] {logging_mixin.py:190} INFO - [2024-09-30T00:04:28.330-0500] {dag.py:4180} INFO - Setting next_dagrun for dataset_produces_2 to None, run_after=None
[2024-09-30T00:04:28.361-0500] {processor.py:208} INFO - Processing /home/joan/Desktop/Proyect-ETL/criminal_minds/criminal_env/lib/python3.12/site-packages/airflow/example_dags/example_datasets.py took 1.020 seconds
[2024-09-30T00:05:29.185-0500] {processor.py:186} INFO - Started process (PID=3034) to work on /home/joan/Desktop/Proyect-ETL/criminal_minds/criminal_env/lib/python3.12/site-packages/airflow/example_dags/example_datasets.py
[2024-09-30T00:05:29.186-0500] {processor.py:914} INFO - Processing file /home/joan/Desktop/Proyect-ETL/criminal_minds/criminal_env/lib/python3.12/site-packages/airflow/example_dags/example_datasets.py for tasks to queue
[2024-09-30T00:05:29.189-0500] {logging_mixin.py:190} INFO - [2024-09-30T00:05:29.189-0500] {dagbag.py:588} INFO - Filling up the DagBag from /home/joan/Desktop/Proyect-ETL/criminal_minds/criminal_env/lib/python3.12/site-packages/airflow/example_dags/example_datasets.py
[2024-09-30T00:05:29.205-0500] {processor.py:925} INFO - DAG(s) 'dataset_consumes_unknown_never_scheduled', 'consume_1_and_2_with_dataset_expressions', 'dataset_consumes_1_never_scheduled', 'conditional_dataset_and_time_based_timetable', 'dataset_produces_2', 'dataset_produces_1', 'dataset_consumes_1_and_2', 'consume_1_or_2_with_dataset_expressions', 'consume_1_or_both_2_and_3_with_dataset_expressions', 'dataset_consumes_1' retrieved from /home/joan/Desktop/Proyect-ETL/criminal_minds/criminal_env/lib/python3.12/site-packages/airflow/example_dags/example_datasets.py
[2024-09-30T00:05:29.239-0500] {logging_mixin.py:190} INFO - [2024-09-30T00:05:29.239-0500] {dag.py:3239} INFO - Sync 10 DAGs
[2024-09-30T00:05:29.262-0500] {logging_mixin.py:190} INFO - [2024-09-30T00:05:29.262-0500] {dag.py:4180} INFO - Setting next_dagrun for conditional_dataset_and_time_based_timetable to 2024-09-25 01:00:00+00:00, run_after=2024-09-25 01:00:00+00:00
[2024-09-30T00:05:29.265-0500] {logging_mixin.py:190} INFO - [2024-09-30T00:05:29.265-0500] {dag.py:4180} INFO - Setting next_dagrun for consume_1_and_2_with_dataset_expressions to None, run_after=None
[2024-09-30T00:05:29.266-0500] {logging_mixin.py:190} INFO - [2024-09-30T00:05:29.266-0500] {dag.py:4180} INFO - Setting next_dagrun for consume_1_or_2_with_dataset_expressions to None, run_after=None
[2024-09-30T00:05:29.267-0500] {logging_mixin.py:190} INFO - [2024-09-30T00:05:29.267-0500] {dag.py:4180} INFO - Setting next_dagrun for consume_1_or_both_2_and_3_with_dataset_expressions to None, run_after=None
[2024-09-30T00:05:29.268-0500] {logging_mixin.py:190} INFO - [2024-09-30T00:05:29.267-0500] {dag.py:4180} INFO - Setting next_dagrun for dataset_consumes_1 to None, run_after=None
[2024-09-30T00:05:29.268-0500] {logging_mixin.py:190} INFO - [2024-09-30T00:05:29.268-0500] {dag.py:4180} INFO - Setting next_dagrun for dataset_consumes_1_and_2 to None, run_after=None
[2024-09-30T00:05:29.269-0500] {logging_mixin.py:190} INFO - [2024-09-30T00:05:29.269-0500] {dag.py:4180} INFO - Setting next_dagrun for dataset_consumes_1_never_scheduled to None, run_after=None
[2024-09-30T00:05:29.270-0500] {logging_mixin.py:190} INFO - [2024-09-30T00:05:29.270-0500] {dag.py:4180} INFO - Setting next_dagrun for dataset_consumes_unknown_never_scheduled to None, run_after=None
[2024-09-30T00:05:29.272-0500] {logging_mixin.py:190} INFO - [2024-09-30T00:05:29.271-0500] {dag.py:4180} INFO - Setting next_dagrun for dataset_produces_1 to 2024-09-29 00:00:00+00:00, run_after=2024-09-30 00:00:00+00:00
[2024-09-30T00:05:29.272-0500] {logging_mixin.py:190} INFO - [2024-09-30T00:05:29.272-0500] {dag.py:4180} INFO - Setting next_dagrun for dataset_produces_2 to None, run_after=None
[2024-09-30T00:05:29.305-0500] {processor.py:208} INFO - Processing /home/joan/Desktop/Proyect-ETL/criminal_minds/criminal_env/lib/python3.12/site-packages/airflow/example_dags/example_datasets.py took 0.125 seconds
[2024-09-30T00:06:22.575-0500] {processor.py:186} INFO - Started process (PID=3359) to work on /home/joan/Desktop/Proyect-ETL/criminal_minds/criminal_env/lib/python3.12/site-packages/airflow/example_dags/example_datasets.py
[2024-09-30T00:06:22.576-0500] {processor.py:914} INFO - Processing file /home/joan/Desktop/Proyect-ETL/criminal_minds/criminal_env/lib/python3.12/site-packages/airflow/example_dags/example_datasets.py for tasks to queue
[2024-09-30T00:06:22.578-0500] {logging_mixin.py:190} INFO - [2024-09-30T00:06:22.578-0500] {dagbag.py:588} INFO - Filling up the DagBag from /home/joan/Desktop/Proyect-ETL/criminal_minds/criminal_env/lib/python3.12/site-packages/airflow/example_dags/example_datasets.py
[2024-09-30T00:06:22.592-0500] {processor.py:925} INFO - DAG(s) 'conditional_dataset_and_time_based_timetable', 'dataset_consumes_1_and_2', 'consume_1_or_2_with_dataset_expressions', 'dataset_produces_2', 'dataset_consumes_unknown_never_scheduled', 'dataset_consumes_1_never_scheduled', 'dataset_consumes_1', 'consume_1_or_both_2_and_3_with_dataset_expressions', 'dataset_produces_1', 'consume_1_and_2_with_dataset_expressions' retrieved from /home/joan/Desktop/Proyect-ETL/criminal_minds/criminal_env/lib/python3.12/site-packages/airflow/example_dags/example_datasets.py
[2024-09-30T00:06:22.622-0500] {logging_mixin.py:190} INFO - [2024-09-30T00:06:22.621-0500] {dag.py:3239} INFO - Sync 10 DAGs
[2024-09-30T00:06:22.642-0500] {logging_mixin.py:190} INFO - [2024-09-30T00:06:22.641-0500] {dag.py:4180} INFO - Setting next_dagrun for conditional_dataset_and_time_based_timetable to 2024-09-25 01:00:00+00:00, run_after=2024-09-25 01:00:00+00:00
[2024-09-30T00:06:22.645-0500] {logging_mixin.py:190} INFO - [2024-09-30T00:06:22.644-0500] {dag.py:4180} INFO - Setting next_dagrun for consume_1_and_2_with_dataset_expressions to None, run_after=None
[2024-09-30T00:06:22.646-0500] {logging_mixin.py:190} INFO - [2024-09-30T00:06:22.645-0500] {dag.py:4180} INFO - Setting next_dagrun for consume_1_or_2_with_dataset_expressions to None, run_after=None
[2024-09-30T00:06:22.646-0500] {logging_mixin.py:190} INFO - [2024-09-30T00:06:22.646-0500] {dag.py:4180} INFO - Setting next_dagrun for consume_1_or_both_2_and_3_with_dataset_expressions to None, run_after=None
[2024-09-30T00:06:22.647-0500] {logging_mixin.py:190} INFO - [2024-09-30T00:06:22.647-0500] {dag.py:4180} INFO - Setting next_dagrun for dataset_consumes_1 to None, run_after=None
[2024-09-30T00:06:22.648-0500] {logging_mixin.py:190} INFO - [2024-09-30T00:06:22.648-0500] {dag.py:4180} INFO - Setting next_dagrun for dataset_consumes_1_and_2 to None, run_after=None
[2024-09-30T00:06:22.648-0500] {logging_mixin.py:190} INFO - [2024-09-30T00:06:22.648-0500] {dag.py:4180} INFO - Setting next_dagrun for dataset_consumes_1_never_scheduled to None, run_after=None
[2024-09-30T00:06:22.649-0500] {logging_mixin.py:190} INFO - [2024-09-30T00:06:22.649-0500] {dag.py:4180} INFO - Setting next_dagrun for dataset_consumes_unknown_never_scheduled to None, run_after=None
[2024-09-30T00:06:22.651-0500] {logging_mixin.py:190} INFO - [2024-09-30T00:06:22.651-0500] {dag.py:4180} INFO - Setting next_dagrun for dataset_produces_1 to 2024-09-29 00:00:00+00:00, run_after=2024-09-30 00:00:00+00:00
[2024-09-30T00:06:22.652-0500] {logging_mixin.py:190} INFO - [2024-09-30T00:06:22.651-0500] {dag.py:4180} INFO - Setting next_dagrun for dataset_produces_2 to None, run_after=None
[2024-09-30T00:06:22.682-0500] {processor.py:208} INFO - Processing /home/joan/Desktop/Proyect-ETL/criminal_minds/criminal_env/lib/python3.12/site-packages/airflow/example_dags/example_datasets.py took 0.112 seconds
[2024-09-30T00:07:16.472-0500] {processor.py:186} INFO - Started process (PID=3415) to work on /home/joan/Desktop/Proyect-ETL/criminal_minds/criminal_env/lib/python3.12/site-packages/airflow/example_dags/example_datasets.py
[2024-09-30T00:07:16.473-0500] {processor.py:914} INFO - Processing file /home/joan/Desktop/Proyect-ETL/criminal_minds/criminal_env/lib/python3.12/site-packages/airflow/example_dags/example_datasets.py for tasks to queue
[2024-09-30T00:07:16.475-0500] {logging_mixin.py:190} INFO - [2024-09-30T00:07:16.475-0500] {dagbag.py:588} INFO - Filling up the DagBag from /home/joan/Desktop/Proyect-ETL/criminal_minds/criminal_env/lib/python3.12/site-packages/airflow/example_dags/example_datasets.py
[2024-09-30T00:07:16.489-0500] {processor.py:925} INFO - DAG(s) 'consume_1_and_2_with_dataset_expressions', 'dataset_produces_2', 'dataset_consumes_unknown_never_scheduled', 'conditional_dataset_and_time_based_timetable', 'dataset_produces_1', 'dataset_consumes_1_never_scheduled', 'dataset_consumes_1', 'dataset_consumes_1_and_2', 'consume_1_or_both_2_and_3_with_dataset_expressions', 'consume_1_or_2_with_dataset_expressions' retrieved from /home/joan/Desktop/Proyect-ETL/criminal_minds/criminal_env/lib/python3.12/site-packages/airflow/example_dags/example_datasets.py
[2024-09-30T00:07:16.523-0500] {logging_mixin.py:190} INFO - [2024-09-30T00:07:16.523-0500] {dag.py:3239} INFO - Sync 10 DAGs
[2024-09-30T00:07:16.546-0500] {logging_mixin.py:190} INFO - [2024-09-30T00:07:16.545-0500] {dag.py:4180} INFO - Setting next_dagrun for conditional_dataset_and_time_based_timetable to 2024-09-25 01:00:00+00:00, run_after=2024-09-25 01:00:00+00:00
[2024-09-30T00:07:16.549-0500] {logging_mixin.py:190} INFO - [2024-09-30T00:07:16.549-0500] {dag.py:4180} INFO - Setting next_dagrun for consume_1_and_2_with_dataset_expressions to None, run_after=None
[2024-09-30T00:07:16.550-0500] {logging_mixin.py:190} INFO - [2024-09-30T00:07:16.549-0500] {dag.py:4180} INFO - Setting next_dagrun for consume_1_or_2_with_dataset_expressions to None, run_after=None
[2024-09-30T00:07:16.550-0500] {logging_mixin.py:190} INFO - [2024-09-30T00:07:16.550-0500] {dag.py:4180} INFO - Setting next_dagrun for consume_1_or_both_2_and_3_with_dataset_expressions to None, run_after=None
[2024-09-30T00:07:16.551-0500] {logging_mixin.py:190} INFO - [2024-09-30T00:07:16.551-0500] {dag.py:4180} INFO - Setting next_dagrun for dataset_consumes_1 to None, run_after=None
[2024-09-30T00:07:16.552-0500] {logging_mixin.py:190} INFO - [2024-09-30T00:07:16.552-0500] {dag.py:4180} INFO - Setting next_dagrun for dataset_consumes_1_and_2 to None, run_after=None
[2024-09-30T00:07:16.552-0500] {logging_mixin.py:190} INFO - [2024-09-30T00:07:16.552-0500] {dag.py:4180} INFO - Setting next_dagrun for dataset_consumes_1_never_scheduled to None, run_after=None
[2024-09-30T00:07:16.553-0500] {logging_mixin.py:190} INFO - [2024-09-30T00:07:16.553-0500] {dag.py:4180} INFO - Setting next_dagrun for dataset_consumes_unknown_never_scheduled to None, run_after=None
[2024-09-30T00:07:16.555-0500] {logging_mixin.py:190} INFO - [2024-09-30T00:07:16.555-0500] {dag.py:4180} INFO - Setting next_dagrun for dataset_produces_1 to 2024-09-29 00:00:00+00:00, run_after=2024-09-30 00:00:00+00:00
[2024-09-30T00:07:16.556-0500] {logging_mixin.py:190} INFO - [2024-09-30T00:07:16.556-0500] {dag.py:4180} INFO - Setting next_dagrun for dataset_produces_2 to None, run_after=None
[2024-09-30T00:07:16.585-0500] {processor.py:208} INFO - Processing /home/joan/Desktop/Proyect-ETL/criminal_minds/criminal_env/lib/python3.12/site-packages/airflow/example_dags/example_datasets.py took 0.118 seconds
[2024-09-30T00:08:03.778-0500] {processor.py:186} INFO - Started process (PID=3466) to work on /home/joan/Desktop/Proyect-ETL/criminal_minds/criminal_env/lib/python3.12/site-packages/airflow/example_dags/example_datasets.py
[2024-09-30T00:08:03.789-0500] {processor.py:914} INFO - Processing file /home/joan/Desktop/Proyect-ETL/criminal_minds/criminal_env/lib/python3.12/site-packages/airflow/example_dags/example_datasets.py for tasks to queue
[2024-09-30T00:08:03.791-0500] {logging_mixin.py:190} INFO - [2024-09-30T00:08:03.791-0500] {dagbag.py:588} INFO - Filling up the DagBag from /home/joan/Desktop/Proyect-ETL/criminal_minds/criminal_env/lib/python3.12/site-packages/airflow/example_dags/example_datasets.py
[2024-09-30T00:08:03.804-0500] {processor.py:925} INFO - DAG(s) 'dataset_produces_2', 'consume_1_or_both_2_and_3_with_dataset_expressions', 'dataset_produces_1', 'dataset_consumes_1_and_2', 'dataset_consumes_1_never_scheduled', 'dataset_consumes_unknown_never_scheduled', 'consume_1_or_2_with_dataset_expressions', 'consume_1_and_2_with_dataset_expressions', 'conditional_dataset_and_time_based_timetable', 'dataset_consumes_1' retrieved from /home/joan/Desktop/Proyect-ETL/criminal_minds/criminal_env/lib/python3.12/site-packages/airflow/example_dags/example_datasets.py
[2024-09-30T00:08:03.835-0500] {logging_mixin.py:190} INFO - [2024-09-30T00:08:03.834-0500] {dag.py:3239} INFO - Sync 10 DAGs
[2024-09-30T00:08:03.855-0500] {logging_mixin.py:190} INFO - [2024-09-30T00:08:03.854-0500] {dag.py:4180} INFO - Setting next_dagrun for conditional_dataset_and_time_based_timetable to 2024-09-25 01:00:00+00:00, run_after=2024-09-25 01:00:00+00:00
[2024-09-30T00:08:03.858-0500] {logging_mixin.py:190} INFO - [2024-09-30T00:08:03.858-0500] {dag.py:4180} INFO - Setting next_dagrun for consume_1_and_2_with_dataset_expressions to None, run_after=None
[2024-09-30T00:08:03.859-0500] {logging_mixin.py:190} INFO - [2024-09-30T00:08:03.859-0500] {dag.py:4180} INFO - Setting next_dagrun for consume_1_or_2_with_dataset_expressions to None, run_after=None
[2024-09-30T00:08:03.860-0500] {logging_mixin.py:190} INFO - [2024-09-30T00:08:03.860-0500] {dag.py:4180} INFO - Setting next_dagrun for consume_1_or_both_2_and_3_with_dataset_expressions to None, run_after=None
[2024-09-30T00:08:03.861-0500] {logging_mixin.py:190} INFO - [2024-09-30T00:08:03.861-0500] {dag.py:4180} INFO - Setting next_dagrun for dataset_consumes_1 to None, run_after=None
[2024-09-30T00:08:03.862-0500] {logging_mixin.py:190} INFO - [2024-09-30T00:08:03.861-0500] {dag.py:4180} INFO - Setting next_dagrun for dataset_consumes_1_and_2 to None, run_after=None
[2024-09-30T00:08:03.862-0500] {logging_mixin.py:190} INFO - [2024-09-30T00:08:03.862-0500] {dag.py:4180} INFO - Setting next_dagrun for dataset_consumes_1_never_scheduled to None, run_after=None
[2024-09-30T00:08:03.863-0500] {logging_mixin.py:190} INFO - [2024-09-30T00:08:03.863-0500] {dag.py:4180} INFO - Setting next_dagrun for dataset_consumes_unknown_never_scheduled to None, run_after=None
[2024-09-30T00:08:03.865-0500] {logging_mixin.py:190} INFO - [2024-09-30T00:08:03.865-0500] {dag.py:4180} INFO - Setting next_dagrun for dataset_produces_1 to 2024-09-29 00:00:00+00:00, run_after=2024-09-30 00:00:00+00:00
[2024-09-30T00:08:03.866-0500] {logging_mixin.py:190} INFO - [2024-09-30T00:08:03.865-0500] {dag.py:4180} INFO - Setting next_dagrun for dataset_produces_2 to None, run_after=None
[2024-09-30T00:08:03.896-0500] {processor.py:208} INFO - Processing /home/joan/Desktop/Proyect-ETL/criminal_minds/criminal_env/lib/python3.12/site-packages/airflow/example_dags/example_datasets.py took 0.123 seconds
[2024-09-30T00:08:50.607-0500] {processor.py:186} INFO - Started process (PID=3515) to work on /home/joan/Desktop/Proyect-ETL/criminal_minds/criminal_env/lib/python3.12/site-packages/airflow/example_dags/example_datasets.py
[2024-09-30T00:08:50.619-0500] {processor.py:914} INFO - Processing file /home/joan/Desktop/Proyect-ETL/criminal_minds/criminal_env/lib/python3.12/site-packages/airflow/example_dags/example_datasets.py for tasks to queue
[2024-09-30T00:08:50.621-0500] {logging_mixin.py:190} INFO - [2024-09-30T00:08:50.621-0500] {dagbag.py:588} INFO - Filling up the DagBag from /home/joan/Desktop/Proyect-ETL/criminal_minds/criminal_env/lib/python3.12/site-packages/airflow/example_dags/example_datasets.py
[2024-09-30T00:08:50.634-0500] {processor.py:925} INFO - DAG(s) 'conditional_dataset_and_time_based_timetable', 'dataset_produces_2', 'dataset_produces_1', 'dataset_consumes_1_never_scheduled', 'dataset_consumes_1', 'dataset_consumes_unknown_never_scheduled', 'consume_1_and_2_with_dataset_expressions', 'consume_1_or_both_2_and_3_with_dataset_expressions', 'consume_1_or_2_with_dataset_expressions', 'dataset_consumes_1_and_2' retrieved from /home/joan/Desktop/Proyect-ETL/criminal_minds/criminal_env/lib/python3.12/site-packages/airflow/example_dags/example_datasets.py
[2024-09-30T00:08:50.664-0500] {logging_mixin.py:190} INFO - [2024-09-30T00:08:50.664-0500] {dag.py:3239} INFO - Sync 10 DAGs
[2024-09-30T00:08:50.684-0500] {logging_mixin.py:190} INFO - [2024-09-30T00:08:50.684-0500] {dag.py:4180} INFO - Setting next_dagrun for conditional_dataset_and_time_based_timetable to 2024-09-25 01:00:00+00:00, run_after=2024-09-25 01:00:00+00:00
[2024-09-30T00:08:50.687-0500] {logging_mixin.py:190} INFO - [2024-09-30T00:08:50.687-0500] {dag.py:4180} INFO - Setting next_dagrun for consume_1_and_2_with_dataset_expressions to None, run_after=None
[2024-09-30T00:08:50.688-0500] {logging_mixin.py:190} INFO - [2024-09-30T00:08:50.688-0500] {dag.py:4180} INFO - Setting next_dagrun for consume_1_or_2_with_dataset_expressions to None, run_after=None
[2024-09-30T00:08:50.689-0500] {logging_mixin.py:190} INFO - [2024-09-30T00:08:50.689-0500] {dag.py:4180} INFO - Setting next_dagrun for consume_1_or_both_2_and_3_with_dataset_expressions to None, run_after=None
[2024-09-30T00:08:50.689-0500] {logging_mixin.py:190} INFO - [2024-09-30T00:08:50.689-0500] {dag.py:4180} INFO - Setting next_dagrun for dataset_consumes_1 to None, run_after=None
[2024-09-30T00:08:50.690-0500] {logging_mixin.py:190} INFO - [2024-09-30T00:08:50.690-0500] {dag.py:4180} INFO - Setting next_dagrun for dataset_consumes_1_and_2 to None, run_after=None
[2024-09-30T00:08:50.691-0500] {logging_mixin.py:190} INFO - [2024-09-30T00:08:50.691-0500] {dag.py:4180} INFO - Setting next_dagrun for dataset_consumes_1_never_scheduled to None, run_after=None
[2024-09-30T00:08:50.692-0500] {logging_mixin.py:190} INFO - [2024-09-30T00:08:50.691-0500] {dag.py:4180} INFO - Setting next_dagrun for dataset_consumes_unknown_never_scheduled to None, run_after=None
[2024-09-30T00:08:50.693-0500] {logging_mixin.py:190} INFO - [2024-09-30T00:08:50.693-0500] {dag.py:4180} INFO - Setting next_dagrun for dataset_produces_1 to 2024-09-29 00:00:00+00:00, run_after=2024-09-30 00:00:00+00:00
[2024-09-30T00:08:50.694-0500] {logging_mixin.py:190} INFO - [2024-09-30T00:08:50.694-0500] {dag.py:4180} INFO - Setting next_dagrun for dataset_produces_2 to None, run_after=None
[2024-09-30T00:08:50.723-0500] {processor.py:208} INFO - Processing /home/joan/Desktop/Proyect-ETL/criminal_minds/criminal_env/lib/python3.12/site-packages/airflow/example_dags/example_datasets.py took 0.121 seconds
