[2024-09-30T00:04:57.155-0500] {processor.py:186} INFO - Started process (PID=3002) to work on /home/joan/Desktop/Proyect-ETL/criminal_minds/criminal_env/lib/python3.12/site-packages/airflow/example_dags/example_dynamic_task_mapping.py
[2024-09-30T00:04:57.155-0500] {processor.py:914} INFO - Processing file /home/joan/Desktop/Proyect-ETL/criminal_minds/criminal_env/lib/python3.12/site-packages/airflow/example_dags/example_dynamic_task_mapping.py for tasks to queue
[2024-09-30T00:04:57.158-0500] {logging_mixin.py:190} INFO - [2024-09-30T00:04:57.157-0500] {dagbag.py:588} INFO - Filling up the DagBag from /home/joan/Desktop/Proyect-ETL/criminal_minds/criminal_env/lib/python3.12/site-packages/airflow/example_dags/example_dynamic_task_mapping.py
[2024-09-30T00:04:57.165-0500] {processor.py:925} INFO - DAG(s) 'example_dynamic_task_mapping' retrieved from /home/joan/Desktop/Proyect-ETL/criminal_minds/criminal_env/lib/python3.12/site-packages/airflow/example_dags/example_dynamic_task_mapping.py
[2024-09-30T00:04:57.281-0500] {logging_mixin.py:190} INFO - [2024-09-30T00:04:57.280-0500] {override.py:1901} INFO - Created Permission View: can read on DAG:example_dynamic_task_mapping
[2024-09-30T00:04:57.293-0500] {logging_mixin.py:190} INFO - [2024-09-30T00:04:57.293-0500] {override.py:1901} INFO - Created Permission View: can delete on DAG:example_dynamic_task_mapping
[2024-09-30T00:04:57.303-0500] {logging_mixin.py:190} INFO - [2024-09-30T00:04:57.302-0500] {override.py:1901} INFO - Created Permission View: can edit on DAG:example_dynamic_task_mapping
[2024-09-30T00:04:57.318-0500] {logging_mixin.py:190} INFO - [2024-09-30T00:04:57.317-0500] {override.py:1901} INFO - Created Permission View: can read on DAG Run:example_dynamic_task_mapping
[2024-09-30T00:04:57.327-0500] {logging_mixin.py:190} INFO - [2024-09-30T00:04:57.327-0500] {override.py:1901} INFO - Created Permission View: menu access on DAG Run:example_dynamic_task_mapping
[2024-09-30T00:04:57.336-0500] {logging_mixin.py:190} INFO - [2024-09-30T00:04:57.335-0500] {override.py:1901} INFO - Created Permission View: can delete on DAG Run:example_dynamic_task_mapping
[2024-09-30T00:04:57.344-0500] {logging_mixin.py:190} INFO - [2024-09-30T00:04:57.344-0500] {override.py:1901} INFO - Created Permission View: can create on DAG Run:example_dynamic_task_mapping
[2024-09-30T00:04:57.345-0500] {logging_mixin.py:190} INFO - [2024-09-30T00:04:57.345-0500] {dag.py:3239} INFO - Sync 1 DAGs
[2024-09-30T00:04:57.356-0500] {logging_mixin.py:190} INFO - [2024-09-30T00:04:57.356-0500] {dag.py:3262} INFO - Creating ORM DAG for example_dynamic_task_mapping
[2024-09-30T00:04:57.357-0500] {logging_mixin.py:190} INFO - [2024-09-30T00:04:57.357-0500] {dag.py:4180} INFO - Setting next_dagrun for example_dynamic_task_mapping to None, run_after=None
[2024-09-30T00:04:57.375-0500] {processor.py:208} INFO - Processing /home/joan/Desktop/Proyect-ETL/criminal_minds/criminal_env/lib/python3.12/site-packages/airflow/example_dags/example_dynamic_task_mapping.py took 0.225 seconds
[2024-09-30T00:05:53.390-0500] {processor.py:186} INFO - Started process (PID=3324) to work on /home/joan/Desktop/Proyect-ETL/criminal_minds/criminal_env/lib/python3.12/site-packages/airflow/example_dags/example_dynamic_task_mapping.py
[2024-09-30T00:05:53.401-0500] {processor.py:914} INFO - Processing file /home/joan/Desktop/Proyect-ETL/criminal_minds/criminal_env/lib/python3.12/site-packages/airflow/example_dags/example_dynamic_task_mapping.py for tasks to queue
[2024-09-30T00:05:53.403-0500] {logging_mixin.py:190} INFO - [2024-09-30T00:05:53.403-0500] {dagbag.py:588} INFO - Filling up the DagBag from /home/joan/Desktop/Proyect-ETL/criminal_minds/criminal_env/lib/python3.12/site-packages/airflow/example_dags/example_dynamic_task_mapping.py
[2024-09-30T00:05:53.411-0500] {processor.py:925} INFO - DAG(s) 'example_dynamic_task_mapping' retrieved from /home/joan/Desktop/Proyect-ETL/criminal_minds/criminal_env/lib/python3.12/site-packages/airflow/example_dags/example_dynamic_task_mapping.py
[2024-09-30T00:05:53.425-0500] {logging_mixin.py:190} INFO - [2024-09-30T00:05:53.424-0500] {dag.py:3239} INFO - Sync 1 DAGs
[2024-09-30T00:05:53.436-0500] {logging_mixin.py:190} INFO - [2024-09-30T00:05:53.436-0500] {dag.py:4180} INFO - Setting next_dagrun for example_dynamic_task_mapping to None, run_after=None
[2024-09-30T00:05:53.462-0500] {processor.py:208} INFO - Processing /home/joan/Desktop/Proyect-ETL/criminal_minds/criminal_env/lib/python3.12/site-packages/airflow/example_dags/example_dynamic_task_mapping.py took 0.077 seconds
[2024-09-30T00:07:00.938-0500] {processor.py:186} INFO - Started process (PID=3400) to work on /home/joan/Desktop/Proyect-ETL/criminal_minds/criminal_env/lib/python3.12/site-packages/airflow/example_dags/example_dynamic_task_mapping.py
[2024-09-30T00:07:00.939-0500] {processor.py:914} INFO - Processing file /home/joan/Desktop/Proyect-ETL/criminal_minds/criminal_env/lib/python3.12/site-packages/airflow/example_dags/example_dynamic_task_mapping.py for tasks to queue
[2024-09-30T00:07:00.941-0500] {logging_mixin.py:190} INFO - [2024-09-30T00:07:00.941-0500] {dagbag.py:588} INFO - Filling up the DagBag from /home/joan/Desktop/Proyect-ETL/criminal_minds/criminal_env/lib/python3.12/site-packages/airflow/example_dags/example_dynamic_task_mapping.py
[2024-09-30T00:07:00.949-0500] {processor.py:925} INFO - DAG(s) 'example_dynamic_task_mapping' retrieved from /home/joan/Desktop/Proyect-ETL/criminal_minds/criminal_env/lib/python3.12/site-packages/airflow/example_dags/example_dynamic_task_mapping.py
[2024-09-30T00:07:00.963-0500] {logging_mixin.py:190} INFO - [2024-09-30T00:07:00.962-0500] {dag.py:3239} INFO - Sync 1 DAGs
[2024-09-30T00:07:00.974-0500] {logging_mixin.py:190} INFO - [2024-09-30T00:07:00.973-0500] {dag.py:4180} INFO - Setting next_dagrun for example_dynamic_task_mapping to None, run_after=None
[2024-09-30T00:07:00.995-0500] {processor.py:208} INFO - Processing /home/joan/Desktop/Proyect-ETL/criminal_minds/criminal_env/lib/python3.12/site-packages/airflow/example_dags/example_dynamic_task_mapping.py took 0.062 seconds
[2024-09-30T00:08:11.907-0500] {processor.py:186} INFO - Started process (PID=3474) to work on /home/joan/Desktop/Proyect-ETL/criminal_minds/criminal_env/lib/python3.12/site-packages/airflow/example_dags/example_dynamic_task_mapping.py
[2024-09-30T00:08:11.919-0500] {processor.py:914} INFO - Processing file /home/joan/Desktop/Proyect-ETL/criminal_minds/criminal_env/lib/python3.12/site-packages/airflow/example_dags/example_dynamic_task_mapping.py for tasks to queue
[2024-09-30T00:08:11.921-0500] {logging_mixin.py:190} INFO - [2024-09-30T00:08:11.921-0500] {dagbag.py:588} INFO - Filling up the DagBag from /home/joan/Desktop/Proyect-ETL/criminal_minds/criminal_env/lib/python3.12/site-packages/airflow/example_dags/example_dynamic_task_mapping.py
[2024-09-30T00:08:11.929-0500] {processor.py:925} INFO - DAG(s) 'example_dynamic_task_mapping' retrieved from /home/joan/Desktop/Proyect-ETL/criminal_minds/criminal_env/lib/python3.12/site-packages/airflow/example_dags/example_dynamic_task_mapping.py
[2024-09-30T00:08:11.943-0500] {logging_mixin.py:190} INFO - [2024-09-30T00:08:11.943-0500] {dag.py:3239} INFO - Sync 1 DAGs
[2024-09-30T00:08:11.954-0500] {logging_mixin.py:190} INFO - [2024-09-30T00:08:11.954-0500] {dag.py:4180} INFO - Setting next_dagrun for example_dynamic_task_mapping to None, run_after=None
[2024-09-30T00:08:11.975-0500] {processor.py:208} INFO - Processing /home/joan/Desktop/Proyect-ETL/criminal_minds/criminal_env/lib/python3.12/site-packages/airflow/example_dags/example_dynamic_task_mapping.py took 0.073 seconds
