[2024-09-30T00:04:56.080-0500] {processor.py:186} INFO - Started process (PID=3001) to work on /home/joan/Desktop/Proyect-ETL/criminal_minds/criminal_env/lib/python3.12/site-packages/airflow/example_dags/example_trigger_controller_dag.py
[2024-09-30T00:04:56.081-0500] {processor.py:914} INFO - Processing file /home/joan/Desktop/Proyect-ETL/criminal_minds/criminal_env/lib/python3.12/site-packages/airflow/example_dags/example_trigger_controller_dag.py for tasks to queue
[2024-09-30T00:04:56.083-0500] {logging_mixin.py:190} INFO - [2024-09-30T00:04:56.082-0500] {dagbag.py:588} INFO - Filling up the DagBag from /home/joan/Desktop/Proyect-ETL/criminal_minds/criminal_env/lib/python3.12/site-packages/airflow/example_dags/example_trigger_controller_dag.py
[2024-09-30T00:04:56.088-0500] {processor.py:925} INFO - DAG(s) 'example_trigger_controller_dag' retrieved from /home/joan/Desktop/Proyect-ETL/criminal_minds/criminal_env/lib/python3.12/site-packages/airflow/example_dags/example_trigger_controller_dag.py
[2024-09-30T00:04:56.192-0500] {logging_mixin.py:190} INFO - [2024-09-30T00:04:56.192-0500] {override.py:1901} INFO - Created Permission View: can read on DAG:example_trigger_controller_dag
[2024-09-30T00:04:56.205-0500] {logging_mixin.py:190} INFO - [2024-09-30T00:04:56.204-0500] {override.py:1901} INFO - Created Permission View: can delete on DAG:example_trigger_controller_dag
[2024-09-30T00:04:56.214-0500] {logging_mixin.py:190} INFO - [2024-09-30T00:04:56.213-0500] {override.py:1901} INFO - Created Permission View: can edit on DAG:example_trigger_controller_dag
[2024-09-30T00:04:56.229-0500] {logging_mixin.py:190} INFO - [2024-09-30T00:04:56.229-0500] {override.py:1901} INFO - Created Permission View: can read on DAG Run:example_trigger_controller_dag
[2024-09-30T00:04:56.239-0500] {logging_mixin.py:190} INFO - [2024-09-30T00:04:56.238-0500] {override.py:1901} INFO - Created Permission View: menu access on DAG Run:example_trigger_controller_dag
[2024-09-30T00:04:56.247-0500] {logging_mixin.py:190} INFO - [2024-09-30T00:04:56.247-0500] {override.py:1901} INFO - Created Permission View: can delete on DAG Run:example_trigger_controller_dag
[2024-09-30T00:04:56.256-0500] {logging_mixin.py:190} INFO - [2024-09-30T00:04:56.256-0500] {override.py:1901} INFO - Created Permission View: can create on DAG Run:example_trigger_controller_dag
[2024-09-30T00:04:56.257-0500] {logging_mixin.py:190} INFO - [2024-09-30T00:04:56.257-0500] {dag.py:3239} INFO - Sync 1 DAGs
[2024-09-30T00:04:56.268-0500] {logging_mixin.py:190} INFO - [2024-09-30T00:04:56.268-0500] {dag.py:3262} INFO - Creating ORM DAG for example_trigger_controller_dag
[2024-09-30T00:04:56.275-0500] {logging_mixin.py:190} INFO - [2024-09-30T00:04:56.275-0500] {dag.py:4180} INFO - Setting next_dagrun for example_trigger_controller_dag to 2021-01-01 00:00:00+00:00, run_after=2021-01-01 00:00:00+00:00
[2024-09-30T00:04:56.295-0500] {processor.py:208} INFO - Processing /home/joan/Desktop/Proyect-ETL/criminal_minds/criminal_env/lib/python3.12/site-packages/airflow/example_dags/example_trigger_controller_dag.py took 0.219 seconds
[2024-09-30T00:05:52.230-0500] {processor.py:186} INFO - Started process (PID=3323) to work on /home/joan/Desktop/Proyect-ETL/criminal_minds/criminal_env/lib/python3.12/site-packages/airflow/example_dags/example_trigger_controller_dag.py
[2024-09-30T00:05:52.231-0500] {processor.py:914} INFO - Processing file /home/joan/Desktop/Proyect-ETL/criminal_minds/criminal_env/lib/python3.12/site-packages/airflow/example_dags/example_trigger_controller_dag.py for tasks to queue
[2024-09-30T00:05:52.233-0500] {logging_mixin.py:190} INFO - [2024-09-30T00:05:52.233-0500] {dagbag.py:588} INFO - Filling up the DagBag from /home/joan/Desktop/Proyect-ETL/criminal_minds/criminal_env/lib/python3.12/site-packages/airflow/example_dags/example_trigger_controller_dag.py
[2024-09-30T00:05:52.239-0500] {processor.py:925} INFO - DAG(s) 'example_trigger_controller_dag' retrieved from /home/joan/Desktop/Proyect-ETL/criminal_minds/criminal_env/lib/python3.12/site-packages/airflow/example_dags/example_trigger_controller_dag.py
[2024-09-30T00:05:52.253-0500] {logging_mixin.py:190} INFO - [2024-09-30T00:05:52.252-0500] {dag.py:3239} INFO - Sync 1 DAGs
[2024-09-30T00:05:52.279-0500] {logging_mixin.py:190} INFO - [2024-09-30T00:05:52.279-0500] {dag.py:4180} INFO - Setting next_dagrun for example_trigger_controller_dag to 2021-01-01 00:00:00+00:00, run_after=2021-01-01 00:00:00+00:00
[2024-09-30T00:05:52.314-0500] {processor.py:208} INFO - Processing /home/joan/Desktop/Proyect-ETL/criminal_minds/criminal_env/lib/python3.12/site-packages/airflow/example_dags/example_trigger_controller_dag.py took 0.083 seconds
[2024-09-30T00:07:00.713-0500] {processor.py:186} INFO - Started process (PID=3399) to work on /home/joan/Desktop/Proyect-ETL/criminal_minds/criminal_env/lib/python3.12/site-packages/airflow/example_dags/example_trigger_controller_dag.py
[2024-09-30T00:07:00.724-0500] {processor.py:914} INFO - Processing file /home/joan/Desktop/Proyect-ETL/criminal_minds/criminal_env/lib/python3.12/site-packages/airflow/example_dags/example_trigger_controller_dag.py for tasks to queue
[2024-09-30T00:07:00.726-0500] {logging_mixin.py:190} INFO - [2024-09-30T00:07:00.726-0500] {dagbag.py:588} INFO - Filling up the DagBag from /home/joan/Desktop/Proyect-ETL/criminal_minds/criminal_env/lib/python3.12/site-packages/airflow/example_dags/example_trigger_controller_dag.py
[2024-09-30T00:07:00.733-0500] {processor.py:925} INFO - DAG(s) 'example_trigger_controller_dag' retrieved from /home/joan/Desktop/Proyect-ETL/criminal_minds/criminal_env/lib/python3.12/site-packages/airflow/example_dags/example_trigger_controller_dag.py
[2024-09-30T00:07:00.746-0500] {logging_mixin.py:190} INFO - [2024-09-30T00:07:00.746-0500] {dag.py:3239} INFO - Sync 1 DAGs
[2024-09-30T00:07:00.763-0500] {logging_mixin.py:190} INFO - [2024-09-30T00:07:00.763-0500] {dag.py:4180} INFO - Setting next_dagrun for example_trigger_controller_dag to 2021-01-01 00:00:00+00:00, run_after=2021-01-01 00:00:00+00:00
[2024-09-30T00:07:00.786-0500] {processor.py:208} INFO - Processing /home/joan/Desktop/Proyect-ETL/criminal_minds/criminal_env/lib/python3.12/site-packages/airflow/example_dags/example_trigger_controller_dag.py took 0.079 seconds
[2024-09-30T00:08:10.969-0500] {processor.py:186} INFO - Started process (PID=3473) to work on /home/joan/Desktop/Proyect-ETL/criminal_minds/criminal_env/lib/python3.12/site-packages/airflow/example_dags/example_trigger_controller_dag.py
[2024-09-30T00:08:10.980-0500] {processor.py:914} INFO - Processing file /home/joan/Desktop/Proyect-ETL/criminal_minds/criminal_env/lib/python3.12/site-packages/airflow/example_dags/example_trigger_controller_dag.py for tasks to queue
[2024-09-30T00:08:10.982-0500] {logging_mixin.py:190} INFO - [2024-09-30T00:08:10.981-0500] {dagbag.py:588} INFO - Filling up the DagBag from /home/joan/Desktop/Proyect-ETL/criminal_minds/criminal_env/lib/python3.12/site-packages/airflow/example_dags/example_trigger_controller_dag.py
[2024-09-30T00:08:10.989-0500] {processor.py:925} INFO - DAG(s) 'example_trigger_controller_dag' retrieved from /home/joan/Desktop/Proyect-ETL/criminal_minds/criminal_env/lib/python3.12/site-packages/airflow/example_dags/example_trigger_controller_dag.py
[2024-09-30T00:08:11.003-0500] {logging_mixin.py:190} INFO - [2024-09-30T00:08:11.002-0500] {dag.py:3239} INFO - Sync 1 DAGs
[2024-09-30T00:08:11.020-0500] {logging_mixin.py:190} INFO - [2024-09-30T00:08:11.019-0500] {dag.py:4180} INFO - Setting next_dagrun for example_trigger_controller_dag to 2021-01-01 00:00:00+00:00, run_after=2021-01-01 00:00:00+00:00
[2024-09-30T00:08:11.044-0500] {processor.py:208} INFO - Processing /home/joan/Desktop/Proyect-ETL/criminal_minds/criminal_env/lib/python3.12/site-packages/airflow/example_dags/example_trigger_controller_dag.py took 0.080 seconds
