[2024-09-30T00:04:14.373-0500] {processor.py:186} INFO - Started process (PID=2968) to work on /home/joan/Desktop/Proyect-ETL/criminal_minds/criminal_env/lib/python3.12/site-packages/airflow/example_dags/example_outlet_event_extra.py
[2024-09-30T00:04:14.373-0500] {processor.py:914} INFO - Processing file /home/joan/Desktop/Proyect-ETL/criminal_minds/criminal_env/lib/python3.12/site-packages/airflow/example_dags/example_outlet_event_extra.py for tasks to queue
[2024-09-30T00:04:14.375-0500] {logging_mixin.py:190} INFO - [2024-09-30T00:04:14.375-0500] {dagbag.py:588} INFO - Filling up the DagBag from /home/joan/Desktop/Proyect-ETL/criminal_minds/criminal_env/lib/python3.12/site-packages/airflow/example_dags/example_outlet_event_extra.py
[2024-09-30T00:04:14.389-0500] {processor.py:925} INFO - DAG(s) 'dataset_with_extra_from_classic_operator', 'dataset_with_extra_by_context', 'dataset_with_extra_by_yield' retrieved from /home/joan/Desktop/Proyect-ETL/criminal_minds/criminal_env/lib/python3.12/site-packages/airflow/example_dags/example_outlet_event_extra.py
[2024-09-30T00:04:14.499-0500] {logging_mixin.py:190} INFO - [2024-09-30T00:04:14.498-0500] {override.py:1901} INFO - Created Permission View: can read on DAG:dataset_with_extra_from_classic_operator
[2024-09-30T00:04:14.511-0500] {logging_mixin.py:190} INFO - [2024-09-30T00:04:14.511-0500] {override.py:1901} INFO - Created Permission View: can delete on DAG:dataset_with_extra_from_classic_operator
[2024-09-30T00:04:14.520-0500] {logging_mixin.py:190} INFO - [2024-09-30T00:04:14.520-0500] {override.py:1901} INFO - Created Permission View: can edit on DAG:dataset_with_extra_from_classic_operator
[2024-09-30T00:04:14.536-0500] {logging_mixin.py:190} INFO - [2024-09-30T00:04:14.536-0500] {override.py:1901} INFO - Created Permission View: can read on DAG Run:dataset_with_extra_from_classic_operator
[2024-09-30T00:04:14.545-0500] {logging_mixin.py:190} INFO - [2024-09-30T00:04:14.545-0500] {override.py:1901} INFO - Created Permission View: menu access on DAG Run:dataset_with_extra_from_classic_operator
[2024-09-30T00:04:14.554-0500] {logging_mixin.py:190} INFO - [2024-09-30T00:04:14.554-0500] {override.py:1901} INFO - Created Permission View: can delete on DAG Run:dataset_with_extra_from_classic_operator
[2024-09-30T00:04:14.563-0500] {logging_mixin.py:190} INFO - [2024-09-30T00:04:14.562-0500] {override.py:1901} INFO - Created Permission View: can create on DAG Run:dataset_with_extra_from_classic_operator
[2024-09-30T00:04:14.583-0500] {logging_mixin.py:190} INFO - [2024-09-30T00:04:14.582-0500] {override.py:1901} INFO - Created Permission View: can read on DAG:dataset_with_extra_by_context
[2024-09-30T00:04:14.591-0500] {logging_mixin.py:190} INFO - [2024-09-30T00:04:14.591-0500] {override.py:1901} INFO - Created Permission View: can delete on DAG:dataset_with_extra_by_context
[2024-09-30T00:04:14.601-0500] {logging_mixin.py:190} INFO - [2024-09-30T00:04:14.601-0500] {override.py:1901} INFO - Created Permission View: can edit on DAG:dataset_with_extra_by_context
[2024-09-30T00:04:14.620-0500] {logging_mixin.py:190} INFO - [2024-09-30T00:04:14.619-0500] {override.py:1901} INFO - Created Permission View: can read on DAG Run:dataset_with_extra_by_context
[2024-09-30T00:04:14.629-0500] {logging_mixin.py:190} INFO - [2024-09-30T00:04:14.629-0500] {override.py:1901} INFO - Created Permission View: menu access on DAG Run:dataset_with_extra_by_context
[2024-09-30T00:04:14.641-0500] {logging_mixin.py:190} INFO - [2024-09-30T00:04:14.641-0500] {override.py:1901} INFO - Created Permission View: can delete on DAG Run:dataset_with_extra_by_context
[2024-09-30T00:04:14.650-0500] {logging_mixin.py:190} INFO - [2024-09-30T00:04:14.650-0500] {override.py:1901} INFO - Created Permission View: can create on DAG Run:dataset_with_extra_by_context
[2024-09-30T00:04:14.670-0500] {logging_mixin.py:190} INFO - [2024-09-30T00:04:14.669-0500] {override.py:1901} INFO - Created Permission View: can read on DAG:dataset_with_extra_by_yield
[2024-09-30T00:04:14.679-0500] {logging_mixin.py:190} INFO - [2024-09-30T00:04:14.678-0500] {override.py:1901} INFO - Created Permission View: can delete on DAG:dataset_with_extra_by_yield
[2024-09-30T00:04:14.687-0500] {logging_mixin.py:190} INFO - [2024-09-30T00:04:14.687-0500] {override.py:1901} INFO - Created Permission View: can edit on DAG:dataset_with_extra_by_yield
[2024-09-30T00:04:14.702-0500] {logging_mixin.py:190} INFO - [2024-09-30T00:04:14.702-0500] {override.py:1901} INFO - Created Permission View: can read on DAG Run:dataset_with_extra_by_yield
[2024-09-30T00:04:14.711-0500] {logging_mixin.py:190} INFO - [2024-09-30T00:04:14.711-0500] {override.py:1901} INFO - Created Permission View: menu access on DAG Run:dataset_with_extra_by_yield
[2024-09-30T00:04:14.720-0500] {logging_mixin.py:190} INFO - [2024-09-30T00:04:14.720-0500] {override.py:1901} INFO - Created Permission View: can delete on DAG Run:dataset_with_extra_by_yield
[2024-09-30T00:04:14.729-0500] {logging_mixin.py:190} INFO - [2024-09-30T00:04:14.729-0500] {override.py:1901} INFO - Created Permission View: can create on DAG Run:dataset_with_extra_by_yield
[2024-09-30T00:04:14.729-0500] {logging_mixin.py:190} INFO - [2024-09-30T00:04:14.729-0500] {dag.py:3239} INFO - Sync 3 DAGs
[2024-09-30T00:04:14.739-0500] {logging_mixin.py:190} INFO - [2024-09-30T00:04:14.739-0500] {dag.py:3262} INFO - Creating ORM DAG for dataset_with_extra_by_context
[2024-09-30T00:04:14.740-0500] {logging_mixin.py:190} INFO - [2024-09-30T00:04:14.740-0500] {dag.py:3262} INFO - Creating ORM DAG for dataset_with_extra_from_classic_operator
[2024-09-30T00:04:14.740-0500] {logging_mixin.py:190} INFO - [2024-09-30T00:04:14.740-0500] {dag.py:3262} INFO - Creating ORM DAG for dataset_with_extra_by_yield
[2024-09-30T00:04:14.748-0500] {logging_mixin.py:190} INFO - [2024-09-30T00:04:14.748-0500] {dag.py:4180} INFO - Setting next_dagrun for dataset_with_extra_by_context to 2024-09-29 00:00:00+00:00, run_after=2024-09-30 00:00:00+00:00
[2024-09-30T00:04:14.750-0500] {logging_mixin.py:190} INFO - [2024-09-30T00:04:14.750-0500] {dag.py:4180} INFO - Setting next_dagrun for dataset_with_extra_by_yield to 2024-09-29 00:00:00+00:00, run_after=2024-09-30 00:00:00+00:00
[2024-09-30T00:04:14.751-0500] {logging_mixin.py:190} INFO - [2024-09-30T00:04:14.751-0500] {dag.py:4180} INFO - Setting next_dagrun for dataset_with_extra_from_classic_operator to 2024-09-29 00:00:00+00:00, run_after=2024-09-30 00:00:00+00:00
[2024-09-30T00:04:14.779-0500] {processor.py:208} INFO - Processing /home/joan/Desktop/Proyect-ETL/criminal_minds/criminal_env/lib/python3.12/site-packages/airflow/example_dags/example_outlet_event_extra.py took 0.410 seconds
[2024-09-30T00:05:19.983-0500] {processor.py:186} INFO - Started process (PID=3024) to work on /home/joan/Desktop/Proyect-ETL/criminal_minds/criminal_env/lib/python3.12/site-packages/airflow/example_dags/example_outlet_event_extra.py
[2024-09-30T00:05:19.994-0500] {processor.py:914} INFO - Processing file /home/joan/Desktop/Proyect-ETL/criminal_minds/criminal_env/lib/python3.12/site-packages/airflow/example_dags/example_outlet_event_extra.py for tasks to queue
[2024-09-30T00:05:19.996-0500] {logging_mixin.py:190} INFO - [2024-09-30T00:05:19.996-0500] {dagbag.py:588} INFO - Filling up the DagBag from /home/joan/Desktop/Proyect-ETL/criminal_minds/criminal_env/lib/python3.12/site-packages/airflow/example_dags/example_outlet_event_extra.py
[2024-09-30T00:05:20.008-0500] {processor.py:925} INFO - DAG(s) 'dataset_with_extra_from_classic_operator', 'dataset_with_extra_by_yield', 'dataset_with_extra_by_context' retrieved from /home/joan/Desktop/Proyect-ETL/criminal_minds/criminal_env/lib/python3.12/site-packages/airflow/example_dags/example_outlet_event_extra.py
[2024-09-30T00:05:20.026-0500] {logging_mixin.py:190} INFO - [2024-09-30T00:05:20.026-0500] {dag.py:3239} INFO - Sync 3 DAGs
[2024-09-30T00:05:20.044-0500] {logging_mixin.py:190} INFO - [2024-09-30T00:05:20.044-0500] {dag.py:4180} INFO - Setting next_dagrun for dataset_with_extra_by_context to 2024-09-29 00:00:00+00:00, run_after=2024-09-30 00:00:00+00:00
[2024-09-30T00:05:20.048-0500] {logging_mixin.py:190} INFO - [2024-09-30T00:05:20.048-0500] {dag.py:4180} INFO - Setting next_dagrun for dataset_with_extra_by_yield to 2024-09-29 00:00:00+00:00, run_after=2024-09-30 00:00:00+00:00
[2024-09-30T00:05:20.050-0500] {logging_mixin.py:190} INFO - [2024-09-30T00:05:20.050-0500] {dag.py:4180} INFO - Setting next_dagrun for dataset_with_extra_from_classic_operator to 2024-09-29 00:00:00+00:00, run_after=2024-09-30 00:00:00+00:00
[2024-09-30T00:05:20.073-0500] {processor.py:208} INFO - Processing /home/joan/Desktop/Proyect-ETL/criminal_minds/criminal_env/lib/python3.12/site-packages/airflow/example_dags/example_outlet_event_extra.py took 0.095 seconds
[2024-09-30T00:06:11.792-0500] {processor.py:186} INFO - Started process (PID=3348) to work on /home/joan/Desktop/Proyect-ETL/criminal_minds/criminal_env/lib/python3.12/site-packages/airflow/example_dags/example_outlet_event_extra.py
[2024-09-30T00:06:11.794-0500] {processor.py:914} INFO - Processing file /home/joan/Desktop/Proyect-ETL/criminal_minds/criminal_env/lib/python3.12/site-packages/airflow/example_dags/example_outlet_event_extra.py for tasks to queue
[2024-09-30T00:06:11.796-0500] {logging_mixin.py:190} INFO - [2024-09-30T00:06:11.796-0500] {dagbag.py:588} INFO - Filling up the DagBag from /home/joan/Desktop/Proyect-ETL/criminal_minds/criminal_env/lib/python3.12/site-packages/airflow/example_dags/example_outlet_event_extra.py
[2024-09-30T00:06:11.809-0500] {processor.py:925} INFO - DAG(s) 'dataset_with_extra_by_context', 'dataset_with_extra_by_yield', 'dataset_with_extra_from_classic_operator' retrieved from /home/joan/Desktop/Proyect-ETL/criminal_minds/criminal_env/lib/python3.12/site-packages/airflow/example_dags/example_outlet_event_extra.py
[2024-09-30T00:06:11.836-0500] {logging_mixin.py:190} INFO - [2024-09-30T00:06:11.836-0500] {dag.py:3239} INFO - Sync 3 DAGs
[2024-09-30T00:06:11.858-0500] {logging_mixin.py:190} INFO - [2024-09-30T00:06:11.857-0500] {dag.py:4180} INFO - Setting next_dagrun for dataset_with_extra_by_context to 2024-09-29 00:00:00+00:00, run_after=2024-09-30 00:00:00+00:00
[2024-09-30T00:06:11.863-0500] {logging_mixin.py:190} INFO - [2024-09-30T00:06:11.862-0500] {dag.py:4180} INFO - Setting next_dagrun for dataset_with_extra_by_yield to 2024-09-29 00:00:00+00:00, run_after=2024-09-30 00:00:00+00:00
[2024-09-30T00:06:11.865-0500] {logging_mixin.py:190} INFO - [2024-09-30T00:06:11.864-0500] {dag.py:4180} INFO - Setting next_dagrun for dataset_with_extra_from_classic_operator to 2024-09-29 00:00:00+00:00, run_after=2024-09-30 00:00:00+00:00
[2024-09-30T00:06:11.894-0500] {processor.py:208} INFO - Processing /home/joan/Desktop/Proyect-ETL/criminal_minds/criminal_env/lib/python3.12/site-packages/airflow/example_dags/example_outlet_event_extra.py took 0.106 seconds
[2024-09-30T00:06:56.647-0500] {processor.py:186} INFO - Started process (PID=3395) to work on /home/joan/Desktop/Proyect-ETL/criminal_minds/criminal_env/lib/python3.12/site-packages/airflow/example_dags/example_outlet_event_extra.py
[2024-09-30T00:06:56.648-0500] {processor.py:914} INFO - Processing file /home/joan/Desktop/Proyect-ETL/criminal_minds/criminal_env/lib/python3.12/site-packages/airflow/example_dags/example_outlet_event_extra.py for tasks to queue
[2024-09-30T00:06:56.650-0500] {logging_mixin.py:190} INFO - [2024-09-30T00:06:56.649-0500] {dagbag.py:588} INFO - Filling up the DagBag from /home/joan/Desktop/Proyect-ETL/criminal_minds/criminal_env/lib/python3.12/site-packages/airflow/example_dags/example_outlet_event_extra.py
[2024-09-30T00:06:56.662-0500] {processor.py:925} INFO - DAG(s) 'dataset_with_extra_by_yield', 'dataset_with_extra_from_classic_operator', 'dataset_with_extra_by_context' retrieved from /home/joan/Desktop/Proyect-ETL/criminal_minds/criminal_env/lib/python3.12/site-packages/airflow/example_dags/example_outlet_event_extra.py
[2024-09-30T00:06:56.680-0500] {logging_mixin.py:190} INFO - [2024-09-30T00:06:56.679-0500] {dag.py:3239} INFO - Sync 3 DAGs
[2024-09-30T00:06:56.698-0500] {logging_mixin.py:190} INFO - [2024-09-30T00:06:56.698-0500] {dag.py:4180} INFO - Setting next_dagrun for dataset_with_extra_by_context to 2024-09-29 00:00:00+00:00, run_after=2024-09-30 00:00:00+00:00
[2024-09-30T00:06:56.702-0500] {logging_mixin.py:190} INFO - [2024-09-30T00:06:56.702-0500] {dag.py:4180} INFO - Setting next_dagrun for dataset_with_extra_by_yield to 2024-09-29 00:00:00+00:00, run_after=2024-09-30 00:00:00+00:00
[2024-09-30T00:06:56.704-0500] {logging_mixin.py:190} INFO - [2024-09-30T00:06:56.704-0500] {dag.py:4180} INFO - Setting next_dagrun for dataset_with_extra_from_classic_operator to 2024-09-29 00:00:00+00:00, run_after=2024-09-30 00:00:00+00:00
[2024-09-30T00:06:56.728-0500] {processor.py:208} INFO - Processing /home/joan/Desktop/Proyect-ETL/criminal_minds/criminal_env/lib/python3.12/site-packages/airflow/example_dags/example_outlet_event_extra.py took 0.087 seconds
[2024-09-30T00:07:46.268-0500] {processor.py:186} INFO - Started process (PID=3447) to work on /home/joan/Desktop/Proyect-ETL/criminal_minds/criminal_env/lib/python3.12/site-packages/airflow/example_dags/example_outlet_event_extra.py
[2024-09-30T00:07:46.280-0500] {processor.py:914} INFO - Processing file /home/joan/Desktop/Proyect-ETL/criminal_minds/criminal_env/lib/python3.12/site-packages/airflow/example_dags/example_outlet_event_extra.py for tasks to queue
[2024-09-30T00:07:46.282-0500] {logging_mixin.py:190} INFO - [2024-09-30T00:07:46.282-0500] {dagbag.py:588} INFO - Filling up the DagBag from /home/joan/Desktop/Proyect-ETL/criminal_minds/criminal_env/lib/python3.12/site-packages/airflow/example_dags/example_outlet_event_extra.py
[2024-09-30T00:07:46.295-0500] {processor.py:925} INFO - DAG(s) 'dataset_with_extra_by_context', 'dataset_with_extra_by_yield', 'dataset_with_extra_from_classic_operator' retrieved from /home/joan/Desktop/Proyect-ETL/criminal_minds/criminal_env/lib/python3.12/site-packages/airflow/example_dags/example_outlet_event_extra.py
[2024-09-30T00:07:46.312-0500] {logging_mixin.py:190} INFO - [2024-09-30T00:07:46.312-0500] {dag.py:3239} INFO - Sync 3 DAGs
[2024-09-30T00:07:46.331-0500] {logging_mixin.py:190} INFO - [2024-09-30T00:07:46.331-0500] {dag.py:4180} INFO - Setting next_dagrun for dataset_with_extra_by_context to 2024-09-29 00:00:00+00:00, run_after=2024-09-30 00:00:00+00:00
[2024-09-30T00:07:46.335-0500] {logging_mixin.py:190} INFO - [2024-09-30T00:07:46.334-0500] {dag.py:4180} INFO - Setting next_dagrun for dataset_with_extra_by_yield to 2024-09-29 00:00:00+00:00, run_after=2024-09-30 00:00:00+00:00
[2024-09-30T00:07:46.336-0500] {logging_mixin.py:190} INFO - [2024-09-30T00:07:46.336-0500] {dag.py:4180} INFO - Setting next_dagrun for dataset_with_extra_from_classic_operator to 2024-09-29 00:00:00+00:00, run_after=2024-09-30 00:00:00+00:00
[2024-09-30T00:07:46.369-0500] {processor.py:208} INFO - Processing /home/joan/Desktop/Proyect-ETL/criminal_minds/criminal_env/lib/python3.12/site-packages/airflow/example_dags/example_outlet_event_extra.py took 0.106 seconds
[2024-09-30T00:08:31.145-0500] {processor.py:186} INFO - Started process (PID=3496) to work on /home/joan/Desktop/Proyect-ETL/criminal_minds/criminal_env/lib/python3.12/site-packages/airflow/example_dags/example_outlet_event_extra.py
[2024-09-30T00:08:31.156-0500] {processor.py:914} INFO - Processing file /home/joan/Desktop/Proyect-ETL/criminal_minds/criminal_env/lib/python3.12/site-packages/airflow/example_dags/example_outlet_event_extra.py for tasks to queue
[2024-09-30T00:08:31.158-0500] {logging_mixin.py:190} INFO - [2024-09-30T00:08:31.157-0500] {dagbag.py:588} INFO - Filling up the DagBag from /home/joan/Desktop/Proyect-ETL/criminal_minds/criminal_env/lib/python3.12/site-packages/airflow/example_dags/example_outlet_event_extra.py
[2024-09-30T00:08:31.170-0500] {processor.py:925} INFO - DAG(s) 'dataset_with_extra_by_yield', 'dataset_with_extra_by_context', 'dataset_with_extra_from_classic_operator' retrieved from /home/joan/Desktop/Proyect-ETL/criminal_minds/criminal_env/lib/python3.12/site-packages/airflow/example_dags/example_outlet_event_extra.py
[2024-09-30T00:08:31.189-0500] {logging_mixin.py:190} INFO - [2024-09-30T00:08:31.189-0500] {dag.py:3239} INFO - Sync 3 DAGs
[2024-09-30T00:08:31.209-0500] {logging_mixin.py:190} INFO - [2024-09-30T00:08:31.209-0500] {dag.py:4180} INFO - Setting next_dagrun for dataset_with_extra_by_context to 2024-09-29 00:00:00+00:00, run_after=2024-09-30 00:00:00+00:00
[2024-09-30T00:08:31.213-0500] {logging_mixin.py:190} INFO - [2024-09-30T00:08:31.212-0500] {dag.py:4180} INFO - Setting next_dagrun for dataset_with_extra_by_yield to 2024-09-29 00:00:00+00:00, run_after=2024-09-30 00:00:00+00:00
[2024-09-30T00:08:31.214-0500] {logging_mixin.py:190} INFO - [2024-09-30T00:08:31.214-0500] {dag.py:4180} INFO - Setting next_dagrun for dataset_with_extra_from_classic_operator to 2024-09-29 00:00:00+00:00, run_after=2024-09-30 00:00:00+00:00
[2024-09-30T00:08:31.238-0500] {processor.py:208} INFO - Processing /home/joan/Desktop/Proyect-ETL/criminal_minds/criminal_env/lib/python3.12/site-packages/airflow/example_dags/example_outlet_event_extra.py took 0.098 seconds
