[2024-09-30T00:04:21.906-0500] {processor.py:186} INFO - Started process (PID=2974) to work on /home/joan/Desktop/Proyect-ETL/criminal_minds/criminal_env/lib/python3.12/site-packages/airflow/example_dags/example_dag_decorator.py
[2024-09-30T00:04:21.907-0500] {processor.py:914} INFO - Processing file /home/joan/Desktop/Proyect-ETL/criminal_minds/criminal_env/lib/python3.12/site-packages/airflow/example_dags/example_dag_decorator.py for tasks to queue
[2024-09-30T00:04:21.908-0500] {logging_mixin.py:190} INFO - [2024-09-30T00:04:21.908-0500] {dagbag.py:588} INFO - Filling up the DagBag from /home/joan/Desktop/Proyect-ETL/criminal_minds/criminal_env/lib/python3.12/site-packages/airflow/example_dags/example_dag_decorator.py
[2024-09-30T00:04:21.919-0500] {processor.py:925} INFO - DAG(s) 'example_dag_decorator' retrieved from /home/joan/Desktop/Proyect-ETL/criminal_minds/criminal_env/lib/python3.12/site-packages/airflow/example_dags/example_dag_decorator.py
[2024-09-30T00:04:22.027-0500] {logging_mixin.py:190} INFO - [2024-09-30T00:04:22.027-0500] {override.py:1901} INFO - Created Permission View: can read on DAG:example_dag_decorator
[2024-09-30T00:04:22.040-0500] {logging_mixin.py:190} INFO - [2024-09-30T00:04:22.040-0500] {override.py:1901} INFO - Created Permission View: can delete on DAG:example_dag_decorator
[2024-09-30T00:04:22.049-0500] {logging_mixin.py:190} INFO - [2024-09-30T00:04:22.049-0500] {override.py:1901} INFO - Created Permission View: can edit on DAG:example_dag_decorator
[2024-09-30T00:04:22.064-0500] {logging_mixin.py:190} INFO - [2024-09-30T00:04:22.063-0500] {override.py:1901} INFO - Created Permission View: can read on DAG Run:example_dag_decorator
[2024-09-30T00:04:22.073-0500] {logging_mixin.py:190} INFO - [2024-09-30T00:04:22.073-0500] {override.py:1901} INFO - Created Permission View: menu access on DAG Run:example_dag_decorator
[2024-09-30T00:04:22.082-0500] {logging_mixin.py:190} INFO - [2024-09-30T00:04:22.082-0500] {override.py:1901} INFO - Created Permission View: can delete on DAG Run:example_dag_decorator
[2024-09-30T00:04:22.091-0500] {logging_mixin.py:190} INFO - [2024-09-30T00:04:22.091-0500] {override.py:1901} INFO - Created Permission View: can create on DAG Run:example_dag_decorator
[2024-09-30T00:04:22.092-0500] {logging_mixin.py:190} INFO - [2024-09-30T00:04:22.091-0500] {dag.py:3239} INFO - Sync 1 DAGs
[2024-09-30T00:04:22.102-0500] {logging_mixin.py:190} INFO - [2024-09-30T00:04:22.102-0500] {dag.py:3262} INFO - Creating ORM DAG for example_dag_decorator
[2024-09-30T00:04:22.103-0500] {logging_mixin.py:190} INFO - [2024-09-30T00:04:22.102-0500] {dag.py:4180} INFO - Setting next_dagrun for example_dag_decorator to None, run_after=None
[2024-09-30T00:04:22.122-0500] {processor.py:208} INFO - Processing /home/joan/Desktop/Proyect-ETL/criminal_minds/criminal_env/lib/python3.12/site-packages/airflow/example_dags/example_dag_decorator.py took 0.220 seconds
[2024-09-30T00:05:26.271-0500] {processor.py:186} INFO - Started process (PID=3030) to work on /home/joan/Desktop/Proyect-ETL/criminal_minds/criminal_env/lib/python3.12/site-packages/airflow/example_dags/example_dag_decorator.py
[2024-09-30T00:05:26.284-0500] {processor.py:914} INFO - Processing file /home/joan/Desktop/Proyect-ETL/criminal_minds/criminal_env/lib/python3.12/site-packages/airflow/example_dags/example_dag_decorator.py for tasks to queue
[2024-09-30T00:05:26.286-0500] {logging_mixin.py:190} INFO - [2024-09-30T00:05:26.285-0500] {dagbag.py:588} INFO - Filling up the DagBag from /home/joan/Desktop/Proyect-ETL/criminal_minds/criminal_env/lib/python3.12/site-packages/airflow/example_dags/example_dag_decorator.py
[2024-09-30T00:05:26.296-0500] {processor.py:925} INFO - DAG(s) 'example_dag_decorator' retrieved from /home/joan/Desktop/Proyect-ETL/criminal_minds/criminal_env/lib/python3.12/site-packages/airflow/example_dags/example_dag_decorator.py
[2024-09-30T00:05:26.386-0500] {logging_mixin.py:190} INFO - [2024-09-30T00:05:26.385-0500] {dag.py:3239} INFO - Sync 1 DAGs
[2024-09-30T00:05:26.395-0500] {logging_mixin.py:190} INFO - [2024-09-30T00:05:26.395-0500] {dag.py:4180} INFO - Setting next_dagrun for example_dag_decorator to None, run_after=None
[2024-09-30T00:05:26.416-0500] {processor.py:208} INFO - Processing /home/joan/Desktop/Proyect-ETL/criminal_minds/criminal_env/lib/python3.12/site-packages/airflow/example_dags/example_dag_decorator.py took 0.150 seconds
[2024-09-30T00:06:17.972-0500] {processor.py:186} INFO - Started process (PID=3354) to work on /home/joan/Desktop/Proyect-ETL/criminal_minds/criminal_env/lib/python3.12/site-packages/airflow/example_dags/example_dag_decorator.py
[2024-09-30T00:06:17.974-0500] {processor.py:914} INFO - Processing file /home/joan/Desktop/Proyect-ETL/criminal_minds/criminal_env/lib/python3.12/site-packages/airflow/example_dags/example_dag_decorator.py for tasks to queue
[2024-09-30T00:06:17.976-0500] {logging_mixin.py:190} INFO - [2024-09-30T00:06:17.976-0500] {dagbag.py:588} INFO - Filling up the DagBag from /home/joan/Desktop/Proyect-ETL/criminal_minds/criminal_env/lib/python3.12/site-packages/airflow/example_dags/example_dag_decorator.py
[2024-09-30T00:06:17.989-0500] {processor.py:925} INFO - DAG(s) 'example_dag_decorator' retrieved from /home/joan/Desktop/Proyect-ETL/criminal_minds/criminal_env/lib/python3.12/site-packages/airflow/example_dags/example_dag_decorator.py
[2024-09-30T00:06:18.089-0500] {logging_mixin.py:190} INFO - [2024-09-30T00:06:18.089-0500] {dag.py:3239} INFO - Sync 1 DAGs
[2024-09-30T00:06:18.100-0500] {logging_mixin.py:190} INFO - [2024-09-30T00:06:18.100-0500] {dag.py:4180} INFO - Setting next_dagrun for example_dag_decorator to None, run_after=None
[2024-09-30T00:06:18.122-0500] {processor.py:208} INFO - Processing /home/joan/Desktop/Proyect-ETL/criminal_minds/criminal_env/lib/python3.12/site-packages/airflow/example_dags/example_dag_decorator.py took 0.156 seconds
[2024-09-30T00:07:11.798-0500] {processor.py:186} INFO - Started process (PID=3411) to work on /home/joan/Desktop/Proyect-ETL/criminal_minds/criminal_env/lib/python3.12/site-packages/airflow/example_dags/example_dag_decorator.py
[2024-09-30T00:07:11.799-0500] {processor.py:914} INFO - Processing file /home/joan/Desktop/Proyect-ETL/criminal_minds/criminal_env/lib/python3.12/site-packages/airflow/example_dags/example_dag_decorator.py for tasks to queue
[2024-09-30T00:07:11.801-0500] {logging_mixin.py:190} INFO - [2024-09-30T00:07:11.801-0500] {dagbag.py:588} INFO - Filling up the DagBag from /home/joan/Desktop/Proyect-ETL/criminal_minds/criminal_env/lib/python3.12/site-packages/airflow/example_dags/example_dag_decorator.py
[2024-09-30T00:07:11.814-0500] {processor.py:925} INFO - DAG(s) 'example_dag_decorator' retrieved from /home/joan/Desktop/Proyect-ETL/criminal_minds/criminal_env/lib/python3.12/site-packages/airflow/example_dags/example_dag_decorator.py
[2024-09-30T00:07:11.922-0500] {logging_mixin.py:190} INFO - [2024-09-30T00:07:11.921-0500] {dag.py:3239} INFO - Sync 1 DAGs
[2024-09-30T00:07:11.935-0500] {logging_mixin.py:190} INFO - [2024-09-30T00:07:11.934-0500] {dag.py:4180} INFO - Setting next_dagrun for example_dag_decorator to None, run_after=None
[2024-09-30T00:07:11.958-0500] {processor.py:208} INFO - Processing /home/joan/Desktop/Proyect-ETL/criminal_minds/criminal_env/lib/python3.12/site-packages/airflow/example_dags/example_dag_decorator.py took 0.165 seconds
[2024-09-30T00:07:59.120-0500] {processor.py:186} INFO - Started process (PID=3462) to work on /home/joan/Desktop/Proyect-ETL/criminal_minds/criminal_env/lib/python3.12/site-packages/airflow/example_dags/example_dag_decorator.py
[2024-09-30T00:07:59.121-0500] {processor.py:914} INFO - Processing file /home/joan/Desktop/Proyect-ETL/criminal_minds/criminal_env/lib/python3.12/site-packages/airflow/example_dags/example_dag_decorator.py for tasks to queue
[2024-09-30T00:07:59.123-0500] {logging_mixin.py:190} INFO - [2024-09-30T00:07:59.123-0500] {dagbag.py:588} INFO - Filling up the DagBag from /home/joan/Desktop/Proyect-ETL/criminal_minds/criminal_env/lib/python3.12/site-packages/airflow/example_dags/example_dag_decorator.py
[2024-09-30T00:07:59.136-0500] {processor.py:925} INFO - DAG(s) 'example_dag_decorator' retrieved from /home/joan/Desktop/Proyect-ETL/criminal_minds/criminal_env/lib/python3.12/site-packages/airflow/example_dags/example_dag_decorator.py
[2024-09-30T00:07:59.299-0500] {logging_mixin.py:190} INFO - [2024-09-30T00:07:59.299-0500] {dag.py:3239} INFO - Sync 1 DAGs
[2024-09-30T00:07:59.318-0500] {logging_mixin.py:190} INFO - [2024-09-30T00:07:59.317-0500] {dag.py:4180} INFO - Setting next_dagrun for example_dag_decorator to None, run_after=None
[2024-09-30T00:07:59.349-0500] {processor.py:208} INFO - Processing /home/joan/Desktop/Proyect-ETL/criminal_minds/criminal_env/lib/python3.12/site-packages/airflow/example_dags/example_dag_decorator.py took 0.234 seconds
[2024-09-30T00:08:46.430-0500] {processor.py:186} INFO - Started process (PID=3511) to work on /home/joan/Desktop/Proyect-ETL/criminal_minds/criminal_env/lib/python3.12/site-packages/airflow/example_dags/example_dag_decorator.py
[2024-09-30T00:08:46.441-0500] {processor.py:914} INFO - Processing file /home/joan/Desktop/Proyect-ETL/criminal_minds/criminal_env/lib/python3.12/site-packages/airflow/example_dags/example_dag_decorator.py for tasks to queue
[2024-09-30T00:08:46.444-0500] {logging_mixin.py:190} INFO - [2024-09-30T00:08:46.443-0500] {dagbag.py:588} INFO - Filling up the DagBag from /home/joan/Desktop/Proyect-ETL/criminal_minds/criminal_env/lib/python3.12/site-packages/airflow/example_dags/example_dag_decorator.py
[2024-09-30T00:08:46.455-0500] {processor.py:925} INFO - DAG(s) 'example_dag_decorator' retrieved from /home/joan/Desktop/Proyect-ETL/criminal_minds/criminal_env/lib/python3.12/site-packages/airflow/example_dags/example_dag_decorator.py
[2024-09-30T00:08:46.547-0500] {logging_mixin.py:190} INFO - [2024-09-30T00:08:46.546-0500] {dag.py:3239} INFO - Sync 1 DAGs
[2024-09-30T00:08:46.556-0500] {logging_mixin.py:190} INFO - [2024-09-30T00:08:46.556-0500] {dag.py:4180} INFO - Setting next_dagrun for example_dag_decorator to None, run_after=None
[2024-09-30T00:08:46.579-0500] {processor.py:208} INFO - Processing /home/joan/Desktop/Proyect-ETL/criminal_minds/criminal_env/lib/python3.12/site-packages/airflow/example_dags/example_dag_decorator.py took 0.154 seconds
