[2024-09-30T00:02:58.036-0500] {processor.py:186} INFO - Started process (PID=2799) to work on /home/joan/Desktop/Proyect-ETL/criminal_minds/criminal_env/lib/python3.12/site-packages/airflow/example_dags/example_short_circuit_operator.py
[2024-09-30T00:02:58.037-0500] {processor.py:914} INFO - Processing file /home/joan/Desktop/Proyect-ETL/criminal_minds/criminal_env/lib/python3.12/site-packages/airflow/example_dags/example_short_circuit_operator.py for tasks to queue
[2024-09-30T00:02:58.039-0500] {logging_mixin.py:190} INFO - [2024-09-30T00:02:58.038-0500] {dagbag.py:588} INFO - Filling up the DagBag from /home/joan/Desktop/Proyect-ETL/criminal_minds/criminal_env/lib/python3.12/site-packages/airflow/example_dags/example_short_circuit_operator.py
[2024-09-30T00:02:58.047-0500] {processor.py:925} INFO - DAG(s) 'example_short_circuit_operator' retrieved from /home/joan/Desktop/Proyect-ETL/criminal_minds/criminal_env/lib/python3.12/site-packages/airflow/example_dags/example_short_circuit_operator.py
[2024-09-30T00:02:58.168-0500] {logging_mixin.py:190} INFO - [2024-09-30T00:02:58.167-0500] {override.py:1901} INFO - Created Permission View: can read on DAG:example_short_circuit_operator
[2024-09-30T00:02:58.180-0500] {logging_mixin.py:190} INFO - [2024-09-30T00:02:58.180-0500] {override.py:1901} INFO - Created Permission View: can edit on DAG:example_short_circuit_operator
[2024-09-30T00:02:58.189-0500] {logging_mixin.py:190} INFO - [2024-09-30T00:02:58.189-0500] {override.py:1901} INFO - Created Permission View: can delete on DAG:example_short_circuit_operator
[2024-09-30T00:02:58.204-0500] {logging_mixin.py:190} INFO - [2024-09-30T00:02:58.204-0500] {override.py:1901} INFO - Created Permission View: can read on DAG Run:example_short_circuit_operator
[2024-09-30T00:02:58.213-0500] {logging_mixin.py:190} INFO - [2024-09-30T00:02:58.212-0500] {override.py:1901} INFO - Created Permission View: menu access on DAG Run:example_short_circuit_operator
[2024-09-30T00:02:58.222-0500] {logging_mixin.py:190} INFO - [2024-09-30T00:02:58.221-0500] {override.py:1901} INFO - Created Permission View: can delete on DAG Run:example_short_circuit_operator
[2024-09-30T00:02:58.231-0500] {logging_mixin.py:190} INFO - [2024-09-30T00:02:58.230-0500] {override.py:1901} INFO - Created Permission View: can create on DAG Run:example_short_circuit_operator
[2024-09-30T00:02:58.231-0500] {logging_mixin.py:190} INFO - [2024-09-30T00:02:58.231-0500] {dag.py:3239} INFO - Sync 1 DAGs
[2024-09-30T00:02:58.242-0500] {logging_mixin.py:190} INFO - [2024-09-30T00:02:58.242-0500] {dag.py:3262} INFO - Creating ORM DAG for example_short_circuit_operator
[2024-09-30T00:02:58.243-0500] {logging_mixin.py:190} INFO - [2024-09-30T00:02:58.243-0500] {dag.py:4180} INFO - Setting next_dagrun for example_short_circuit_operator to None, run_after=None
[2024-09-30T00:02:58.264-0500] {processor.py:208} INFO - Processing /home/joan/Desktop/Proyect-ETL/criminal_minds/criminal_env/lib/python3.12/site-packages/airflow/example_dags/example_short_circuit_operator.py took 0.232 seconds
[2024-09-30T00:04:13.208-0500] {processor.py:186} INFO - Started process (PID=2967) to work on /home/joan/Desktop/Proyect-ETL/criminal_minds/criminal_env/lib/python3.12/site-packages/airflow/example_dags/example_short_circuit_operator.py
[2024-09-30T00:04:13.219-0500] {processor.py:914} INFO - Processing file /home/joan/Desktop/Proyect-ETL/criminal_minds/criminal_env/lib/python3.12/site-packages/airflow/example_dags/example_short_circuit_operator.py for tasks to queue
[2024-09-30T00:04:13.221-0500] {logging_mixin.py:190} INFO - [2024-09-30T00:04:13.221-0500] {dagbag.py:588} INFO - Filling up the DagBag from /home/joan/Desktop/Proyect-ETL/criminal_minds/criminal_env/lib/python3.12/site-packages/airflow/example_dags/example_short_circuit_operator.py
[2024-09-30T00:04:13.229-0500] {processor.py:925} INFO - DAG(s) 'example_short_circuit_operator' retrieved from /home/joan/Desktop/Proyect-ETL/criminal_minds/criminal_env/lib/python3.12/site-packages/airflow/example_dags/example_short_circuit_operator.py
[2024-09-30T00:04:13.252-0500] {logging_mixin.py:190} INFO - [2024-09-30T00:04:13.252-0500] {dag.py:3239} INFO - Sync 1 DAGs
[2024-09-30T00:04:13.263-0500] {logging_mixin.py:190} INFO - [2024-09-30T00:04:13.263-0500] {dag.py:4180} INFO - Setting next_dagrun for example_short_circuit_operator to None, run_after=None
[2024-09-30T00:04:13.285-0500] {processor.py:208} INFO - Processing /home/joan/Desktop/Proyect-ETL/criminal_minds/criminal_env/lib/python3.12/site-packages/airflow/example_dags/example_short_circuit_operator.py took 0.082 seconds
[2024-09-30T00:05:19.026-0500] {processor.py:186} INFO - Started process (PID=3023) to work on /home/joan/Desktop/Proyect-ETL/criminal_minds/criminal_env/lib/python3.12/site-packages/airflow/example_dags/example_short_circuit_operator.py
[2024-09-30T00:05:19.027-0500] {processor.py:914} INFO - Processing file /home/joan/Desktop/Proyect-ETL/criminal_minds/criminal_env/lib/python3.12/site-packages/airflow/example_dags/example_short_circuit_operator.py for tasks to queue
[2024-09-30T00:05:19.029-0500] {logging_mixin.py:190} INFO - [2024-09-30T00:05:19.029-0500] {dagbag.py:588} INFO - Filling up the DagBag from /home/joan/Desktop/Proyect-ETL/criminal_minds/criminal_env/lib/python3.12/site-packages/airflow/example_dags/example_short_circuit_operator.py
[2024-09-30T00:05:19.037-0500] {processor.py:925} INFO - DAG(s) 'example_short_circuit_operator' retrieved from /home/joan/Desktop/Proyect-ETL/criminal_minds/criminal_env/lib/python3.12/site-packages/airflow/example_dags/example_short_circuit_operator.py
[2024-09-30T00:05:19.055-0500] {logging_mixin.py:190} INFO - [2024-09-30T00:05:19.054-0500] {dag.py:3239} INFO - Sync 1 DAGs
[2024-09-30T00:05:19.066-0500] {logging_mixin.py:190} INFO - [2024-09-30T00:05:19.066-0500] {dag.py:4180} INFO - Setting next_dagrun for example_short_circuit_operator to None, run_after=None
[2024-09-30T00:05:19.089-0500] {processor.py:208} INFO - Processing /home/joan/Desktop/Proyect-ETL/criminal_minds/criminal_env/lib/python3.12/site-packages/airflow/example_dags/example_short_circuit_operator.py took 0.069 seconds
[2024-09-30T00:06:10.635-0500] {processor.py:186} INFO - Started process (PID=3347) to work on /home/joan/Desktop/Proyect-ETL/criminal_minds/criminal_env/lib/python3.12/site-packages/airflow/example_dags/example_short_circuit_operator.py
[2024-09-30T00:06:10.646-0500] {processor.py:914} INFO - Processing file /home/joan/Desktop/Proyect-ETL/criminal_minds/criminal_env/lib/python3.12/site-packages/airflow/example_dags/example_short_circuit_operator.py for tasks to queue
[2024-09-30T00:06:10.648-0500] {logging_mixin.py:190} INFO - [2024-09-30T00:06:10.648-0500] {dagbag.py:588} INFO - Filling up the DagBag from /home/joan/Desktop/Proyect-ETL/criminal_minds/criminal_env/lib/python3.12/site-packages/airflow/example_dags/example_short_circuit_operator.py
[2024-09-30T00:06:10.656-0500] {processor.py:925} INFO - DAG(s) 'example_short_circuit_operator' retrieved from /home/joan/Desktop/Proyect-ETL/criminal_minds/criminal_env/lib/python3.12/site-packages/airflow/example_dags/example_short_circuit_operator.py
[2024-09-30T00:06:10.673-0500] {logging_mixin.py:190} INFO - [2024-09-30T00:06:10.672-0500] {dag.py:3239} INFO - Sync 1 DAGs
[2024-09-30T00:06:10.683-0500] {logging_mixin.py:190} INFO - [2024-09-30T00:06:10.683-0500] {dag.py:4180} INFO - Setting next_dagrun for example_short_circuit_operator to None, run_after=None
[2024-09-30T00:06:10.705-0500] {processor.py:208} INFO - Processing /home/joan/Desktop/Proyect-ETL/criminal_minds/criminal_env/lib/python3.12/site-packages/airflow/example_dags/example_short_circuit_operator.py took 0.075 seconds
[2024-09-30T00:06:55.797-0500] {processor.py:186} INFO - Started process (PID=3394) to work on /home/joan/Desktop/Proyect-ETL/criminal_minds/criminal_env/lib/python3.12/site-packages/airflow/example_dags/example_short_circuit_operator.py
[2024-09-30T00:06:55.808-0500] {processor.py:914} INFO - Processing file /home/joan/Desktop/Proyect-ETL/criminal_minds/criminal_env/lib/python3.12/site-packages/airflow/example_dags/example_short_circuit_operator.py for tasks to queue
[2024-09-30T00:06:55.809-0500] {logging_mixin.py:190} INFO - [2024-09-30T00:06:55.809-0500] {dagbag.py:588} INFO - Filling up the DagBag from /home/joan/Desktop/Proyect-ETL/criminal_minds/criminal_env/lib/python3.12/site-packages/airflow/example_dags/example_short_circuit_operator.py
[2024-09-30T00:06:55.817-0500] {processor.py:925} INFO - DAG(s) 'example_short_circuit_operator' retrieved from /home/joan/Desktop/Proyect-ETL/criminal_minds/criminal_env/lib/python3.12/site-packages/airflow/example_dags/example_short_circuit_operator.py
[2024-09-30T00:06:55.833-0500] {logging_mixin.py:190} INFO - [2024-09-30T00:06:55.833-0500] {dag.py:3239} INFO - Sync 1 DAGs
[2024-09-30T00:06:55.844-0500] {logging_mixin.py:190} INFO - [2024-09-30T00:06:55.844-0500] {dag.py:4180} INFO - Setting next_dagrun for example_short_circuit_operator to None, run_after=None
[2024-09-30T00:06:55.865-0500] {processor.py:208} INFO - Processing /home/joan/Desktop/Proyect-ETL/criminal_minds/criminal_env/lib/python3.12/site-packages/airflow/example_dags/example_short_circuit_operator.py took 0.073 seconds
[2024-09-30T00:07:45.128-0500] {processor.py:186} INFO - Started process (PID=3446) to work on /home/joan/Desktop/Proyect-ETL/criminal_minds/criminal_env/lib/python3.12/site-packages/airflow/example_dags/example_short_circuit_operator.py
[2024-09-30T00:07:45.129-0500] {processor.py:914} INFO - Processing file /home/joan/Desktop/Proyect-ETL/criminal_minds/criminal_env/lib/python3.12/site-packages/airflow/example_dags/example_short_circuit_operator.py for tasks to queue
[2024-09-30T00:07:45.131-0500] {logging_mixin.py:190} INFO - [2024-09-30T00:07:45.131-0500] {dagbag.py:588} INFO - Filling up the DagBag from /home/joan/Desktop/Proyect-ETL/criminal_minds/criminal_env/lib/python3.12/site-packages/airflow/example_dags/example_short_circuit_operator.py
[2024-09-30T00:07:45.139-0500] {processor.py:925} INFO - DAG(s) 'example_short_circuit_operator' retrieved from /home/joan/Desktop/Proyect-ETL/criminal_minds/criminal_env/lib/python3.12/site-packages/airflow/example_dags/example_short_circuit_operator.py
[2024-09-30T00:07:45.157-0500] {logging_mixin.py:190} INFO - [2024-09-30T00:07:45.156-0500] {dag.py:3239} INFO - Sync 1 DAGs
[2024-09-30T00:07:45.168-0500] {logging_mixin.py:190} INFO - [2024-09-30T00:07:45.168-0500] {dag.py:4180} INFO - Setting next_dagrun for example_short_circuit_operator to None, run_after=None
[2024-09-30T00:07:45.191-0500] {processor.py:208} INFO - Processing /home/joan/Desktop/Proyect-ETL/criminal_minds/criminal_env/lib/python3.12/site-packages/airflow/example_dags/example_short_circuit_operator.py took 0.067 seconds
[2024-09-30T00:08:30.000-0500] {processor.py:186} INFO - Started process (PID=3495) to work on /home/joan/Desktop/Proyect-ETL/criminal_minds/criminal_env/lib/python3.12/site-packages/airflow/example_dags/example_short_circuit_operator.py
[2024-09-30T00:08:30.009-0500] {processor.py:914} INFO - Processing file /home/joan/Desktop/Proyect-ETL/criminal_minds/criminal_env/lib/python3.12/site-packages/airflow/example_dags/example_short_circuit_operator.py for tasks to queue
[2024-09-30T00:08:30.010-0500] {logging_mixin.py:190} INFO - [2024-09-30T00:08:30.010-0500] {dagbag.py:588} INFO - Filling up the DagBag from /home/joan/Desktop/Proyect-ETL/criminal_minds/criminal_env/lib/python3.12/site-packages/airflow/example_dags/example_short_circuit_operator.py
[2024-09-30T00:08:30.018-0500] {processor.py:925} INFO - DAG(s) 'example_short_circuit_operator' retrieved from /home/joan/Desktop/Proyect-ETL/criminal_minds/criminal_env/lib/python3.12/site-packages/airflow/example_dags/example_short_circuit_operator.py
[2024-09-30T00:08:30.035-0500] {logging_mixin.py:190} INFO - [2024-09-30T00:08:30.035-0500] {dag.py:3239} INFO - Sync 1 DAGs
[2024-09-30T00:08:30.047-0500] {logging_mixin.py:190} INFO - [2024-09-30T00:08:30.047-0500] {dag.py:4180} INFO - Setting next_dagrun for example_short_circuit_operator to None, run_after=None
[2024-09-30T00:08:30.070-0500] {processor.py:208} INFO - Processing /home/joan/Desktop/Proyect-ETL/criminal_minds/criminal_env/lib/python3.12/site-packages/airflow/example_dags/example_short_circuit_operator.py took 0.076 seconds
