[2024-09-30T00:04:45.580-0500] {processor.py:186} INFO - Started process (PID=2992) to work on /home/joan/Desktop/Proyect-ETL/criminal_minds/criminal_env/lib/python3.12/site-packages/airflow/example_dags/example_sla_dag.py
[2024-09-30T00:04:45.581-0500] {processor.py:914} INFO - Processing file /home/joan/Desktop/Proyect-ETL/criminal_minds/criminal_env/lib/python3.12/site-packages/airflow/example_dags/example_sla_dag.py for tasks to queue
[2024-09-30T00:04:45.583-0500] {logging_mixin.py:190} INFO - [2024-09-30T00:04:45.583-0500] {dagbag.py:588} INFO - Filling up the DagBag from /home/joan/Desktop/Proyect-ETL/criminal_minds/criminal_env/lib/python3.12/site-packages/airflow/example_dags/example_sla_dag.py
[2024-09-30T00:04:45.593-0500] {processor.py:925} INFO - DAG(s) 'example_sla_dag' retrieved from /home/joan/Desktop/Proyect-ETL/criminal_minds/criminal_env/lib/python3.12/site-packages/airflow/example_dags/example_sla_dag.py
[2024-09-30T00:04:45.717-0500] {logging_mixin.py:190} INFO - [2024-09-30T00:04:45.716-0500] {override.py:1901} INFO - Created Permission View: can read on DAG:example_sla_dag
[2024-09-30T00:04:45.729-0500] {logging_mixin.py:190} INFO - [2024-09-30T00:04:45.729-0500] {override.py:1901} INFO - Created Permission View: can delete on DAG:example_sla_dag
[2024-09-30T00:04:45.738-0500] {logging_mixin.py:190} INFO - [2024-09-30T00:04:45.738-0500] {override.py:1901} INFO - Created Permission View: can edit on DAG:example_sla_dag
[2024-09-30T00:04:45.753-0500] {logging_mixin.py:190} INFO - [2024-09-30T00:04:45.753-0500] {override.py:1901} INFO - Created Permission View: can read on DAG Run:example_sla_dag
[2024-09-30T00:04:45.763-0500] {logging_mixin.py:190} INFO - [2024-09-30T00:04:45.762-0500] {override.py:1901} INFO - Created Permission View: menu access on DAG Run:example_sla_dag
[2024-09-30T00:04:45.771-0500] {logging_mixin.py:190} INFO - [2024-09-30T00:04:45.771-0500] {override.py:1901} INFO - Created Permission View: can delete on DAG Run:example_sla_dag
[2024-09-30T00:04:45.781-0500] {logging_mixin.py:190} INFO - [2024-09-30T00:04:45.780-0500] {override.py:1901} INFO - Created Permission View: can create on DAG Run:example_sla_dag
[2024-09-30T00:04:45.781-0500] {logging_mixin.py:190} INFO - [2024-09-30T00:04:45.781-0500] {dag.py:3239} INFO - Sync 1 DAGs
[2024-09-30T00:04:45.793-0500] {logging_mixin.py:190} INFO - [2024-09-30T00:04:45.793-0500] {dag.py:3262} INFO - Creating ORM DAG for example_sla_dag
[2024-09-30T00:04:45.803-0500] {logging_mixin.py:190} INFO - [2024-09-30T00:04:45.802-0500] {dag.py:4180} INFO - Setting next_dagrun for example_sla_dag to 2024-09-30 05:02:00+00:00, run_after=2024-09-30 05:04:00+00:00
[2024-09-30T00:04:45.821-0500] {processor.py:208} INFO - Processing /home/joan/Desktop/Proyect-ETL/criminal_minds/criminal_env/lib/python3.12/site-packages/airflow/example_dags/example_sla_dag.py took 0.245 seconds
[2024-09-30T00:05:44.275-0500] {processor.py:186} INFO - Started process (PID=3049) to work on /home/joan/Desktop/Proyect-ETL/criminal_minds/criminal_env/lib/python3.12/site-packages/airflow/example_dags/example_sla_dag.py
[2024-09-30T00:05:44.276-0500] {processor.py:914} INFO - Processing file /home/joan/Desktop/Proyect-ETL/criminal_minds/criminal_env/lib/python3.12/site-packages/airflow/example_dags/example_sla_dag.py for tasks to queue
[2024-09-30T00:05:44.278-0500] {logging_mixin.py:190} INFO - [2024-09-30T00:05:44.278-0500] {dagbag.py:588} INFO - Filling up the DagBag from /home/joan/Desktop/Proyect-ETL/criminal_minds/criminal_env/lib/python3.12/site-packages/airflow/example_dags/example_sla_dag.py
[2024-09-30T00:05:44.287-0500] {processor.py:925} INFO - DAG(s) 'example_sla_dag' retrieved from /home/joan/Desktop/Proyect-ETL/criminal_minds/criminal_env/lib/python3.12/site-packages/airflow/example_dags/example_sla_dag.py
[2024-09-30T00:05:44.300-0500] {logging_mixin.py:190} INFO - [2024-09-30T00:05:44.300-0500] {dag.py:3239} INFO - Sync 1 DAGs
[2024-09-30T00:05:44.319-0500] {logging_mixin.py:190} INFO - [2024-09-30T00:05:44.319-0500] {dag.py:4180} INFO - Setting next_dagrun for example_sla_dag to 2024-09-30 05:02:00+00:00, run_after=2024-09-30 05:04:00+00:00
[2024-09-30T00:05:44.341-0500] {processor.py:208} INFO - Processing /home/joan/Desktop/Proyect-ETL/criminal_minds/criminal_env/lib/python3.12/site-packages/airflow/example_dags/example_sla_dag.py took 0.071 seconds
[2024-09-30T00:06:35.832-0500] {processor.py:186} INFO - Started process (PID=3373) to work on /home/joan/Desktop/Proyect-ETL/criminal_minds/criminal_env/lib/python3.12/site-packages/airflow/example_dags/example_sla_dag.py
[2024-09-30T00:06:35.843-0500] {processor.py:914} INFO - Processing file /home/joan/Desktop/Proyect-ETL/criminal_minds/criminal_env/lib/python3.12/site-packages/airflow/example_dags/example_sla_dag.py for tasks to queue
[2024-09-30T00:06:35.845-0500] {logging_mixin.py:190} INFO - [2024-09-30T00:06:35.845-0500] {dagbag.py:588} INFO - Filling up the DagBag from /home/joan/Desktop/Proyect-ETL/criminal_minds/criminal_env/lib/python3.12/site-packages/airflow/example_dags/example_sla_dag.py
[2024-09-30T00:06:35.854-0500] {processor.py:925} INFO - DAG(s) 'example_sla_dag' retrieved from /home/joan/Desktop/Proyect-ETL/criminal_minds/criminal_env/lib/python3.12/site-packages/airflow/example_dags/example_sla_dag.py
[2024-09-30T00:06:35.868-0500] {logging_mixin.py:190} INFO - [2024-09-30T00:06:35.867-0500] {dag.py:3239} INFO - Sync 1 DAGs
[2024-09-30T00:06:35.888-0500] {logging_mixin.py:190} INFO - [2024-09-30T00:06:35.887-0500] {dag.py:4180} INFO - Setting next_dagrun for example_sla_dag to 2024-09-30 05:04:00+00:00, run_after=2024-09-30 05:06:00+00:00
[2024-09-30T00:06:35.910-0500] {processor.py:208} INFO - Processing /home/joan/Desktop/Proyect-ETL/criminal_minds/criminal_env/lib/python3.12/site-packages/airflow/example_dags/example_sla_dag.py took 0.082 seconds
[2024-09-30T00:07:29.339-0500] {processor.py:186} INFO - Started process (PID=3430) to work on /home/joan/Desktop/Proyect-ETL/criminal_minds/criminal_env/lib/python3.12/site-packages/airflow/example_dags/example_sla_dag.py
[2024-09-30T00:07:29.351-0500] {processor.py:914} INFO - Processing file /home/joan/Desktop/Proyect-ETL/criminal_minds/criminal_env/lib/python3.12/site-packages/airflow/example_dags/example_sla_dag.py for tasks to queue
[2024-09-30T00:07:29.353-0500] {logging_mixin.py:190} INFO - [2024-09-30T00:07:29.352-0500] {dagbag.py:588} INFO - Filling up the DagBag from /home/joan/Desktop/Proyect-ETL/criminal_minds/criminal_env/lib/python3.12/site-packages/airflow/example_dags/example_sla_dag.py
[2024-09-30T00:07:29.363-0500] {processor.py:925} INFO - DAG(s) 'example_sla_dag' retrieved from /home/joan/Desktop/Proyect-ETL/criminal_minds/criminal_env/lib/python3.12/site-packages/airflow/example_dags/example_sla_dag.py
[2024-09-30T00:07:29.377-0500] {logging_mixin.py:190} INFO - [2024-09-30T00:07:29.377-0500] {dag.py:3239} INFO - Sync 1 DAGs
[2024-09-30T00:07:29.398-0500] {logging_mixin.py:190} INFO - [2024-09-30T00:07:29.398-0500] {dag.py:4180} INFO - Setting next_dagrun for example_sla_dag to 2024-09-30 05:04:00+00:00, run_after=2024-09-30 05:06:00+00:00
[2024-09-30T00:07:29.422-0500] {processor.py:208} INFO - Processing /home/joan/Desktop/Proyect-ETL/criminal_minds/criminal_env/lib/python3.12/site-packages/airflow/example_dags/example_sla_dag.py took 0.087 seconds
[2024-09-30T00:08:39.267-0500] {processor.py:186} INFO - Started process (PID=3504) to work on /home/joan/Desktop/Proyect-ETL/criminal_minds/criminal_env/lib/python3.12/site-packages/airflow/example_dags/example_sla_dag.py
[2024-09-30T00:08:39.269-0500] {processor.py:914} INFO - Processing file /home/joan/Desktop/Proyect-ETL/criminal_minds/criminal_env/lib/python3.12/site-packages/airflow/example_dags/example_sla_dag.py for tasks to queue
[2024-09-30T00:08:39.271-0500] {logging_mixin.py:190} INFO - [2024-09-30T00:08:39.271-0500] {dagbag.py:588} INFO - Filling up the DagBag from /home/joan/Desktop/Proyect-ETL/criminal_minds/criminal_env/lib/python3.12/site-packages/airflow/example_dags/example_sla_dag.py
[2024-09-30T00:08:39.280-0500] {processor.py:925} INFO - DAG(s) 'example_sla_dag' retrieved from /home/joan/Desktop/Proyect-ETL/criminal_minds/criminal_env/lib/python3.12/site-packages/airflow/example_dags/example_sla_dag.py
[2024-09-30T00:08:39.293-0500] {logging_mixin.py:190} INFO - [2024-09-30T00:08:39.293-0500] {dag.py:3239} INFO - Sync 1 DAGs
[2024-09-30T00:08:39.313-0500] {logging_mixin.py:190} INFO - [2024-09-30T00:08:39.313-0500] {dag.py:4180} INFO - Setting next_dagrun for example_sla_dag to 2024-09-30 05:06:00+00:00, run_after=2024-09-30 05:08:00+00:00
[2024-09-30T00:08:39.334-0500] {processor.py:208} INFO - Processing /home/joan/Desktop/Proyect-ETL/criminal_minds/criminal_env/lib/python3.12/site-packages/airflow/example_dags/example_sla_dag.py took 0.072 seconds
