[2024-09-30T00:02:44.958-0500] {processor.py:186} INFO - Started process (PID=2786) to work on /home/joan/Desktop/Proyect-ETL/criminal_minds/criminal_env/lib/python3.12/site-packages/airflow/example_dags/tutorial.py
[2024-09-30T00:02:44.959-0500] {processor.py:914} INFO - Processing file /home/joan/Desktop/Proyect-ETL/criminal_minds/criminal_env/lib/python3.12/site-packages/airflow/example_dags/tutorial.py for tasks to queue
[2024-09-30T00:02:44.961-0500] {logging_mixin.py:190} INFO - [2024-09-30T00:02:44.960-0500] {dagbag.py:588} INFO - Filling up the DagBag from /home/joan/Desktop/Proyect-ETL/criminal_minds/criminal_env/lib/python3.12/site-packages/airflow/example_dags/tutorial.py
[2024-09-30T00:02:44.968-0500] {processor.py:925} INFO - DAG(s) 'tutorial' retrieved from /home/joan/Desktop/Proyect-ETL/criminal_minds/criminal_env/lib/python3.12/site-packages/airflow/example_dags/tutorial.py
[2024-09-30T00:02:45.083-0500] {logging_mixin.py:190} INFO - [2024-09-30T00:02:45.083-0500] {override.py:1901} INFO - Created Permission View: can read on DAG:tutorial
[2024-09-30T00:02:45.097-0500] {logging_mixin.py:190} INFO - [2024-09-30T00:02:45.096-0500] {override.py:1901} INFO - Created Permission View: can edit on DAG:tutorial
[2024-09-30T00:02:45.106-0500] {logging_mixin.py:190} INFO - [2024-09-30T00:02:45.106-0500] {override.py:1901} INFO - Created Permission View: can delete on DAG:tutorial
[2024-09-30T00:02:45.121-0500] {logging_mixin.py:190} INFO - [2024-09-30T00:02:45.121-0500] {override.py:1901} INFO - Created Permission View: can read on DAG Run:tutorial
[2024-09-30T00:02:45.130-0500] {logging_mixin.py:190} INFO - [2024-09-30T00:02:45.130-0500] {override.py:1901} INFO - Created Permission View: menu access on DAG Run:tutorial
[2024-09-30T00:02:45.139-0500] {logging_mixin.py:190} INFO - [2024-09-30T00:02:45.139-0500] {override.py:1901} INFO - Created Permission View: can delete on DAG Run:tutorial
[2024-09-30T00:02:45.148-0500] {logging_mixin.py:190} INFO - [2024-09-30T00:02:45.148-0500] {override.py:1901} INFO - Created Permission View: can create on DAG Run:tutorial
[2024-09-30T00:02:45.149-0500] {logging_mixin.py:190} INFO - [2024-09-30T00:02:45.148-0500] {dag.py:3239} INFO - Sync 1 DAGs
[2024-09-30T00:02:45.160-0500] {logging_mixin.py:190} INFO - [2024-09-30T00:02:45.160-0500] {dag.py:3262} INFO - Creating ORM DAG for tutorial
[2024-09-30T00:02:45.168-0500] {logging_mixin.py:190} INFO - [2024-09-30T00:02:45.168-0500] {dag.py:4180} INFO - Setting next_dagrun for tutorial to 2024-09-29 00:00:00+00:00, run_after=2024-09-30 00:00:00+00:00
[2024-09-30T00:02:45.191-0500] {processor.py:208} INFO - Processing /home/joan/Desktop/Proyect-ETL/criminal_minds/criminal_env/lib/python3.12/site-packages/airflow/example_dags/tutorial.py took 0.237 seconds
[2024-09-30T00:04:03.676-0500] {processor.py:186} INFO - Started process (PID=2955) to work on /home/joan/Desktop/Proyect-ETL/criminal_minds/criminal_env/lib/python3.12/site-packages/airflow/example_dags/tutorial.py
[2024-09-30T00:04:03.678-0500] {processor.py:914} INFO - Processing file /home/joan/Desktop/Proyect-ETL/criminal_minds/criminal_env/lib/python3.12/site-packages/airflow/example_dags/tutorial.py for tasks to queue
[2024-09-30T00:04:03.680-0500] {logging_mixin.py:190} INFO - [2024-09-30T00:04:03.680-0500] {dagbag.py:588} INFO - Filling up the DagBag from /home/joan/Desktop/Proyect-ETL/criminal_minds/criminal_env/lib/python3.12/site-packages/airflow/example_dags/tutorial.py
[2024-09-30T00:04:03.687-0500] {processor.py:925} INFO - DAG(s) 'tutorial' retrieved from /home/joan/Desktop/Proyect-ETL/criminal_minds/criminal_env/lib/python3.12/site-packages/airflow/example_dags/tutorial.py
[2024-09-30T00:04:03.706-0500] {logging_mixin.py:190} INFO - [2024-09-30T00:04:03.706-0500] {dag.py:3239} INFO - Sync 1 DAGs
[2024-09-30T00:04:03.727-0500] {logging_mixin.py:190} INFO - [2024-09-30T00:04:03.726-0500] {dag.py:4180} INFO - Setting next_dagrun for tutorial to 2024-09-29 00:00:00+00:00, run_after=2024-09-30 00:00:00+00:00
[2024-09-30T00:04:03.749-0500] {processor.py:208} INFO - Processing /home/joan/Desktop/Proyect-ETL/criminal_minds/criminal_env/lib/python3.12/site-packages/airflow/example_dags/tutorial.py took 0.077 seconds
[2024-09-30T00:05:07.578-0500] {processor.py:186} INFO - Started process (PID=3011) to work on /home/joan/Desktop/Proyect-ETL/criminal_minds/criminal_env/lib/python3.12/site-packages/airflow/example_dags/tutorial.py
[2024-09-30T00:05:07.579-0500] {processor.py:914} INFO - Processing file /home/joan/Desktop/Proyect-ETL/criminal_minds/criminal_env/lib/python3.12/site-packages/airflow/example_dags/tutorial.py for tasks to queue
[2024-09-30T00:05:07.581-0500] {logging_mixin.py:190} INFO - [2024-09-30T00:05:07.580-0500] {dagbag.py:588} INFO - Filling up the DagBag from /home/joan/Desktop/Proyect-ETL/criminal_minds/criminal_env/lib/python3.12/site-packages/airflow/example_dags/tutorial.py
[2024-09-30T00:05:07.588-0500] {processor.py:925} INFO - DAG(s) 'tutorial' retrieved from /home/joan/Desktop/Proyect-ETL/criminal_minds/criminal_env/lib/python3.12/site-packages/airflow/example_dags/tutorial.py
[2024-09-30T00:05:07.601-0500] {logging_mixin.py:190} INFO - [2024-09-30T00:05:07.601-0500] {dag.py:3239} INFO - Sync 1 DAGs
[2024-09-30T00:05:07.620-0500] {logging_mixin.py:190} INFO - [2024-09-30T00:05:07.620-0500] {dag.py:4180} INFO - Setting next_dagrun for tutorial to 2024-09-29 00:00:00+00:00, run_after=2024-09-30 00:00:00+00:00
[2024-09-30T00:05:07.642-0500] {processor.py:208} INFO - Processing /home/joan/Desktop/Proyect-ETL/criminal_minds/criminal_env/lib/python3.12/site-packages/airflow/example_dags/tutorial.py took 0.069 seconds
[2024-09-30T00:05:58.942-0500] {processor.py:186} INFO - Started process (PID=3335) to work on /home/joan/Desktop/Proyect-ETL/criminal_minds/criminal_env/lib/python3.12/site-packages/airflow/example_dags/tutorial.py
[2024-09-30T00:05:58.943-0500] {processor.py:914} INFO - Processing file /home/joan/Desktop/Proyect-ETL/criminal_minds/criminal_env/lib/python3.12/site-packages/airflow/example_dags/tutorial.py for tasks to queue
[2024-09-30T00:05:58.945-0500] {logging_mixin.py:190} INFO - [2024-09-30T00:05:58.945-0500] {dagbag.py:588} INFO - Filling up the DagBag from /home/joan/Desktop/Proyect-ETL/criminal_minds/criminal_env/lib/python3.12/site-packages/airflow/example_dags/tutorial.py
[2024-09-30T00:05:58.953-0500] {processor.py:925} INFO - DAG(s) 'tutorial' retrieved from /home/joan/Desktop/Proyect-ETL/criminal_minds/criminal_env/lib/python3.12/site-packages/airflow/example_dags/tutorial.py
[2024-09-30T00:05:58.967-0500] {logging_mixin.py:190} INFO - [2024-09-30T00:05:58.966-0500] {dag.py:3239} INFO - Sync 1 DAGs
[2024-09-30T00:05:58.984-0500] {logging_mixin.py:190} INFO - [2024-09-30T00:05:58.984-0500] {dag.py:4180} INFO - Setting next_dagrun for tutorial to 2024-09-29 00:00:00+00:00, run_after=2024-09-30 00:00:00+00:00
[2024-09-30T00:05:59.007-0500] {processor.py:208} INFO - Processing /home/joan/Desktop/Proyect-ETL/criminal_minds/criminal_env/lib/python3.12/site-packages/airflow/example_dags/tutorial.py took 0.069 seconds
[2024-09-30T00:06:45.780-0500] {processor.py:186} INFO - Started process (PID=3382) to work on /home/joan/Desktop/Proyect-ETL/criminal_minds/criminal_env/lib/python3.12/site-packages/airflow/example_dags/tutorial.py
[2024-09-30T00:06:45.792-0500] {processor.py:914} INFO - Processing file /home/joan/Desktop/Proyect-ETL/criminal_minds/criminal_env/lib/python3.12/site-packages/airflow/example_dags/tutorial.py for tasks to queue
[2024-09-30T00:06:45.794-0500] {logging_mixin.py:190} INFO - [2024-09-30T00:06:45.794-0500] {dagbag.py:588} INFO - Filling up the DagBag from /home/joan/Desktop/Proyect-ETL/criminal_minds/criminal_env/lib/python3.12/site-packages/airflow/example_dags/tutorial.py
[2024-09-30T00:06:45.801-0500] {processor.py:925} INFO - DAG(s) 'tutorial' retrieved from /home/joan/Desktop/Proyect-ETL/criminal_minds/criminal_env/lib/python3.12/site-packages/airflow/example_dags/tutorial.py
[2024-09-30T00:06:45.815-0500] {logging_mixin.py:190} INFO - [2024-09-30T00:06:45.815-0500] {dag.py:3239} INFO - Sync 1 DAGs
[2024-09-30T00:06:45.834-0500] {logging_mixin.py:190} INFO - [2024-09-30T00:06:45.834-0500] {dag.py:4180} INFO - Setting next_dagrun for tutorial to 2024-09-29 00:00:00+00:00, run_after=2024-09-30 00:00:00+00:00
[2024-09-30T00:06:45.865-0500] {processor.py:208} INFO - Processing /home/joan/Desktop/Proyect-ETL/criminal_minds/criminal_env/lib/python3.12/site-packages/airflow/example_dags/tutorial.py took 0.089 seconds
[2024-09-30T00:07:33.683-0500] {processor.py:186} INFO - Started process (PID=3434) to work on /home/joan/Desktop/Proyect-ETL/criminal_minds/criminal_env/lib/python3.12/site-packages/airflow/example_dags/tutorial.py
[2024-09-30T00:07:33.694-0500] {processor.py:914} INFO - Processing file /home/joan/Desktop/Proyect-ETL/criminal_minds/criminal_env/lib/python3.12/site-packages/airflow/example_dags/tutorial.py for tasks to queue
[2024-09-30T00:07:33.696-0500] {logging_mixin.py:190} INFO - [2024-09-30T00:07:33.696-0500] {dagbag.py:588} INFO - Filling up the DagBag from /home/joan/Desktop/Proyect-ETL/criminal_minds/criminal_env/lib/python3.12/site-packages/airflow/example_dags/tutorial.py
[2024-09-30T00:07:33.703-0500] {processor.py:925} INFO - DAG(s) 'tutorial' retrieved from /home/joan/Desktop/Proyect-ETL/criminal_minds/criminal_env/lib/python3.12/site-packages/airflow/example_dags/tutorial.py
[2024-09-30T00:07:33.717-0500] {logging_mixin.py:190} INFO - [2024-09-30T00:07:33.717-0500] {dag.py:3239} INFO - Sync 1 DAGs
[2024-09-30T00:07:33.735-0500] {logging_mixin.py:190} INFO - [2024-09-30T00:07:33.735-0500] {dag.py:4180} INFO - Setting next_dagrun for tutorial to 2024-09-29 00:00:00+00:00, run_after=2024-09-30 00:00:00+00:00
[2024-09-30T00:07:33.757-0500] {processor.py:208} INFO - Processing /home/joan/Desktop/Proyect-ETL/criminal_minds/criminal_env/lib/python3.12/site-packages/airflow/example_dags/tutorial.py took 0.078 seconds
[2024-09-30T00:08:19.357-0500] {processor.py:186} INFO - Started process (PID=3483) to work on /home/joan/Desktop/Proyect-ETL/criminal_minds/criminal_env/lib/python3.12/site-packages/airflow/example_dags/tutorial.py
[2024-09-30T00:08:19.368-0500] {processor.py:914} INFO - Processing file /home/joan/Desktop/Proyect-ETL/criminal_minds/criminal_env/lib/python3.12/site-packages/airflow/example_dags/tutorial.py for tasks to queue
[2024-09-30T00:08:19.371-0500] {logging_mixin.py:190} INFO - [2024-09-30T00:08:19.370-0500] {dagbag.py:588} INFO - Filling up the DagBag from /home/joan/Desktop/Proyect-ETL/criminal_minds/criminal_env/lib/python3.12/site-packages/airflow/example_dags/tutorial.py
[2024-09-30T00:08:19.378-0500] {processor.py:925} INFO - DAG(s) 'tutorial' retrieved from /home/joan/Desktop/Proyect-ETL/criminal_minds/criminal_env/lib/python3.12/site-packages/airflow/example_dags/tutorial.py
[2024-09-30T00:08:19.392-0500] {logging_mixin.py:190} INFO - [2024-09-30T00:08:19.392-0500] {dag.py:3239} INFO - Sync 1 DAGs
[2024-09-30T00:08:19.411-0500] {logging_mixin.py:190} INFO - [2024-09-30T00:08:19.411-0500] {dag.py:4180} INFO - Setting next_dagrun for tutorial to 2024-09-29 00:00:00+00:00, run_after=2024-09-30 00:00:00+00:00
[2024-09-30T00:08:19.433-0500] {processor.py:208} INFO - Processing /home/joan/Desktop/Proyect-ETL/criminal_minds/criminal_env/lib/python3.12/site-packages/airflow/example_dags/tutorial.py took 0.080 seconds
