[2024-09-30T00:02:44.256-0500] {processor.py:186} INFO - Started process (PID=2782) to work on /home/joan/Desktop/Proyect-ETL/criminal_minds/criminal_env/lib/python3.12/site-packages/airflow/example_dags/tutorial_objectstorage.py
[2024-09-30T00:02:44.257-0500] {processor.py:914} INFO - Processing file /home/joan/Desktop/Proyect-ETL/criminal_minds/criminal_env/lib/python3.12/site-packages/airflow/example_dags/tutorial_objectstorage.py for tasks to queue
[2024-09-30T00:02:44.258-0500] {logging_mixin.py:190} INFO - [2024-09-30T00:02:44.258-0500] {dagbag.py:588} INFO - Filling up the DagBag from /home/joan/Desktop/Proyect-ETL/criminal_minds/criminal_env/lib/python3.12/site-packages/airflow/example_dags/tutorial_objectstorage.py
[2024-09-30T00:02:44.267-0500] {processor.py:925} INFO - DAG(s) 'tutorial_objectstorage' retrieved from /home/joan/Desktop/Proyect-ETL/criminal_minds/criminal_env/lib/python3.12/site-packages/airflow/example_dags/tutorial_objectstorage.py
[2024-09-30T00:02:44.591-0500] {logging_mixin.py:190} INFO - [2024-09-30T00:02:44.590-0500] {override.py:1901} INFO - Created Permission View: can read on DAG:tutorial_objectstorage
[2024-09-30T00:02:44.607-0500] {logging_mixin.py:190} INFO - [2024-09-30T00:02:44.607-0500] {override.py:1901} INFO - Created Permission View: can edit on DAG:tutorial_objectstorage
[2024-09-30T00:02:44.617-0500] {logging_mixin.py:190} INFO - [2024-09-30T00:02:44.616-0500] {override.py:1901} INFO - Created Permission View: can delete on DAG:tutorial_objectstorage
[2024-09-30T00:02:44.632-0500] {logging_mixin.py:190} INFO - [2024-09-30T00:02:44.632-0500] {override.py:1901} INFO - Created Permission View: can read on DAG Run:tutorial_objectstorage
[2024-09-30T00:02:44.643-0500] {logging_mixin.py:190} INFO - [2024-09-30T00:02:44.643-0500] {override.py:1901} INFO - Created Permission View: menu access on DAG Run:tutorial_objectstorage
[2024-09-30T00:02:44.696-0500] {logging_mixin.py:190} INFO - [2024-09-30T00:02:44.695-0500] {override.py:1901} INFO - Created Permission View: can delete on DAG Run:tutorial_objectstorage
[2024-09-30T00:02:44.707-0500] {logging_mixin.py:190} INFO - [2024-09-30T00:02:44.707-0500] {override.py:1901} INFO - Created Permission View: can create on DAG Run:tutorial_objectstorage
[2024-09-30T00:02:44.707-0500] {logging_mixin.py:190} INFO - [2024-09-30T00:02:44.707-0500] {dag.py:3239} INFO - Sync 1 DAGs
[2024-09-30T00:02:44.753-0500] {logging_mixin.py:190} INFO - [2024-09-30T00:02:44.753-0500] {dag.py:3262} INFO - Creating ORM DAG for tutorial_objectstorage
[2024-09-30T00:02:44.753-0500] {logging_mixin.py:190} INFO - [2024-09-30T00:02:44.753-0500] {dag.py:4180} INFO - Setting next_dagrun for tutorial_objectstorage to None, run_after=None
[2024-09-30T00:02:44.782-0500] {processor.py:208} INFO - Processing /home/joan/Desktop/Proyect-ETL/criminal_minds/criminal_env/lib/python3.12/site-packages/airflow/example_dags/tutorial_objectstorage.py took 0.530 seconds
[2024-09-30T00:04:02.551-0500] {processor.py:186} INFO - Started process (PID=2954) to work on /home/joan/Desktop/Proyect-ETL/criminal_minds/criminal_env/lib/python3.12/site-packages/airflow/example_dags/tutorial_objectstorage.py
[2024-09-30T00:04:02.552-0500] {processor.py:914} INFO - Processing file /home/joan/Desktop/Proyect-ETL/criminal_minds/criminal_env/lib/python3.12/site-packages/airflow/example_dags/tutorial_objectstorage.py for tasks to queue
[2024-09-30T00:04:02.554-0500] {logging_mixin.py:190} INFO - [2024-09-30T00:04:02.554-0500] {dagbag.py:588} INFO - Filling up the DagBag from /home/joan/Desktop/Proyect-ETL/criminal_minds/criminal_env/lib/python3.12/site-packages/airflow/example_dags/tutorial_objectstorage.py
[2024-09-30T00:04:02.562-0500] {processor.py:925} INFO - DAG(s) 'tutorial_objectstorage' retrieved from /home/joan/Desktop/Proyect-ETL/criminal_minds/criminal_env/lib/python3.12/site-packages/airflow/example_dags/tutorial_objectstorage.py
[2024-09-30T00:04:02.583-0500] {logging_mixin.py:190} INFO - [2024-09-30T00:04:02.583-0500] {dag.py:3239} INFO - Sync 1 DAGs
[2024-09-30T00:04:02.597-0500] {logging_mixin.py:190} INFO - [2024-09-30T00:04:02.597-0500] {dag.py:4180} INFO - Setting next_dagrun for tutorial_objectstorage to None, run_after=None
[2024-09-30T00:04:02.619-0500] {processor.py:208} INFO - Processing /home/joan/Desktop/Proyect-ETL/criminal_minds/criminal_env/lib/python3.12/site-packages/airflow/example_dags/tutorial_objectstorage.py took 0.073 seconds
[2024-09-30T00:05:06.438-0500] {processor.py:186} INFO - Started process (PID=3010) to work on /home/joan/Desktop/Proyect-ETL/criminal_minds/criminal_env/lib/python3.12/site-packages/airflow/example_dags/tutorial_objectstorage.py
[2024-09-30T00:05:06.440-0500] {processor.py:914} INFO - Processing file /home/joan/Desktop/Proyect-ETL/criminal_minds/criminal_env/lib/python3.12/site-packages/airflow/example_dags/tutorial_objectstorage.py for tasks to queue
[2024-09-30T00:05:06.442-0500] {logging_mixin.py:190} INFO - [2024-09-30T00:05:06.441-0500] {dagbag.py:588} INFO - Filling up the DagBag from /home/joan/Desktop/Proyect-ETL/criminal_minds/criminal_env/lib/python3.12/site-packages/airflow/example_dags/tutorial_objectstorage.py
[2024-09-30T00:05:06.450-0500] {processor.py:925} INFO - DAG(s) 'tutorial_objectstorage' retrieved from /home/joan/Desktop/Proyect-ETL/criminal_minds/criminal_env/lib/python3.12/site-packages/airflow/example_dags/tutorial_objectstorage.py
[2024-09-30T00:05:06.466-0500] {logging_mixin.py:190} INFO - [2024-09-30T00:05:06.466-0500] {dag.py:3239} INFO - Sync 1 DAGs
[2024-09-30T00:05:06.478-0500] {logging_mixin.py:190} INFO - [2024-09-30T00:05:06.478-0500] {dag.py:4180} INFO - Setting next_dagrun for tutorial_objectstorage to None, run_after=None
[2024-09-30T00:05:06.498-0500] {processor.py:208} INFO - Processing /home/joan/Desktop/Proyect-ETL/criminal_minds/criminal_env/lib/python3.12/site-packages/airflow/example_dags/tutorial_objectstorage.py took 0.065 seconds
[2024-09-30T00:05:57.800-0500] {processor.py:186} INFO - Started process (PID=3333) to work on /home/joan/Desktop/Proyect-ETL/criminal_minds/criminal_env/lib/python3.12/site-packages/airflow/example_dags/tutorial_objectstorage.py
[2024-09-30T00:05:57.801-0500] {processor.py:914} INFO - Processing file /home/joan/Desktop/Proyect-ETL/criminal_minds/criminal_env/lib/python3.12/site-packages/airflow/example_dags/tutorial_objectstorage.py for tasks to queue
[2024-09-30T00:05:57.803-0500] {logging_mixin.py:190} INFO - [2024-09-30T00:05:57.803-0500] {dagbag.py:588} INFO - Filling up the DagBag from /home/joan/Desktop/Proyect-ETL/criminal_minds/criminal_env/lib/python3.12/site-packages/airflow/example_dags/tutorial_objectstorage.py
[2024-09-30T00:05:57.811-0500] {processor.py:925} INFO - DAG(s) 'tutorial_objectstorage' retrieved from /home/joan/Desktop/Proyect-ETL/criminal_minds/criminal_env/lib/python3.12/site-packages/airflow/example_dags/tutorial_objectstorage.py
[2024-09-30T00:05:57.826-0500] {logging_mixin.py:190} INFO - [2024-09-30T00:05:57.826-0500] {dag.py:3239} INFO - Sync 1 DAGs
[2024-09-30T00:05:57.837-0500] {logging_mixin.py:190} INFO - [2024-09-30T00:05:57.837-0500] {dag.py:4180} INFO - Setting next_dagrun for tutorial_objectstorage to None, run_after=None
[2024-09-30T00:05:57.858-0500] {processor.py:208} INFO - Processing /home/joan/Desktop/Proyect-ETL/criminal_minds/criminal_env/lib/python3.12/site-packages/airflow/example_dags/tutorial_objectstorage.py took 0.063 seconds
[2024-09-30T00:06:44.637-0500] {processor.py:186} INFO - Started process (PID=3381) to work on /home/joan/Desktop/Proyect-ETL/criminal_minds/criminal_env/lib/python3.12/site-packages/airflow/example_dags/tutorial_objectstorage.py
[2024-09-30T00:06:44.639-0500] {processor.py:914} INFO - Processing file /home/joan/Desktop/Proyect-ETL/criminal_minds/criminal_env/lib/python3.12/site-packages/airflow/example_dags/tutorial_objectstorage.py for tasks to queue
[2024-09-30T00:06:44.641-0500] {logging_mixin.py:190} INFO - [2024-09-30T00:06:44.640-0500] {dagbag.py:588} INFO - Filling up the DagBag from /home/joan/Desktop/Proyect-ETL/criminal_minds/criminal_env/lib/python3.12/site-packages/airflow/example_dags/tutorial_objectstorage.py
[2024-09-30T00:06:44.649-0500] {processor.py:925} INFO - DAG(s) 'tutorial_objectstorage' retrieved from /home/joan/Desktop/Proyect-ETL/criminal_minds/criminal_env/lib/python3.12/site-packages/airflow/example_dags/tutorial_objectstorage.py
[2024-09-30T00:06:44.662-0500] {logging_mixin.py:190} INFO - [2024-09-30T00:06:44.662-0500] {dag.py:3239} INFO - Sync 1 DAGs
[2024-09-30T00:06:44.672-0500] {logging_mixin.py:190} INFO - [2024-09-30T00:06:44.672-0500] {dag.py:4180} INFO - Setting next_dagrun for tutorial_objectstorage to None, run_after=None
[2024-09-30T00:06:44.694-0500] {processor.py:208} INFO - Processing /home/joan/Desktop/Proyect-ETL/criminal_minds/criminal_env/lib/python3.12/site-packages/airflow/example_dags/tutorial_objectstorage.py took 0.061 seconds
[2024-09-30T00:07:32.533-0500] {processor.py:186} INFO - Started process (PID=3433) to work on /home/joan/Desktop/Proyect-ETL/criminal_minds/criminal_env/lib/python3.12/site-packages/airflow/example_dags/tutorial_objectstorage.py
[2024-09-30T00:07:32.534-0500] {processor.py:914} INFO - Processing file /home/joan/Desktop/Proyect-ETL/criminal_minds/criminal_env/lib/python3.12/site-packages/airflow/example_dags/tutorial_objectstorage.py for tasks to queue
[2024-09-30T00:07:32.536-0500] {logging_mixin.py:190} INFO - [2024-09-30T00:07:32.536-0500] {dagbag.py:588} INFO - Filling up the DagBag from /home/joan/Desktop/Proyect-ETL/criminal_minds/criminal_env/lib/python3.12/site-packages/airflow/example_dags/tutorial_objectstorage.py
[2024-09-30T00:07:32.545-0500] {processor.py:925} INFO - DAG(s) 'tutorial_objectstorage' retrieved from /home/joan/Desktop/Proyect-ETL/criminal_minds/criminal_env/lib/python3.12/site-packages/airflow/example_dags/tutorial_objectstorage.py
[2024-09-30T00:07:32.559-0500] {logging_mixin.py:190} INFO - [2024-09-30T00:07:32.559-0500] {dag.py:3239} INFO - Sync 1 DAGs
[2024-09-30T00:07:32.571-0500] {logging_mixin.py:190} INFO - [2024-09-30T00:07:32.571-0500] {dag.py:4180} INFO - Setting next_dagrun for tutorial_objectstorage to None, run_after=None
[2024-09-30T00:07:32.597-0500] {processor.py:208} INFO - Processing /home/joan/Desktop/Proyect-ETL/criminal_minds/criminal_env/lib/python3.12/site-packages/airflow/example_dags/tutorial_objectstorage.py took 0.069 seconds
[2024-09-30T00:08:18.218-0500] {processor.py:186} INFO - Started process (PID=3482) to work on /home/joan/Desktop/Proyect-ETL/criminal_minds/criminal_env/lib/python3.12/site-packages/airflow/example_dags/tutorial_objectstorage.py
[2024-09-30T00:08:18.220-0500] {processor.py:914} INFO - Processing file /home/joan/Desktop/Proyect-ETL/criminal_minds/criminal_env/lib/python3.12/site-packages/airflow/example_dags/tutorial_objectstorage.py for tasks to queue
[2024-09-30T00:08:18.222-0500] {logging_mixin.py:190} INFO - [2024-09-30T00:08:18.222-0500] {dagbag.py:588} INFO - Filling up the DagBag from /home/joan/Desktop/Proyect-ETL/criminal_minds/criminal_env/lib/python3.12/site-packages/airflow/example_dags/tutorial_objectstorage.py
[2024-09-30T00:08:18.230-0500] {processor.py:925} INFO - DAG(s) 'tutorial_objectstorage' retrieved from /home/joan/Desktop/Proyect-ETL/criminal_minds/criminal_env/lib/python3.12/site-packages/airflow/example_dags/tutorial_objectstorage.py
[2024-09-30T00:08:18.244-0500] {logging_mixin.py:190} INFO - [2024-09-30T00:08:18.243-0500] {dag.py:3239} INFO - Sync 1 DAGs
[2024-09-30T00:08:18.255-0500] {logging_mixin.py:190} INFO - [2024-09-30T00:08:18.255-0500] {dag.py:4180} INFO - Setting next_dagrun for tutorial_objectstorage to None, run_after=None
[2024-09-30T00:08:18.279-0500] {processor.py:208} INFO - Processing /home/joan/Desktop/Proyect-ETL/criminal_minds/criminal_env/lib/python3.12/site-packages/airflow/example_dags/tutorial_objectstorage.py took 0.065 seconds
[2024-09-30T00:09:06.147-0500] {processor.py:186} INFO - Started process (PID=3532) to work on /home/joan/Desktop/Proyect-ETL/criminal_minds/criminal_env/lib/python3.12/site-packages/airflow/example_dags/tutorial_objectstorage.py
[2024-09-30T00:09:06.159-0500] {processor.py:914} INFO - Processing file /home/joan/Desktop/Proyect-ETL/criminal_minds/criminal_env/lib/python3.12/site-packages/airflow/example_dags/tutorial_objectstorage.py for tasks to queue
[2024-09-30T00:09:06.161-0500] {logging_mixin.py:190} INFO - [2024-09-30T00:09:06.161-0500] {dagbag.py:588} INFO - Filling up the DagBag from /home/joan/Desktop/Proyect-ETL/criminal_minds/criminal_env/lib/python3.12/site-packages/airflow/example_dags/tutorial_objectstorage.py
[2024-09-30T00:09:06.170-0500] {processor.py:925} INFO - DAG(s) 'tutorial_objectstorage' retrieved from /home/joan/Desktop/Proyect-ETL/criminal_minds/criminal_env/lib/python3.12/site-packages/airflow/example_dags/tutorial_objectstorage.py
[2024-09-30T00:09:06.183-0500] {logging_mixin.py:190} INFO - [2024-09-30T00:09:06.183-0500] {dag.py:3239} INFO - Sync 1 DAGs
[2024-09-30T00:09:06.198-0500] {logging_mixin.py:190} INFO - [2024-09-30T00:09:06.197-0500] {dag.py:4180} INFO - Setting next_dagrun for tutorial_objectstorage to None, run_after=None
[2024-09-30T00:09:06.221-0500] {processor.py:208} INFO - Processing /home/joan/Desktop/Proyect-ETL/criminal_minds/criminal_env/lib/python3.12/site-packages/airflow/example_dags/tutorial_objectstorage.py took 0.078 seconds
