[2024-09-30T00:02:47.655-0500] {processor.py:186} INFO - Started process (PID=2789) to work on /home/joan/Desktop/Proyect-ETL/criminal_minds/criminal_env/lib/python3.12/site-packages/airflow/example_dags/tutorial_taskflow_api.py
[2024-09-30T00:02:47.656-0500] {processor.py:914} INFO - Processing file /home/joan/Desktop/Proyect-ETL/criminal_minds/criminal_env/lib/python3.12/site-packages/airflow/example_dags/tutorial_taskflow_api.py for tasks to queue
[2024-09-30T00:02:47.657-0500] {logging_mixin.py:190} INFO - [2024-09-30T00:02:47.657-0500] {dagbag.py:588} INFO - Filling up the DagBag from /home/joan/Desktop/Proyect-ETL/criminal_minds/criminal_env/lib/python3.12/site-packages/airflow/example_dags/tutorial_taskflow_api.py
[2024-09-30T00:02:47.665-0500] {processor.py:925} INFO - DAG(s) 'tutorial_taskflow_api' retrieved from /home/joan/Desktop/Proyect-ETL/criminal_minds/criminal_env/lib/python3.12/site-packages/airflow/example_dags/tutorial_taskflow_api.py
[2024-09-30T00:02:47.778-0500] {logging_mixin.py:190} INFO - [2024-09-30T00:02:47.777-0500] {override.py:1901} INFO - Created Permission View: can read on DAG:tutorial_taskflow_api
[2024-09-30T00:02:47.792-0500] {logging_mixin.py:190} INFO - [2024-09-30T00:02:47.792-0500] {override.py:1901} INFO - Created Permission View: can edit on DAG:tutorial_taskflow_api
[2024-09-30T00:02:47.803-0500] {logging_mixin.py:190} INFO - [2024-09-30T00:02:47.803-0500] {override.py:1901} INFO - Created Permission View: can delete on DAG:tutorial_taskflow_api
[2024-09-30T00:02:47.819-0500] {logging_mixin.py:190} INFO - [2024-09-30T00:02:47.819-0500] {override.py:1901} INFO - Created Permission View: can read on DAG Run:tutorial_taskflow_api
[2024-09-30T00:02:47.830-0500] {logging_mixin.py:190} INFO - [2024-09-30T00:02:47.830-0500] {override.py:1901} INFO - Created Permission View: menu access on DAG Run:tutorial_taskflow_api
[2024-09-30T00:02:47.839-0500] {logging_mixin.py:190} INFO - [2024-09-30T00:02:47.839-0500] {override.py:1901} INFO - Created Permission View: can delete on DAG Run:tutorial_taskflow_api
[2024-09-30T00:02:47.849-0500] {logging_mixin.py:190} INFO - [2024-09-30T00:02:47.849-0500] {override.py:1901} INFO - Created Permission View: can create on DAG Run:tutorial_taskflow_api
[2024-09-30T00:02:47.850-0500] {logging_mixin.py:190} INFO - [2024-09-30T00:02:47.849-0500] {dag.py:3239} INFO - Sync 1 DAGs
[2024-09-30T00:02:47.860-0500] {logging_mixin.py:190} INFO - [2024-09-30T00:02:47.860-0500] {dag.py:3262} INFO - Creating ORM DAG for tutorial_taskflow_api
[2024-09-30T00:02:47.860-0500] {logging_mixin.py:190} INFO - [2024-09-30T00:02:47.860-0500] {dag.py:4180} INFO - Setting next_dagrun for tutorial_taskflow_api to None, run_after=None
[2024-09-30T00:02:47.882-0500] {processor.py:208} INFO - Processing /home/joan/Desktop/Proyect-ETL/criminal_minds/criminal_env/lib/python3.12/site-packages/airflow/example_dags/tutorial_taskflow_api.py took 0.231 seconds
[2024-09-30T00:04:06.001-0500] {processor.py:186} INFO - Started process (PID=2957) to work on /home/joan/Desktop/Proyect-ETL/criminal_minds/criminal_env/lib/python3.12/site-packages/airflow/example_dags/tutorial_taskflow_api.py
[2024-09-30T00:04:06.013-0500] {processor.py:914} INFO - Processing file /home/joan/Desktop/Proyect-ETL/criminal_minds/criminal_env/lib/python3.12/site-packages/airflow/example_dags/tutorial_taskflow_api.py for tasks to queue
[2024-09-30T00:04:06.015-0500] {logging_mixin.py:190} INFO - [2024-09-30T00:04:06.014-0500] {dagbag.py:588} INFO - Filling up the DagBag from /home/joan/Desktop/Proyect-ETL/criminal_minds/criminal_env/lib/python3.12/site-packages/airflow/example_dags/tutorial_taskflow_api.py
[2024-09-30T00:04:06.022-0500] {processor.py:925} INFO - DAG(s) 'tutorial_taskflow_api' retrieved from /home/joan/Desktop/Proyect-ETL/criminal_minds/criminal_env/lib/python3.12/site-packages/airflow/example_dags/tutorial_taskflow_api.py
[2024-09-30T00:04:06.041-0500] {logging_mixin.py:190} INFO - [2024-09-30T00:04:06.041-0500] {dag.py:3239} INFO - Sync 1 DAGs
[2024-09-30T00:04:06.054-0500] {logging_mixin.py:190} INFO - [2024-09-30T00:04:06.054-0500] {dag.py:4180} INFO - Setting next_dagrun for tutorial_taskflow_api to None, run_after=None
[2024-09-30T00:04:06.079-0500] {processor.py:208} INFO - Processing /home/joan/Desktop/Proyect-ETL/criminal_minds/criminal_env/lib/python3.12/site-packages/airflow/example_dags/tutorial_taskflow_api.py took 0.083 seconds
[2024-09-30T00:05:09.638-0500] {processor.py:186} INFO - Started process (PID=3013) to work on /home/joan/Desktop/Proyect-ETL/criminal_minds/criminal_env/lib/python3.12/site-packages/airflow/example_dags/tutorial_taskflow_api.py
[2024-09-30T00:05:09.645-0500] {processor.py:914} INFO - Processing file /home/joan/Desktop/Proyect-ETL/criminal_minds/criminal_env/lib/python3.12/site-packages/airflow/example_dags/tutorial_taskflow_api.py for tasks to queue
[2024-09-30T00:05:09.647-0500] {logging_mixin.py:190} INFO - [2024-09-30T00:05:09.647-0500] {dagbag.py:588} INFO - Filling up the DagBag from /home/joan/Desktop/Proyect-ETL/criminal_minds/criminal_env/lib/python3.12/site-packages/airflow/example_dags/tutorial_taskflow_api.py
[2024-09-30T00:05:09.654-0500] {processor.py:925} INFO - DAG(s) 'tutorial_taskflow_api' retrieved from /home/joan/Desktop/Proyect-ETL/criminal_minds/criminal_env/lib/python3.12/site-packages/airflow/example_dags/tutorial_taskflow_api.py
[2024-09-30T00:05:09.668-0500] {logging_mixin.py:190} INFO - [2024-09-30T00:05:09.668-0500] {dag.py:3239} INFO - Sync 1 DAGs
[2024-09-30T00:05:09.681-0500] {logging_mixin.py:190} INFO - [2024-09-30T00:05:09.681-0500] {dag.py:4180} INFO - Setting next_dagrun for tutorial_taskflow_api to None, run_after=None
[2024-09-30T00:05:09.705-0500] {processor.py:208} INFO - Processing /home/joan/Desktop/Proyect-ETL/criminal_minds/criminal_env/lib/python3.12/site-packages/airflow/example_dags/tutorial_taskflow_api.py took 0.071 seconds
[2024-09-30T00:06:00.340-0500] {processor.py:186} INFO - Started process (PID=3337) to work on /home/joan/Desktop/Proyect-ETL/criminal_minds/criminal_env/lib/python3.12/site-packages/airflow/example_dags/tutorial_taskflow_api.py
[2024-09-30T00:06:00.341-0500] {processor.py:914} INFO - Processing file /home/joan/Desktop/Proyect-ETL/criminal_minds/criminal_env/lib/python3.12/site-packages/airflow/example_dags/tutorial_taskflow_api.py for tasks to queue
[2024-09-30T00:06:00.343-0500] {logging_mixin.py:190} INFO - [2024-09-30T00:06:00.343-0500] {dagbag.py:588} INFO - Filling up the DagBag from /home/joan/Desktop/Proyect-ETL/criminal_minds/criminal_env/lib/python3.12/site-packages/airflow/example_dags/tutorial_taskflow_api.py
[2024-09-30T00:06:00.350-0500] {processor.py:925} INFO - DAG(s) 'tutorial_taskflow_api' retrieved from /home/joan/Desktop/Proyect-ETL/criminal_minds/criminal_env/lib/python3.12/site-packages/airflow/example_dags/tutorial_taskflow_api.py
[2024-09-30T00:06:00.364-0500] {logging_mixin.py:190} INFO - [2024-09-30T00:06:00.363-0500] {dag.py:3239} INFO - Sync 1 DAGs
[2024-09-30T00:06:00.375-0500] {logging_mixin.py:190} INFO - [2024-09-30T00:06:00.374-0500] {dag.py:4180} INFO - Setting next_dagrun for tutorial_taskflow_api to None, run_after=None
[2024-09-30T00:06:00.397-0500] {processor.py:208} INFO - Processing /home/joan/Desktop/Proyect-ETL/criminal_minds/criminal_env/lib/python3.12/site-packages/airflow/example_dags/tutorial_taskflow_api.py took 0.062 seconds
[2024-09-30T00:06:47.408-0500] {processor.py:186} INFO - Started process (PID=3384) to work on /home/joan/Desktop/Proyect-ETL/criminal_minds/criminal_env/lib/python3.12/site-packages/airflow/example_dags/tutorial_taskflow_api.py
[2024-09-30T00:06:47.410-0500] {processor.py:914} INFO - Processing file /home/joan/Desktop/Proyect-ETL/criminal_minds/criminal_env/lib/python3.12/site-packages/airflow/example_dags/tutorial_taskflow_api.py for tasks to queue
[2024-09-30T00:06:47.412-0500] {logging_mixin.py:190} INFO - [2024-09-30T00:06:47.412-0500] {dagbag.py:588} INFO - Filling up the DagBag from /home/joan/Desktop/Proyect-ETL/criminal_minds/criminal_env/lib/python3.12/site-packages/airflow/example_dags/tutorial_taskflow_api.py
[2024-09-30T00:06:47.419-0500] {processor.py:925} INFO - DAG(s) 'tutorial_taskflow_api' retrieved from /home/joan/Desktop/Proyect-ETL/criminal_minds/criminal_env/lib/python3.12/site-packages/airflow/example_dags/tutorial_taskflow_api.py
[2024-09-30T00:06:47.433-0500] {logging_mixin.py:190} INFO - [2024-09-30T00:06:47.433-0500] {dag.py:3239} INFO - Sync 1 DAGs
[2024-09-30T00:06:47.444-0500] {logging_mixin.py:190} INFO - [2024-09-30T00:06:47.443-0500] {dag.py:4180} INFO - Setting next_dagrun for tutorial_taskflow_api to None, run_after=None
[2024-09-30T00:06:47.465-0500] {processor.py:208} INFO - Processing /home/joan/Desktop/Proyect-ETL/criminal_minds/criminal_env/lib/python3.12/site-packages/airflow/example_dags/tutorial_taskflow_api.py took 0.062 seconds
[2024-09-30T00:07:35.985-0500] {processor.py:186} INFO - Started process (PID=3436) to work on /home/joan/Desktop/Proyect-ETL/criminal_minds/criminal_env/lib/python3.12/site-packages/airflow/example_dags/tutorial_taskflow_api.py
[2024-09-30T00:07:35.986-0500] {processor.py:914} INFO - Processing file /home/joan/Desktop/Proyect-ETL/criminal_minds/criminal_env/lib/python3.12/site-packages/airflow/example_dags/tutorial_taskflow_api.py for tasks to queue
[2024-09-30T00:07:35.988-0500] {logging_mixin.py:190} INFO - [2024-09-30T00:07:35.988-0500] {dagbag.py:588} INFO - Filling up the DagBag from /home/joan/Desktop/Proyect-ETL/criminal_minds/criminal_env/lib/python3.12/site-packages/airflow/example_dags/tutorial_taskflow_api.py
[2024-09-30T00:07:35.995-0500] {processor.py:925} INFO - DAG(s) 'tutorial_taskflow_api' retrieved from /home/joan/Desktop/Proyect-ETL/criminal_minds/criminal_env/lib/python3.12/site-packages/airflow/example_dags/tutorial_taskflow_api.py
[2024-09-30T00:07:36.009-0500] {logging_mixin.py:190} INFO - [2024-09-30T00:07:36.009-0500] {dag.py:3239} INFO - Sync 1 DAGs
[2024-09-30T00:07:36.020-0500] {logging_mixin.py:190} INFO - [2024-09-30T00:07:36.020-0500] {dag.py:4180} INFO - Setting next_dagrun for tutorial_taskflow_api to None, run_after=None
[2024-09-30T00:07:36.040-0500] {processor.py:208} INFO - Processing /home/joan/Desktop/Proyect-ETL/criminal_minds/criminal_env/lib/python3.12/site-packages/airflow/example_dags/tutorial_taskflow_api.py took 0.060 seconds
[2024-09-30T00:08:21.646-0500] {processor.py:186} INFO - Started process (PID=3485) to work on /home/joan/Desktop/Proyect-ETL/criminal_minds/criminal_env/lib/python3.12/site-packages/airflow/example_dags/tutorial_taskflow_api.py
[2024-09-30T00:08:21.654-0500] {processor.py:914} INFO - Processing file /home/joan/Desktop/Proyect-ETL/criminal_minds/criminal_env/lib/python3.12/site-packages/airflow/example_dags/tutorial_taskflow_api.py for tasks to queue
[2024-09-30T00:08:21.656-0500] {logging_mixin.py:190} INFO - [2024-09-30T00:08:21.656-0500] {dagbag.py:588} INFO - Filling up the DagBag from /home/joan/Desktop/Proyect-ETL/criminal_minds/criminal_env/lib/python3.12/site-packages/airflow/example_dags/tutorial_taskflow_api.py
[2024-09-30T00:08:21.663-0500] {processor.py:925} INFO - DAG(s) 'tutorial_taskflow_api' retrieved from /home/joan/Desktop/Proyect-ETL/criminal_minds/criminal_env/lib/python3.12/site-packages/airflow/example_dags/tutorial_taskflow_api.py
[2024-09-30T00:08:21.676-0500] {logging_mixin.py:190} INFO - [2024-09-30T00:08:21.676-0500] {dag.py:3239} INFO - Sync 1 DAGs
[2024-09-30T00:08:21.687-0500] {logging_mixin.py:190} INFO - [2024-09-30T00:08:21.687-0500] {dag.py:4180} INFO - Setting next_dagrun for tutorial_taskflow_api to None, run_after=None
[2024-09-30T00:08:21.710-0500] {processor.py:208} INFO - Processing /home/joan/Desktop/Proyect-ETL/criminal_minds/criminal_env/lib/python3.12/site-packages/airflow/example_dags/tutorial_taskflow_api.py took 0.069 seconds
