[2024-09-30T00:02:51.324-0500] {processor.py:186} INFO - Started process (PID=2792) to work on /home/joan/Desktop/Proyect-ETL/criminal_minds/criminal_env/lib/python3.12/site-packages/airflow/example_dags/subdags/subdag.py
[2024-09-30T00:02:51.324-0500] {processor.py:914} INFO - Processing file /home/joan/Desktop/Proyect-ETL/criminal_minds/criminal_env/lib/python3.12/site-packages/airflow/example_dags/subdags/subdag.py for tasks to queue
[2024-09-30T00:02:51.326-0500] {logging_mixin.py:190} INFO - [2024-09-30T00:02:51.326-0500] {dagbag.py:588} INFO - Filling up the DagBag from /home/joan/Desktop/Proyect-ETL/criminal_minds/criminal_env/lib/python3.12/site-packages/airflow/example_dags/subdags/subdag.py
[2024-09-30T00:02:51.328-0500] {processor.py:927} WARNING - No viable dags retrieved from /home/joan/Desktop/Proyect-ETL/criminal_minds/criminal_env/lib/python3.12/site-packages/airflow/example_dags/subdags/subdag.py
[2024-09-30T00:02:51.337-0500] {processor.py:208} INFO - Processing /home/joan/Desktop/Proyect-ETL/criminal_minds/criminal_env/lib/python3.12/site-packages/airflow/example_dags/subdags/subdag.py took 0.018 seconds
[2024-09-30T00:04:08.671-0500] {processor.py:186} INFO - Started process (PID=2960) to work on /home/joan/Desktop/Proyect-ETL/criminal_minds/criminal_env/lib/python3.12/site-packages/airflow/example_dags/subdags/subdag.py
[2024-09-30T00:04:08.683-0500] {processor.py:914} INFO - Processing file /home/joan/Desktop/Proyect-ETL/criminal_minds/criminal_env/lib/python3.12/site-packages/airflow/example_dags/subdags/subdag.py for tasks to queue
[2024-09-30T00:04:08.685-0500] {logging_mixin.py:190} INFO - [2024-09-30T00:04:08.685-0500] {dagbag.py:588} INFO - Filling up the DagBag from /home/joan/Desktop/Proyect-ETL/criminal_minds/criminal_env/lib/python3.12/site-packages/airflow/example_dags/subdags/subdag.py
[2024-09-30T00:04:08.687-0500] {processor.py:927} WARNING - No viable dags retrieved from /home/joan/Desktop/Proyect-ETL/criminal_minds/criminal_env/lib/python3.12/site-packages/airflow/example_dags/subdags/subdag.py
[2024-09-30T00:04:08.696-0500] {processor.py:208} INFO - Processing /home/joan/Desktop/Proyect-ETL/criminal_minds/criminal_env/lib/python3.12/site-packages/airflow/example_dags/subdags/subdag.py took 0.030 seconds
[2024-09-30T00:05:12.735-0500] {processor.py:186} INFO - Started process (PID=3016) to work on /home/joan/Desktop/Proyect-ETL/criminal_minds/criminal_env/lib/python3.12/site-packages/airflow/example_dags/subdags/subdag.py
[2024-09-30T00:05:12.741-0500] {processor.py:914} INFO - Processing file /home/joan/Desktop/Proyect-ETL/criminal_minds/criminal_env/lib/python3.12/site-packages/airflow/example_dags/subdags/subdag.py for tasks to queue
[2024-09-30T00:05:12.743-0500] {logging_mixin.py:190} INFO - [2024-09-30T00:05:12.742-0500] {dagbag.py:588} INFO - Filling up the DagBag from /home/joan/Desktop/Proyect-ETL/criminal_minds/criminal_env/lib/python3.12/site-packages/airflow/example_dags/subdags/subdag.py
[2024-09-30T00:05:12.745-0500] {processor.py:927} WARNING - No viable dags retrieved from /home/joan/Desktop/Proyect-ETL/criminal_minds/criminal_env/lib/python3.12/site-packages/airflow/example_dags/subdags/subdag.py
[2024-09-30T00:05:12.755-0500] {processor.py:208} INFO - Processing /home/joan/Desktop/Proyect-ETL/criminal_minds/criminal_env/lib/python3.12/site-packages/airflow/example_dags/subdags/subdag.py took 0.024 seconds
[2024-09-30T00:06:03.799-0500] {processor.py:186} INFO - Started process (PID=3340) to work on /home/joan/Desktop/Proyect-ETL/criminal_minds/criminal_env/lib/python3.12/site-packages/airflow/example_dags/subdags/subdag.py
[2024-09-30T00:06:03.811-0500] {processor.py:914} INFO - Processing file /home/joan/Desktop/Proyect-ETL/criminal_minds/criminal_env/lib/python3.12/site-packages/airflow/example_dags/subdags/subdag.py for tasks to queue
[2024-09-30T00:06:03.814-0500] {logging_mixin.py:190} INFO - [2024-09-30T00:06:03.814-0500] {dagbag.py:588} INFO - Filling up the DagBag from /home/joan/Desktop/Proyect-ETL/criminal_minds/criminal_env/lib/python3.12/site-packages/airflow/example_dags/subdags/subdag.py
[2024-09-30T00:06:03.816-0500] {processor.py:927} WARNING - No viable dags retrieved from /home/joan/Desktop/Proyect-ETL/criminal_minds/criminal_env/lib/python3.12/site-packages/airflow/example_dags/subdags/subdag.py
[2024-09-30T00:06:03.825-0500] {processor.py:208} INFO - Processing /home/joan/Desktop/Proyect-ETL/criminal_minds/criminal_env/lib/python3.12/site-packages/airflow/example_dags/subdags/subdag.py took 0.031 seconds
[2024-09-30T00:06:50.032-0500] {processor.py:186} INFO - Started process (PID=3387) to work on /home/joan/Desktop/Proyect-ETL/criminal_minds/criminal_env/lib/python3.12/site-packages/airflow/example_dags/subdags/subdag.py
[2024-09-30T00:06:50.043-0500] {processor.py:914} INFO - Processing file /home/joan/Desktop/Proyect-ETL/criminal_minds/criminal_env/lib/python3.12/site-packages/airflow/example_dags/subdags/subdag.py for tasks to queue
[2024-09-30T00:06:50.045-0500] {logging_mixin.py:190} INFO - [2024-09-30T00:06:50.045-0500] {dagbag.py:588} INFO - Filling up the DagBag from /home/joan/Desktop/Proyect-ETL/criminal_minds/criminal_env/lib/python3.12/site-packages/airflow/example_dags/subdags/subdag.py
[2024-09-30T00:06:50.047-0500] {processor.py:927} WARNING - No viable dags retrieved from /home/joan/Desktop/Proyect-ETL/criminal_minds/criminal_env/lib/python3.12/site-packages/airflow/example_dags/subdags/subdag.py
[2024-09-30T00:06:50.056-0500] {processor.py:208} INFO - Processing /home/joan/Desktop/Proyect-ETL/criminal_minds/criminal_env/lib/python3.12/site-packages/airflow/example_dags/subdags/subdag.py took 0.029 seconds
[2024-09-30T00:07:38.230-0500] {processor.py:186} INFO - Started process (PID=3439) to work on /home/joan/Desktop/Proyect-ETL/criminal_minds/criminal_env/lib/python3.12/site-packages/airflow/example_dags/subdags/subdag.py
[2024-09-30T00:07:38.242-0500] {processor.py:914} INFO - Processing file /home/joan/Desktop/Proyect-ETL/criminal_minds/criminal_env/lib/python3.12/site-packages/airflow/example_dags/subdags/subdag.py for tasks to queue
[2024-09-30T00:07:38.244-0500] {logging_mixin.py:190} INFO - [2024-09-30T00:07:38.244-0500] {dagbag.py:588} INFO - Filling up the DagBag from /home/joan/Desktop/Proyect-ETL/criminal_minds/criminal_env/lib/python3.12/site-packages/airflow/example_dags/subdags/subdag.py
[2024-09-30T00:07:38.246-0500] {processor.py:927} WARNING - No viable dags retrieved from /home/joan/Desktop/Proyect-ETL/criminal_minds/criminal_env/lib/python3.12/site-packages/airflow/example_dags/subdags/subdag.py
[2024-09-30T00:07:38.256-0500] {processor.py:208} INFO - Processing /home/joan/Desktop/Proyect-ETL/criminal_minds/criminal_env/lib/python3.12/site-packages/airflow/example_dags/subdags/subdag.py took 0.030 seconds
[2024-09-30T00:08:24.485-0500] {processor.py:186} INFO - Started process (PID=3488) to work on /home/joan/Desktop/Proyect-ETL/criminal_minds/criminal_env/lib/python3.12/site-packages/airflow/example_dags/subdags/subdag.py
[2024-09-30T00:08:24.487-0500] {processor.py:914} INFO - Processing file /home/joan/Desktop/Proyect-ETL/criminal_minds/criminal_env/lib/python3.12/site-packages/airflow/example_dags/subdags/subdag.py for tasks to queue
[2024-09-30T00:08:24.488-0500] {logging_mixin.py:190} INFO - [2024-09-30T00:08:24.488-0500] {dagbag.py:588} INFO - Filling up the DagBag from /home/joan/Desktop/Proyect-ETL/criminal_minds/criminal_env/lib/python3.12/site-packages/airflow/example_dags/subdags/subdag.py
[2024-09-30T00:08:24.490-0500] {processor.py:927} WARNING - No viable dags retrieved from /home/joan/Desktop/Proyect-ETL/criminal_minds/criminal_env/lib/python3.12/site-packages/airflow/example_dags/subdags/subdag.py
[2024-09-30T00:08:24.499-0500] {processor.py:208} INFO - Processing /home/joan/Desktop/Proyect-ETL/criminal_minds/criminal_env/lib/python3.12/site-packages/airflow/example_dags/subdags/subdag.py took 0.019 seconds
