[2024-09-30T00:02:52.466-0500] {processor.py:186} INFO - Started process (PID=2793) to work on /home/joan/Desktop/Proyect-ETL/criminal_minds/criminal_env/lib/python3.12/site-packages/airflow/example_dags/plugins/event_listener.py
[2024-09-30T00:02:52.467-0500] {processor.py:914} INFO - Processing file /home/joan/Desktop/Proyect-ETL/criminal_minds/criminal_env/lib/python3.12/site-packages/airflow/example_dags/plugins/event_listener.py for tasks to queue
[2024-09-30T00:02:52.469-0500] {logging_mixin.py:190} INFO - [2024-09-30T00:02:52.468-0500] {dagbag.py:588} INFO - Filling up the DagBag from /home/joan/Desktop/Proyect-ETL/criminal_minds/criminal_env/lib/python3.12/site-packages/airflow/example_dags/plugins/event_listener.py
[2024-09-30T00:02:52.470-0500] {processor.py:927} WARNING - No viable dags retrieved from /home/joan/Desktop/Proyect-ETL/criminal_minds/criminal_env/lib/python3.12/site-packages/airflow/example_dags/plugins/event_listener.py
[2024-09-30T00:02:52.480-0500] {processor.py:208} INFO - Processing /home/joan/Desktop/Proyect-ETL/criminal_minds/criminal_env/lib/python3.12/site-packages/airflow/example_dags/plugins/event_listener.py took 0.019 seconds
[2024-09-30T00:04:08.832-0500] {processor.py:186} INFO - Started process (PID=2961) to work on /home/joan/Desktop/Proyect-ETL/criminal_minds/criminal_env/lib/python3.12/site-packages/airflow/example_dags/plugins/event_listener.py
[2024-09-30T00:04:08.834-0500] {processor.py:914} INFO - Processing file /home/joan/Desktop/Proyect-ETL/criminal_minds/criminal_env/lib/python3.12/site-packages/airflow/example_dags/plugins/event_listener.py for tasks to queue
[2024-09-30T00:04:08.835-0500] {logging_mixin.py:190} INFO - [2024-09-30T00:04:08.835-0500] {dagbag.py:588} INFO - Filling up the DagBag from /home/joan/Desktop/Proyect-ETL/criminal_minds/criminal_env/lib/python3.12/site-packages/airflow/example_dags/plugins/event_listener.py
[2024-09-30T00:04:08.837-0500] {processor.py:927} WARNING - No viable dags retrieved from /home/joan/Desktop/Proyect-ETL/criminal_minds/criminal_env/lib/python3.12/site-packages/airflow/example_dags/plugins/event_listener.py
[2024-09-30T00:04:08.847-0500] {processor.py:208} INFO - Processing /home/joan/Desktop/Proyect-ETL/criminal_minds/criminal_env/lib/python3.12/site-packages/airflow/example_dags/plugins/event_listener.py took 0.019 seconds
[2024-09-30T00:05:13.487-0500] {processor.py:186} INFO - Started process (PID=3017) to work on /home/joan/Desktop/Proyect-ETL/criminal_minds/criminal_env/lib/python3.12/site-packages/airflow/example_dags/plugins/event_listener.py
[2024-09-30T00:05:13.494-0500] {processor.py:914} INFO - Processing file /home/joan/Desktop/Proyect-ETL/criminal_minds/criminal_env/lib/python3.12/site-packages/airflow/example_dags/plugins/event_listener.py for tasks to queue
[2024-09-30T00:05:13.496-0500] {logging_mixin.py:190} INFO - [2024-09-30T00:05:13.496-0500] {dagbag.py:588} INFO - Filling up the DagBag from /home/joan/Desktop/Proyect-ETL/criminal_minds/criminal_env/lib/python3.12/site-packages/airflow/example_dags/plugins/event_listener.py
[2024-09-30T00:05:13.498-0500] {processor.py:927} WARNING - No viable dags retrieved from /home/joan/Desktop/Proyect-ETL/criminal_minds/criminal_env/lib/python3.12/site-packages/airflow/example_dags/plugins/event_listener.py
[2024-09-30T00:05:13.508-0500] {processor.py:208} INFO - Processing /home/joan/Desktop/Proyect-ETL/criminal_minds/criminal_env/lib/python3.12/site-packages/airflow/example_dags/plugins/event_listener.py took 0.026 seconds
[2024-09-30T00:06:04.948-0500] {processor.py:186} INFO - Started process (PID=3341) to work on /home/joan/Desktop/Proyect-ETL/criminal_minds/criminal_env/lib/python3.12/site-packages/airflow/example_dags/plugins/event_listener.py
[2024-09-30T00:06:04.950-0500] {processor.py:914} INFO - Processing file /home/joan/Desktop/Proyect-ETL/criminal_minds/criminal_env/lib/python3.12/site-packages/airflow/example_dags/plugins/event_listener.py for tasks to queue
[2024-09-30T00:06:04.951-0500] {logging_mixin.py:190} INFO - [2024-09-30T00:06:04.951-0500] {dagbag.py:588} INFO - Filling up the DagBag from /home/joan/Desktop/Proyect-ETL/criminal_minds/criminal_env/lib/python3.12/site-packages/airflow/example_dags/plugins/event_listener.py
[2024-09-30T00:06:04.953-0500] {processor.py:927} WARNING - No viable dags retrieved from /home/joan/Desktop/Proyect-ETL/criminal_minds/criminal_env/lib/python3.12/site-packages/airflow/example_dags/plugins/event_listener.py
[2024-09-30T00:06:04.963-0500] {processor.py:208} INFO - Processing /home/joan/Desktop/Proyect-ETL/criminal_minds/criminal_env/lib/python3.12/site-packages/airflow/example_dags/plugins/event_listener.py took 0.019 seconds
[2024-09-30T00:06:50.425-0500] {processor.py:186} INFO - Started process (PID=3388) to work on /home/joan/Desktop/Proyect-ETL/criminal_minds/criminal_env/lib/python3.12/site-packages/airflow/example_dags/plugins/event_listener.py
[2024-09-30T00:06:50.436-0500] {processor.py:914} INFO - Processing file /home/joan/Desktop/Proyect-ETL/criminal_minds/criminal_env/lib/python3.12/site-packages/airflow/example_dags/plugins/event_listener.py for tasks to queue
[2024-09-30T00:06:50.438-0500] {logging_mixin.py:190} INFO - [2024-09-30T00:06:50.438-0500] {dagbag.py:588} INFO - Filling up the DagBag from /home/joan/Desktop/Proyect-ETL/criminal_minds/criminal_env/lib/python3.12/site-packages/airflow/example_dags/plugins/event_listener.py
[2024-09-30T00:06:50.440-0500] {processor.py:927} WARNING - No viable dags retrieved from /home/joan/Desktop/Proyect-ETL/criminal_minds/criminal_env/lib/python3.12/site-packages/airflow/example_dags/plugins/event_listener.py
[2024-09-30T00:06:50.449-0500] {processor.py:208} INFO - Processing /home/joan/Desktop/Proyect-ETL/criminal_minds/criminal_env/lib/python3.12/site-packages/airflow/example_dags/plugins/event_listener.py took 0.030 seconds
[2024-09-30T00:07:39.374-0500] {processor.py:186} INFO - Started process (PID=3440) to work on /home/joan/Desktop/Proyect-ETL/criminal_minds/criminal_env/lib/python3.12/site-packages/airflow/example_dags/plugins/event_listener.py
[2024-09-30T00:07:39.375-0500] {processor.py:914} INFO - Processing file /home/joan/Desktop/Proyect-ETL/criminal_minds/criminal_env/lib/python3.12/site-packages/airflow/example_dags/plugins/event_listener.py for tasks to queue
[2024-09-30T00:07:39.378-0500] {logging_mixin.py:190} INFO - [2024-09-30T00:07:39.377-0500] {dagbag.py:588} INFO - Filling up the DagBag from /home/joan/Desktop/Proyect-ETL/criminal_minds/criminal_env/lib/python3.12/site-packages/airflow/example_dags/plugins/event_listener.py
[2024-09-30T00:07:39.379-0500] {processor.py:927} WARNING - No viable dags retrieved from /home/joan/Desktop/Proyect-ETL/criminal_minds/criminal_env/lib/python3.12/site-packages/airflow/example_dags/plugins/event_listener.py
[2024-09-30T00:07:39.389-0500] {processor.py:208} INFO - Processing /home/joan/Desktop/Proyect-ETL/criminal_minds/criminal_env/lib/python3.12/site-packages/airflow/example_dags/plugins/event_listener.py took 0.019 seconds
[2024-09-30T00:08:24.829-0500] {processor.py:186} INFO - Started process (PID=3489) to work on /home/joan/Desktop/Proyect-ETL/criminal_minds/criminal_env/lib/python3.12/site-packages/airflow/example_dags/plugins/event_listener.py
[2024-09-30T00:08:24.831-0500] {processor.py:914} INFO - Processing file /home/joan/Desktop/Proyect-ETL/criminal_minds/criminal_env/lib/python3.12/site-packages/airflow/example_dags/plugins/event_listener.py for tasks to queue
[2024-09-30T00:08:24.833-0500] {logging_mixin.py:190} INFO - [2024-09-30T00:08:24.832-0500] {dagbag.py:588} INFO - Filling up the DagBag from /home/joan/Desktop/Proyect-ETL/criminal_minds/criminal_env/lib/python3.12/site-packages/airflow/example_dags/plugins/event_listener.py
[2024-09-30T00:08:24.834-0500] {processor.py:927} WARNING - No viable dags retrieved from /home/joan/Desktop/Proyect-ETL/criminal_minds/criminal_env/lib/python3.12/site-packages/airflow/example_dags/plugins/event_listener.py
[2024-09-30T00:08:24.844-0500] {processor.py:208} INFO - Processing /home/joan/Desktop/Proyect-ETL/criminal_minds/criminal_env/lib/python3.12/site-packages/airflow/example_dags/plugins/event_listener.py took 0.020 seconds
